 Kinematics :            1  theta, phi =    96.0000000       0.00000000       672.478455       672.486023       672.478455       656.500488       660.156250       656.500488    
 Kinematics :            2  theta, phi =    96.0000000       0.00000000       331.007874       323.664764       331.007935       320.118500       315.407837       320.118530    
 Kinematics :            3  theta, phi =    96.0000000       0.00000000       88.5846024       80.9196014       88.5846176       83.1389236       76.9281998       83.1389389    
 Kinematics :            4  theta, phi =    96.0000000       0.00000000       25.9022484       21.0665951       25.9022503       23.4305973       19.3876419       23.4305992    
 Kinematics :            5  theta, phi =    96.0000000       0.00000000       9.03313541       6.20571375       9.03313541       7.67455912       5.35448217       7.67456484    
 Kinematics :            6  theta, phi =    96.0000000       0.00000000       3.63547158       1.98584771       3.63547158       2.90609193       1.58031130       2.90609193    
 Kinematics :            7  theta, phi =    96.0000000       0.00000000       1.62934029      0.657278240       1.62934053       1.23987222      0.476566106       1.23987401    
 Kinematics :            8  theta, phi =    96.0000000       0.00000000      0.792558014      0.214383289      0.792558014      0.585447013      0.141777784      0.585447848    
 Kinematics :            9  theta, phi =    96.0000000       0.00000000      0.411116958       6.51427433E-02  0.411116958      0.301753074       4.23576087E-02  0.301753461    
 Kinematics :           10  theta, phi =    96.0000000       0.00000000      0.224635020       1.71594303E-02  0.224634990      0.175038904       1.89081654E-02  0.175039232    
 Kinematics :           11  theta, phi =    96.0000000       0.00000000      0.128148869       3.93242855E-03  0.128148854       9.99316201E-02   1.07508972E-02   9.99317765E-02
 Kinematics :           12  theta, phi =    96.0000000       0.00000000       7.57888108E-02   1.85191096E-03   7.57888108E-02   6.08303100E-02   9.55327787E-03   6.08305857E-02
 Kinematics :           13  theta, phi =    96.0000000       0.00000000       4.61967513E-02   2.63913465E-03   4.61967513E-02   3.70315090E-02   9.15346295E-03   3.70315351E-02
 Kinematics :           14  theta, phi =    96.0000000       0.00000000       2.88757700E-02   3.61484848E-03   2.88757738E-02   2.38469522E-02   8.80292710E-03   2.38470323E-02
 Kinematics :           15  theta, phi =    96.0000000       0.00000000       1.84193458E-02   4.10395442E-03   1.84193477E-02   1.47962058E-02   7.94560835E-03   1.47962207E-02
 Kinematics :           16  theta, phi =    96.0000000       0.00000000       1.19424686E-02   4.09923214E-03   1.19424714E-02   9.58036724E-03   6.93016965E-03   9.58042685E-03
 Kinematics :           17  theta, phi =    96.0000000       0.00000000       7.84076471E-03   3.75963678E-03   7.84076471E-03   6.20191824E-03   5.55747375E-03   6.20192755E-03
 Kinematics :           18  theta, phi =    96.0000000       0.00000000       5.19539788E-03   3.24864592E-03   5.19539788E-03   4.14150767E-03   4.31794347E-03   4.14153002E-03
 Kinematics :           19  theta, phi =    96.0000000       0.00000000       3.46383732E-03   2.68518925E-03   3.46383732E-03   2.76714959E-03   3.27342842E-03   2.76715402E-03
 Kinematics :           20  theta, phi =    96.0000000       0.00000000       2.31694127E-03   2.14265008E-03   2.31694127E-03   1.84409483E-03   2.43220804E-03   1.84409460E-03
 Kinematics :           21  theta, phi =    96.0000000       0.00000000       1.55192602E-03   1.66193885E-03   1.55192614E-03   1.22082594E-03   1.76886062E-03   1.22083013E-03
 Kinematics :           22  theta, phi =    96.0000000       0.00000000       1.03781489E-03   1.25654077E-03   1.03781500E-03   8.03059898E-04   1.26585993E-03   8.03060539E-04
 Kinematics :           23  theta, phi =    96.0000000       0.00000000       6.92047644E-04   9.28887050E-04   6.92047586E-04   5.25102369E-04   8.93067510E-04   5.25105221E-04
 Kinematics :           24  theta, phi =    96.0000000       0.00000000       4.58806870E-04   6.71854010E-04   4.58806870E-04   3.40589526E-04   6.20295817E-04   3.40590690E-04
 Kinematics :           25  theta, phi =    96.0000000       0.00000000       3.01972294E-04   4.75809240E-04   3.01972294E-04   2.19442823E-04   4.24958183E-04   2.19443114E-04
 Kinematics :           26  theta, phi =    96.0000000       0.00000000       1.96747220E-04   3.29648377E-04   1.96747220E-04   1.39952943E-04   2.86399445E-04   1.39954311E-04
 Kinematics :           27  theta, phi =    96.0000000       0.00000000       1.26725266E-04   2.23267343E-04   1.26725266E-04   8.84136971E-05   1.89857048E-04   8.84135079E-05
 Kinematics :           28  theta, phi =    96.0000000       0.00000000       8.03062139E-05   1.47348619E-04   8.03062139E-05   5.50726108E-05   1.23451697E-04   5.50729346E-05
 Kinematics :           29  theta, phi =    96.0000000       0.00000000       4.99676207E-05   9.45358188E-05   4.99676207E-05   3.38655082E-05   7.83443465E-05   3.38654390E-05
 Kinematics :           30  theta, phi =    96.0000000       0.00000000       3.03360102E-05   5.86202441E-05   3.03360175E-05   2.03994241E-05   4.82518080E-05   2.03992258E-05
 Kinematics :           31  theta, phi =    96.0000000       0.00000000       1.78074570E-05   3.47944842E-05   1.78074570E-05   1.19569013E-05   2.84756607E-05   1.19570923E-05
 Kinematics :           32  theta, phi =    96.0000000       0.00000000       9.97919869E-06   1.94985005E-05   9.97919869E-06   6.75494812E-06   1.58750809E-05   6.75501042E-06
 Kinematics :           33  theta, phi =    96.0000000       0.00000000       5.19837477E-06   1.00316129E-05   5.19837658E-06   3.54931035E-06   8.26630276E-06   3.54932490E-06
 Kinematics :           34  theta, phi =    96.0000000       0.00000000       2.36989717E-06   4.45652222E-06   2.36989672E-06   1.63725201E-06   3.73123589E-06   1.63723030E-06
 Kinematics :           35  theta, phi =    96.0000000       0.00000000       7.62408320E-07   1.37462428E-06   7.62408320E-07   5.35608137E-07   1.17345724E-06   5.35604272E-07
 Kinematics :           36  theta, phi =    96.0000000       0.00000000       7.62408320E-07   1.37462428E-06   7.62408320E-07   5.35608137E-07   1.17345724E-06   5.35604272E-07
 Kinematics :           36  theta, phi =    96.0000000       0.00000000      is bad !
 Kinematics :           37  theta, phi =    96.0000000       0.00000000       7.62408320E-07   1.37462428E-06   7.62408320E-07   5.35608137E-07   1.17345724E-06   5.35604272E-07
 Kinematics :           37  theta, phi =    96.0000000       0.00000000      is bad !
 Kinematics :           38  theta, phi =    96.0000000       0.00000000       7.62408320E-07   1.37462428E-06   7.62408320E-07   5.35608137E-07   1.17345724E-06   5.35604272E-07
 Kinematics :           38  theta, phi =    96.0000000       0.00000000      is bad !
 Kinematics :           39  theta, phi =    96.0000000       0.00000000       7.62408320E-07   1.37462428E-06   7.62408320E-07   5.35608137E-07   1.17345724E-06   5.35604272E-07
 Kinematics :           39  theta, phi =    96.0000000       0.00000000      is bad !
 Kinematics :           40  theta, phi =    96.0000000       0.00000000       7.62408320E-07   1.37462428E-06   7.62408320E-07   5.35608137E-07   1.17345724E-06   5.35604272E-07
 Kinematics :           40  theta, phi =    96.0000000       0.00000000      is bad !
 Kinematics :           41  theta, phi =    96.0000000       0.00000000       7.62408320E-07   1.37462428E-06   7.62408320E-07   5.35608137E-07   1.17345724E-06   5.35604272E-07
 Kinematics :           41  theta, phi =    96.0000000       0.00000000      is bad !
 Kinematics :           42  theta, phi =    96.0000000       0.00000000       7.62408320E-07   1.37462428E-06   7.62408320E-07   5.35608137E-07   1.17345724E-06   5.35604272E-07
 Kinematics :           42  theta, phi =    96.0000000       0.00000000      is bad !
 Kinematics :           43  theta, phi =    96.0000000       0.00000000       7.62408320E-07   1.37462428E-06   7.62408320E-07   5.35608137E-07   1.17345724E-06   5.35604272E-07
 Kinematics :           43  theta, phi =    96.0000000       0.00000000      is bad !
 Kinematics :           44  theta, phi =    96.0000000       0.00000000       7.62408320E-07   1.37462428E-06   7.62408320E-07   5.35608137E-07   1.17345724E-06   5.35604272E-07
 Kinematics :           44  theta, phi =    96.0000000       0.00000000      is bad !
 Kinematics :           45  theta, phi =    96.0000000       0.00000000       7.62408320E-07   1.37462428E-06   7.62408320E-07   5.35608137E-07   1.17345724E-06   5.35604272E-07
 Kinematics :           45  theta, phi =    96.0000000       0.00000000      is bad !
 Kinematics :           46  theta, phi =    96.0000000       0.00000000       7.62408320E-07   1.37462428E-06   7.62408320E-07   5.35608137E-07   1.17345724E-06   5.35604272E-07
 Kinematics :           46  theta, phi =    96.0000000       0.00000000      is bad !
 Kinematics :           47  theta, phi =    96.0000000       0.00000000       7.62408320E-07   1.37462428E-06   7.62408320E-07   5.35608137E-07   1.17345724E-06   5.35604272E-07
 Kinematics :           47  theta, phi =    96.0000000       0.00000000      is bad !
 Kinematics :           48  theta, phi =    96.0000000       0.00000000       7.62408320E-07   1.37462428E-06   7.62408320E-07   5.35608137E-07   1.17345724E-06   5.35604272E-07
 Kinematics :           48  theta, phi =    96.0000000       0.00000000      is bad !
 Kinematics :           49  theta, phi =    96.0000000       0.00000000       7.62408320E-07   1.37462428E-06   7.62408320E-07   5.35608137E-07   1.17345724E-06   5.35604272E-07
 Kinematics :           49  theta, phi =    96.0000000       0.00000000      is bad !
 Kinematics :           50  theta, phi =    96.0000000       0.00000000       7.62408320E-07   1.37462428E-06   7.62408320E-07   5.35608137E-07   1.17345724E-06   5.35604272E-07
 Kinematics :           50  theta, phi =    96.0000000       0.00000000      is bad !
 Kinematics :           51  theta, phi =    96.0000000       0.00000000       7.62408320E-07   1.37462428E-06   7.62408320E-07   5.35608137E-07   1.17345724E-06   5.35604272E-07
 Kinematics :           51  theta, phi =    96.0000000       0.00000000      is bad !
