 Kinematics :            1  theta, phi =    96.0000000       0.00000000       1419.60986       1419.62573       1419.60986       1384.91284       1392.76685       1384.91284    
 Kinematics :            2  theta, phi =    96.0000000       0.00000000       700.766785       685.220886       700.766785       676.963318       667.091858       676.963440    
 Kinematics :            3  theta, phi =    96.0000000       0.00000000       188.068634       171.795471       188.068573       176.647812       163.450729       176.647781    
 Kinematics :            4  theta, phi =    96.0000000       0.00000000       55.1465378       44.8513107       55.1465302       49.4372253       40.9171486       49.4372368    
 Kinematics :            5  theta, phi =    96.0000000       0.00000000       19.2861385       13.2494698       19.2861385       16.3248863       11.3786049       16.3248940    
 Kinematics :            6  theta, phi =    96.0000000       0.00000000       7.78403139       4.25196695       7.78403139       6.35918188       3.47270823       6.35918665    
 Kinematics :            7  theta, phi =    96.0000000       0.00000000       3.49877572       1.41141140       3.49877524       2.69302559       1.03952527       2.69302750    
 Kinematics :            8  theta, phi =    96.0000000       0.00000000       1.70697129      0.461727887       1.70697129       1.28233659      0.314677060       1.28233969    
 Kinematics :            9  theta, phi =    96.0000000       0.00000000      0.888166726      0.140732735      0.888166726      0.656216681       9.17587578E-02  0.656217158    
 Kinematics :           10  theta, phi =    96.0000000       0.00000000      0.486848801       3.71894278E-02  0.486848801      0.378830612       3.84526551E-02  0.378831327    
 Kinematics :           11  theta, phi =    96.0000000       0.00000000      0.278666526       8.55127629E-03  0.278666526      0.217758462       2.26409230E-02  0.217758894    
 Kinematics :           12  theta, phi =    96.0000000       0.00000000      0.165389463       4.04131692E-03  0.165389463      0.134505302       2.07601078E-02  0.134504870    
 Kinematics :           13  theta, phi =    96.0000000       0.00000000      0.101190515       5.78082632E-03  0.101190515       8.19471106E-02   1.99577305E-02   8.19473192E-02
 Kinematics :           14  theta, phi =    96.0000000       0.00000000       6.35040626E-02   7.94983469E-03   6.35040700E-02   5.29956296E-02   1.88481323E-02   5.29958718E-02
 Kinematics :           15  theta, phi =    96.0000000       0.00000000       4.06825133E-02   9.06433817E-03   4.06825133E-02   3.41594741E-02   1.68076176E-02   3.41595262E-02
 Kinematics :           16  theta, phi =    96.0000000       0.00000000       2.64998507E-02   9.09602642E-03   2.64998488E-02   2.20745467E-02   1.44671099E-02   2.20745988E-02
 Kinematics :           17  theta, phi =    96.0000000       0.00000000       1.74863748E-02   8.38469528E-03   1.74863748E-02   1.41583020E-02   1.20299617E-02   1.41583746E-02
 Kinematics :           18  theta, phi =    96.0000000       0.00000000       1.16506917E-02   7.28509622E-03   1.16506889E-02   9.32036527E-03   9.56104416E-03   9.32044443E-03
 Kinematics :           19  theta, phi =    96.0000000       0.00000000       7.81483855E-03   6.05811412E-03   7.81484041E-03   6.23331917E-03   7.29973009E-03   6.23331778E-03
 Kinematics :           20  theta, phi =    96.0000000       0.00000000       5.26241073E-03   4.86654695E-03   5.26240980E-03   4.17663949E-03   5.44947619E-03   4.17664414E-03
 Kinematics :           21  theta, phi =    96.0000000       0.00000000       3.55121214E-03   3.80295096E-03   3.55121191E-03   2.78786430E-03   3.99956433E-03   2.78786314E-03
 Kinematics :           22  theta, phi =    96.0000000       0.00000000       2.39469972E-03   2.89939786E-03   2.39470019E-03   1.85001281E-03   2.88835983E-03   1.85002119E-03
 Kinematics :           23  theta, phi =    96.0000000       0.00000000       1.61198911E-03   2.16365978E-03   1.61198899E-03   1.22060697E-03   2.05651764E-03   1.22061034E-03
 Kinematics :           24  theta, phi =    96.0000000       0.00000000       1.08025270E-03   1.58186897E-03   1.08025281E-03   8.01202725E-04   1.44556060E-03   8.01200280E-04
 Kinematics :           25  theta, phi =    96.0000000       0.00000000       7.19844305E-04   1.13423856E-03   7.19844305E-04   5.23037335E-04   1.00309763E-03   5.23041701E-04
 Kinematics :           26  theta, phi =    96.0000000       0.00000000       4.75826528E-04   7.97243731E-04   4.75826528E-04   3.38622107E-04   6.86288811E-04   3.38624290E-04
 Kinematics :           27  theta, phi =    96.0000000       0.00000000       3.11760028E-04   5.49265766E-04   3.11760028E-04   2.17948545E-04   4.63486998E-04   2.17949579E-04
 Kinematics :           28  theta, phi =    96.0000000       0.00000000       2.01672650E-04   3.70035967E-04   2.01672650E-04   1.38878953E-04   3.07546696E-04   1.38880248E-04
 Kinematics :           29  theta, phi =    96.0000000       0.00000000       1.28708823E-04   2.43509552E-04   1.28708823E-04   8.77260027E-05   2.00401206E-04   8.77262719E-05
 Kinematics :           30  theta, phi =    96.0000000       0.00000000       8.07042888E-05   1.55950111E-04   8.07042961E-05   5.47159943E-05   1.27588297E-04   5.47152449E-05
 Kinematics :           31  theta, phi =    96.0000000       0.00000000       4.94434607E-05   9.66089283E-05   4.94434498E-05   3.35463919E-05   7.85077864E-05   3.35464356E-05
 Kinematics :           32  theta, phi =    96.0000000       0.00000000       2.94228284E-05   5.74896840E-05   2.94228284E-05   2.01167713E-05   4.66639503E-05   2.01167131E-05
 Kinematics :           33  theta, phi =    96.0000000       0.00000000       1.68088682E-05   3.24370667E-05   1.68088663E-05   1.15478842E-05   2.66250554E-05   1.15480425E-05
 Kinematics :           34  theta, phi =    96.0000000       0.00000000       9.03767250E-06   1.69950836E-05   9.03767250E-06   6.28548332E-06   1.41572300E-05   6.28554153E-06
 Kinematics :           35  theta, phi =    96.0000000       0.00000000       4.36293112E-06   7.86637702E-06   4.36293112E-06   3.07861387E-06   6.66384722E-06   3.07868390E-06
 Kinematics :           36  theta, phi =    96.0000000       0.00000000       1.64719677E-06   2.79600363E-06   1.64719677E-06   1.18464868E-06   2.41719408E-06   1.18462594E-06
 Kinematics :           37  theta, phi =    96.0000000       0.00000000       1.49791447E-07   2.33587912E-07   1.49791447E-07   1.10332721E-07   2.08119673E-07   1.10332600E-07
 Kinematics :           38  theta, phi =    96.0000000       0.00000000       1.49791447E-07   2.33587912E-07   1.49791447E-07   1.10332721E-07   2.08119673E-07   1.10332600E-07
 Kinematics :           38  theta, phi =    96.0000000       0.00000000      is bad !
 Kinematics :           39  theta, phi =    96.0000000       0.00000000       1.49791447E-07   2.33587912E-07   1.49791447E-07   1.10332721E-07   2.08119673E-07   1.10332600E-07
 Kinematics :           39  theta, phi =    96.0000000       0.00000000      is bad !
 Kinematics :           40  theta, phi =    96.0000000       0.00000000       1.49791447E-07   2.33587912E-07   1.49791447E-07   1.10332721E-07   2.08119673E-07   1.10332600E-07
 Kinematics :           40  theta, phi =    96.0000000       0.00000000      is bad !
 Kinematics :           41  theta, phi =    96.0000000       0.00000000       1.49791447E-07   2.33587912E-07   1.49791447E-07   1.10332721E-07   2.08119673E-07   1.10332600E-07
 Kinematics :           41  theta, phi =    96.0000000       0.00000000      is bad !
 Kinematics :           42  theta, phi =    96.0000000       0.00000000       1.49791447E-07   2.33587912E-07   1.49791447E-07   1.10332721E-07   2.08119673E-07   1.10332600E-07
 Kinematics :           42  theta, phi =    96.0000000       0.00000000      is bad !
 Kinematics :           43  theta, phi =    96.0000000       0.00000000       1.49791447E-07   2.33587912E-07   1.49791447E-07   1.10332721E-07   2.08119673E-07   1.10332600E-07
 Kinematics :           43  theta, phi =    96.0000000       0.00000000      is bad !
 Kinematics :           44  theta, phi =    96.0000000       0.00000000       1.49791447E-07   2.33587912E-07   1.49791447E-07   1.10332721E-07   2.08119673E-07   1.10332600E-07
 Kinematics :           44  theta, phi =    96.0000000       0.00000000      is bad !
 Kinematics :           45  theta, phi =    96.0000000       0.00000000       1.49791447E-07   2.33587912E-07   1.49791447E-07   1.10332721E-07   2.08119673E-07   1.10332600E-07
 Kinematics :           45  theta, phi =    96.0000000       0.00000000      is bad !
 Kinematics :           46  theta, phi =    96.0000000       0.00000000       1.49791447E-07   2.33587912E-07   1.49791447E-07   1.10332721E-07   2.08119673E-07   1.10332600E-07
 Kinematics :           46  theta, phi =    96.0000000       0.00000000      is bad !
 Kinematics :           47  theta, phi =    96.0000000       0.00000000       1.49791447E-07   2.33587912E-07   1.49791447E-07   1.10332721E-07   2.08119673E-07   1.10332600E-07
 Kinematics :           47  theta, phi =    96.0000000       0.00000000      is bad !
 Kinematics :           48  theta, phi =    96.0000000       0.00000000       1.49791447E-07   2.33587912E-07   1.49791447E-07   1.10332721E-07   2.08119673E-07   1.10332600E-07
 Kinematics :           48  theta, phi =    96.0000000       0.00000000      is bad !
 Kinematics :           49  theta, phi =    96.0000000       0.00000000       1.49791447E-07   2.33587912E-07   1.49791447E-07   1.10332721E-07   2.08119673E-07   1.10332600E-07
 Kinematics :           49  theta, phi =    96.0000000       0.00000000      is bad !
 Kinematics :           50  theta, phi =    96.0000000       0.00000000       1.49791447E-07   2.33587912E-07   1.49791447E-07   1.10332721E-07   2.08119673E-07   1.10332600E-07
 Kinematics :           50  theta, phi =    96.0000000       0.00000000      is bad !
 Kinematics :           51  theta, phi =    96.0000000       0.00000000       1.49791447E-07   2.33587912E-07   1.49791447E-07   1.10332721E-07   2.08119673E-07   1.10332600E-07
 Kinematics :           51  theta, phi =    96.0000000       0.00000000      is bad !
