 Kinematics :            1  theta, phi =    96.0000000       0.00000000       881.251587       881.261475       881.251587       860.326050       865.136047       860.326050    
 Kinematics :            2  theta, phi =    96.0000000       0.00000000       434.230438       424.597382       434.230469       419.927460       413.747925       419.927490    
 Kinematics :            3  theta, phi =    96.0000000       0.00000000       116.329330       106.263641       116.329346       109.274529       101.108681       109.274521    
 Kinematics :            4  theta, phi =    96.0000000       0.00000000       34.0504532       27.6936245       34.0504532       30.5920467       25.3217201       30.5920506    
 Kinematics :            5  theta, phi =    96.0000000       0.00000000       11.8872690       8.16648579       11.8872690       10.0713358       7.02218103       10.0713377    
 Kinematics :            6  theta, phi =    96.0000000       0.00000000       4.78925419       2.61609316       4.78925419       3.82694983       2.07991624       3.82695246    
 Kinematics :            7  theta, phi =    96.0000000       0.00000000       2.14878440      0.866822720       2.14878440       1.63546848      0.627392352       1.63546908    
 Kinematics :            8  theta, phi =    96.0000000       0.00000000       1.04640067      0.283046544       1.04640055      0.831075609      0.219720706      0.831076086    
 Kinematics :            9  theta, phi =    96.0000000       0.00000000      0.543423355       8.61070827E-02  0.543423355      0.386409730       4.94929403E-02  0.386410713    
 Kinematics :           10  theta, phi =    96.0000000       0.00000000      0.297288060       2.27092523E-02  0.297288060      0.227038190       2.23625842E-02  0.227039352    
 Kinematics :           11  theta, phi =    96.0000000       0.00000000      0.169811860       5.21091837E-03  0.169811860      0.134196624       1.45161469E-02  0.134198040    
 Kinematics :           12  theta, phi =    96.0000000       0.00000000      0.100564472       2.45730812E-03  0.100564465       8.08491334E-02   1.27243679E-02   8.08492526E-02
 Kinematics :           13  theta, phi =    96.0000000       0.00000000       6.13863841E-02   3.50689073E-03   6.13863915E-02   5.03026135E-02   1.22454129E-02   5.03026173E-02
 Kinematics :           14  theta, phi =    96.0000000       0.00000000       3.84292938E-02   4.81081754E-03   3.84292938E-02   3.18577290E-02   1.15960650E-02   3.18582952E-02
 Kinematics :           15  theta, phi =    96.0000000       0.00000000       2.45540626E-02   5.47081092E-03   2.45540626E-02   2.03303080E-02   1.03822714E-02   2.03303955E-02
 Kinematics :           16  theta, phi =    96.0000000       0.00000000       1.59484744E-02   5.47428522E-03   1.59484744E-02   1.29389344E-02   8.92886799E-03   1.29389996E-02
 Kinematics :           17  theta, phi =    96.0000000       0.00000000       1.04913469E-02   5.03058825E-03   1.04913469E-02   8.33487790E-03   7.41006155E-03   8.33488442E-03
 Kinematics :           18  theta, phi =    96.0000000       0.00000000       6.96657179E-03   4.35614912E-03   6.96657319E-03   5.55582857E-03   5.76400151E-03   5.55570191E-03
 Kinematics :           19  theta, phi =    96.0000000       0.00000000       4.65561356E-03   3.60906194E-03   4.65561356E-03   3.71612841E-03   4.38380754E-03   3.71613377E-03
 Kinematics :           20  theta, phi =    96.0000000       0.00000000       3.12224613E-03   2.88737589E-03   3.12224613E-03   2.48229061E-03   3.26293707E-03   2.48229783E-03
 Kinematics :           21  theta, phi =    96.0000000       0.00000000       2.09742552E-03   2.24610744E-03   2.09742528E-03   1.64823513E-03   2.37990380E-03   1.64824177E-03
 Kinematics :           22  theta, phi =    96.0000000       0.00000000       1.40719570E-03   1.70377083E-03   1.40719581E-03   1.08805334E-03   1.70912570E-03   1.08805322E-03
 Kinematics :           23  theta, phi =    96.0000000       0.00000000       9.41841863E-04   1.26416842E-03   9.41841863E-04   7.13988207E-04   1.21030316E-03   7.13986985E-04
 Kinematics :           24  theta, phi =    96.0000000       0.00000000       6.27062807E-04   9.18239763E-04   6.27062807E-04   4.65153891E-04   8.44644266E-04   4.65152261E-04
 Kinematics :           25  theta, phi =    96.0000000       0.00000000       4.14741109E-04   6.53496012E-04   4.14741196E-04   3.01254826E-04   5.81663917E-04   3.01258377E-04
 Kinematics :           26  theta, phi =    96.0000000       0.00000000       2.71777535E-04   4.55361092E-04   2.71777564E-04   1.93260319E-04   3.94240953E-04   1.93260756E-04
 Kinematics :           27  theta, phi =    96.0000000       0.00000000       1.76253496E-04   3.10527277E-04   1.76253467E-04   1.22983693E-04   2.63325550E-04   1.22983649E-04
 Kinematics :           28  theta, phi =    96.0000000       0.00000000       1.12625101E-04   2.06648416E-04   1.12625101E-04   7.72702551E-05   1.72586704E-04   7.72703570E-05
 Kinematics :           29  theta, phi =    96.0000000       0.00000000       7.08061052E-05   1.33961032E-04   7.08061052E-05   4.80883755E-05   1.10713358E-04   4.80880663E-05
 Kinematics :           30  theta, phi =    96.0000000       0.00000000       4.35652364E-05   8.41839355E-05   4.35652400E-05   2.93796675E-05   6.91369860E-05   2.93797839E-05
 Kinematics :           31  theta, phi =    96.0000000       0.00000000       2.60382876E-05   5.08769226E-05   2.60382876E-05   1.75394689E-05   4.15173527E-05   1.75396617E-05
 Kinematics :           32  theta, phi =    96.0000000       0.00000000       1.49760981E-05   2.92620080E-05   1.49760981E-05   1.01827036E-05   2.37637651E-05   1.01827627E-05
 Kinematics :           33  theta, phi =    96.0000000       0.00000000       8.13278803E-06   1.56943206E-05   8.13278803E-06   5.56583427E-06   1.29049204E-05   5.56583200E-06
 Kinematics :           34  theta, phi =    96.0000000       0.00000000       4.01447915E-06   7.54911298E-06   4.01447960E-06   2.77764957E-06   6.30479508E-06   2.77764275E-06
 Kinematics :           35  theta, phi =    96.0000000       0.00000000       1.61499895E-06   2.91184710E-06   1.61499804E-06   1.13502426E-06   2.47551657E-06   1.13500312E-06
 Kinematics :           36  theta, phi =    96.0000000       0.00000000       2.87793370E-07   4.88509670E-07   2.87793483E-07   2.07050661E-07   4.25652814E-07   2.07050917E-07
 Kinematics :           37  theta, phi =    96.0000000       0.00000000       2.87793370E-07   4.88509670E-07   2.87793483E-07   2.07050661E-07   4.25652814E-07   2.07050917E-07
 Kinematics :           37  theta, phi =    96.0000000       0.00000000      is bad !
 Kinematics :           38  theta, phi =    96.0000000       0.00000000       2.87793370E-07   4.88509670E-07   2.87793483E-07   2.07050661E-07   4.25652814E-07   2.07050917E-07
 Kinematics :           38  theta, phi =    96.0000000       0.00000000      is bad !
 Kinematics :           39  theta, phi =    96.0000000       0.00000000       2.87793370E-07   4.88509670E-07   2.87793483E-07   2.07050661E-07   4.25652814E-07   2.07050917E-07
 Kinematics :           39  theta, phi =    96.0000000       0.00000000      is bad !
 Kinematics :           40  theta, phi =    96.0000000       0.00000000       2.87793370E-07   4.88509670E-07   2.87793483E-07   2.07050661E-07   4.25652814E-07   2.07050917E-07
 Kinematics :           40  theta, phi =    96.0000000       0.00000000      is bad !
 Kinematics :           41  theta, phi =    96.0000000       0.00000000       2.87793370E-07   4.88509670E-07   2.87793483E-07   2.07050661E-07   4.25652814E-07   2.07050917E-07
 Kinematics :           41  theta, phi =    96.0000000       0.00000000      is bad !
 Kinematics :           42  theta, phi =    96.0000000       0.00000000       2.87793370E-07   4.88509670E-07   2.87793483E-07   2.07050661E-07   4.25652814E-07   2.07050917E-07
 Kinematics :           42  theta, phi =    96.0000000       0.00000000      is bad !
 Kinematics :           43  theta, phi =    96.0000000       0.00000000       2.87793370E-07   4.88509670E-07   2.87793483E-07   2.07050661E-07   4.25652814E-07   2.07050917E-07
 Kinematics :           43  theta, phi =    96.0000000       0.00000000      is bad !
 Kinematics :           44  theta, phi =    96.0000000       0.00000000       2.87793370E-07   4.88509670E-07   2.87793483E-07   2.07050661E-07   4.25652814E-07   2.07050917E-07
 Kinematics :           44  theta, phi =    96.0000000       0.00000000      is bad !
 Kinematics :           45  theta, phi =    96.0000000       0.00000000       2.87793370E-07   4.88509670E-07   2.87793483E-07   2.07050661E-07   4.25652814E-07   2.07050917E-07
 Kinematics :           45  theta, phi =    96.0000000       0.00000000      is bad !
 Kinematics :           46  theta, phi =    96.0000000       0.00000000       2.87793370E-07   4.88509670E-07   2.87793483E-07   2.07050661E-07   4.25652814E-07   2.07050917E-07
 Kinematics :           46  theta, phi =    96.0000000       0.00000000      is bad !
 Kinematics :           47  theta, phi =    96.0000000       0.00000000       2.87793370E-07   4.88509670E-07   2.87793483E-07   2.07050661E-07   4.25652814E-07   2.07050917E-07
 Kinematics :           47  theta, phi =    96.0000000       0.00000000      is bad !
 Kinematics :           48  theta, phi =    96.0000000       0.00000000       2.87793370E-07   4.88509670E-07   2.87793483E-07   2.07050661E-07   4.25652814E-07   2.07050917E-07
 Kinematics :           48  theta, phi =    96.0000000       0.00000000      is bad !
 Kinematics :           49  theta, phi =    96.0000000       0.00000000       2.87793370E-07   4.88509670E-07   2.87793483E-07   2.07050661E-07   4.25652814E-07   2.07050917E-07
 Kinematics :           49  theta, phi =    96.0000000       0.00000000      is bad !
 Kinematics :           50  theta, phi =    96.0000000       0.00000000       2.87793370E-07   4.88509670E-07   2.87793483E-07   2.07050661E-07   4.25652814E-07   2.07050917E-07
 Kinematics :           50  theta, phi =    96.0000000       0.00000000      is bad !
 Kinematics :           51  theta, phi =    96.0000000       0.00000000       2.87793370E-07   4.88509670E-07   2.87793483E-07   2.07050661E-07   4.25652814E-07   2.07050917E-07
 Kinematics :           51  theta, phi =    96.0000000       0.00000000      is bad !
