 Kinematics :            1  theta, phi =    99.0000000       0.00000000       8832.33008       8832.42969       8832.33008       8613.46973       8663.98730       8613.46973    
 Kinematics :            2  theta, phi =    99.0000000       0.00000000       4371.07031       4278.14697       4371.07031       4223.07422       4166.21436       4223.07471    
 Kinematics :            3  theta, phi =    99.0000000       0.00000000       1175.16980       1077.63928       1175.16980       1104.37659       1026.00952       1104.37634    
 Kinematics :            4  theta, phi =    99.0000000       0.00000000       344.954132       283.099091       344.954102       310.969330       259.728394       310.969360    
 Kinematics :            5  theta, phi =    99.0000000       0.00000000       120.703568       84.3506317       120.703568       103.463196       73.3931732       103.463226    
 Kinematics :            6  theta, phi =    99.0000000       0.00000000       48.7268372       27.4101238       48.7268372       39.8689575       22.3772469       39.8689842    
 Kinematics :            7  theta, phi =    99.0000000       0.00000000       21.9037189       9.27954197       21.9037189       17.2912827       7.03806877       17.2912922    
 Kinematics :            8  theta, phi =    99.0000000       0.00000000       10.6882200       3.14160132       10.6882191       8.37957191       2.26594257       8.37957859    
 Kinematics :            9  theta, phi =    99.0000000       0.00000000       5.56376982       1.02481818       5.56376982       4.44072437      0.757632554       4.44073486    
 Kinematics :           10  theta, phi =    99.0000000       0.00000000       3.05249929      0.316231728       3.05249929       2.46674871      0.275550872       2.46675205    
 Kinematics :           11  theta, phi =    99.0000000       0.00000000       1.74975443      0.102591574       1.74975443       1.46606553      0.155252859       1.46606827    
 Kinematics :           12  theta, phi =    99.0000000       0.00000000       1.04065585       5.46103269E-02   1.04065609      0.887466311      0.118521594      0.887468040    
 Kinematics :           13  theta, phi =    99.0000000       0.00000000      0.638456762       5.40485643E-02  0.638456762      0.548557341      0.109724909      0.548560381    
 Kinematics :           14  theta, phi =    99.0000000       0.00000000      0.401984811       6.09140098E-02  0.401984751      0.343750447      0.100759767      0.343751639    
 Kinematics :           15  theta, phi =    99.0000000       0.00000000      0.258578271       6.39377683E-02  0.258578271      0.223567352       8.94721448E-02  0.223567456    
 Kinematics :           16  theta, phi =    99.0000000       0.00000000      0.169190332       6.17545247E-02  0.169190332      0.145314485       7.70655200E-02  0.145314991    
 Kinematics :           17  theta, phi =    99.0000000       0.00000000      0.112196460       5.58407977E-02  0.112196460       9.45291296E-02   6.57823235E-02   9.45294797E-02
 Kinematics :           18  theta, phi =    99.0000000       0.00000000       7.51545057E-02   4.80344221E-02   7.51545057E-02   6.20577559E-02   5.38414195E-02   6.20577894E-02
 Kinematics :           19  theta, phi =    99.0000000       0.00000000       5.07001467E-02   3.97474356E-02   5.07001467E-02   4.10530940E-02   4.22481298E-02   4.10533398E-02
 Kinematics :           20  theta, phi =    99.0000000       0.00000000       3.43581103E-02   3.18828821E-02   3.43581103E-02   2.74876896E-02   3.19918171E-02   2.74878070E-02
 Kinematics :           21  theta, phi =    99.0000000       0.00000000       2.33303942E-02   2.49131788E-02   2.33303960E-02   1.84156448E-02   2.38009728E-02   1.84156410E-02
 Kinematics :           22  theta, phi =    99.0000000       0.00000000       1.58381499E-02   1.90252047E-02   1.58381481E-02   1.22908754E-02   1.74479764E-02   1.22909024E-02
 Kinematics :           23  theta, phi =    99.0000000       0.00000000       1.07413363E-02   1.42466072E-02   1.07413363E-02   8.18588957E-03   1.26375370E-02   8.18586629E-03
 Kinematics :           24  theta, phi =    99.0000000       0.00000000       7.25629320E-03   1.04633365E-02   7.25629320E-03   5.42813819E-03   9.00980271E-03   5.42814704E-03
 Kinematics :           25  theta, phi =    99.0000000       0.00000000       4.87729907E-03   7.54555035E-03   4.87729907E-03   3.59211164E-03   6.35789800E-03   3.59211140E-03
 Kinematics :           26  theta, phi =    99.0000000       0.00000000       3.25448602E-03   5.34043834E-03   3.25448602E-03   2.36269995E-03   4.44486691E-03   2.36268388E-03
 Kinematics :           27  theta, phi =    99.0000000       0.00000000       2.15506949E-03   3.71126900E-03   2.15506949E-03   1.54889585E-03   3.05998349E-03   1.54890819E-03
 Kinematics :           28  theta, phi =    99.0000000       0.00000000       1.41074893E-03   2.52597057E-03   1.41074893E-03   1.00747438E-03   2.06973986E-03   1.00749440E-03
 Kinematics :           29  theta, phi =    99.0000000       0.00000000       9.12689720E-04   1.68293167E-03   9.12689720E-04   6.51282608E-04   1.37708569E-03   6.51274109E-04
 Kinematics :           30  theta, phi =    99.0000000       0.00000000       5.81465953E-04   1.09413301E-03   5.81466069E-04   4.17271338E-04   8.97985010E-04   4.17267293E-04
 Kinematics :           31  theta, phi =    99.0000000       0.00000000       3.63125931E-04   6.90593559E-04   3.63125931E-04   2.62605667E-04   5.72829507E-04   2.62606452E-04
 Kinematics :           32  theta, phi =    99.0000000       0.00000000       2.21329203E-04   4.20921657E-04   2.21329217E-04   1.61703327E-04   3.54130461E-04   1.61704418E-04
 Kinematics :           33  theta, phi =    99.0000000       0.00000000       1.30528613E-04   2.45295611E-04   1.30528613E-04   9.66947846E-05   2.09324819E-04   9.66947046E-05
 Kinematics :           34  theta, phi =    99.0000000       0.00000000       7.35311623E-05   1.34829461E-04   7.35311696E-05   5.54859544E-05   1.16888812E-04   5.54857725E-05
 Kinematics :           35  theta, phi =    99.0000000       0.00000000       3.84200030E-05   6.76465206E-05   3.84200030E-05   2.93495177E-05   5.97143189E-05   2.93498797E-05
 Kinematics :           36  theta, phi =    99.0000000       0.00000000       1.74374381E-05   2.89752170E-05   1.74374381E-05   1.34694337E-05   2.60849665E-05   1.34695683E-05
 Kinematics :           37  theta, phi =    99.0000000       0.00000000       5.33186903E-06   8.16710053E-06   5.33186949E-06   4.16360945E-06   7.53060613E-06   4.16360308E-06
 Kinematics :           38  theta, phi =    99.0000000       0.00000000       5.33186903E-06   8.16710053E-06   5.33186949E-06   4.16360945E-06   7.53060613E-06   4.16360308E-06
 Kinematics :           38  theta, phi =    99.0000000       0.00000000      is bad !
 Kinematics :           39  theta, phi =    99.0000000       0.00000000       5.33186903E-06   8.16710053E-06   5.33186949E-06   4.16360945E-06   7.53060613E-06   4.16360308E-06
 Kinematics :           39  theta, phi =    99.0000000       0.00000000      is bad !
 Kinematics :           40  theta, phi =    99.0000000       0.00000000       5.33186903E-06   8.16710053E-06   5.33186949E-06   4.16360945E-06   7.53060613E-06   4.16360308E-06
 Kinematics :           40  theta, phi =    99.0000000       0.00000000      is bad !
 Kinematics :           41  theta, phi =    99.0000000       0.00000000       5.33186903E-06   8.16710053E-06   5.33186949E-06   4.16360945E-06   7.53060613E-06   4.16360308E-06
 Kinematics :           41  theta, phi =    99.0000000       0.00000000      is bad !
 Kinematics :           42  theta, phi =    99.0000000       0.00000000       5.33186903E-06   8.16710053E-06   5.33186949E-06   4.16360945E-06   7.53060613E-06   4.16360308E-06
 Kinematics :           42  theta, phi =    99.0000000       0.00000000      is bad !
 Kinematics :           43  theta, phi =    99.0000000       0.00000000       5.33186903E-06   8.16710053E-06   5.33186949E-06   4.16360945E-06   7.53060613E-06   4.16360308E-06
 Kinematics :           43  theta, phi =    99.0000000       0.00000000      is bad !
 Kinematics :           44  theta, phi =    99.0000000       0.00000000       5.33186903E-06   8.16710053E-06   5.33186949E-06   4.16360945E-06   7.53060613E-06   4.16360308E-06
 Kinematics :           44  theta, phi =    99.0000000       0.00000000      is bad !
 Kinematics :           45  theta, phi =    99.0000000       0.00000000       5.33186903E-06   8.16710053E-06   5.33186949E-06   4.16360945E-06   7.53060613E-06   4.16360308E-06
 Kinematics :           45  theta, phi =    99.0000000       0.00000000      is bad !
 Kinematics :           46  theta, phi =    99.0000000       0.00000000       5.33186903E-06   8.16710053E-06   5.33186949E-06   4.16360945E-06   7.53060613E-06   4.16360308E-06
 Kinematics :           46  theta, phi =    99.0000000       0.00000000      is bad !
 Kinematics :           47  theta, phi =    99.0000000       0.00000000       5.33186903E-06   8.16710053E-06   5.33186949E-06   4.16360945E-06   7.53060613E-06   4.16360308E-06
 Kinematics :           47  theta, phi =    99.0000000       0.00000000      is bad !
 Kinematics :           48  theta, phi =    99.0000000       0.00000000       5.33186903E-06   8.16710053E-06   5.33186949E-06   4.16360945E-06   7.53060613E-06   4.16360308E-06
 Kinematics :           48  theta, phi =    99.0000000       0.00000000      is bad !
 Kinematics :           49  theta, phi =    99.0000000       0.00000000       5.33186903E-06   8.16710053E-06   5.33186949E-06   4.16360945E-06   7.53060613E-06   4.16360308E-06
 Kinematics :           49  theta, phi =    99.0000000       0.00000000      is bad !
 Kinematics :           50  theta, phi =    99.0000000       0.00000000       5.33186903E-06   8.16710053E-06   5.33186949E-06   4.16360945E-06   7.53060613E-06   4.16360308E-06
 Kinematics :           50  theta, phi =    99.0000000       0.00000000      is bad !
 Kinematics :           51  theta, phi =    99.0000000       0.00000000       5.33186903E-06   8.16710053E-06   5.33186949E-06   4.16360945E-06   7.53060613E-06   4.16360308E-06
 Kinematics :           51  theta, phi =    99.0000000       0.00000000      is bad !
