 Kinematics :            1  theta, phi =    99.0000000       0.00000000       129.427216       129.428680       129.427216       126.509293       127.201897       126.509293    
 Kinematics :            2  theta, phi =    99.0000000       0.00000000       62.9255867       61.5878525       62.9255867       60.9615669       60.1118736       60.9615669    
 Kinematics :            3  theta, phi =    99.0000000       0.00000000       16.6211090       15.2416763       16.6211052       15.6397772       14.5246582       15.6397753    
 Kinematics :            4  theta, phi =    99.0000000       0.00000000       4.79328728       3.93378544       4.79328680       4.30694246       3.59768414       4.30694246    
 Kinematics :            5  theta, phi =    99.0000000       0.00000000       1.64755952       1.15135550       1.64755952       1.38865173      0.985958755       1.38865197    
 Kinematics :            6  theta, phi =    99.0000000       0.00000000      0.653142452      0.367409855      0.653142571      0.529663503      0.298818827      0.529663801    
 Kinematics :            7  theta, phi =    99.0000000       0.00000000      0.288195878      0.122094594      0.288195878      0.221745789       9.06660780E-02  0.221745998    
 Kinematics :            8  theta, phi =    99.0000000       0.00000000      0.137956917       4.05498408E-02  0.137956917      0.103130788       2.77230088E-02  0.103130870    
 Kinematics :            9  theta, phi =    99.0000000       0.00000000       7.03952536E-02   1.29664466E-02   7.03952387E-02   5.20345643E-02   8.48125573E-03   5.20347022E-02
 Kinematics :           10  theta, phi =    99.0000000       0.00000000       3.78226489E-02   3.91833717E-03   3.78226452E-02   2.82918382E-02   3.01812193E-03   2.82914918E-02
 Kinematics :           11  theta, phi =    99.0000000       0.00000000       2.12074909E-02   1.24343752E-03   2.12074909E-02   1.59241259E-02   1.60630082E-03   1.59241948E-02
 Kinematics :           12  theta, phi =    99.0000000       0.00000000       1.23206088E-02   6.46546541E-04   1.23206088E-02   9.21732374E-03   1.42686756E-03   9.21734516E-03
 Kinematics :           13  theta, phi =    99.0000000       0.00000000       7.37142749E-03   6.24028326E-04   7.37142842E-03   5.20162191E-03   1.40249997E-03   5.20162517E-03
 Kinematics :           14  theta, phi =    99.0000000       0.00000000       4.51727118E-03   6.84516213E-04   4.51727118E-03   3.31093138E-03   1.32050982E-03   3.31094163E-03
 Kinematics :           15  theta, phi =    99.0000000       0.00000000       2.82166037E-03   6.97702402E-04   2.82166060E-03   2.15254794E-03   1.16084924E-03   2.15256540E-03
 Kinematics :           16  theta, phi =    99.0000000       0.00000000       1.78795191E-03   6.52602874E-04   1.78795191E-03   1.40256784E-03   9.60956037E-04   1.40256935E-03
 Kinematics :           17  theta, phi =    99.0000000       0.00000000       1.14452932E-03   5.69638505E-04   1.14452920E-03   9.16241028E-04   7.59170100E-04   9.16246208E-04
 Kinematics :           18  theta, phi =    99.0000000       0.00000000       7.37227732E-04   4.71193373E-04   7.37227732E-04   5.96465834E-04   5.77942701E-04   5.96466532E-04
 Kinematics :           19  theta, phi =    99.0000000       0.00000000       4.76047862E-04   3.73207702E-04   4.76047862E-04   3.85604246E-04   4.26247454E-04   3.85605905E-04
 Kinematics :           20  theta, phi =    99.0000000       0.00000000       3.07069131E-04   2.84947164E-04   3.07069131E-04   2.47457210E-04   3.06380243E-04   2.47457298E-04
 Kinematics :           21  theta, phi =    99.0000000       0.00000000       1.97106812E-04   2.10478989E-04   1.97106812E-04   1.56989307E-04   2.15045395E-04   1.56990776E-04
 Kinematics :           22  theta, phi =    99.0000000       0.00000000       1.25403414E-04   1.50637876E-04   1.25403414E-04   9.82160054E-05   1.47403960E-04   9.82161364E-05
 Kinematics :           23  theta, phi =    99.0000000       0.00000000       7.88318648E-05   1.04557446E-04   7.88318648E-05   6.06249669E-05   9.85345177E-05   6.06245485E-05
 Kinematics :           24  theta, phi =    99.0000000       0.00000000       4.86522840E-05   7.01549870E-05   4.86522913E-05   3.65625347E-05   6.41562365E-05   3.65624765E-05
 Kinematics :           25  theta, phi =    99.0000000       0.00000000       2.92917593E-05   4.53165521E-05   2.92917593E-05   2.15283671E-05   4.03586637E-05   2.15285072E-05
 Kinematics :           26  theta, phi =    99.0000000       0.00000000       1.70206495E-05   2.79299875E-05   1.70206495E-05   1.22482252E-05   2.43931536E-05   1.22483134E-05
 Kinematics :           27  theta, phi =    99.0000000       0.00000000       9.40059817E-06   1.61888747E-05   9.40059817E-06   6.66190726E-06   1.39468711E-05   6.66196138E-06
 Kinematics :           28  theta, phi =    99.0000000       0.00000000       4.77082722E-06   8.54224800E-06   4.77082722E-06   3.34405240E-06   7.30768033E-06   3.34405786E-06
 Kinematics :           29  theta, phi =    99.0000000       0.00000000       2.06353911E-06   3.80501251E-06   2.06353911E-06   1.44117166E-06   3.24879329E-06   1.44117621E-06
 Kinematics :           30  theta, phi =    99.0000000       0.00000000       5.60913406E-07   1.05545951E-06   5.60913406E-07   3.94169859E-07   9.04599347E-07   3.94168126E-07
 Kinematics :           31  theta, phi =    99.0000000       0.00000000       5.60913406E-07   1.05545951E-06   5.60913406E-07   3.94169859E-07   9.04599347E-07   3.94168126E-07
 Kinematics :           31  theta, phi =    99.0000000       0.00000000      is bad !
 Kinematics :           32  theta, phi =    99.0000000       0.00000000       5.60913406E-07   1.05545951E-06   5.60913406E-07   3.94169859E-07   9.04599347E-07   3.94168126E-07
 Kinematics :           32  theta, phi =    99.0000000       0.00000000      is bad !
 Kinematics :           33  theta, phi =    99.0000000       0.00000000       5.60913406E-07   1.05545951E-06   5.60913406E-07   3.94169859E-07   9.04599347E-07   3.94168126E-07
 Kinematics :           33  theta, phi =    99.0000000       0.00000000      is bad !
 Kinematics :           34  theta, phi =    99.0000000       0.00000000       5.60913406E-07   1.05545951E-06   5.60913406E-07   3.94169859E-07   9.04599347E-07   3.94168126E-07
 Kinematics :           34  theta, phi =    99.0000000       0.00000000      is bad !
 Kinematics :           35  theta, phi =    99.0000000       0.00000000       5.60913406E-07   1.05545951E-06   5.60913406E-07   3.94169859E-07   9.04599347E-07   3.94168126E-07
 Kinematics :           35  theta, phi =    99.0000000       0.00000000      is bad !
 Kinematics :           36  theta, phi =    99.0000000       0.00000000       5.60913406E-07   1.05545951E-06   5.60913406E-07   3.94169859E-07   9.04599347E-07   3.94168126E-07
 Kinematics :           36  theta, phi =    99.0000000       0.00000000      is bad !
 Kinematics :           37  theta, phi =    99.0000000       0.00000000       5.60913406E-07   1.05545951E-06   5.60913406E-07   3.94169859E-07   9.04599347E-07   3.94168126E-07
 Kinematics :           37  theta, phi =    99.0000000       0.00000000      is bad !
 Kinematics :           38  theta, phi =    99.0000000       0.00000000       5.60913406E-07   1.05545951E-06   5.60913406E-07   3.94169859E-07   9.04599347E-07   3.94168126E-07
 Kinematics :           38  theta, phi =    99.0000000       0.00000000      is bad !
 Kinematics :           39  theta, phi =    99.0000000       0.00000000       5.60913406E-07   1.05545951E-06   5.60913406E-07   3.94169859E-07   9.04599347E-07   3.94168126E-07
 Kinematics :           39  theta, phi =    99.0000000       0.00000000      is bad !
 Kinematics :           40  theta, phi =    99.0000000       0.00000000       5.60913406E-07   1.05545951E-06   5.60913406E-07   3.94169859E-07   9.04599347E-07   3.94168126E-07
 Kinematics :           40  theta, phi =    99.0000000       0.00000000      is bad !
 Kinematics :           41  theta, phi =    99.0000000       0.00000000       5.60913406E-07   1.05545951E-06   5.60913406E-07   3.94169859E-07   9.04599347E-07   3.94168126E-07
 Kinematics :           41  theta, phi =    99.0000000       0.00000000      is bad !
 Kinematics :           42  theta, phi =    99.0000000       0.00000000       5.60913406E-07   1.05545951E-06   5.60913406E-07   3.94169859E-07   9.04599347E-07   3.94168126E-07
 Kinematics :           42  theta, phi =    99.0000000       0.00000000      is bad !
 Kinematics :           43  theta, phi =    99.0000000       0.00000000       5.60913406E-07   1.05545951E-06   5.60913406E-07   3.94169859E-07   9.04599347E-07   3.94168126E-07
 Kinematics :           43  theta, phi =    99.0000000       0.00000000      is bad !
 Kinematics :           44  theta, phi =    99.0000000       0.00000000       5.60913406E-07   1.05545951E-06   5.60913406E-07   3.94169859E-07   9.04599347E-07   3.94168126E-07
 Kinematics :           44  theta, phi =    99.0000000       0.00000000      is bad !
 Kinematics :           45  theta, phi =    99.0000000       0.00000000       5.60913406E-07   1.05545951E-06   5.60913406E-07   3.94169859E-07   9.04599347E-07   3.94168126E-07
 Kinematics :           45  theta, phi =    99.0000000       0.00000000      is bad !
 Kinematics :           46  theta, phi =    99.0000000       0.00000000       5.60913406E-07   1.05545951E-06   5.60913406E-07   3.94169859E-07   9.04599347E-07   3.94168126E-07
 Kinematics :           46  theta, phi =    99.0000000       0.00000000      is bad !
 Kinematics :           47  theta, phi =    99.0000000       0.00000000       5.60913406E-07   1.05545951E-06   5.60913406E-07   3.94169859E-07   9.04599347E-07   3.94168126E-07
 Kinematics :           47  theta, phi =    99.0000000       0.00000000      is bad !
 Kinematics :           48  theta, phi =    99.0000000       0.00000000       5.60913406E-07   1.05545951E-06   5.60913406E-07   3.94169859E-07   9.04599347E-07   3.94168126E-07
 Kinematics :           48  theta, phi =    99.0000000       0.00000000      is bad !
 Kinematics :           49  theta, phi =    99.0000000       0.00000000       5.60913406E-07   1.05545951E-06   5.60913406E-07   3.94169859E-07   9.04599347E-07   3.94168126E-07
 Kinematics :           49  theta, phi =    99.0000000       0.00000000      is bad !
 Kinematics :           50  theta, phi =    99.0000000       0.00000000       5.60913406E-07   1.05545951E-06   5.60913406E-07   3.94169859E-07   9.04599347E-07   3.94168126E-07
 Kinematics :           50  theta, phi =    99.0000000       0.00000000      is bad !
 Kinematics :           51  theta, phi =    99.0000000       0.00000000       5.60913406E-07   1.05545951E-06   5.60913406E-07   3.94169859E-07   9.04599347E-07   3.94168126E-07
 Kinematics :           51  theta, phi =    99.0000000       0.00000000      is bad !
