 Kinematics :            1  theta, phi =    99.0000000       0.00000000       1735.69653       1735.71594       1735.69653       1694.35803       1703.82434       1694.35803    
 Kinematics :            2  theta, phi =    99.0000000       0.00000000       853.705750       835.557190       853.705750       825.729431       814.401245       825.729431    
 Kinematics :            3  theta, phi =    99.0000000       0.00000000       228.147995       209.213348       228.147995       214.353073       199.113953       214.353073    
 Kinematics :            4  theta, phi =    99.0000000       0.00000000       66.5790787       54.6405373       66.5790787       59.8783531       50.0189056       59.8783569    
 Kinematics :            5  theta, phi =    99.0000000       0.00000000       23.1631088       16.1869507       23.1631069       19.8130550       14.0660505       19.8130608    
 Kinematics :            6  theta, phi =    99.0000000       0.00000000       9.29752827       5.23010349       9.29752827       7.56355715       4.24988556       7.56355715    
 Kinematics :            7  theta, phi =    99.0000000       0.00000000       4.15569639       1.76056659       4.15569544       3.26931405       1.33897972       3.26931381    
 Kinematics :            8  theta, phi =    99.0000000       0.00000000       2.01622248      0.592630684       2.01622224       1.56522632      0.427888483       1.56522787    
 Kinematics :            9  theta, phi =    99.0000000       0.00000000       1.04344440      0.192197144       1.04344463      0.806167662      0.135185406      0.806169748    
 Kinematics :           10  theta, phi =    99.0000000       0.00000000      0.569063902       5.89536764E-02  0.569063902      0.444019049       4.94579785E-02  0.444019794    
 Kinematics :           11  theta, phi =    99.0000000       0.00000000      0.324189931       1.90078951E-02  0.324189901      0.259522855       2.75470894E-02  0.259523541    
 Kinematics :           12  theta, phi =    99.0000000       0.00000000      0.191574201       1.00532081E-02  0.191574201      0.156152606       2.21733991E-02  0.156153768    
 Kinematics :           13  theta, phi =    99.0000000       0.00000000      0.116742454       9.88283381E-03  0.116742454       9.58129317E-02   2.06345562E-02   9.58135277E-02
 Kinematics :           14  theta, phi =    99.0000000       0.00000000       7.29802698E-02   1.10589312E-02   7.29802772E-02   6.01299666E-02   1.92172024E-02   6.01303056E-02
 Kinematics :           15  theta, phi =    99.0000000       0.00000000       4.65891920E-02   1.15199499E-02   4.65891883E-02   3.84811461E-02   1.72908418E-02   3.84811535E-02
 Kinematics :           16  theta, phi =    99.0000000       0.00000000       3.02360971E-02   1.10361828E-02   3.02360971E-02   2.45907661E-02   1.54189030E-02   2.45908312E-02
 Kinematics :           17  theta, phi =    99.0000000       0.00000000       1.98748671E-02   9.89183038E-03   1.98748689E-02   1.59444734E-02   1.26251234E-02   1.59445740E-02
 Kinematics :           18  theta, phi =    99.0000000       0.00000000       1.31862452E-02   8.42788536E-03   1.31862452E-02   1.06038162E-02   9.89304576E-03   1.06038339E-02
 Kinematics :           19  theta, phi =    99.0000000       0.00000000       8.80284887E-03   6.90117758E-03   8.80284887E-03   7.06967013E-03   7.55593972E-03   7.06967758E-03
 Kinematics :           20  theta, phi =    99.0000000       0.00000000       5.89692919E-03   5.47210174E-03   5.89692825E-03   4.70145047E-03   5.64496964E-03   4.70146257E-03
 Kinematics :           21  theta, phi =    99.0000000       0.00000000       3.95316025E-03   4.22135135E-03   3.95316025E-03   3.11052101E-03   4.13928553E-03   3.11052706E-03
 Kinematics :           22  theta, phi =    99.0000000       0.00000000       2.64540385E-03   3.17772897E-03   2.64540385E-03   2.04633339E-03   2.98406975E-03   2.04633665E-03
 Kinematics :           23  theta, phi =    99.0000000       0.00000000       1.76525710E-03   2.34132120E-03   1.76525675E-03   1.33882987E-03   2.12040381E-03   1.33882463E-03
 Kinematics :           24  theta, phi =    99.0000000       0.00000000       1.17071148E-03   1.68812729E-03   1.17071148E-03   8.70762393E-04   1.48469803E-03   8.70765303E-04
 Kinematics :           25  theta, phi =    99.0000000       0.00000000       7.70348415E-04   1.19178707E-03   7.70348415E-04   5.61695197E-04   1.02532655E-03   5.61696535E-04
 Kinematics :           26  theta, phi =    99.0000000       0.00000000       5.01463132E-04   8.22874543E-04   5.01463132E-04   3.59237165E-04   6.93636190E-04   3.59237136E-04
 Kinematics :           27  theta, phi =    99.0000000       0.00000000       3.22484033E-04   5.55353297E-04   3.22484033E-04   2.27574725E-04   4.61928284E-04   2.27575249E-04
 Kinematics :           28  theta, phi =    99.0000000       0.00000000       2.03804957E-04   3.64916312E-04   2.03804957E-04   1.42380231E-04   3.00901971E-04   1.42377190E-04
 Kinematics :           29  theta, phi =    99.0000000       0.00000000       1.26270708E-04   2.32833816E-04   1.26270708E-04   8.80017396E-05   1.91078318E-04   8.80026928E-05
 Kinematics :           30  theta, phi =    99.0000000       0.00000000       7.61639239E-05   1.43316138E-04   7.61639239E-05   5.33210987E-05   1.17334406E-04   5.33218772E-05
 Kinematics :           31  theta, phi =    99.0000000       0.00000000       4.42646196E-05   8.41825458E-05   4.42646233E-05   3.11302065E-05   6.95632771E-05   3.11305521E-05
 Kinematics :           32  theta, phi =    99.0000000       0.00000000       2.44142757E-05   4.64308250E-05   2.44142757E-05   1.73412373E-05   3.88732442E-05   1.73414628E-05
 Kinematics :           33  theta, phi =    99.0000000       0.00000000       1.23741020E-05   2.32540096E-05   1.23741038E-05   8.93642300E-06   1.97440240E-05   8.93625838E-06
 Kinematics :           34  theta, phi =    99.0000000       0.00000000       5.33035427E-06   9.77393665E-06   5.33035427E-06   3.93254550E-06   8.44045371E-06   3.93257687E-06
 Kinematics :           35  theta, phi =    99.0000000       0.00000000       1.40222949E-06   2.46892068E-06   1.40222949E-06   1.05625884E-06   2.18282389E-06   1.05625679E-06
 Kinematics :           36  theta, phi =    99.0000000       0.00000000       1.40222949E-06   2.46892068E-06   1.40222949E-06   1.05625884E-06   2.18282389E-06   1.05625679E-06
 Kinematics :           36  theta, phi =    99.0000000       0.00000000      is bad !
 Kinematics :           37  theta, phi =    99.0000000       0.00000000       1.40222949E-06   2.46892068E-06   1.40222949E-06   1.05625884E-06   2.18282389E-06   1.05625679E-06
 Kinematics :           37  theta, phi =    99.0000000       0.00000000      is bad !
 Kinematics :           38  theta, phi =    99.0000000       0.00000000       1.40222949E-06   2.46892068E-06   1.40222949E-06   1.05625884E-06   2.18282389E-06   1.05625679E-06
 Kinematics :           38  theta, phi =    99.0000000       0.00000000      is bad !
 Kinematics :           39  theta, phi =    99.0000000       0.00000000       1.40222949E-06   2.46892068E-06   1.40222949E-06   1.05625884E-06   2.18282389E-06   1.05625679E-06
 Kinematics :           39  theta, phi =    99.0000000       0.00000000      is bad !
 Kinematics :           40  theta, phi =    99.0000000       0.00000000       1.40222949E-06   2.46892068E-06   1.40222949E-06   1.05625884E-06   2.18282389E-06   1.05625679E-06
 Kinematics :           40  theta, phi =    99.0000000       0.00000000      is bad !
 Kinematics :           41  theta, phi =    99.0000000       0.00000000       1.40222949E-06   2.46892068E-06   1.40222949E-06   1.05625884E-06   2.18282389E-06   1.05625679E-06
 Kinematics :           41  theta, phi =    99.0000000       0.00000000      is bad !
 Kinematics :           42  theta, phi =    99.0000000       0.00000000       1.40222949E-06   2.46892068E-06   1.40222949E-06   1.05625884E-06   2.18282389E-06   1.05625679E-06
 Kinematics :           42  theta, phi =    99.0000000       0.00000000      is bad !
 Kinematics :           43  theta, phi =    99.0000000       0.00000000       1.40222949E-06   2.46892068E-06   1.40222949E-06   1.05625884E-06   2.18282389E-06   1.05625679E-06
 Kinematics :           43  theta, phi =    99.0000000       0.00000000      is bad !
 Kinematics :           44  theta, phi =    99.0000000       0.00000000       1.40222949E-06   2.46892068E-06   1.40222949E-06   1.05625884E-06   2.18282389E-06   1.05625679E-06
 Kinematics :           44  theta, phi =    99.0000000       0.00000000      is bad !
 Kinematics :           45  theta, phi =    99.0000000       0.00000000       1.40222949E-06   2.46892068E-06   1.40222949E-06   1.05625884E-06   2.18282389E-06   1.05625679E-06
 Kinematics :           45  theta, phi =    99.0000000       0.00000000      is bad !
 Kinematics :           46  theta, phi =    99.0000000       0.00000000       1.40222949E-06   2.46892068E-06   1.40222949E-06   1.05625884E-06   2.18282389E-06   1.05625679E-06
 Kinematics :           46  theta, phi =    99.0000000       0.00000000      is bad !
 Kinematics :           47  theta, phi =    99.0000000       0.00000000       1.40222949E-06   2.46892068E-06   1.40222949E-06   1.05625884E-06   2.18282389E-06   1.05625679E-06
 Kinematics :           47  theta, phi =    99.0000000       0.00000000      is bad !
 Kinematics :           48  theta, phi =    99.0000000       0.00000000       1.40222949E-06   2.46892068E-06   1.40222949E-06   1.05625884E-06   2.18282389E-06   1.05625679E-06
 Kinematics :           48  theta, phi =    99.0000000       0.00000000      is bad !
 Kinematics :           49  theta, phi =    99.0000000       0.00000000       1.40222949E-06   2.46892068E-06   1.40222949E-06   1.05625884E-06   2.18282389E-06   1.05625679E-06
 Kinematics :           49  theta, phi =    99.0000000       0.00000000      is bad !
 Kinematics :           50  theta, phi =    99.0000000       0.00000000       1.40222949E-06   2.46892068E-06   1.40222949E-06   1.05625884E-06   2.18282389E-06   1.05625679E-06
 Kinematics :           50  theta, phi =    99.0000000       0.00000000      is bad !
 Kinematics :           51  theta, phi =    99.0000000       0.00000000       1.40222949E-06   2.46892068E-06   1.40222949E-06   1.05625884E-06   2.18282389E-06   1.05625679E-06
 Kinematics :           51  theta, phi =    99.0000000       0.00000000      is bad !
