 Kinematics :            1  theta, phi =    99.0000000       0.00000000       15472.5918       15472.7656       15472.5918       15127.6357       15211.8701       15127.6357    
 Kinematics :            2  theta, phi =    99.0000000       0.00000000       7672.55029       7509.44141       7672.55029       7412.15771       7313.36182       7412.15771    
 Kinematics :            3  theta, phi =    99.0000000       0.00000000       2066.67139       1895.15271       2066.67139       1939.55554       1802.45337       1939.55554    
 Kinematics :            4  theta, phi =    99.0000000       0.00000000       607.740540       498.764160       607.740479       550.571228       459.720612       550.571228    
 Kinematics :            5  theta, phi =    99.0000000       0.00000000       213.026337       148.868103       213.026337       182.641052       129.585266       182.641129    
 Kinematics :            6  theta, phi =    99.0000000       0.00000000       86.1426010       48.4574699       86.1425858       70.7553940       39.7016029       70.7554474    
 Kinematics :            7  theta, phi =    99.0000000       0.00000000       38.7872009       16.4322529       38.7872009       31.0132389       12.6525707       31.0132504    
 Kinematics :            8  theta, phi =    99.0000000       0.00000000       18.9577618       5.57227707       18.9577618       15.1986866       4.17632771       15.1986980    
 Kinematics :            9  theta, phi =    99.0000000       0.00000000       9.88464451       1.82070124       9.88464451       7.98810768       1.36966813       7.98813772    
 Kinematics :           10  theta, phi =    99.0000000       0.00000000       5.43203020      0.562745512       5.43203020       4.44799709      0.496237397       4.44799995    
 Kinematics :           11  theta, phi =    99.0000000       0.00000000       3.11895823      0.182870716       3.11895800       2.61793733      0.266520679       2.61793065    
 Kinematics :           12  theta, phi =    99.0000000       0.00000000       1.85817266       9.75110233E-02   1.85817289       1.63614905      0.218205005       1.63615489    
 Kinematics :           13  theta, phi =    99.0000000       0.00000000       1.14204299       9.66796651E-02   1.14204288      0.990155876      0.194093272      0.990142405    
 Kinematics :           14  theta, phi =    99.0000000       0.00000000      0.720386326      0.109162390      0.720386207      0.628337383      0.177346215      0.628338635    
 Kinematics :           15  theta, phi =    99.0000000       0.00000000      0.464298934      0.114805616      0.464298934      0.398944169      0.159556374      0.398943394    
 Kinematics :           16  theta, phi =    99.0000000       0.00000000      0.304426610      0.111115813      0.304426640      0.263845891      0.136034936      0.263846546    
 Kinematics :           17  theta, phi =    99.0000000       0.00000000      0.202325746      0.100698642      0.202325746      0.173429176      0.114124678      0.173430011    
 Kinematics :           18  theta, phi =    99.0000000       0.00000000      0.135851800       8.68286341E-02  0.135851800      0.113576420       9.47011709E-02  0.113577142    
 Kinematics :           19  theta, phi =    99.0000000       0.00000000       9.18856859E-02   7.20357075E-02   9.18857083E-02   7.52009824E-02   7.47463256E-02   7.52013028E-02
 Kinematics :           20  theta, phi =    99.0000000       0.00000000       6.24458678E-02   5.79471365E-02   6.24458678E-02   5.03288768E-02   5.75592518E-02   5.03290817E-02
 Kinematics :           21  theta, phi =    99.0000000       0.00000000       4.25359644E-02   4.54217009E-02   4.25359644E-02   3.36824171E-02   4.29912731E-02   3.36825661E-02
 Kinematics :           22  theta, phi =    99.0000000       0.00000000       2.89767403E-02   3.48076262E-02   2.89767403E-02   2.25661267E-02   3.16556580E-02   2.25660857E-02
 Kinematics :           23  theta, phi =    99.0000000       0.00000000       1.97285656E-02   2.61666737E-02   1.97285637E-02   1.50831733E-02   2.30541769E-02   1.50832152E-02
 Kinematics :           24  theta, phi =    99.0000000       0.00000000       1.33863902E-02   1.93027332E-02   1.33863902E-02   1.01184975E-02   1.64033417E-02   1.01185609E-02
 Kinematics :           25  theta, phi =    99.0000000       0.00000000       9.04285908E-03   1.39899859E-02   9.04286001E-03   6.70234580E-03   1.17024127E-02   6.70230249E-03
 Kinematics :           26  theta, phi =    99.0000000       0.00000000       6.06894400E-03   9.95881576E-03   6.06894260E-03   4.43812087E-03   8.26632790E-03   4.43816697E-03
 Kinematics :           27  theta, phi =    99.0000000       0.00000000       4.04580962E-03   6.96733315E-03   4.04581008E-03   2.93494365E-03   5.73544065E-03   2.93495716E-03
 Kinematics :           28  theta, phi =    99.0000000       0.00000000       2.66950112E-03   4.77978867E-03   2.66950182E-03   1.92838453E-03   3.91968479E-03   1.92839256E-03
 Kinematics :           29  theta, phi =    99.0000000       0.00000000       1.74346357E-03   3.21481703E-03   1.74346380E-03   1.26036222E-03   2.63527967E-03   1.26037945E-03
 Kinematics :           30  theta, phi =    99.0000000       0.00000000       1.12362509E-03   2.11430318E-03   1.12362509E-03   8.15848645E-04   1.74433063E-03   8.15855281E-04
 Kinematics :           31  theta, phi =    99.0000000       0.00000000       7.11861008E-04   1.35381881E-03   7.11861008E-04   5.21442154E-04   1.12959580E-03   5.21434937E-04
 Kinematics :           32  theta, phi =    99.0000000       0.00000000       4.41982789E-04   8.40558263E-04   4.41982760E-04   3.27421119E-04   7.11056287E-04   3.27422895E-04
 Kinematics :           33  theta, phi =    99.0000000       0.00000000       2.67197494E-04   5.02130308E-04   2.67197465E-04   2.00608265E-04   4.30887972E-04   2.00604656E-04
 Kinematics :           34  theta, phi =    99.0000000       0.00000000       1.55940012E-04   2.85937334E-04   1.55940012E-04   1.18822936E-04   2.49142002E-04   1.18823111E-04
 Kinematics :           35  theta, phi =    99.0000000       0.00000000       8.61493972E-05   1.51684188E-04   8.61493900E-05   6.64211257E-05   1.34641406E-04   6.64204781E-05
 Kinematics :           36  theta, phi =    99.0000000       0.00000000       4.34345275E-05   7.21737015E-05   4.34345056E-05   3.38359278E-05   6.52528470E-05   3.38358404E-05
 Kinematics :           37  theta, phi =    99.0000000       0.00000000       1.78998034E-05   2.74180675E-05   1.78998052E-05   1.40659668E-05   2.53340422E-05   1.40661105E-05
 Kinematics :           38  theta, phi =    99.0000000       0.00000000       3.47271953E-06   4.79814480E-06   3.47271771E-06   2.75261527E-06   4.55693271E-06   2.75262414E-06
 Kinematics :           39  theta, phi =    99.0000000       0.00000000       3.47271953E-06   4.79814480E-06   3.47271771E-06   2.75261527E-06   4.55693271E-06   2.75262414E-06
 Kinematics :           39  theta, phi =    99.0000000       0.00000000      is bad !
 Kinematics :           40  theta, phi =    99.0000000       0.00000000       3.47271953E-06   4.79814480E-06   3.47271771E-06   2.75261527E-06   4.55693271E-06   2.75262414E-06
 Kinematics :           40  theta, phi =    99.0000000       0.00000000      is bad !
 Kinematics :           41  theta, phi =    99.0000000       0.00000000       3.47271953E-06   4.79814480E-06   3.47271771E-06   2.75261527E-06   4.55693271E-06   2.75262414E-06
 Kinematics :           41  theta, phi =    99.0000000       0.00000000      is bad !
 Kinematics :           42  theta, phi =    99.0000000       0.00000000       3.47271953E-06   4.79814480E-06   3.47271771E-06   2.75261527E-06   4.55693271E-06   2.75262414E-06
 Kinematics :           42  theta, phi =    99.0000000       0.00000000      is bad !
 Kinematics :           43  theta, phi =    99.0000000       0.00000000       3.47271953E-06   4.79814480E-06   3.47271771E-06   2.75261527E-06   4.55693271E-06   2.75262414E-06
 Kinematics :           43  theta, phi =    99.0000000       0.00000000      is bad !
 Kinematics :           44  theta, phi =    99.0000000       0.00000000       3.47271953E-06   4.79814480E-06   3.47271771E-06   2.75261527E-06   4.55693271E-06   2.75262414E-06
 Kinematics :           44  theta, phi =    99.0000000       0.00000000      is bad !
 Kinematics :           45  theta, phi =    99.0000000       0.00000000       3.47271953E-06   4.79814480E-06   3.47271771E-06   2.75261527E-06   4.55693271E-06   2.75262414E-06
 Kinematics :           45  theta, phi =    99.0000000       0.00000000      is bad !
 Kinematics :           46  theta, phi =    99.0000000       0.00000000       3.47271953E-06   4.79814480E-06   3.47271771E-06   2.75261527E-06   4.55693271E-06   2.75262414E-06
 Kinematics :           46  theta, phi =    99.0000000       0.00000000      is bad !
 Kinematics :           47  theta, phi =    99.0000000       0.00000000       3.47271953E-06   4.79814480E-06   3.47271771E-06   2.75261527E-06   4.55693271E-06   2.75262414E-06
 Kinematics :           47  theta, phi =    99.0000000       0.00000000      is bad !
 Kinematics :           48  theta, phi =    99.0000000       0.00000000       3.47271953E-06   4.79814480E-06   3.47271771E-06   2.75261527E-06   4.55693271E-06   2.75262414E-06
 Kinematics :           48  theta, phi =    99.0000000       0.00000000      is bad !
 Kinematics :           49  theta, phi =    99.0000000       0.00000000       3.47271953E-06   4.79814480E-06   3.47271771E-06   2.75261527E-06   4.55693271E-06   2.75262414E-06
 Kinematics :           49  theta, phi =    99.0000000       0.00000000      is bad !
 Kinematics :           50  theta, phi =    99.0000000       0.00000000       3.47271953E-06   4.79814480E-06   3.47271771E-06   2.75261527E-06   4.55693271E-06   2.75262414E-06
 Kinematics :           50  theta, phi =    99.0000000       0.00000000      is bad !
 Kinematics :           51  theta, phi =    99.0000000       0.00000000       3.47271953E-06   4.79814480E-06   3.47271771E-06   2.75261527E-06   4.55693271E-06   2.75262414E-06
 Kinematics :           51  theta, phi =    99.0000000       0.00000000      is bad !
