 Kinematics :            1  theta, phi =    99.0000000       0.00000000       232.300720       232.303299       232.300720       226.710510       227.965195       226.710510    
 Kinematics :            2  theta, phi =    99.0000000       0.00000000       113.264526       110.856659       113.264526       109.559471       108.041611       109.559471    
 Kinematics :            3  theta, phi =    99.0000000       0.00000000       30.0062199       27.5159168       30.0062180       28.2483826       26.2391090       28.2483788    
 Kinematics :            4  theta, phi =    99.0000000       0.00000000       8.67964745       7.12326670       8.67964840       7.81584597       6.53086710       7.81584692    
 Kinematics :            5  theta, phi =    99.0000000       0.00000000       2.99278545       2.09143209       2.99278498       2.55299115       1.81393218       2.55299091    
 Kinematics :            6  theta, phi =    99.0000000       0.00000000       1.19034624      0.669601023       1.19034648      0.965351522      0.544199944      0.965352178    
 Kinematics :            7  theta, phi =    99.0000000       0.00000000      0.527052760      0.223286644      0.527052820      0.408465028      0.167384014      0.408465177    
 Kinematics :            8  theta, phi =    99.0000000       0.00000000      0.253222466       7.44299740E-02  0.253222466      0.190563828       5.13908230E-02  0.190564200    
 Kinematics :            9  theta, phi =    99.0000000       0.00000000      0.129716247       2.38930751E-02  0.129716247       9.74930301E-02   1.62915178E-02   9.74931419E-02
 Kinematics :           10  theta, phi =    99.0000000       0.00000000       6.99868798E-02   7.25047523E-03   6.99868649E-02   5.23770116E-02   5.66646038E-03   5.23770861E-02
 Kinematics :           11  theta, phi =    99.0000000       0.00000000       3.94194610E-02   2.31124158E-03   3.94194610E-02   3.00224666E-02   3.05607799E-03   3.00224889E-02
 Kinematics :           12  theta, phi =    99.0000000       0.00000000       2.30130348E-02   1.20765145E-03   2.30130348E-02   1.78465340E-02   2.66851392E-03   1.78465843E-02
 Kinematics :           13  theta, phi =    99.0000000       0.00000000       1.38422642E-02   1.17181672E-03   1.38422651E-02   1.02998484E-02   2.62464862E-03   1.02998912E-02
 Kinematics :           14  theta, phi =    99.0000000       0.00000000       8.53238720E-03   1.29293918E-03   8.53238720E-03   6.34724600E-03   2.51445384E-03   6.34728046E-03
 Kinematics :           15  theta, phi =    99.0000000       0.00000000       5.36424993E-03   1.32639986E-03   5.36424993E-03   4.09279484E-03   2.18120683E-03   4.09280183E-03
 Kinematics :           16  theta, phi =    99.0000000       0.00000000       3.42362095E-03   1.24962279E-03   3.42362071E-03   2.68319319E-03   1.82129617E-03   2.68320297E-03
 Kinematics :           17  theta, phi =    99.0000000       0.00000000       2.20934325E-03   1.09960244E-03   2.20934348E-03   1.76592974E-03   1.45124667E-03   1.76593650E-03
 Kinematics :           18  theta, phi =    99.0000000       0.00000000       1.43617333E-03   9.17918864E-04   1.43617310E-03   1.15874840E-03   1.11417635E-03   1.15875283E-03
 Kinematics :           19  theta, phi =    99.0000000       0.00000000       9.37117497E-04   7.34672823E-04   9.37117497E-04   7.56660942E-04   8.31263431E-04   7.56663096E-04
 Kinematics :           20  theta, phi =    99.0000000       0.00000000       6.11819443E-04   5.67742623E-04   6.11819385E-04   4.91066196E-04   6.04542030E-04   4.91070037E-04
 Kinematics :           21  theta, phi =    99.0000000       0.00000000       3.98321543E-04   4.25344595E-04   3.98321514E-04   3.16032820E-04   4.30509215E-04   3.16034682E-04
 Kinematics :           22  theta, phi =    99.0000000       0.00000000       2.57727952E-04   3.09589581E-04   2.57727952E-04   2.00952491E-04   2.99618667E-04   2.00952520E-04
 Kinematics :           23  theta, phi =    99.0000000       0.00000000       1.65366029E-04   2.19330701E-04   1.65366015E-04   1.26611252E-04   2.04443539E-04   1.26611063E-04
 Kinematics :           24  theta, phi =    99.0000000       0.00000000       1.04697756E-04   1.50970707E-04   1.04697741E-04   7.83422074E-05   1.36713468E-04   7.83418800E-05
 Kinematics :           25  theta, phi =    99.0000000       0.00000000       6.51435766E-05   1.00782025E-04   6.51435766E-05   4.76389978E-05   8.88395662E-05   4.76387286E-05
 Kinematics :           26  theta, phi =    99.0000000       0.00000000       3.95712341E-05   6.49343128E-05   3.95712414E-05   2.83412191E-05   5.61088709E-05   2.83412191E-05
 Kinematics :           27  theta, phi =    99.0000000       0.00000000       2.32963284E-05   4.01188627E-05   2.32963284E-05   1.64233024E-05   3.41832310E-05   1.64232006E-05
 Kinematics :           28  theta, phi =    99.0000000       0.00000000       1.30838825E-05   2.34269191E-05   1.30838816E-05   9.11775714E-06   1.97845075E-05   9.11769530E-06
 Kinematics :           29  theta, phi =    99.0000000       0.00000000       6.84773840E-06   1.26267196E-05   6.84773886E-06   4.74914668E-06   1.06296384E-05   4.74917306E-06
 Kinematics :           30  theta, phi =    99.0000000       0.00000000       3.15356533E-06   5.93400227E-06   3.15356601E-06   2.19415551E-06   4.98599002E-06   2.19418621E-06
 Kinematics :           31  theta, phi =    99.0000000       0.00000000       1.06432992E-06   2.02414503E-06   1.06432992E-06   7.48007039E-07   1.71095314E-06   7.48015566E-07
 Kinematics :           32  theta, phi =    99.0000000       0.00000000       1.06432992E-06   2.02414503E-06   1.06432992E-06   7.48007039E-07   1.71095314E-06   7.48015566E-07
 Kinematics :           32  theta, phi =    99.0000000       0.00000000      is bad !
 Kinematics :           33  theta, phi =    99.0000000       0.00000000       1.06432992E-06   2.02414503E-06   1.06432992E-06   7.48007039E-07   1.71095314E-06   7.48015566E-07
 Kinematics :           33  theta, phi =    99.0000000       0.00000000      is bad !
 Kinematics :           34  theta, phi =    99.0000000       0.00000000       1.06432992E-06   2.02414503E-06   1.06432992E-06   7.48007039E-07   1.71095314E-06   7.48015566E-07
 Kinematics :           34  theta, phi =    99.0000000       0.00000000      is bad !
 Kinematics :           35  theta, phi =    99.0000000       0.00000000       1.06432992E-06   2.02414503E-06   1.06432992E-06   7.48007039E-07   1.71095314E-06   7.48015566E-07
 Kinematics :           35  theta, phi =    99.0000000       0.00000000      is bad !
 Kinematics :           36  theta, phi =    99.0000000       0.00000000       1.06432992E-06   2.02414503E-06   1.06432992E-06   7.48007039E-07   1.71095314E-06   7.48015566E-07
 Kinematics :           36  theta, phi =    99.0000000       0.00000000      is bad !
 Kinematics :           37  theta, phi =    99.0000000       0.00000000       1.06432992E-06   2.02414503E-06   1.06432992E-06   7.48007039E-07   1.71095314E-06   7.48015566E-07
 Kinematics :           37  theta, phi =    99.0000000       0.00000000      is bad !
 Kinematics :           38  theta, phi =    99.0000000       0.00000000       1.06432992E-06   2.02414503E-06   1.06432992E-06   7.48007039E-07   1.71095314E-06   7.48015566E-07
 Kinematics :           38  theta, phi =    99.0000000       0.00000000      is bad !
 Kinematics :           39  theta, phi =    99.0000000       0.00000000       1.06432992E-06   2.02414503E-06   1.06432992E-06   7.48007039E-07   1.71095314E-06   7.48015566E-07
 Kinematics :           39  theta, phi =    99.0000000       0.00000000      is bad !
 Kinematics :           40  theta, phi =    99.0000000       0.00000000       1.06432992E-06   2.02414503E-06   1.06432992E-06   7.48007039E-07   1.71095314E-06   7.48015566E-07
 Kinematics :           40  theta, phi =    99.0000000       0.00000000      is bad !
 Kinematics :           41  theta, phi =    99.0000000       0.00000000       1.06432992E-06   2.02414503E-06   1.06432992E-06   7.48007039E-07   1.71095314E-06   7.48015566E-07
 Kinematics :           41  theta, phi =    99.0000000       0.00000000      is bad !
 Kinematics :           42  theta, phi =    99.0000000       0.00000000       1.06432992E-06   2.02414503E-06   1.06432992E-06   7.48007039E-07   1.71095314E-06   7.48015566E-07
 Kinematics :           42  theta, phi =    99.0000000       0.00000000      is bad !
 Kinematics :           43  theta, phi =    99.0000000       0.00000000       1.06432992E-06   2.02414503E-06   1.06432992E-06   7.48007039E-07   1.71095314E-06   7.48015566E-07
 Kinematics :           43  theta, phi =    99.0000000       0.00000000      is bad !
 Kinematics :           44  theta, phi =    99.0000000       0.00000000       1.06432992E-06   2.02414503E-06   1.06432992E-06   7.48007039E-07   1.71095314E-06   7.48015566E-07
 Kinematics :           44  theta, phi =    99.0000000       0.00000000      is bad !
 Kinematics :           45  theta, phi =    99.0000000       0.00000000       1.06432992E-06   2.02414503E-06   1.06432992E-06   7.48007039E-07   1.71095314E-06   7.48015566E-07
 Kinematics :           45  theta, phi =    99.0000000       0.00000000      is bad !
 Kinematics :           46  theta, phi =    99.0000000       0.00000000       1.06432992E-06   2.02414503E-06   1.06432992E-06   7.48007039E-07   1.71095314E-06   7.48015566E-07
 Kinematics :           46  theta, phi =    99.0000000       0.00000000      is bad !
 Kinematics :           47  theta, phi =    99.0000000       0.00000000       1.06432992E-06   2.02414503E-06   1.06432992E-06   7.48007039E-07   1.71095314E-06   7.48015566E-07
 Kinematics :           47  theta, phi =    99.0000000       0.00000000      is bad !
 Kinematics :           48  theta, phi =    99.0000000       0.00000000       1.06432992E-06   2.02414503E-06   1.06432992E-06   7.48007039E-07   1.71095314E-06   7.48015566E-07
 Kinematics :           48  theta, phi =    99.0000000       0.00000000      is bad !
 Kinematics :           49  theta, phi =    99.0000000       0.00000000       1.06432992E-06   2.02414503E-06   1.06432992E-06   7.48007039E-07   1.71095314E-06   7.48015566E-07
 Kinematics :           49  theta, phi =    99.0000000       0.00000000      is bad !
 Kinematics :           50  theta, phi =    99.0000000       0.00000000       1.06432992E-06   2.02414503E-06   1.06432992E-06   7.48007039E-07   1.71095314E-06   7.48015566E-07
 Kinematics :           50  theta, phi =    99.0000000       0.00000000      is bad !
 Kinematics :           51  theta, phi =    99.0000000       0.00000000       1.06432992E-06   2.02414503E-06   1.06432992E-06   7.48007039E-07   1.71095314E-06   7.48015566E-07
 Kinematics :           51  theta, phi =    99.0000000       0.00000000      is bad !
