 Kinematics :            1  theta, phi =    99.0000000       0.00000000       343.178589       343.182465       343.178589       335.076294       336.929657       335.076294    
 Kinematics :            2  theta, phi =    99.0000000       0.00000000       167.630356       164.066681       167.630356       162.205368       159.959183       162.205368    
 Kinematics :            3  theta, phi =    99.0000000       0.00000000       44.4908409       40.7984238       44.4908447       41.8525925       38.8794975       41.8525925    
 Kinematics :            4  theta, phi =    99.0000000       0.00000000       12.8938093       10.5817709       12.8938084       11.5936947       9.68221664       11.5936956    
 Kinematics :            5  theta, phi =    99.0000000       0.00000000       4.45448256       3.11290216       4.45448256       3.79659462       2.69665122       3.79659605    
 Kinematics :            6  theta, phi =    99.0000000       0.00000000       1.77528298      0.998643339       1.77528274       1.43423164      0.806638658       1.43423223    
 Kinematics :            7  theta, phi =    99.0000000       0.00000000      0.787699878      0.333710074      0.787699878      0.609076619      0.248307660      0.609077215    
 Kinematics :            8  theta, phi =    99.0000000       0.00000000      0.379283845      0.111483335      0.379283845      0.286573142       7.73685649E-02  0.286573321    
 Kinematics :            9  theta, phi =    99.0000000       0.00000000      0.194745541       3.58711444E-02  0.194745570      0.144928619       2.34310422E-02  0.144928664    
 Kinematics :           10  theta, phi =    99.0000000       0.00000000      0.105332777       1.09122256E-02  0.105332792       7.91347623E-02   8.43540858E-03   7.91349262E-02
 Kinematics :           11  theta, phi =    99.0000000       0.00000000       5.94847053E-02   3.48770665E-03   5.94847016E-02   4.55036126E-02   4.64052893E-03   4.55036722E-02
 Kinematics :           12  theta, phi =    99.0000000       0.00000000       3.48262340E-02   1.82757131E-03   3.48262377E-02   2.74517238E-02   4.00632480E-03   2.74517778E-02
 Kinematics :           13  theta, phi =    99.0000000       0.00000000       2.10125707E-02   1.77881948E-03   2.10125707E-02   1.61842685E-02   3.93330352E-03   1.61842816E-02
 Kinematics :           14  theta, phi =    99.0000000       0.00000000       1.29958596E-02   1.96930347E-03   1.29958577E-02   9.86113120E-03   3.78060108E-03   9.86115262E-03
 Kinematics :           15  theta, phi =    99.0000000       0.00000000       8.20058398E-03   2.02773022E-03   8.20058398E-03   6.26022136E-03   3.30899376E-03   6.26024511E-03
 Kinematics :           16  theta, phi =    99.0000000       0.00000000       5.25521906E-03   1.91815663E-03   5.25521906E-03   4.11773985E-03   2.77668564E-03   4.11776174E-03
 Kinematics :           17  theta, phi =    99.0000000       0.00000000       3.40670208E-03   1.69553445E-03   3.40670277E-03   2.71989265E-03   2.22279574E-03   2.71989289E-03
 Kinematics :           18  theta, phi =    99.0000000       0.00000000       2.22579017E-03   1.42259628E-03   2.22579017E-03   1.79336697E-03   1.71593798E-03   1.79336558E-03
 Kinematics :           19  theta, phi =    99.0000000       0.00000000       1.46069622E-03   1.14514341E-03   1.46069622E-03   1.17700768E-03   1.28771143E-03   1.17701141E-03
 Kinematics :           20  theta, phi =    99.0000000       0.00000000       9.59915575E-04   8.90761148E-04   9.59915633E-04   7.68985366E-04   9.42394079E-04   7.68989325E-04
 Kinematics :           21  theta, phi =    99.0000000       0.00000000       6.29678776E-04   6.72397495E-04   6.29678776E-04   4.98085108E-04   6.76432974E-04   4.98085225E-04
 Kinematics :           22  theta, phi =    99.0000000       0.00000000       4.11034911E-04   4.93746018E-04   4.11034911E-04   3.19756044E-04   4.74861154E-04   3.19755927E-04
 Kinematics :           23  theta, phi =    99.0000000       0.00000000       2.66510906E-04   3.53482668E-04   2.66510906E-04   2.03240750E-04   3.27552931E-04   2.03241027E-04
 Kinematics :           24  theta, phi =    99.0000000       0.00000000       1.70889412E-04   2.46416894E-04   1.70889412E-04   1.27595646E-04   2.21301772E-04   1.27595617E-04
 Kinematics :           25  theta, phi =    99.0000000       0.00000000       1.08015942E-04   1.67108767E-04   1.08015920E-04   7.88647158E-05   1.46468839E-04   7.88653342E-05
 Kinematics :           26  theta, phi =    99.0000000       0.00000000       6.69513174E-05   1.09863562E-04   6.69513174E-05   4.79073824E-05   9.43526975E-05   4.79072623E-05
 Kinematics :           27  theta, phi =    99.0000000       0.00000000       4.04943275E-05   6.97357173E-05   4.04943312E-05   2.84894977E-05   5.90514028E-05   2.84894486E-05
 Kinematics :           28  theta, phi =    99.0000000       0.00000000       2.36333035E-05   4.23158417E-05   2.36333035E-05   1.64386711E-05   3.55051197E-05   1.64386256E-05
 Kinematics :           29  theta, phi =    99.0000000       0.00000000       1.31327561E-05   2.42158258E-05   1.31327561E-05   9.08970105E-06   2.02252540E-05   9.08962011E-06
 Kinematics :           30  theta, phi =    99.0000000       0.00000000       6.74496459E-06   1.26918649E-05   6.74496459E-06   4.68451208E-06   1.05652161E-05   4.68452208E-06
 Kinematics :           31  theta, phi =    99.0000000       0.00000000       2.98834129E-06   5.68323367E-06   2.98834175E-06   2.09053201E-06   4.76216201E-06   2.09051950E-06
 Kinematics :           32  theta, phi =    99.0000000       0.00000000       8.92714866E-07   1.69775615E-06   8.92714866E-07   6.32392187E-07   1.45026252E-06   6.32392869E-07
 Kinematics :           33  theta, phi =    99.0000000       0.00000000       8.92714866E-07   1.69775615E-06   8.92714866E-07   6.32392187E-07   1.45026252E-06   6.32392869E-07
 Kinematics :           33  theta, phi =    99.0000000       0.00000000      is bad !
 Kinematics :           34  theta, phi =    99.0000000       0.00000000       8.92714866E-07   1.69775615E-06   8.92714866E-07   6.32392187E-07   1.45026252E-06   6.32392869E-07
 Kinematics :           34  theta, phi =    99.0000000       0.00000000      is bad !
 Kinematics :           35  theta, phi =    99.0000000       0.00000000       8.92714866E-07   1.69775615E-06   8.92714866E-07   6.32392187E-07   1.45026252E-06   6.32392869E-07
 Kinematics :           35  theta, phi =    99.0000000       0.00000000      is bad !
 Kinematics :           36  theta, phi =    99.0000000       0.00000000       8.92714866E-07   1.69775615E-06   8.92714866E-07   6.32392187E-07   1.45026252E-06   6.32392869E-07
 Kinematics :           36  theta, phi =    99.0000000       0.00000000      is bad !
 Kinematics :           37  theta, phi =    99.0000000       0.00000000       8.92714866E-07   1.69775615E-06   8.92714866E-07   6.32392187E-07   1.45026252E-06   6.32392869E-07
 Kinematics :           37  theta, phi =    99.0000000       0.00000000      is bad !
 Kinematics :           38  theta, phi =    99.0000000       0.00000000       8.92714866E-07   1.69775615E-06   8.92714866E-07   6.32392187E-07   1.45026252E-06   6.32392869E-07
 Kinematics :           38  theta, phi =    99.0000000       0.00000000      is bad !
 Kinematics :           39  theta, phi =    99.0000000       0.00000000       8.92714866E-07   1.69775615E-06   8.92714866E-07   6.32392187E-07   1.45026252E-06   6.32392869E-07
 Kinematics :           39  theta, phi =    99.0000000       0.00000000      is bad !
 Kinematics :           40  theta, phi =    99.0000000       0.00000000       8.92714866E-07   1.69775615E-06   8.92714866E-07   6.32392187E-07   1.45026252E-06   6.32392869E-07
 Kinematics :           40  theta, phi =    99.0000000       0.00000000      is bad !
 Kinematics :           41  theta, phi =    99.0000000       0.00000000       8.92714866E-07   1.69775615E-06   8.92714866E-07   6.32392187E-07   1.45026252E-06   6.32392869E-07
 Kinematics :           41  theta, phi =    99.0000000       0.00000000      is bad !
 Kinematics :           42  theta, phi =    99.0000000       0.00000000       8.92714866E-07   1.69775615E-06   8.92714866E-07   6.32392187E-07   1.45026252E-06   6.32392869E-07
 Kinematics :           42  theta, phi =    99.0000000       0.00000000      is bad !
 Kinematics :           43  theta, phi =    99.0000000       0.00000000       8.92714866E-07   1.69775615E-06   8.92714866E-07   6.32392187E-07   1.45026252E-06   6.32392869E-07
 Kinematics :           43  theta, phi =    99.0000000       0.00000000      is bad !
 Kinematics :           44  theta, phi =    99.0000000       0.00000000       8.92714866E-07   1.69775615E-06   8.92714866E-07   6.32392187E-07   1.45026252E-06   6.32392869E-07
 Kinematics :           44  theta, phi =    99.0000000       0.00000000      is bad !
 Kinematics :           45  theta, phi =    99.0000000       0.00000000       8.92714866E-07   1.69775615E-06   8.92714866E-07   6.32392187E-07   1.45026252E-06   6.32392869E-07
 Kinematics :           45  theta, phi =    99.0000000       0.00000000      is bad !
 Kinematics :           46  theta, phi =    99.0000000       0.00000000       8.92714866E-07   1.69775615E-06   8.92714866E-07   6.32392187E-07   1.45026252E-06   6.32392869E-07
 Kinematics :           46  theta, phi =    99.0000000       0.00000000      is bad !
 Kinematics :           47  theta, phi =    99.0000000       0.00000000       8.92714866E-07   1.69775615E-06   8.92714866E-07   6.32392187E-07   1.45026252E-06   6.32392869E-07
 Kinematics :           47  theta, phi =    99.0000000       0.00000000      is bad !
 Kinematics :           48  theta, phi =    99.0000000       0.00000000       8.92714866E-07   1.69775615E-06   8.92714866E-07   6.32392187E-07   1.45026252E-06   6.32392869E-07
 Kinematics :           48  theta, phi =    99.0000000       0.00000000      is bad !
 Kinematics :           49  theta, phi =    99.0000000       0.00000000       8.92714866E-07   1.69775615E-06   8.92714866E-07   6.32392187E-07   1.45026252E-06   6.32392869E-07
 Kinematics :           49  theta, phi =    99.0000000       0.00000000      is bad !
 Kinematics :           50  theta, phi =    99.0000000       0.00000000       8.92714866E-07   1.69775615E-06   8.92714866E-07   6.32392187E-07   1.45026252E-06   6.32392869E-07
 Kinematics :           50  theta, phi =    99.0000000       0.00000000      is bad !
 Kinematics :           51  theta, phi =    99.0000000       0.00000000       8.92714866E-07   1.69775615E-06   8.92714866E-07   6.32392187E-07   1.45026252E-06   6.32392869E-07
 Kinematics :           51  theta, phi =    99.0000000       0.00000000      is bad !
