 Kinematics :            1  theta, phi =    90.0000000       0.00000000       34068.9766       34069.3633       34068.9766       33223.0703       33426.3828       33223.0703    
 Kinematics :            2  theta, phi =    90.0000000       0.00000000       17105.1074       16712.8828       17105.1074       16510.1836       16267.8906       16510.1836    
 Kinematics :            3  theta, phi =    90.0000000       0.00000000       4669.25830       4251.95361       4669.25830       4361.36133       4028.53613       4361.36133    
 Kinematics :            4  theta, phi =    90.0000000       0.00000000       1392.59949       1124.37244       1392.59949       1237.42383       1018.84253       1237.42419    
 Kinematics :            5  theta, phi =    90.0000000       0.00000000       495.363251       335.622040       495.363251       411.889282       283.464722       411.889465    
 Kinematics :            6  theta, phi =    90.0000000       0.00000000       203.342697       108.433891       203.342712       157.334091       82.8921890       157.334244    
 Kinematics :            7  theta, phi =    90.0000000       0.00000000       92.9490204       36.0002975       92.9490280       67.2799835       24.1813488       67.2800751    
 Kinematics :            8  theta, phi =    90.0000000       0.00000000       46.1110115       11.6170530       46.1110115       32.6953011       7.03296518       32.6953545    
 Kinematics :            9  theta, phi =    90.0000000       0.00000000       24.3930454       3.36933708       24.3930492       17.9729786       2.36819983       17.9730072    
 Kinematics :           10  theta, phi =    90.0000000       0.00000000       13.5927830      0.746891201       13.5927830       10.7038984       1.19389844       10.7039366    
 Kinematics :           11  theta, phi =    90.0000000       0.00000000       7.90889215       6.87408820E-02   7.90889120       6.72724533      0.955184698       6.72729540    
 Kinematics :           12  theta, phi =    90.0000000       0.00000000       4.77170706       1.13002099E-02   4.77170801       4.33910847      0.875608623       4.33902311    
 Kinematics :           13  theta, phi =    90.0000000       0.00000000       2.96841478      0.105225362       2.96841455       2.84092641      0.812529266       2.84094286    
 Kinematics :           14  theta, phi =    90.0000000       0.00000000       1.89460611      0.197753400       1.89460611       1.87559152      0.717996836       1.87559748    
 Kinematics :           15  theta, phi =    90.0000000       0.00000000       1.23548579      0.251394868       1.23548567       1.19241476      0.612539470       1.19244623    
 Kinematics :           16  theta, phi =    90.0000000       0.00000000      0.819789112      0.267244518      0.819789112      0.775202215      0.500107169      0.775204897    
 Kinematics :           17  theta, phi =    90.0000000       0.00000000      0.551687300      0.256537318      0.551687300      0.517621696      0.397988409      0.517624199    
 Kinematics :           18  theta, phi =    90.0000000       0.00000000      0.375412226      0.230588481      0.375412226      0.339779705      0.317274421      0.339782685    
 Kinematics :           19  theta, phi =    90.0000000       0.00000000      0.257634252      0.197908729      0.257634252      0.226239294      0.245729759      0.226241395    
 Kinematics :           20  theta, phi =    90.0000000       0.00000000      0.177873626      0.164051428      0.177873626      0.151390269      0.192350507      0.151389107    
 Kinematics :           21  theta, phi =    90.0000000       0.00000000      0.123374470      0.132423818      0.123374470      0.102514707      0.146167472      0.102515265    
 Kinematics :           22  theta, phi =    90.0000000       0.00000000       8.57442766E-02  0.104464874       8.57442766E-02   6.92408234E-02  0.110292792       6.92410469E-02
 Kinematics :           23  theta, phi =    90.0000000       0.00000000       5.97148538E-02   8.09256360E-02   5.97148538E-02   4.73333374E-02   8.13258961E-02   4.73332740E-02
 Kinematics :           24  theta, phi =    90.0000000       0.00000000       4.15609330E-02   6.16190098E-02   4.15609330E-02   3.20698954E-02   5.90255074E-02   3.20710577E-02
 Kinematics :           25  theta, phi =    90.0000000       0.00000000       2.89018322E-02   4.62162569E-02   2.89018359E-02   2.17431989E-02   4.22922187E-02   2.17431653E-02
 Kinematics :           26  theta, phi =    90.0000000       0.00000000       2.00508609E-02   3.41594927E-02   2.00508609E-02   1.47374999E-02   3.00403070E-02   1.47374338E-02
 Kinematics :           27  theta, phi =    90.0000000       0.00000000       1.38866268E-02   2.49192305E-02   1.38866268E-02   1.00333700E-02   2.10319385E-02   1.00333206E-02
 Kinematics :           28  theta, phi =    90.0000000       0.00000000       9.57682822E-03   1.79215372E-02   9.57682822E-03   6.84761256E-03   1.47555405E-02   6.84773875E-03
 Kinematics :           29  theta, phi =    90.0000000       0.00000000       6.58757426E-03   1.27241574E-02   6.58757426E-03   4.65994468E-03   1.03642438E-02   4.65989765E-03
 Kinematics :           30  theta, phi =    90.0000000       0.00000000       4.51323437E-03   8.91012978E-03   4.51323483E-03   3.17166746E-03   7.18836999E-03   3.17164045E-03
 Kinematics :           31  theta, phi =    90.0000000       0.00000000       3.07757547E-03   6.14591641E-03   3.07757547E-03   2.15867790E-03   4.93501965E-03   2.15864414E-03
 Kinematics :           32  theta, phi =    90.0000000       0.00000000       2.09072256E-03   4.17514239E-03   2.09072256E-03   1.47053972E-03   3.34900478E-03   1.47052831E-03
 Kinematics :           33  theta, phi =    90.0000000       0.00000000       1.41472137E-03   2.78908270E-03   1.41472125E-03   1.00067304E-03   2.24218774E-03   1.00066618E-03
 Kinematics :           34  theta, phi =    90.0000000       0.00000000       9.54930321E-04   1.83294551E-03   9.54930380E-04   6.81906648E-04   1.48308277E-03   6.81901118E-04
 Kinematics :           35  theta, phi =    90.0000000       0.00000000       6.42627594E-04   1.18103111E-03   6.42627594E-04   4.62768454E-04   9.69109125E-04   4.62758151E-04
 Kinematics :           36  theta, phi =    90.0000000       0.00000000       4.31616238E-04   7.45312078E-04   4.31616238E-04   3.13887664E-04   6.22397813E-04   3.13885976E-04
 Kinematics :           37  theta, phi =    90.0000000       0.00000000       2.87552219E-04   4.54924331E-04   2.87552219E-04   2.10439481E-04   3.87882261E-04   2.10433456E-04
 Kinematics :           38  theta, phi =    90.0000000       0.00000000       1.91294690E-04   2.70892982E-04   1.91294690E-04   1.40991659E-04   2.35990869E-04   1.40990887E-04
 Kinematics :           39  theta, phi =    90.0000000       0.00000000       1.26424158E-04   1.54834328E-04   1.26424158E-04   9.35205899E-05   1.38483549E-04   9.35204298E-05
 Kinematics :           40  theta, phi =    90.0000000       0.00000000       8.23567680E-05   8.51677469E-05   8.23567680E-05   6.10621792E-05   7.86158271E-05   6.10615753E-05
 Kinematics :           41  theta, phi =    90.0000000       0.00000000       5.25025353E-05   4.33342466E-05   5.25025243E-05   3.89098786E-05   4.15145769E-05   3.89105480E-05
 Kinematics :           42  theta, phi =    90.0000000       0.00000000       3.22486849E-05   2.05531451E-05   3.22486849E-05   2.38645080E-05   2.06300138E-05   2.38644407E-05
 Kinematics :           43  theta, phi =    90.0000000       0.00000000       1.84616383E-05   8.47704996E-06   1.84616420E-05   1.36144645E-05   9.04109311E-06   1.36147264E-05
 Kinematics :           44  theta, phi =    90.0000000       0.00000000       8.98747930E-06   2.78366861E-06   8.98747385E-06   6.59485613E-06   3.21912103E-06   6.59504167E-06
 Kinematics :           45  theta, phi =    90.0000000       0.00000000       2.60421211E-06   4.73135600E-07   2.60421189E-06   1.89989396E-06   6.21079892E-07   1.89981233E-06
 Kinematics :           46  theta, phi =    90.0000000       0.00000000       2.60421211E-06   4.73135600E-07   2.60421189E-06   1.89989396E-06   6.21079892E-07   1.89981233E-06
 Kinematics :           46  theta, phi =    90.0000000       0.00000000      is bad !
 Kinematics :           47  theta, phi =    90.0000000       0.00000000       2.60421211E-06   4.73135600E-07   2.60421189E-06   1.89989396E-06   6.21079892E-07   1.89981233E-06
 Kinematics :           47  theta, phi =    90.0000000       0.00000000      is bad !
 Kinematics :           48  theta, phi =    90.0000000       0.00000000       2.60421211E-06   4.73135600E-07   2.60421189E-06   1.89989396E-06   6.21079892E-07   1.89981233E-06
 Kinematics :           48  theta, phi =    90.0000000       0.00000000      is bad !
 Kinematics :           49  theta, phi =    90.0000000       0.00000000       2.60421211E-06   4.73135600E-07   2.60421189E-06   1.89989396E-06   6.21079892E-07   1.89981233E-06
 Kinematics :           49  theta, phi =    90.0000000       0.00000000      is bad !
 Kinematics :           50  theta, phi =    90.0000000       0.00000000       2.60421211E-06   4.73135600E-07   2.60421189E-06   1.89989396E-06   6.21079892E-07   1.89981233E-06
 Kinematics :           50  theta, phi =    90.0000000       0.00000000      is bad !
 Kinematics :           51  theta, phi =    90.0000000       0.00000000       2.60421211E-06   4.73135600E-07   2.60421189E-06   1.89989396E-06   6.21079892E-07   1.89981233E-06
 Kinematics :           51  theta, phi =    90.0000000       0.00000000      is bad !
