 Kinematics :            1  theta, phi =    99.0000000       0.00000000       70332.7734       70333.5547       70332.7734       68579.8906       69016.3594       68579.8906    
 Kinematics :            2  theta, phi =    99.0000000       0.00000000       35052.0781       34306.9141       35052.0781       33765.9531       33347.8516       33765.9570    
 Kinematics :            3  theta, phi =    99.0000000       0.00000000       9485.97656       8698.70801       9485.97656       8903.95996       8282.22949       8903.96094    
 Kinematics :            4  theta, phi =    99.0000000       0.00000000       2801.80542       2299.40259       2801.80518       2518.45508       2107.81812       2518.45483    
 Kinematics :            5  theta, phi =    99.0000000       0.00000000       986.177002       689.165039       986.177002       844.810974       600.712585       844.811218    
 Kinematics :            6  theta, phi =    99.0000000       0.00000000       400.360229       225.213104       400.360229       329.746277       185.351151       329.746399    
 Kinematics :            7  theta, phi =    99.0000000       0.00000000       180.951523       76.6603546       180.951523       145.777115       59.5361404       145.777206    
 Kinematics :            8  theta, phi =    99.0000000       0.00000000       88.7667618       26.0913162       88.7667618       71.9788132       19.5787029       71.9789734    
 Kinematics :            9  theta, phi =    99.0000000       0.00000000       46.4491196       8.55569172       46.4491196       38.5774040       6.62699080       38.5775681    
 Kinematics :           10  theta, phi =    99.0000000       0.00000000       25.6161747       2.65377498       25.6161747       22.0030403       2.54108739       22.0030727    
 Kinematics :           11  theta, phi =    99.0000000       0.00000000       14.7603416      0.865428150       14.7603416       13.1530962       1.33951187       13.1531382    
 Kinematics :           12  theta, phi =    99.0000000       0.00000000       8.82514954      0.463115931       8.82514954       8.04397488      0.990471005       8.04375648    
 Kinematics :           13  theta, phi =    99.0000000       0.00000000       5.44377279      0.460842699       5.44377279       4.93769836      0.874505877       4.93771744    
 Kinematics :           14  theta, phi =    99.0000000       0.00000000       3.44678640      0.522302330       3.44678640       3.14163351      0.810788274       3.14165378    
 Kinematics :           15  theta, phi =    99.0000000       0.00000000       2.23020220      0.551454365       2.23020220       2.00784326      0.725129068       2.00785232    
 Kinematics :           16  theta, phi =    99.0000000       0.00000000       1.46829581      0.535928428       1.46829581       1.30622959      0.630196750       1.30623627    
 Kinematics :           17  theta, phi =    99.0000000       0.00000000      0.980106652      0.487804413      0.980106711      0.860524893      0.522551358      0.860525966    
 Kinematics :           18  theta, phi =    99.0000000       0.00000000      0.661172032      0.422583014      0.661172032      0.572974265      0.426521122      0.572975576    
 Kinematics :           19  theta, phi =    99.0000000       0.00000000      0.449454755      0.352359474      0.449454814      0.381622881      0.340367794      0.381624073    
 Kinematics :           20  theta, phi =    99.0000000       0.00000000      0.307132751      0.285006255      0.307132751      0.256136805      0.269397587      0.256138206    
 Kinematics :           21  theta, phi =    99.0000000       0.00000000      0.210476339      0.224755466      0.210476339      0.171465859      0.203706503      0.171465948    
 Kinematics :           22  theta, phi =    99.0000000       0.00000000      0.144347042      0.173393518      0.144347042      0.116047159      0.151072726      0.116048068    
 Kinematics :           23  theta, phi =    99.0000000       0.00000000       9.90179032E-02  0.131330892       9.90179032E-02   7.87508041E-02  0.112307683       7.87516311E-02
 Kinematics :           24  theta, phi =    99.0000000       0.00000000       6.77583590E-02   9.77053270E-02   6.77583590E-02   5.24038039E-02   8.15978572E-02   5.24039231E-02
 Kinematics :           25  theta, phi =    99.0000000       0.00000000       4.62167300E-02   7.15007633E-02   4.62167338E-02   3.53143401E-02   5.92544451E-02   3.53142694E-02
 Kinematics :           26  theta, phi =    99.0000000       0.00000000       3.13640758E-02   5.14667965E-02   3.13640758E-02   2.37490423E-02   4.24749777E-02   2.37493645E-02
 Kinematics :           27  theta, phi =    99.0000000       0.00000000       2.11800635E-02   3.64744142E-02   2.11800635E-02   1.59382932E-02   3.01082246E-02   1.59382783E-02
 Kinematics :           28  theta, phi =    99.0000000       0.00000000       1.41882822E-02   2.54043657E-02   1.41882831E-02   1.06685879E-02   2.09866781E-02   1.06685953E-02
 Kinematics :           29  theta, phi =    99.0000000       0.00000000       9.43474751E-03   1.73969716E-02   9.43474751E-03   7.10930070E-03   1.44758122E-02   7.10923364E-03
 Kinematics :           30  theta, phi =    99.0000000       0.00000000       6.21380704E-03   1.16923964E-02   6.21380704E-03   4.71354881E-03   9.84111149E-03   4.71359398E-03
 Kinematics :           31  theta, phi =    99.0000000       0.00000000       4.04278841E-03   7.68858194E-03   4.04278841E-03   3.09572974E-03   6.55235816E-03   3.09570879E-03
 Kinematics :           32  theta, phi =    99.0000000       0.00000000       2.59518274E-03   4.93549183E-03   2.59518204E-03   2.00842042E-03   4.26328368E-03   2.00842321E-03
 Kinematics :           33  theta, phi =    99.0000000       0.00000000       1.63793459E-03   3.07808560E-03   1.63793506E-03   1.28024083E-03   2.69941380E-03   1.28025201E-03
 Kinematics :           34  theta, phi =    99.0000000       0.00000000       1.01294555E-03   1.85737433E-03   1.01294555E-03   8.00245733E-04   1.65495928E-03   8.00247537E-04
 Kinematics :           35  theta, phi =    99.0000000       0.00000000       6.08076400E-04   1.07064680E-03   6.08076400E-04   4.84687567E-04   9.70641675E-04   4.84691991E-04
 Kinematics :           36  theta, phi =    99.0000000       0.00000000       3.49863491E-04   5.81356580E-04   3.49863374E-04   2.80924141E-04   5.36809617E-04   2.80928100E-04
 Kinematics :           37  theta, phi =    99.0000000       0.00000000       1.86320598E-04   2.85396993E-04   1.86320598E-04   1.50252410E-04   2.68438744E-04   1.50252527E-04
 Kinematics :           38  theta, phi =    99.0000000       0.00000000       8.63248497E-05   1.19272307E-04   8.63248424E-05   6.98593576E-05   1.14775597E-04   6.98594667E-05
 Kinematics :           39  theta, phi =    99.0000000       0.00000000       2.66403076E-05   3.22306078E-05   2.66402967E-05   2.15682157E-05   3.18250786E-05   2.15684995E-05
 Kinematics :           40  theta, phi =    99.0000000       0.00000000       2.66403076E-05   3.22306078E-05   2.66402967E-05   2.15682157E-05   3.18250786E-05   2.15684995E-05
 Kinematics :           40  theta, phi =    99.0000000       0.00000000      is bad !
 Kinematics :           41  theta, phi =    99.0000000       0.00000000       2.66403076E-05   3.22306078E-05   2.66402967E-05   2.15682157E-05   3.18250786E-05   2.15684995E-05
 Kinematics :           41  theta, phi =    99.0000000       0.00000000      is bad !
 Kinematics :           42  theta, phi =    99.0000000       0.00000000       2.66403076E-05   3.22306078E-05   2.66402967E-05   2.15682157E-05   3.18250786E-05   2.15684995E-05
 Kinematics :           42  theta, phi =    99.0000000       0.00000000      is bad !
 Kinematics :           43  theta, phi =    99.0000000       0.00000000       2.66403076E-05   3.22306078E-05   2.66402967E-05   2.15682157E-05   3.18250786E-05   2.15684995E-05
 Kinematics :           43  theta, phi =    99.0000000       0.00000000      is bad !
 Kinematics :           44  theta, phi =    99.0000000       0.00000000       2.66403076E-05   3.22306078E-05   2.66402967E-05   2.15682157E-05   3.18250786E-05   2.15684995E-05
 Kinematics :           44  theta, phi =    99.0000000       0.00000000      is bad !
 Kinematics :           45  theta, phi =    99.0000000       0.00000000       2.66403076E-05   3.22306078E-05   2.66402967E-05   2.15682157E-05   3.18250786E-05   2.15684995E-05
 Kinematics :           45  theta, phi =    99.0000000       0.00000000      is bad !
 Kinematics :           46  theta, phi =    99.0000000       0.00000000       2.66403076E-05   3.22306078E-05   2.66402967E-05   2.15682157E-05   3.18250786E-05   2.15684995E-05
 Kinematics :           46  theta, phi =    99.0000000       0.00000000      is bad !
 Kinematics :           47  theta, phi =    99.0000000       0.00000000       2.66403076E-05   3.22306078E-05   2.66402967E-05   2.15682157E-05   3.18250786E-05   2.15684995E-05
 Kinematics :           47  theta, phi =    99.0000000       0.00000000      is bad !
 Kinematics :           48  theta, phi =    99.0000000       0.00000000       2.66403076E-05   3.22306078E-05   2.66402967E-05   2.15682157E-05   3.18250786E-05   2.15684995E-05
 Kinematics :           48  theta, phi =    99.0000000       0.00000000      is bad !
 Kinematics :           49  theta, phi =    99.0000000       0.00000000       2.66403076E-05   3.22306078E-05   2.66402967E-05   2.15682157E-05   3.18250786E-05   2.15684995E-05
 Kinematics :           49  theta, phi =    99.0000000       0.00000000      is bad !
 Kinematics :           50  theta, phi =    99.0000000       0.00000000       2.66403076E-05   3.22306078E-05   2.66402967E-05   2.15682157E-05   3.18250786E-05   2.15684995E-05
 Kinematics :           50  theta, phi =    99.0000000       0.00000000      is bad !
 Kinematics :           51  theta, phi =    99.0000000       0.00000000       2.66403076E-05   3.22306078E-05   2.66402967E-05   2.15682157E-05   3.18250786E-05   2.15684995E-05
 Kinematics :           51  theta, phi =    99.0000000       0.00000000      is bad !
