 Kinematics :            1  theta, phi =    99.0000000       0.00000000       518.527832       518.533630       518.527832       505.914612       508.755920       505.914612    
 Kinematics :            2  theta, phi =    99.0000000       0.00000000       253.749039       248.354614       253.749039       245.563507       242.164337       245.563538    
 Kinematics :            3  theta, phi =    99.0000000       0.00000000       67.4733353       61.8735313       67.4733353       63.4004326       58.8847618       63.4004402    
 Kinematics :            4  theta, phi =    99.0000000       0.00000000       19.5914955       16.0784702       19.5914955       17.6213951       14.7177343       17.6213951    
 Kinematics :            5  theta, phi =    99.0000000       0.00000000       6.78147030       4.73905897       6.78147078       5.82593441       4.13956738       5.82593584    
 Kinematics :            6  theta, phi =    99.0000000       0.00000000       2.70805192       1.52335048       2.70805216       2.17972589       1.22345233       2.17972708    
 Kinematics :            7  theta, phi =    99.0000000       0.00000000       1.20404756      0.510096550       1.20404756      0.914314628      0.368435353      0.914314806    
 Kinematics :            8  theta, phi =    99.0000000       0.00000000      0.581007183      0.170776069      0.581007004      0.440570742      0.118862279      0.440570891    
 Kinematics :            9  theta, phi =    99.0000000       0.00000000      0.298996300       5.50735891E-02  0.298996300      0.224855259       3.69064249E-02  0.224855095    
 Kinematics :           10  theta, phi =    99.0000000       0.00000000      0.162105709       1.67937651E-02  0.162105709      0.123146854       1.34003600E-02  0.123146951    
 Kinematics :           11  theta, phi =    99.0000000       0.00000000       9.17788073E-02   5.38117439E-03   9.17787999E-02   7.53865391E-02   9.29875486E-03   7.53867179E-02
 Kinematics :           12  theta, phi =    99.0000000       0.00000000       5.38796969E-02   2.82743620E-03   5.38796969E-02   4.22904342E-02   6.04228489E-03   4.22905982E-02
 Kinematics :           13  theta, phi =    99.0000000       0.00000000       3.26040462E-02   2.76009599E-03   3.26040499E-02   2.58305911E-02   6.02171058E-03   2.58307494E-02
 Kinematics :           14  theta, phi =    99.0000000       0.00000000       2.02290397E-02   3.06536956E-03   2.02290397E-02   1.59061141E-02   5.68737090E-03   1.59061588E-02
 Kinematics :           15  theta, phi =    99.0000000       0.00000000       1.28091611E-02   3.16727790E-03   1.28091592E-02   9.94941313E-03   5.00231888E-03   9.94943734E-03
 Kinematics :           16  theta, phi =    99.0000000       0.00000000       8.23980011E-03   3.00753000E-03   8.23980197E-03   6.45815209E-03   4.32073185E-03   6.45817537E-03
 Kinematics :           17  theta, phi =    99.0000000       0.00000000       5.36396960E-03   2.66967714E-03   5.36396960E-03   4.28008148E-03   3.47491936E-03   4.28010337E-03
 Kinematics :           18  theta, phi =    99.0000000       0.00000000       3.52099864E-03   2.25041877E-03   3.52099864E-03   2.83385953E-03   2.69631343E-03   2.83386931E-03
 Kinematics :           19  theta, phi =    99.0000000       0.00000000       2.32285215E-03   1.82104821E-03   2.32285168E-03   1.86916033E-03   2.03298940E-03   1.86916196E-03
 Kinematics :           20  theta, phi =    99.0000000       0.00000000       1.53557502E-03   1.42494892E-03   1.53557479E-03   1.22769200E-03   1.49827113E-03   1.22769142E-03
 Kinematics :           21  theta, phi =    99.0000000       0.00000000       1.01416197E-03   1.08296482E-03   1.01416197E-03   8.00559006E-04   1.08244573E-03   8.00557900E-04
 Kinematics :           22  theta, phi =    99.0000000       0.00000000       6.67222543E-04   8.01485265E-04   6.67222426E-04   5.18032466E-04   7.66203622E-04   5.18033688E-04
 Kinematics :           23  theta, phi =    99.0000000       0.00000000       4.36612201E-04   5.79093932E-04   4.36612201E-04   3.32283234E-04   5.33459941E-04   3.32282187E-04
 Kinematics :           24  theta, phi =    99.0000000       0.00000000       2.83038185E-04   4.08131746E-04   2.83038185E-04   2.10992235E-04   3.64453910E-04   2.10992090E-04
 Kinematics :           25  theta, phi =    99.0000000       0.00000000       1.81296142E-04   2.80478765E-04   1.81296156E-04   1.32237314E-04   2.44457333E-04   1.32237721E-04
 Kinematics :           26  theta, phi =    99.0000000       0.00000000       1.14248789E-04   1.87476209E-04   1.14248789E-04   8.16466418E-05   1.60101321E-04   8.16465981E-05
 Kinematics :           27  theta, phi =    99.0000000       0.00000000       7.05912753E-05   1.21566009E-04   7.05912753E-05   4.96200919E-05   1.02378959E-04   4.96202156E-05
 Kinematics :           28  theta, phi =    99.0000000       0.00000000       4.24018581E-05   7.59212635E-05   4.24018581E-05   2.94799011E-05   6.33416130E-05   2.94796846E-05
 Kinematics :           29  theta, phi =    99.0000000       0.00000000       2.45598512E-05   4.52865388E-05   2.45598476E-05   1.69917057E-05   3.75875097E-05   1.69918385E-05
 Kinematics :           30  theta, phi =    99.0000000       0.00000000       1.34758120E-05   2.53571652E-05   1.34758120E-05   9.36165270E-06   2.09824921E-05   9.36176548E-06
 Kinematics :           31  theta, phi =    99.0000000       0.00000000       6.76760874E-06   1.28706515E-05   6.76760919E-06   4.72735974E-06   1.07284177E-05   4.72740612E-06
 Kinematics :           32  theta, phi =    99.0000000       0.00000000       2.86314616E-06   5.44510249E-06   2.86314594E-06   2.02109823E-06   4.61100626E-06   2.02109186E-06
 Kinematics :           33  theta, phi =    99.0000000       0.00000000       7.12307497E-07   1.33860249E-06   7.12307497E-07   5.12559268E-07   1.15430930E-06   5.12561655E-07
 Kinematics :           34  theta, phi =    99.0000000       0.00000000       7.12307497E-07   1.33860249E-06   7.12307497E-07   5.12559268E-07   1.15430930E-06   5.12561655E-07
 Kinematics :           34  theta, phi =    99.0000000       0.00000000      is bad !
 Kinematics :           35  theta, phi =    99.0000000       0.00000000       7.12307497E-07   1.33860249E-06   7.12307497E-07   5.12559268E-07   1.15430930E-06   5.12561655E-07
 Kinematics :           35  theta, phi =    99.0000000       0.00000000      is bad !
 Kinematics :           36  theta, phi =    99.0000000       0.00000000       7.12307497E-07   1.33860249E-06   7.12307497E-07   5.12559268E-07   1.15430930E-06   5.12561655E-07
 Kinematics :           36  theta, phi =    99.0000000       0.00000000      is bad !
 Kinematics :           37  theta, phi =    99.0000000       0.00000000       7.12307497E-07   1.33860249E-06   7.12307497E-07   5.12559268E-07   1.15430930E-06   5.12561655E-07
 Kinematics :           37  theta, phi =    99.0000000       0.00000000      is bad !
 Kinematics :           38  theta, phi =    99.0000000       0.00000000       7.12307497E-07   1.33860249E-06   7.12307497E-07   5.12559268E-07   1.15430930E-06   5.12561655E-07
 Kinematics :           38  theta, phi =    99.0000000       0.00000000      is bad !
 Kinematics :           39  theta, phi =    99.0000000       0.00000000       7.12307497E-07   1.33860249E-06   7.12307497E-07   5.12559268E-07   1.15430930E-06   5.12561655E-07
 Kinematics :           39  theta, phi =    99.0000000       0.00000000      is bad !
 Kinematics :           40  theta, phi =    99.0000000       0.00000000       7.12307497E-07   1.33860249E-06   7.12307497E-07   5.12559268E-07   1.15430930E-06   5.12561655E-07
 Kinematics :           40  theta, phi =    99.0000000       0.00000000      is bad !
 Kinematics :           41  theta, phi =    99.0000000       0.00000000       7.12307497E-07   1.33860249E-06   7.12307497E-07   5.12559268E-07   1.15430930E-06   5.12561655E-07
 Kinematics :           41  theta, phi =    99.0000000       0.00000000      is bad !
 Kinematics :           42  theta, phi =    99.0000000       0.00000000       7.12307497E-07   1.33860249E-06   7.12307497E-07   5.12559268E-07   1.15430930E-06   5.12561655E-07
 Kinematics :           42  theta, phi =    99.0000000       0.00000000      is bad !
 Kinematics :           43  theta, phi =    99.0000000       0.00000000       7.12307497E-07   1.33860249E-06   7.12307497E-07   5.12559268E-07   1.15430930E-06   5.12561655E-07
 Kinematics :           43  theta, phi =    99.0000000       0.00000000      is bad !
 Kinematics :           44  theta, phi =    99.0000000       0.00000000       7.12307497E-07   1.33860249E-06   7.12307497E-07   5.12559268E-07   1.15430930E-06   5.12561655E-07
 Kinematics :           44  theta, phi =    99.0000000       0.00000000      is bad !
 Kinematics :           45  theta, phi =    99.0000000       0.00000000       7.12307497E-07   1.33860249E-06   7.12307497E-07   5.12559268E-07   1.15430930E-06   5.12561655E-07
 Kinematics :           45  theta, phi =    99.0000000       0.00000000      is bad !
 Kinematics :           46  theta, phi =    99.0000000       0.00000000       7.12307497E-07   1.33860249E-06   7.12307497E-07   5.12559268E-07   1.15430930E-06   5.12561655E-07
 Kinematics :           46  theta, phi =    99.0000000       0.00000000      is bad !
 Kinematics :           47  theta, phi =    99.0000000       0.00000000       7.12307497E-07   1.33860249E-06   7.12307497E-07   5.12559268E-07   1.15430930E-06   5.12561655E-07
 Kinematics :           47  theta, phi =    99.0000000       0.00000000      is bad !
 Kinematics :           48  theta, phi =    99.0000000       0.00000000       7.12307497E-07   1.33860249E-06   7.12307497E-07   5.12559268E-07   1.15430930E-06   5.12561655E-07
 Kinematics :           48  theta, phi =    99.0000000       0.00000000      is bad !
 Kinematics :           49  theta, phi =    99.0000000       0.00000000       7.12307497E-07   1.33860249E-06   7.12307497E-07   5.12559268E-07   1.15430930E-06   5.12561655E-07
 Kinematics :           49  theta, phi =    99.0000000       0.00000000      is bad !
 Kinematics :           50  theta, phi =    99.0000000       0.00000000       7.12307497E-07   1.33860249E-06   7.12307497E-07   5.12559268E-07   1.15430930E-06   5.12561655E-07
 Kinematics :           50  theta, phi =    99.0000000       0.00000000      is bad !
 Kinematics :           51  theta, phi =    99.0000000       0.00000000       7.12307497E-07   1.33860249E-06   7.12307497E-07   5.12559268E-07   1.15430930E-06   5.12561655E-07
 Kinematics :           51  theta, phi =    99.0000000       0.00000000      is bad !
