 Kinematics :            1  theta, phi =    96.0000000       0.00000000       149.193832       149.195496       149.193832       145.544846       146.355484       145.544846    
 Kinematics :            2  theta, phi =    96.0000000       0.00000000       72.9737091       71.3548660       72.9737015       70.6643219       69.6208115       70.6643219    
 Kinematics :            3  theta, phi =    96.0000000       0.00000000       19.4047298       17.7256813       19.4047241       18.2368336       16.8719330       18.2368298    
 Kinematics :            4  theta, phi =    96.0000000       0.00000000       5.63723469       4.58482790       5.63723516       5.06063938       4.18899298       5.06064034    
 Kinematics :            5  theta, phi =    96.0000000       0.00000000       1.95291257       1.34163964       1.95291245       1.65242028       1.15264261       1.65242076    
 Kinematics :            6  theta, phi =    96.0000000       0.00000000      0.780589342      0.426390797      0.780589283      0.622540712      0.339152813      0.622541010    
 Kinematics :            7  theta, phi =    96.0000000       0.00000000      0.347366303      0.140128061      0.347366273      0.262600124      0.100949571      0.262600213    
 Kinematics :            8  theta, phi =    96.0000000       0.00000000      0.167717993       4.53669429E-02  0.167717993      0.121674471       2.89948620E-02  0.121674590    
 Kinematics :            9  theta, phi =    96.0000000       0.00000000       8.63220915E-02   1.36779975E-02   8.63220915E-02   6.26088977E-02   8.88482668E-03   6.26089871E-02
 Kinematics :           10  theta, phi =    96.0000000       0.00000000       4.67786230E-02   3.57332779E-03   4.67786305E-02   3.40011045E-02   3.09163099E-03   3.40015441E-02
 Kinematics :           11  theta, phi =    96.0000000       0.00000000       2.64524817E-02   8.11731908E-04   2.64524817E-02   1.99870244E-02   2.14803289E-03   1.99870616E-02
 Kinematics :           12  theta, phi =    96.0000000       0.00000000       1.54978596E-02   3.78692523E-04   1.54978577E-02   1.16639454E-02   1.86482491E-03   1.16639752E-02
 Kinematics :           13  theta, phi =    96.0000000       0.00000000       9.35147610E-03   5.34232589E-04   9.35147610E-03   7.13121798E-03   1.99458259E-03   7.13126501E-03
 Kinematics :           14  theta, phi =    96.0000000       0.00000000       5.78153273E-03   7.23768084E-04   5.78153273E-03   4.33828356E-03   1.89973891E-03   4.33830591E-03
 Kinematics :           15  theta, phi =    96.0000000       0.00000000       3.64420610E-03   8.11953796E-04   3.64420563E-03   2.71916948E-03   1.66197889E-03   2.71917623E-03
 Kinematics :           16  theta, phi =    96.0000000       0.00000000       2.33210553E-03   8.00491194E-04   2.33210553E-03   1.79955910E-03   1.37721025E-03   1.79956690E-03
 Kinematics :           17  theta, phi =    96.0000000       0.00000000       1.50927366E-03   7.23694800E-04   1.50927366E-03   1.19420630E-03   1.09452975E-03   1.19420898E-03
 Kinematics :           18  theta, phi =    96.0000000       0.00000000       9.84249986E-04   6.15444791E-04   9.84250102E-04   7.89608923E-04   8.39081942E-04   7.89613172E-04
 Kinematics :           19  theta, phi =    96.0000000       0.00000000       6.44646003E-04   4.99733898E-04   6.44646003E-04   5.19251800E-04   6.23751315E-04   5.19251742E-04
 Kinematics :           20  theta, phi =    96.0000000       0.00000000       4.22666490E-04   3.90871457E-04   4.22666461E-04   3.39636259E-04   4.54296212E-04   3.39638093E-04
 Kinematics :           21  theta, phi =    96.0000000       0.00000000       2.76766106E-04   2.96385435E-04   2.76766106E-04   2.20059970E-04   3.22732551E-04   2.20059737E-04
 Kinematics :           22  theta, phi =    96.0000000       0.00000000       1.80339834E-04   2.18347486E-04   1.80339848E-04   1.41134413E-04   2.25166295E-04   1.41134587E-04
 Kinematics :           23  theta, phi =    96.0000000       0.00000000       1.16695934E-04   1.56632770E-04   1.16695934E-04   8.96577476E-05   1.54138703E-04   8.96582787E-05
 Kinematics :           24  theta, phi =    96.0000000       0.00000000       7.46836231E-05   1.09362998E-04   7.46836231E-05   5.60874869E-05   1.03477178E-04   5.60872031E-05
 Kinematics :           25  theta, phi =    96.0000000       0.00000000       4.71258536E-05   7.42548946E-05   4.71258572E-05   3.45034059E-05   6.80035737E-05   3.45035878E-05
 Kinematics :           26  theta, phi =    96.0000000       0.00000000       2.91654560E-05   4.88664955E-05   2.91654560E-05   2.08696783E-05   4.35004222E-05   2.08697656E-05
 Kinematics :           27  theta, phi =    96.0000000       0.00000000       1.76120684E-05   3.10293326E-05   1.76120684E-05   1.23305044E-05   2.70354067E-05   1.23305599E-05
 Kinematics :           28  theta, phi =    96.0000000       0.00000000       1.02619924E-05   1.88290596E-05   1.02619924E-05   7.05946195E-06   1.61837015E-05   7.05944467E-06
 Kinematics :           29  theta, phi =    96.0000000       0.00000000       5.69028634E-06   1.07656879E-05   5.69028634E-06   3.85208477E-06   9.13038002E-06   3.85207431E-06
 Kinematics :           30  theta, phi =    96.0000000       0.00000000       2.91115362E-06   5.62540936E-06   2.91115362E-06   1.95296616E-06   4.73719001E-06   1.95294569E-06
 Kinematics :           31  theta, phi =    96.0000000       0.00000000       1.27690078E-06   2.49497134E-06   1.27690078E-06   8.54903078E-07   2.09920972E-06   8.54898019E-07
 Kinematics :           32  theta, phi =    96.0000000       0.00000000       3.64765214E-07   7.12720009E-07   3.64765185E-07   2.46521097E-07   6.02349360E-07   2.46519704E-07
 Kinematics :           33  theta, phi =    96.0000000       0.00000000       3.64765214E-07   7.12720009E-07   3.64765185E-07   2.46521097E-07   6.02349360E-07   2.46519704E-07
 Kinematics :           33  theta, phi =    96.0000000       0.00000000      is bad !
 Kinematics :           34  theta, phi =    96.0000000       0.00000000       3.64765214E-07   7.12720009E-07   3.64765185E-07   2.46521097E-07   6.02349360E-07   2.46519704E-07
 Kinematics :           34  theta, phi =    96.0000000       0.00000000      is bad !
 Kinematics :           35  theta, phi =    96.0000000       0.00000000       3.64765214E-07   7.12720009E-07   3.64765185E-07   2.46521097E-07   6.02349360E-07   2.46519704E-07
 Kinematics :           35  theta, phi =    96.0000000       0.00000000      is bad !
 Kinematics :           36  theta, phi =    96.0000000       0.00000000       3.64765214E-07   7.12720009E-07   3.64765185E-07   2.46521097E-07   6.02349360E-07   2.46519704E-07
 Kinematics :           36  theta, phi =    96.0000000       0.00000000      is bad !
 Kinematics :           37  theta, phi =    96.0000000       0.00000000       3.64765214E-07   7.12720009E-07   3.64765185E-07   2.46521097E-07   6.02349360E-07   2.46519704E-07
 Kinematics :           37  theta, phi =    96.0000000       0.00000000      is bad !
 Kinematics :           38  theta, phi =    96.0000000       0.00000000       3.64765214E-07   7.12720009E-07   3.64765185E-07   2.46521097E-07   6.02349360E-07   2.46519704E-07
 Kinematics :           38  theta, phi =    96.0000000       0.00000000      is bad !
 Kinematics :           39  theta, phi =    96.0000000       0.00000000       3.64765214E-07   7.12720009E-07   3.64765185E-07   2.46521097E-07   6.02349360E-07   2.46519704E-07
 Kinematics :           39  theta, phi =    96.0000000       0.00000000      is bad !
 Kinematics :           40  theta, phi =    96.0000000       0.00000000       3.64765214E-07   7.12720009E-07   3.64765185E-07   2.46521097E-07   6.02349360E-07   2.46519704E-07
 Kinematics :           40  theta, phi =    96.0000000       0.00000000      is bad !
 Kinematics :           41  theta, phi =    96.0000000       0.00000000       3.64765214E-07   7.12720009E-07   3.64765185E-07   2.46521097E-07   6.02349360E-07   2.46519704E-07
 Kinematics :           41  theta, phi =    96.0000000       0.00000000      is bad !
 Kinematics :           42  theta, phi =    96.0000000       0.00000000       3.64765214E-07   7.12720009E-07   3.64765185E-07   2.46521097E-07   6.02349360E-07   2.46519704E-07
 Kinematics :           42  theta, phi =    96.0000000       0.00000000      is bad !
 Kinematics :           43  theta, phi =    96.0000000       0.00000000       3.64765214E-07   7.12720009E-07   3.64765185E-07   2.46521097E-07   6.02349360E-07   2.46519704E-07
 Kinematics :           43  theta, phi =    96.0000000       0.00000000      is bad !
 Kinematics :           44  theta, phi =    96.0000000       0.00000000       3.64765214E-07   7.12720009E-07   3.64765185E-07   2.46521097E-07   6.02349360E-07   2.46519704E-07
 Kinematics :           44  theta, phi =    96.0000000       0.00000000      is bad !
 Kinematics :           45  theta, phi =    96.0000000       0.00000000       3.64765214E-07   7.12720009E-07   3.64765185E-07   2.46521097E-07   6.02349360E-07   2.46519704E-07
 Kinematics :           45  theta, phi =    96.0000000       0.00000000      is bad !
 Kinematics :           46  theta, phi =    96.0000000       0.00000000       3.64765214E-07   7.12720009E-07   3.64765185E-07   2.46521097E-07   6.02349360E-07   2.46519704E-07
 Kinematics :           46  theta, phi =    96.0000000       0.00000000      is bad !
 Kinematics :           47  theta, phi =    96.0000000       0.00000000       3.64765214E-07   7.12720009E-07   3.64765185E-07   2.46521097E-07   6.02349360E-07   2.46519704E-07
 Kinematics :           47  theta, phi =    96.0000000       0.00000000      is bad !
 Kinematics :           48  theta, phi =    96.0000000       0.00000000       3.64765214E-07   7.12720009E-07   3.64765185E-07   2.46521097E-07   6.02349360E-07   2.46519704E-07
 Kinematics :           48  theta, phi =    96.0000000       0.00000000      is bad !
 Kinematics :           49  theta, phi =    96.0000000       0.00000000       3.64765214E-07   7.12720009E-07   3.64765185E-07   2.46521097E-07   6.02349360E-07   2.46519704E-07
 Kinematics :           49  theta, phi =    96.0000000       0.00000000      is bad !
 Kinematics :           50  theta, phi =    96.0000000       0.00000000       3.64765214E-07   7.12720009E-07   3.64765185E-07   2.46521097E-07   6.02349360E-07   2.46519704E-07
 Kinematics :           50  theta, phi =    96.0000000       0.00000000      is bad !
 Kinematics :           51  theta, phi =    96.0000000       0.00000000       3.64765214E-07   7.12720009E-07   3.64765185E-07   2.46521097E-07   6.02349360E-07   2.46519704E-07
 Kinematics :           51  theta, phi =    96.0000000       0.00000000      is bad !
