 Kinematics :            1  theta, phi =    99.0000000       0.00000000       149.193832       149.195496       149.193832       145.544846       146.355484       145.544846    
 Kinematics :            2  theta, phi =    99.0000000       0.00000000       72.5873489       71.0442200       72.5873489       70.3393250       69.3566055       70.3393326    
 Kinematics :            3  theta, phi =    99.0000000       0.00000000       19.1874390       17.5950165       19.1874409       18.0486183       16.7619762       18.0486183    
 Kinematics :            4  theta, phi =    99.0000000       0.00000000       5.53760386       4.54463291       5.53760338       4.97425604       4.15498590       4.97425652    
 Kinematics :            5  theta, phi =    99.0000000       0.00000000       1.90490651       1.33119595       1.90490723       1.62550735       1.15453720       1.62550771    
 Kinematics :            6  theta, phi =    99.0000000       0.00000000      0.755790353      0.425152004      0.755790412      0.611446440      0.344728976      0.611447096    
 Kinematics :            7  theta, phi =    99.0000000       0.00000000      0.333781928      0.141407177      0.333781928      0.257790565      0.105642416      0.257790715    
 Kinematics :            8  theta, phi =    99.0000000       0.00000000      0.159928173       4.70078774E-02  0.159928173      0.120470151       3.26732844E-02  0.120470375    
 Kinematics :            9  theta, phi =    99.0000000       0.00000000       8.16880092E-02   1.50465155E-02   8.16880018E-02   6.06116951E-02   9.94126312E-03   6.06117696E-02
 Kinematics :           10  theta, phi =    99.0000000       0.00000000       4.39372100E-02   4.55179112E-03   4.39372100E-02   3.25603634E-02   3.38088116E-03   3.25604305E-02
 Kinematics :           11  theta, phi =    99.0000000       0.00000000       2.46645771E-02   1.44613313E-03   2.46645771E-02   1.88749637E-02   1.94810610E-03   1.88750327E-02
 Kinematics :           12  theta, phi =    99.0000000       0.00000000       1.43471304E-02   7.52892112E-04   1.43471304E-02   1.08829616E-02   1.68487022E-03   1.08830100E-02
 Kinematics :           13  theta, phi =    99.0000000       0.00000000       8.59575905E-03   7.27674051E-04   8.59576091E-03   6.28732285E-03   1.61838462E-03   6.27879659E-03
 Kinematics :           14  theta, phi =    99.0000000       0.00000000       5.27559267E-03   7.99427100E-04   5.27559221E-03   3.87586607E-03   1.54234329E-03   3.87588749E-03
 Kinematics :           15  theta, phi =    99.0000000       0.00000000       3.30091780E-03   8.16206681E-04   3.30091803E-03   2.51817750E-03   1.35431299E-03   2.51818448E-03
 Kinematics :           16  theta, phi =    99.0000000       0.00000000       2.09557987E-03   7.64887256E-04   2.09558010E-03   1.64341938E-03   1.12344895E-03   1.64342299E-03
 Kinematics :           17  theta, phi =    99.0000000       0.00000000       1.34430651E-03   6.69068599E-04   1.34430651E-03   1.07573473E-03   8.89578834E-04   1.07573695E-03
 Kinematics :           18  theta, phi =    99.0000000       0.00000000       8.68010218E-04   5.54781873E-04   8.68010160E-04   7.01761863E-04   6.78845332E-04   7.01765006E-04
 Kinematics :           19  theta, phi =    99.0000000       0.00000000       5.62059518E-04   4.40638250E-04   5.62059518E-04   4.54913155E-04   5.02038689E-04   4.54913563E-04
 Kinematics :           20  theta, phi =    99.0000000       0.00000000       3.63724888E-04   3.37521371E-04   3.63724888E-04   2.92842305E-04   3.62035789E-04   2.92842800E-04
 Kinematics :           21  theta, phi =    99.0000000       0.00000000       2.34367850E-04   2.50267913E-04   2.34367821E-04   1.86471079E-04   2.55062943E-04   1.86471400E-04
 Kinematics :           22  theta, phi =    99.0000000       0.00000000       1.49795946E-04   1.79938870E-04   1.49795946E-04   1.17173251E-04   1.75641006E-04   1.17173324E-04
 Kinematics :           23  theta, phi =    99.0000000       0.00000000       9.46985747E-05   1.25602019E-04   9.46985747E-05   7.27339429E-05   1.18076576E-04   7.27340230E-05
 Kinematics :           24  theta, phi =    99.0000000       0.00000000       5.88636176E-05   8.48793934E-05   5.88636176E-05   4.41822813E-05   7.74239961E-05   4.41824850E-05
 Kinematics :           25  theta, phi =    99.0000000       0.00000000       3.57735335E-05   5.53443424E-05   3.57735262E-05   2.62538797E-05   4.91565443E-05   2.62537997E-05
 Kinematics :           26  theta, phi =    99.0000000       0.00000000       2.10588114E-05   3.45563967E-05   2.10588114E-05   1.51321028E-05   3.00897882E-05   1.51319946E-05
 Kinematics :           27  theta, phi =    99.0000000       0.00000000       1.18582066E-05   2.04211501E-05   1.18582084E-05   8.38950018E-06   1.75396017E-05   8.38942105E-06
 Kinematics :           28  theta, phi =    99.0000000       0.00000000       6.21657273E-06   1.11308818E-05   6.21657273E-06   4.34933054E-06   9.48335401E-06   4.34931417E-06
 Kinematics :           29  theta, phi =    99.0000000       0.00000000       2.87534522E-06   5.30192256E-06   2.87534522E-06   2.00347199E-06   4.50882089E-06   2.00347790E-06
 Kinematics :           30  theta, phi =    99.0000000       0.00000000       9.82620691E-07   1.84897760E-06   9.82620691E-07   6.87836916E-07   1.57502132E-06   6.87838167E-07
 Kinematics :           31  theta, phi =    99.0000000       0.00000000       9.82620691E-07   1.84897760E-06   9.82620691E-07   6.87836916E-07   1.57502132E-06   6.87838167E-07
 Kinematics :           31  theta, phi =    99.0000000       0.00000000      is bad !
 Kinematics :           32  theta, phi =    99.0000000       0.00000000       9.82620691E-07   1.84897760E-06   9.82620691E-07   6.87836916E-07   1.57502132E-06   6.87838167E-07
 Kinematics :           32  theta, phi =    99.0000000       0.00000000      is bad !
 Kinematics :           33  theta, phi =    99.0000000       0.00000000       9.82620691E-07   1.84897760E-06   9.82620691E-07   6.87836916E-07   1.57502132E-06   6.87838167E-07
 Kinematics :           33  theta, phi =    99.0000000       0.00000000      is bad !
 Kinematics :           34  theta, phi =    99.0000000       0.00000000       9.82620691E-07   1.84897760E-06   9.82620691E-07   6.87836916E-07   1.57502132E-06   6.87838167E-07
 Kinematics :           34  theta, phi =    99.0000000       0.00000000      is bad !
 Kinematics :           35  theta, phi =    99.0000000       0.00000000       9.82620691E-07   1.84897760E-06   9.82620691E-07   6.87836916E-07   1.57502132E-06   6.87838167E-07
 Kinematics :           35  theta, phi =    99.0000000       0.00000000      is bad !
 Kinematics :           36  theta, phi =    99.0000000       0.00000000       9.82620691E-07   1.84897760E-06   9.82620691E-07   6.87836916E-07   1.57502132E-06   6.87838167E-07
 Kinematics :           36  theta, phi =    99.0000000       0.00000000      is bad !
 Kinematics :           37  theta, phi =    99.0000000       0.00000000       9.82620691E-07   1.84897760E-06   9.82620691E-07   6.87836916E-07   1.57502132E-06   6.87838167E-07
 Kinematics :           37  theta, phi =    99.0000000       0.00000000      is bad !
 Kinematics :           38  theta, phi =    99.0000000       0.00000000       9.82620691E-07   1.84897760E-06   9.82620691E-07   6.87836916E-07   1.57502132E-06   6.87838167E-07
 Kinematics :           38  theta, phi =    99.0000000       0.00000000      is bad !
 Kinematics :           39  theta, phi =    99.0000000       0.00000000       9.82620691E-07   1.84897760E-06   9.82620691E-07   6.87836916E-07   1.57502132E-06   6.87838167E-07
 Kinematics :           39  theta, phi =    99.0000000       0.00000000      is bad !
 Kinematics :           40  theta, phi =    99.0000000       0.00000000       9.82620691E-07   1.84897760E-06   9.82620691E-07   6.87836916E-07   1.57502132E-06   6.87838167E-07
 Kinematics :           40  theta, phi =    99.0000000       0.00000000      is bad !
 Kinematics :           41  theta, phi =    99.0000000       0.00000000       9.82620691E-07   1.84897760E-06   9.82620691E-07   6.87836916E-07   1.57502132E-06   6.87838167E-07
 Kinematics :           41  theta, phi =    99.0000000       0.00000000      is bad !
 Kinematics :           42  theta, phi =    99.0000000       0.00000000       9.82620691E-07   1.84897760E-06   9.82620691E-07   6.87836916E-07   1.57502132E-06   6.87838167E-07
 Kinematics :           42  theta, phi =    99.0000000       0.00000000      is bad !
 Kinematics :           43  theta, phi =    99.0000000       0.00000000       9.82620691E-07   1.84897760E-06   9.82620691E-07   6.87836916E-07   1.57502132E-06   6.87838167E-07
 Kinematics :           43  theta, phi =    99.0000000       0.00000000      is bad !
 Kinematics :           44  theta, phi =    99.0000000       0.00000000       9.82620691E-07   1.84897760E-06   9.82620691E-07   6.87836916E-07   1.57502132E-06   6.87838167E-07
 Kinematics :           44  theta, phi =    99.0000000       0.00000000      is bad !
 Kinematics :           45  theta, phi =    99.0000000       0.00000000       9.82620691E-07   1.84897760E-06   9.82620691E-07   6.87836916E-07   1.57502132E-06   6.87838167E-07
 Kinematics :           45  theta, phi =    99.0000000       0.00000000      is bad !
 Kinematics :           46  theta, phi =    99.0000000       0.00000000       9.82620691E-07   1.84897760E-06   9.82620691E-07   6.87836916E-07   1.57502132E-06   6.87838167E-07
 Kinematics :           46  theta, phi =    99.0000000       0.00000000      is bad !
 Kinematics :           47  theta, phi =    99.0000000       0.00000000       9.82620691E-07   1.84897760E-06   9.82620691E-07   6.87836916E-07   1.57502132E-06   6.87838167E-07
 Kinematics :           47  theta, phi =    99.0000000       0.00000000      is bad !
 Kinematics :           48  theta, phi =    99.0000000       0.00000000       9.82620691E-07   1.84897760E-06   9.82620691E-07   6.87836916E-07   1.57502132E-06   6.87838167E-07
 Kinematics :           48  theta, phi =    99.0000000       0.00000000      is bad !
 Kinematics :           49  theta, phi =    99.0000000       0.00000000       9.82620691E-07   1.84897760E-06   9.82620691E-07   6.87836916E-07   1.57502132E-06   6.87838167E-07
 Kinematics :           49  theta, phi =    99.0000000       0.00000000      is bad !
 Kinematics :           50  theta, phi =    99.0000000       0.00000000       9.82620691E-07   1.84897760E-06   9.82620691E-07   6.87836916E-07   1.57502132E-06   6.87838167E-07
 Kinematics :           50  theta, phi =    99.0000000       0.00000000      is bad !
 Kinematics :           51  theta, phi =    99.0000000       0.00000000       9.82620691E-07   1.84897760E-06   9.82620691E-07   6.87836916E-07   1.57502132E-06   6.87838167E-07
 Kinematics :           51  theta, phi =    99.0000000       0.00000000      is bad !
