 Kinematics :            1  theta, phi =    99.0000000       0.00000000       17962.3828       17962.5859       17962.3828       17517.6660       17622.5820       17517.6660    
 Kinematics :            2  theta, phi =    99.0000000       0.00000000       8911.77930       8722.32520       8911.77930       8607.92871       8493.67969       8607.92773    
 Kinematics :            3  theta, phi =    99.0000000       0.00000000       2401.64355       2202.32446       2401.64355       2255.17944       2095.83301       2255.17944    
 Kinematics :            4  theta, phi =    99.0000000       0.00000000       706.574097       579.875549       706.574097       635.520081       530.956421       635.520142    
 Kinematics :            5  theta, phi =    99.0000000       0.00000000       247.780380       173.155045       247.780380       212.519958       150.761246       212.520020    
 Kinematics :            6  theta, phi =    99.0000000       0.00000000       100.239166       56.3871536       100.239166       82.2697296       46.1547470       82.2697830    
 Kinematics :            7  theta, phi =    99.0000000       0.00000000       45.1532593       19.1292381       45.1532593       36.3141327       14.8547564       36.3141708    
 Kinematics :            8  theta, phi =    99.0000000       0.00000000       22.0783348       6.48951006       22.0783348       17.5276871       4.75977707       17.5277119    
 Kinematics :            9  theta, phi =    99.0000000       0.00000000       11.5163746       2.12125754       11.5163746       9.25548553       1.56056535       9.25551701    
 Kinematics :           10  theta, phi =    99.0000000       0.00000000       6.33130503      0.655908108       6.33130503       5.24639845      0.593924403       5.24641037    
 Kinematics :           11  theta, phi =    99.0000000       0.00000000       3.63679910      0.213232741       3.63679910       3.08875561      0.320474446       3.08877134    
 Kinematics :           12  theta, phi =    99.0000000       0.00000000       2.16759157      0.113748364       2.16759133       1.88735378      0.248223275       1.88736165    
 Kinematics :           13  theta, phi =    99.0000000       0.00000000       1.33278680      0.112827092       1.33278680       1.15443981      0.224015594       1.15444362    
 Kinematics :           14  theta, phi =    99.0000000       0.00000000      0.841084003      0.127452105      0.841084182      0.736893296      0.206537902      0.736898899    
 Kinematics :           15  theta, phi =    99.0000000       0.00000000      0.542346120      0.134104088      0.542346120      0.474831313      0.184343889      0.474833220    
 Kinematics :           16  theta, phi =    99.0000000       0.00000000      0.355776846      0.129858673      0.355776846      0.310523778      0.157179415      0.310525775    
 Kinematics :           17  theta, phi =    99.0000000       0.00000000      0.236579195      0.117746778      0.236579239      0.202529803      0.132846236      0.202531204    
 Kinematics :           18  theta, phi =    99.0000000       0.00000000      0.158942685      0.101586975      0.158942685      0.133605748      0.109567471      0.133605823    
 Kinematics :           19  theta, phi =    99.0000000       0.00000000      0.107570015       8.43317509E-02  0.107570015       8.84203240E-02   8.71258155E-02   8.84204954E-02
 Kinematics :           20  theta, phi =    99.0000000       0.00000000       7.31543303E-02   6.78841472E-02   7.31543377E-02   5.90470694E-02   6.72340989E-02   5.90471961E-02
 Kinematics :           21  theta, phi =    99.0000000       0.00000000       4.98673581E-02   5.32504693E-02   4.98673655E-02   3.95445526E-02   5.02745844E-02   3.95446718E-02
 Kinematics :           22  theta, phi =    99.0000000       0.00000000       3.39991674E-02   4.08407003E-02   3.39991711E-02   2.65090521E-02   3.70610543E-02   2.65090428E-02
 Kinematics :           23  theta, phi =    99.0000000       0.00000000       2.31694821E-02   3.07304841E-02   2.31694821E-02   1.77338924E-02   2.70306505E-02   1.77338384E-02
 Kinematics :           24  theta, phi =    99.0000000       0.00000000       1.57375764E-02   2.26930659E-02   1.57375801E-02   1.19740954E-02   1.89968534E-02   1.19741047E-02
 Kinematics :           25  theta, phi =    99.0000000       0.00000000       1.06437579E-02   1.64666958E-02   1.06437579E-02   7.90412165E-03   1.37640582E-02   7.90406577E-03
 Kinematics :           26  theta, phi =    99.0000000       0.00000000       7.15309801E-03   1.17378561E-02   7.15309801E-03   5.24460245E-03   9.73454304E-03   5.24463365E-03
 Kinematics :           27  theta, phi =    99.0000000       0.00000000       4.77610203E-03   8.22497532E-03   4.77610203E-03   3.47461016E-03   6.76966272E-03   3.47459479E-03
 Kinematics :           28  theta, phi =    99.0000000       0.00000000       3.15723242E-03   5.65307867E-03   3.15723242E-03   2.28719250E-03   4.63811914E-03   2.28715711E-03
 Kinematics :           29  theta, phi =    99.0000000       0.00000000       2.06658035E-03   3.81061994E-03   2.06658011E-03   1.49884319E-03   3.12695303E-03   1.49884308E-03
 Kinematics :           30  theta, phi =    99.0000000       0.00000000       1.33544102E-03   2.51287292E-03   1.33544102E-03   9.73184768E-04   2.07615294E-03   9.73188085E-04
 Kinematics :           31  theta, phi =    99.0000000       0.00000000       8.48864729E-04   1.61437260E-03   8.48864729E-04   6.24282868E-04   1.34953763E-03   6.24284847E-04
 Kinematics :           32  theta, phi =    99.0000000       0.00000000       5.29266661E-04   1.00655400E-03   5.29266661E-04   3.93568014E-04   8.52657715E-04   3.93563561E-04
 Kinematics :           33  theta, phi =    99.0000000       0.00000000       3.21744184E-04   6.04637084E-04   3.21744184E-04   2.42240159E-04   5.19706868E-04   2.42242633E-04
 Kinematics :           34  theta, phi =    99.0000000       0.00000000       1.89223749E-04   3.46967659E-04   1.89223734E-04   1.44616803E-04   3.02868488E-04   1.44614271E-04
 Kinematics :           35  theta, phi =    99.0000000       0.00000000       1.05752748E-04   1.86200006E-04   1.05752748E-04   8.17496984E-05   1.65504171E-04   8.17503824E-05
 Kinematics :           36  theta, phi =    99.0000000       0.00000000       5.43896822E-05   9.03775508E-05   5.43896822E-05   4.24764439E-05   8.18068002E-05   4.24765785E-05
 Kinematics :           37  theta, phi =    99.0000000       0.00000000       2.34503605E-05   3.59201440E-05   2.34503659E-05   1.84635628E-05   3.32272793E-05   1.84636228E-05
 Kinematics :           38  theta, phi =    99.0000000       0.00000000       5.76785988E-06   7.96926815E-06   5.76785851E-06   4.57817623E-06   7.56991039E-06   4.57820988E-06
 Kinematics :           39  theta, phi =    99.0000000       0.00000000       5.76785988E-06   7.96926815E-06   5.76785851E-06   4.57817623E-06   7.56991039E-06   4.57820988E-06
 Kinematics :           39  theta, phi =    99.0000000       0.00000000      is bad !
 Kinematics :           40  theta, phi =    99.0000000       0.00000000       5.76785988E-06   7.96926815E-06   5.76785851E-06   4.57817623E-06   7.56991039E-06   4.57820988E-06
 Kinematics :           40  theta, phi =    99.0000000       0.00000000      is bad !
 Kinematics :           41  theta, phi =    99.0000000       0.00000000       5.76785988E-06   7.96926815E-06   5.76785851E-06   4.57817623E-06   7.56991039E-06   4.57820988E-06
 Kinematics :           41  theta, phi =    99.0000000       0.00000000      is bad !
 Kinematics :           42  theta, phi =    99.0000000       0.00000000       5.76785988E-06   7.96926815E-06   5.76785851E-06   4.57817623E-06   7.56991039E-06   4.57820988E-06
 Kinematics :           42  theta, phi =    99.0000000       0.00000000      is bad !
 Kinematics :           43  theta, phi =    99.0000000       0.00000000       5.76785988E-06   7.96926815E-06   5.76785851E-06   4.57817623E-06   7.56991039E-06   4.57820988E-06
 Kinematics :           43  theta, phi =    99.0000000       0.00000000      is bad !
 Kinematics :           44  theta, phi =    99.0000000       0.00000000       5.76785988E-06   7.96926815E-06   5.76785851E-06   4.57817623E-06   7.56991039E-06   4.57820988E-06
 Kinematics :           44  theta, phi =    99.0000000       0.00000000      is bad !
 Kinematics :           45  theta, phi =    99.0000000       0.00000000       5.76785988E-06   7.96926815E-06   5.76785851E-06   4.57817623E-06   7.56991039E-06   4.57820988E-06
 Kinematics :           45  theta, phi =    99.0000000       0.00000000      is bad !
 Kinematics :           46  theta, phi =    99.0000000       0.00000000       5.76785988E-06   7.96926815E-06   5.76785851E-06   4.57817623E-06   7.56991039E-06   4.57820988E-06
 Kinematics :           46  theta, phi =    99.0000000       0.00000000      is bad !
 Kinematics :           47  theta, phi =    99.0000000       0.00000000       5.76785988E-06   7.96926815E-06   5.76785851E-06   4.57817623E-06   7.56991039E-06   4.57820988E-06
 Kinematics :           47  theta, phi =    99.0000000       0.00000000      is bad !
 Kinematics :           48  theta, phi =    99.0000000       0.00000000       5.76785988E-06   7.96926815E-06   5.76785851E-06   4.57817623E-06   7.56991039E-06   4.57820988E-06
 Kinematics :           48  theta, phi =    99.0000000       0.00000000      is bad !
 Kinematics :           49  theta, phi =    99.0000000       0.00000000       5.76785988E-06   7.96926815E-06   5.76785851E-06   4.57817623E-06   7.56991039E-06   4.57820988E-06
 Kinematics :           49  theta, phi =    99.0000000       0.00000000      is bad !
 Kinematics :           50  theta, phi =    99.0000000       0.00000000       5.76785988E-06   7.96926815E-06   5.76785851E-06   4.57817623E-06   7.56991039E-06   4.57820988E-06
 Kinematics :           50  theta, phi =    99.0000000       0.00000000      is bad !
 Kinematics :           51  theta, phi =    99.0000000       0.00000000       5.76785988E-06   7.96926815E-06   5.76785851E-06   4.57817623E-06   7.56991039E-06   4.57820988E-06
 Kinematics :           51  theta, phi =    99.0000000       0.00000000      is bad !
