 Kinematics :            1  theta, phi =    99.0000000       0.00000000       250.742859       250.745682       250.742859       244.770187       246.122696       244.770187    
 Kinematics :            2  theta, phi =    99.0000000       0.00000000       122.300591       119.700623       122.300583       118.309410       116.670349       118.309410    
 Kinematics :            3  theta, phi =    99.0000000       0.00000000       32.4119759       29.7220211       32.4119759       30.5049858       28.3359966       30.5049858    
 Kinematics :            4  theta, phi =    99.0000000       0.00000000       9.37909698       7.69729710       9.37909985       8.44901466       7.05887556       8.44901752    
 Kinematics :            5  theta, phi =    99.0000000       0.00000000       3.23522496       2.26085591       3.23522496       2.76236153       1.96258581       2.76236248    
 Kinematics :            6  theta, phi =    99.0000000       0.00000000       1.28728855      0.724133611       1.28728831       1.04186141      0.586837888       1.04186177    
 Kinematics :            7  theta, phi =    99.0000000       0.00000000      0.570219874      0.241574451      0.570219934      0.440200984      0.179410741      0.440201342    
 Kinematics :            8  theta, phi =    99.0000000       0.00000000      0.274083227       8.05616081E-02  0.274083227      0.206145748       5.54641709E-02  0.206146032    
 Kinematics :            9  theta, phi =    99.0000000       0.00000000      0.140468821       2.58736443E-02  0.140468821      0.103164315       1.62760075E-02  0.103164397    
 Kinematics :           10  theta, phi =    99.0000000       0.00000000       7.58263022E-02   7.85542559E-03   7.58263096E-02   5.68446852E-02   6.15083566E-03   5.68447523E-02
 Kinematics :           11  theta, phi =    99.0000000       0.00000000       4.27314565E-02   2.50542979E-03   4.27314565E-02   3.31043601E-02   3.46952188E-03   3.31044644E-02
 Kinematics :           12  theta, phi =    99.0000000       0.00000000       2.49611195E-02   1.30988087E-03   2.49611195E-02   1.97037905E-02   2.92751496E-03   1.97038408E-02
 Kinematics :           13  theta, phi =    99.0000000       0.00000000       1.50234737E-02   1.27181225E-03   1.50234737E-02   1.12431254E-02   2.86560552E-03   1.12431906E-02
 Kinematics :           14  theta, phi =    99.0000000       0.00000000       9.26689804E-03   1.40424224E-03   9.26689804E-03   6.91851694E-03   2.71989941E-03   6.91857003E-03
 Kinematics :           15  theta, phi =    99.0000000       0.00000000       5.83044114E-03   1.44167349E-03   5.83044114E-03   4.44887904E-03   2.36737425E-03   4.44889069E-03
 Kinematics :           16  theta, phi =    99.0000000       0.00000000       3.72427911E-03   1.35936285E-03   3.72427888E-03   2.91870884E-03   1.97868305E-03   2.91872909E-03
 Kinematics :           17  theta, phi =    99.0000000       0.00000000       2.40560784E-03   1.19728409E-03   2.40560784E-03   1.92247750E-03   1.57815649E-03   1.92248344E-03
 Kinematics :           18  theta, phi =    99.0000000       0.00000000       1.56539970E-03   1.00051297E-03   1.56539970E-03   1.26260275E-03   1.21304032E-03   1.26261008E-03
 Kinematics :           19  theta, phi =    99.0000000       0.00000000       1.02265389E-03   8.01730785E-04   1.02265389E-03   8.25408439E-04   9.06108005E-04   8.25412979E-04
 Kinematics :           20  theta, phi =    99.0000000       0.00000000       6.68575463E-04   6.20409788E-04   6.68575463E-04   5.36414213E-04   6.59457699E-04   5.36419102E-04
 Kinematics :           21  theta, phi =    99.0000000       0.00000000       4.35959402E-04   4.65535850E-04   4.35959402E-04   3.45697626E-04   4.70642612E-04   3.45698878E-04
 Kinematics :           22  theta, phi =    99.0000000       0.00000000       2.82604946E-04   3.39472492E-04   2.82604946E-04   2.20223708E-04   3.27981747E-04   2.20223548E-04
 Kinematics :           23  theta, phi =    99.0000000       0.00000000       1.81730458E-04   2.41035421E-04   1.81730458E-04   1.39080832E-04   2.24411022E-04   1.39080716E-04
 Kinematics :           24  theta, phi =    99.0000000       0.00000000       1.15369206E-04   1.66358572E-04   1.15369199E-04   8.62866946E-05   1.50306601E-04   8.62865199E-05
 Kinematics :           25  theta, phi =    99.0000000       0.00000000       7.20266398E-05   1.11430636E-04   7.20266253E-05   5.26510048E-05   9.81041376E-05   5.26511612E-05
 Kinematics :           26  theta, phi =    99.0000000       0.00000000       4.39451651E-05   7.21116885E-05   4.39451615E-05   3.15004218E-05   6.22320804E-05   3.15002908E-05
 Kinematics :           27  theta, phi =    99.0000000       0.00000000       2.60265024E-05   4.48205246E-05   2.60265024E-05   1.83400061E-05   3.81399113E-05   1.83399861E-05
 Kinematics :           28  theta, phi =    99.0000000       0.00000000       1.47450337E-05   2.64012342E-05   1.47450291E-05   1.02698759E-05   2.22653362E-05   1.02699169E-05
 Kinematics :           29  theta, phi =    99.0000000       0.00000000       7.82654843E-06   1.44315736E-05   7.82654934E-06   5.42536191E-06   1.21310350E-05   5.42530597E-06
 Kinematics :           30  theta, phi =    99.0000000       0.00000000       3.70400244E-06   6.96974803E-06   3.70400198E-06   2.57571287E-06   5.84468307E-06   2.57577085E-06
 Kinematics :           31  theta, phi =    99.0000000       0.00000000       1.35137918E-06   2.57005581E-06   1.35137930E-06   9.51901256E-07   2.16696708E-06   9.51902166E-07
 Kinematics :           32  theta, phi =    99.0000000       0.00000000       1.35137918E-06   2.57005581E-06   1.35137930E-06   9.51901256E-07   2.16696708E-06   9.51902166E-07
 Kinematics :           32  theta, phi =    99.0000000       0.00000000      is bad !
 Kinematics :           33  theta, phi =    99.0000000       0.00000000       1.35137918E-06   2.57005581E-06   1.35137930E-06   9.51901256E-07   2.16696708E-06   9.51902166E-07
 Kinematics :           33  theta, phi =    99.0000000       0.00000000      is bad !
 Kinematics :           34  theta, phi =    99.0000000       0.00000000       1.35137918E-06   2.57005581E-06   1.35137930E-06   9.51901256E-07   2.16696708E-06   9.51902166E-07
 Kinematics :           34  theta, phi =    99.0000000       0.00000000      is bad !
 Kinematics :           35  theta, phi =    99.0000000       0.00000000       1.35137918E-06   2.57005581E-06   1.35137930E-06   9.51901256E-07   2.16696708E-06   9.51902166E-07
 Kinematics :           35  theta, phi =    99.0000000       0.00000000      is bad !
 Kinematics :           36  theta, phi =    99.0000000       0.00000000       1.35137918E-06   2.57005581E-06   1.35137930E-06   9.51901256E-07   2.16696708E-06   9.51902166E-07
 Kinematics :           36  theta, phi =    99.0000000       0.00000000      is bad !
 Kinematics :           37  theta, phi =    99.0000000       0.00000000       1.35137918E-06   2.57005581E-06   1.35137930E-06   9.51901256E-07   2.16696708E-06   9.51902166E-07
 Kinematics :           37  theta, phi =    99.0000000       0.00000000      is bad !
 Kinematics :           38  theta, phi =    99.0000000       0.00000000       1.35137918E-06   2.57005581E-06   1.35137930E-06   9.51901256E-07   2.16696708E-06   9.51902166E-07
 Kinematics :           38  theta, phi =    99.0000000       0.00000000      is bad !
 Kinematics :           39  theta, phi =    99.0000000       0.00000000       1.35137918E-06   2.57005581E-06   1.35137930E-06   9.51901256E-07   2.16696708E-06   9.51902166E-07
 Kinematics :           39  theta, phi =    99.0000000       0.00000000      is bad !
 Kinematics :           40  theta, phi =    99.0000000       0.00000000       1.35137918E-06   2.57005581E-06   1.35137930E-06   9.51901256E-07   2.16696708E-06   9.51902166E-07
 Kinematics :           40  theta, phi =    99.0000000       0.00000000      is bad !
 Kinematics :           41  theta, phi =    99.0000000       0.00000000       1.35137918E-06   2.57005581E-06   1.35137930E-06   9.51901256E-07   2.16696708E-06   9.51902166E-07
 Kinematics :           41  theta, phi =    99.0000000       0.00000000      is bad !
 Kinematics :           42  theta, phi =    99.0000000       0.00000000       1.35137918E-06   2.57005581E-06   1.35137930E-06   9.51901256E-07   2.16696708E-06   9.51902166E-07
 Kinematics :           42  theta, phi =    99.0000000       0.00000000      is bad !
 Kinematics :           43  theta, phi =    99.0000000       0.00000000       1.35137918E-06   2.57005581E-06   1.35137930E-06   9.51901256E-07   2.16696708E-06   9.51902166E-07
 Kinematics :           43  theta, phi =    99.0000000       0.00000000      is bad !
 Kinematics :           44  theta, phi =    99.0000000       0.00000000       1.35137918E-06   2.57005581E-06   1.35137930E-06   9.51901256E-07   2.16696708E-06   9.51902166E-07
 Kinematics :           44  theta, phi =    99.0000000       0.00000000      is bad !
 Kinematics :           45  theta, phi =    99.0000000       0.00000000       1.35137918E-06   2.57005581E-06   1.35137930E-06   9.51901256E-07   2.16696708E-06   9.51902166E-07
 Kinematics :           45  theta, phi =    99.0000000       0.00000000      is bad !
 Kinematics :           46  theta, phi =    99.0000000       0.00000000       1.35137918E-06   2.57005581E-06   1.35137930E-06   9.51901256E-07   2.16696708E-06   9.51902166E-07
 Kinematics :           46  theta, phi =    99.0000000       0.00000000      is bad !
 Kinematics :           47  theta, phi =    99.0000000       0.00000000       1.35137918E-06   2.57005581E-06   1.35137930E-06   9.51901256E-07   2.16696708E-06   9.51902166E-07
 Kinematics :           47  theta, phi =    99.0000000       0.00000000      is bad !
 Kinematics :           48  theta, phi =    99.0000000       0.00000000       1.35137918E-06   2.57005581E-06   1.35137930E-06   9.51901256E-07   2.16696708E-06   9.51902166E-07
 Kinematics :           48  theta, phi =    99.0000000       0.00000000      is bad !
 Kinematics :           49  theta, phi =    99.0000000       0.00000000       1.35137918E-06   2.57005581E-06   1.35137930E-06   9.51901256E-07   2.16696708E-06   9.51902166E-07
 Kinematics :           49  theta, phi =    99.0000000       0.00000000      is bad !
 Kinematics :           50  theta, phi =    99.0000000       0.00000000       1.35137918E-06   2.57005581E-06   1.35137930E-06   9.51901256E-07   2.16696708E-06   9.51902166E-07
 Kinematics :           50  theta, phi =    99.0000000       0.00000000      is bad !
 Kinematics :           51  theta, phi =    99.0000000       0.00000000       1.35137918E-06   2.57005581E-06   1.35137930E-06   9.51901256E-07   2.16696708E-06   9.51902166E-07
 Kinematics :           51  theta, phi =    99.0000000       0.00000000      is bad !
