 Kinematics :            1  theta, phi =    99.0000000       0.00000000       172.432755       172.434692       172.432755       168.110397       169.066437       168.110397    
 Kinematics :            2  theta, phi =    99.0000000       0.00000000       83.9540558       82.1692657       83.9540329       81.1687927       80.0473099       81.1687698    
 Kinematics :            3  theta, phi =    99.0000000       0.00000000       22.2083282       20.3652000       22.2083282       20.8830433       19.3948841       20.8830452    
 Kinematics :            4  theta, phi =    99.0000000       0.00000000       6.41432714       5.26414967       6.41432714       5.73289156       4.78941488       5.73289204    
 Kinematics :            5  theta, phi =    99.0000000       0.00000000       2.20823145       1.54316652       2.20823050       1.90015805       1.35081577       1.90015805    
 Kinematics :            6  theta, phi =    99.0000000       0.00000000      0.876863837      0.493258893      0.876863837      0.708513975      0.399091989      0.708514333    
 Kinematics :            7  theta, phi =    99.0000000       0.00000000      0.387590438      0.164203227      0.387590438      0.298645258      0.122027054      0.298645586    
 Kinematics :            8  theta, phi =    99.0000000       0.00000000      0.185880572       5.46360798E-02  0.185880572      0.138858706       3.71864922E-02  0.138859600    
 Kinematics :            9  theta, phi =    99.0000000       0.00000000       9.50370431E-02   1.75053384E-02   9.50370431E-02   7.09554255E-02   1.17670028E-02   7.09557533E-02
 Kinematics :           10  theta, phi =    99.0000000       0.00000000       5.11711240E-02   5.30120498E-03   5.11711165E-02   3.82976234E-02   4.08823974E-03   3.82976271E-02
 Kinematics :           11  theta, phi =    99.0000000       0.00000000       2.87580322E-02   1.68614066E-03   2.87580322E-02   2.19273157E-02   2.26043770E-03   2.19273660E-02
 Kinematics :           12  theta, phi =    99.0000000       0.00000000       1.67489350E-02   8.78931140E-04   1.67489350E-02   1.27400644E-02   1.95784913E-03   1.27401128E-02
 Kinematics :           13  theta, phi =    99.0000000       0.00000000       1.00482805E-02   8.50637327E-04   1.00482814E-02   7.33328052E-03   1.91002630E-03   7.33330473E-03
 Kinematics :           14  theta, phi =    99.0000000       0.00000000       6.17619092E-03   9.35897580E-04   6.17619092E-03   4.54462925E-03   1.80715253E-03   4.54463996E-03
 Kinematics :           15  theta, phi =    99.0000000       0.00000000       3.87075101E-03   9.57107521E-04   3.87075078E-03   2.95281713E-03   1.58294151E-03   2.95282202E-03
 Kinematics :           16  theta, phi =    99.0000000       0.00000000       2.46182410E-03   8.98566446E-04   2.46182410E-03   1.93008455E-03   1.31632935E-03   1.93010387E-03
 Kinematics :           17  theta, phi =    99.0000000       0.00000000       1.58250134E-03   7.87619501E-04   1.58250134E-03   1.26587716E-03   1.04458502E-03   1.26587867E-03
 Kinematics :           18  theta, phi =    99.0000000       0.00000000       1.02419022E-03   6.54603180E-04   1.02419022E-03   8.27526150E-04   7.99011148E-04   8.27526674E-04
 Kinematics :           19  theta, phi =    99.0000000       0.00000000       6.64957275E-04   5.21307054E-04   6.64957159E-04   5.37703221E-04   5.92620461E-04   5.37707005E-04
 Kinematics :           20  theta, phi =    99.0000000       0.00000000       4.31640190E-04   4.00543824E-04   4.31639928E-04   3.47213587E-04   4.28574887E-04   3.47214838E-04
 Kinematics :           21  theta, phi =    99.0000000       0.00000000       2.79137603E-04   2.98074941E-04   2.79137661E-04   2.21868249E-04   3.03079752E-04   2.21868468E-04
 Kinematics :           22  theta, phi =    99.0000000       0.00000000       1.79183669E-04   2.15240143E-04   1.79183669E-04   1.40013071E-04   2.09588659E-04   1.40012897E-04
 Kinematics :           23  theta, phi =    99.0000000       0.00000000       1.13875300E-04   1.51036744E-04   1.13875285E-04   8.73592944E-05   1.41639990E-04   8.73595782E-05
 Kinematics :           24  theta, phi =    99.0000000       0.00000000       7.12518231E-05   1.02742779E-04   7.12518085E-05   5.34137653E-05   9.34939599E-05   5.34138489E-05
 Kinematics :           25  theta, phi =    99.0000000       0.00000000       4.36733426E-05   6.75659539E-05   4.36733426E-05   3.20094186E-05   5.98570150E-05   3.20095023E-05
 Kinematics :           26  theta, phi =    99.0000000       0.00000000       2.60083470E-05   4.26783263E-05   2.60083470E-05   1.86687776E-05   3.70633024E-05   1.86687976E-05
 Kinematics :           27  theta, phi =    99.0000000       0.00000000       1.48930349E-05   2.56474541E-05   1.48930339E-05   1.05214631E-05   2.19715621E-05   1.05214740E-05
 Kinematics :           28  theta, phi =    99.0000000       0.00000000       8.02003797E-06   1.43600164E-05   8.02003797E-06   5.60253648E-06   1.21969706E-05   5.60252602E-06
 Kinematics :           29  theta, phi =    99.0000000       0.00000000       3.90330115E-06   7.19739592E-06   3.90330069E-06   2.71469344E-06   6.09866402E-06   2.71467957E-06
 Kinematics :           30  theta, phi =    99.0000000       0.00000000       1.53104997E-06   2.88094566E-06   1.53104997E-06   1.06887080E-06   2.44176181E-06   1.06887308E-06
 Kinematics :           31  theta, phi =    99.0000000       0.00000000       2.49797665E-07   4.75065775E-07   2.49797665E-07   1.76686001E-07   4.06740583E-07   1.76687010E-07
 Kinematics :           32  theta, phi =    99.0000000       0.00000000       2.49797665E-07   4.75065775E-07   2.49797665E-07   1.76686001E-07   4.06740583E-07   1.76687010E-07
 Kinematics :           32  theta, phi =    99.0000000       0.00000000      is bad !
 Kinematics :           33  theta, phi =    99.0000000       0.00000000       2.49797665E-07   4.75065775E-07   2.49797665E-07   1.76686001E-07   4.06740583E-07   1.76687010E-07
 Kinematics :           33  theta, phi =    99.0000000       0.00000000      is bad !
 Kinematics :           34  theta, phi =    99.0000000       0.00000000       2.49797665E-07   4.75065775E-07   2.49797665E-07   1.76686001E-07   4.06740583E-07   1.76687010E-07
 Kinematics :           34  theta, phi =    99.0000000       0.00000000      is bad !
 Kinematics :           35  theta, phi =    99.0000000       0.00000000       2.49797665E-07   4.75065775E-07   2.49797665E-07   1.76686001E-07   4.06740583E-07   1.76687010E-07
 Kinematics :           35  theta, phi =    99.0000000       0.00000000      is bad !
 Kinematics :           36  theta, phi =    99.0000000       0.00000000       2.49797665E-07   4.75065775E-07   2.49797665E-07   1.76686001E-07   4.06740583E-07   1.76687010E-07
 Kinematics :           36  theta, phi =    99.0000000       0.00000000      is bad !
 Kinematics :           37  theta, phi =    99.0000000       0.00000000       2.49797665E-07   4.75065775E-07   2.49797665E-07   1.76686001E-07   4.06740583E-07   1.76687010E-07
 Kinematics :           37  theta, phi =    99.0000000       0.00000000      is bad !
 Kinematics :           38  theta, phi =    99.0000000       0.00000000       2.49797665E-07   4.75065775E-07   2.49797665E-07   1.76686001E-07   4.06740583E-07   1.76687010E-07
 Kinematics :           38  theta, phi =    99.0000000       0.00000000      is bad !
 Kinematics :           39  theta, phi =    99.0000000       0.00000000       2.49797665E-07   4.75065775E-07   2.49797665E-07   1.76686001E-07   4.06740583E-07   1.76687010E-07
 Kinematics :           39  theta, phi =    99.0000000       0.00000000      is bad !
 Kinematics :           40  theta, phi =    99.0000000       0.00000000       2.49797665E-07   4.75065775E-07   2.49797665E-07   1.76686001E-07   4.06740583E-07   1.76687010E-07
 Kinematics :           40  theta, phi =    99.0000000       0.00000000      is bad !
 Kinematics :           41  theta, phi =    99.0000000       0.00000000       2.49797665E-07   4.75065775E-07   2.49797665E-07   1.76686001E-07   4.06740583E-07   1.76687010E-07
 Kinematics :           41  theta, phi =    99.0000000       0.00000000      is bad !
 Kinematics :           42  theta, phi =    99.0000000       0.00000000       2.49797665E-07   4.75065775E-07   2.49797665E-07   1.76686001E-07   4.06740583E-07   1.76687010E-07
 Kinematics :           42  theta, phi =    99.0000000       0.00000000      is bad !
 Kinematics :           43  theta, phi =    99.0000000       0.00000000       2.49797665E-07   4.75065775E-07   2.49797665E-07   1.76686001E-07   4.06740583E-07   1.76687010E-07
 Kinematics :           43  theta, phi =    99.0000000       0.00000000      is bad !
 Kinematics :           44  theta, phi =    99.0000000       0.00000000       2.49797665E-07   4.75065775E-07   2.49797665E-07   1.76686001E-07   4.06740583E-07   1.76687010E-07
 Kinematics :           44  theta, phi =    99.0000000       0.00000000      is bad !
 Kinematics :           45  theta, phi =    99.0000000       0.00000000       2.49797665E-07   4.75065775E-07   2.49797665E-07   1.76686001E-07   4.06740583E-07   1.76687010E-07
 Kinematics :           45  theta, phi =    99.0000000       0.00000000      is bad !
 Kinematics :           46  theta, phi =    99.0000000       0.00000000       2.49797665E-07   4.75065775E-07   2.49797665E-07   1.76686001E-07   4.06740583E-07   1.76687010E-07
 Kinematics :           46  theta, phi =    99.0000000       0.00000000      is bad !
 Kinematics :           47  theta, phi =    99.0000000       0.00000000       2.49797665E-07   4.75065775E-07   2.49797665E-07   1.76686001E-07   4.06740583E-07   1.76687010E-07
 Kinematics :           47  theta, phi =    99.0000000       0.00000000      is bad !
 Kinematics :           48  theta, phi =    99.0000000       0.00000000       2.49797665E-07   4.75065775E-07   2.49797665E-07   1.76686001E-07   4.06740583E-07   1.76687010E-07
 Kinematics :           48  theta, phi =    99.0000000       0.00000000      is bad !
 Kinematics :           49  theta, phi =    99.0000000       0.00000000       2.49797665E-07   4.75065775E-07   2.49797665E-07   1.76686001E-07   4.06740583E-07   1.76687010E-07
 Kinematics :           49  theta, phi =    99.0000000       0.00000000      is bad !
 Kinematics :           50  theta, phi =    99.0000000       0.00000000       2.49797665E-07   4.75065775E-07   2.49797665E-07   1.76686001E-07   4.06740583E-07   1.76687010E-07
 Kinematics :           50  theta, phi =    99.0000000       0.00000000      is bad !
 Kinematics :           51  theta, phi =    99.0000000       0.00000000       2.49797665E-07   4.75065775E-07   2.49797665E-07   1.76686001E-07   4.06740583E-07   1.76687010E-07
 Kinematics :           51  theta, phi =    99.0000000       0.00000000      is bad !
