 Kinematics :            1  theta, phi =    99.0000000       0.00000000       438.329712       438.334564       438.329712       428.092102       430.473419       428.092102    
 Kinematics :            2  theta, phi =    99.0000000       0.00000000       214.348328       209.791489       214.348328       207.383896       204.516418       207.383896    
 Kinematics :            3  theta, phi =    99.0000000       0.00000000       56.9532356       52.2265244       56.9532356       53.5403328       49.7334747       53.5403328    
 Kinematics :            4  theta, phi =    99.0000000       0.00000000       16.5241508       13.5611420       16.5241508       14.8835974       12.4320660       14.8835955    
 Kinematics :            5  theta, phi =    99.0000000       0.00000000       5.71528292       3.99398184       5.71528292       4.87648201       3.46489382       4.87648296    
 Kinematics :            6  theta, phi =    99.0000000       0.00000000       2.28049278       1.28283703       2.28049278       1.85033703       1.04184842       1.85033774    
 Kinematics :            7  theta, phi =    99.0000000       0.00000000       1.01311314      0.429206818       1.01311314      0.785707474      0.320815951      0.785707712    
 Kinematics :            8  theta, phi =    99.0000000       0.00000000      0.488457233      0.143572807      0.488457233      0.370830685      0.100408599      0.370831043    
 Kinematics :            9  theta, phi =    99.0000000       0.00000000      0.251142353       4.62591425E-02  0.251142353      0.188271150       3.08023486E-02  0.188271359    
 Kinematics :           10  theta, phi =    99.0000000       0.00000000      0.136032328       1.40926270E-02  0.136032313      0.103365444       1.13097467E-02  0.103365444    
 Kinematics :           11  theta, phi =    99.0000000       0.00000000       7.69398585E-02   4.51113656E-03   7.69398585E-02   5.95127121E-02   6.18111761E-03   5.95128499E-02
 Kinematics :           12  theta, phi =    99.0000000       0.00000000       4.51197736E-02   2.36774329E-03   4.51197736E-02   3.53421904E-02   5.01109054E-03   3.53423469E-02
 Kinematics :           13  theta, phi =    99.0000000       0.00000000       2.72716321E-02   2.30868068E-03   2.72716321E-02   2.12410912E-02   4.97447094E-03   2.12412961E-02
 Kinematics :           14  theta, phi =    99.0000000       0.00000000       1.68994796E-02   2.56083114E-03   1.68994796E-02   1.30681954E-02   4.77381516E-03   1.30682914E-02
 Kinematics :           15  theta, phi =    99.0000000       0.00000000       1.06863156E-02   2.64236936E-03   1.06863156E-02   8.23958311E-03   4.24760766E-03   8.23964551E-03
 Kinematics :           16  theta, phi =    99.0000000       0.00000000       6.86399778E-03   2.50536110E-03   6.86399778E-03   5.37918229E-03   3.61045147E-03   5.37919393E-03
 Kinematics :           17  theta, phi =    99.0000000       0.00000000       4.46100114E-03   2.22026487E-03   4.46100067E-03   3.56008578E-03   2.89801345E-03   3.56008601E-03
 Kinematics :           18  theta, phi =    99.0000000       0.00000000       2.92292936E-03   1.86816778E-03   2.92293006E-03   2.35378137E-03   2.24430719E-03   2.35378789E-03
 Kinematics :           19  theta, phi =    99.0000000       0.00000000       1.92435365E-03   1.50863722E-03   1.92435365E-03   1.54918060E-03   1.68917887E-03   1.54918688E-03
 Kinematics :           20  theta, phi =    99.0000000       0.00000000       1.26920175E-03   1.17776578E-03   1.26920186E-03   1.01587211E-03   1.24144647E-03   1.01587898E-03
 Kinematics :           21  theta, phi =    99.0000000       0.00000000       8.36032559E-04   8.92750861E-04   8.36032559E-04   6.60537975E-04   8.94511468E-04   6.60543330E-04
 Kinematics :           22  theta, phi =    99.0000000       0.00000000       5.48365060E-04   6.58710604E-04   5.48365060E-04   4.26117913E-04   6.31241885E-04   4.26117360E-04
 Kinematics :           23  theta, phi =    99.0000000       0.00000000       3.57569108E-04   4.74256231E-04   3.57569050E-04   2.72310106E-04   4.37877112E-04   2.72310717E-04
 Kinematics :           24  theta, phi =    99.0000000       0.00000000       2.30828533E-04   3.32847121E-04   2.30828533E-04   1.72168438E-04   2.97899853E-04   1.72167915E-04
 Kinematics :           25  theta, phi =    99.0000000       0.00000000       1.47105660E-04   2.27583572E-04   1.47105660E-04   1.07301341E-04   1.98797352E-04   1.07301494E-04
 Kinematics :           26  theta, phi =    99.0000000       0.00000000       9.21244500E-05   1.51171364E-04   9.21244427E-05   6.58652862E-05   1.29383567E-04   6.58650752E-05
 Kinematics :           27  theta, phi =    99.0000000       0.00000000       5.64682086E-05   9.72445123E-05   5.64682123E-05   3.96966461E-05   8.20620626E-05   3.96966279E-05
 Kinematics :           28  theta, phi =    99.0000000       0.00000000       3.35596997E-05   6.00892199E-05   3.35596924E-05   2.33350820E-05   5.02478324E-05   2.33351311E-05
 Kinematics :           29  theta, phi =    99.0000000       0.00000000       1.91490799E-05   3.53094765E-05   1.91490781E-05   1.32476052E-05   2.93764551E-05   1.32474197E-05
 Kinematics :           30  theta, phi =    99.0000000       0.00000000       1.02666763E-05   1.93185988E-05   1.02666763E-05   7.13078316E-06   1.60110903E-05   7.13073905E-06
 Kinematics :           31  theta, phi =    99.0000000       0.00000000       4.94750566E-06   9.40917562E-06   4.94750566E-06   3.45702620E-06   7.85925204E-06   3.45708690E-06
 Kinematics :           32  theta, phi =    99.0000000       0.00000000       1.89793820E-06   3.60947956E-06   1.89793832E-06   1.34083336E-06   3.06563834E-06   1.34083950E-06
 Kinematics :           33  theta, phi =    99.0000000       0.00000000       2.61896759E-07   4.92168795E-07   2.61896702E-07   1.89388956E-07   4.27338733E-07   1.89387322E-07
 Kinematics :           34  theta, phi =    99.0000000       0.00000000       2.61896759E-07   4.92168795E-07   2.61896702E-07   1.89388956E-07   4.27338733E-07   1.89387322E-07
 Kinematics :           34  theta, phi =    99.0000000       0.00000000      is bad !
 Kinematics :           35  theta, phi =    99.0000000       0.00000000       2.61896759E-07   4.92168795E-07   2.61896702E-07   1.89388956E-07   4.27338733E-07   1.89387322E-07
 Kinematics :           35  theta, phi =    99.0000000       0.00000000      is bad !
 Kinematics :           36  theta, phi =    99.0000000       0.00000000       2.61896759E-07   4.92168795E-07   2.61896702E-07   1.89388956E-07   4.27338733E-07   1.89387322E-07
 Kinematics :           36  theta, phi =    99.0000000       0.00000000      is bad !
 Kinematics :           37  theta, phi =    99.0000000       0.00000000       2.61896759E-07   4.92168795E-07   2.61896702E-07   1.89388956E-07   4.27338733E-07   1.89387322E-07
 Kinematics :           37  theta, phi =    99.0000000       0.00000000      is bad !
 Kinematics :           38  theta, phi =    99.0000000       0.00000000       2.61896759E-07   4.92168795E-07   2.61896702E-07   1.89388956E-07   4.27338733E-07   1.89387322E-07
 Kinematics :           38  theta, phi =    99.0000000       0.00000000      is bad !
 Kinematics :           39  theta, phi =    99.0000000       0.00000000       2.61896759E-07   4.92168795E-07   2.61896702E-07   1.89388956E-07   4.27338733E-07   1.89387322E-07
 Kinematics :           39  theta, phi =    99.0000000       0.00000000      is bad !
 Kinematics :           40  theta, phi =    99.0000000       0.00000000       2.61896759E-07   4.92168795E-07   2.61896702E-07   1.89388956E-07   4.27338733E-07   1.89387322E-07
 Kinematics :           40  theta, phi =    99.0000000       0.00000000      is bad !
 Kinematics :           41  theta, phi =    99.0000000       0.00000000       2.61896759E-07   4.92168795E-07   2.61896702E-07   1.89388956E-07   4.27338733E-07   1.89387322E-07
 Kinematics :           41  theta, phi =    99.0000000       0.00000000      is bad !
 Kinematics :           42  theta, phi =    99.0000000       0.00000000       2.61896759E-07   4.92168795E-07   2.61896702E-07   1.89388956E-07   4.27338733E-07   1.89387322E-07
 Kinematics :           42  theta, phi =    99.0000000       0.00000000      is bad !
 Kinematics :           43  theta, phi =    99.0000000       0.00000000       2.61896759E-07   4.92168795E-07   2.61896702E-07   1.89388956E-07   4.27338733E-07   1.89387322E-07
 Kinematics :           43  theta, phi =    99.0000000       0.00000000      is bad !
 Kinematics :           44  theta, phi =    99.0000000       0.00000000       2.61896759E-07   4.92168795E-07   2.61896702E-07   1.89388956E-07   4.27338733E-07   1.89387322E-07
 Kinematics :           44  theta, phi =    99.0000000       0.00000000      is bad !
 Kinematics :           45  theta, phi =    99.0000000       0.00000000       2.61896759E-07   4.92168795E-07   2.61896702E-07   1.89388956E-07   4.27338733E-07   1.89387322E-07
 Kinematics :           45  theta, phi =    99.0000000       0.00000000      is bad !
 Kinematics :           46  theta, phi =    99.0000000       0.00000000       2.61896759E-07   4.92168795E-07   2.61896702E-07   1.89388956E-07   4.27338733E-07   1.89387322E-07
 Kinematics :           46  theta, phi =    99.0000000       0.00000000      is bad !
 Kinematics :           47  theta, phi =    99.0000000       0.00000000       2.61896759E-07   4.92168795E-07   2.61896702E-07   1.89388956E-07   4.27338733E-07   1.89387322E-07
 Kinematics :           47  theta, phi =    99.0000000       0.00000000      is bad !
 Kinematics :           48  theta, phi =    99.0000000       0.00000000       2.61896759E-07   4.92168795E-07   2.61896702E-07   1.89388956E-07   4.27338733E-07   1.89387322E-07
 Kinematics :           48  theta, phi =    99.0000000       0.00000000      is bad !
 Kinematics :           49  theta, phi =    99.0000000       0.00000000       2.61896759E-07   4.92168795E-07   2.61896702E-07   1.89388956E-07   4.27338733E-07   1.89387322E-07
 Kinematics :           49  theta, phi =    99.0000000       0.00000000      is bad !
 Kinematics :           50  theta, phi =    99.0000000       0.00000000       2.61896759E-07   4.92168795E-07   2.61896702E-07   1.89388956E-07   4.27338733E-07   1.89387322E-07
 Kinematics :           50  theta, phi =    99.0000000       0.00000000      is bad !
 Kinematics :           51  theta, phi =    99.0000000       0.00000000       2.61896759E-07   4.92168795E-07   2.61896702E-07   1.89388956E-07   4.27338733E-07   1.89387322E-07
 Kinematics :           51  theta, phi =    99.0000000       0.00000000      is bad !
