 Kinematics :            1  theta, phi =    93.0000000       0.00000000       2376.09253       2376.11938       2376.09253       2319.68896       2332.71362       2319.68896    
 Kinematics :            2  theta, phi =    93.0000000       0.00000000       1182.00684       1155.12415       1182.00684       1143.15393       1125.83057       1143.15393    
 Kinematics :            3  theta, phi =    93.0000000       0.00000000       318.639526       290.388916       318.639526       299.123749       276.141113       299.123718    
 Kinematics :            4  theta, phi =    93.0000000       0.00000000       94.0459824       76.0712204       94.0459824       83.9740753       69.1248550       83.9740753    
 Kinematics :            5  theta, phi =    93.0000000       0.00000000       33.1145248       22.5143719       33.1145248       27.7908134       19.1459198       27.7908230    
 Kinematics :            6  theta, phi =    93.0000000       0.00000000       13.4587431       7.22061110       13.4587440       10.5954266       5.62471676       10.5953827    
 Kinematics :            7  theta, phi =    93.0000000       0.00000000       6.09229708       2.38406992       6.09229708       4.53641796       1.66245997       4.53645277    
 Kinematics :            8  theta, phi =    93.0000000       0.00000000       2.99337006      0.767979980       2.99337029       2.23864818      0.524387956       2.23865294    
 Kinematics :            9  theta, phi =    93.0000000       0.00000000       1.56850719      0.224588856       1.56850731       1.14722705      0.151364043       1.14722919    
 Kinematics :           10  theta, phi =    93.0000000       0.00000000      0.865776718       5.21896444E-02  0.865776718      0.650614321       6.24374077E-02  0.650615454    
 Kinematics :           11  theta, phi =    93.0000000       0.00000000      0.498973131       7.06571527E-03  0.498973161      0.396392226       4.70679440E-02  0.396393925    
 Kinematics :           12  theta, phi =    93.0000000       0.00000000      0.298163742       2.34200084E-03  0.298163772      0.245990947       4.47481498E-02  0.245991409    
 Kinematics :           13  theta, phi =    93.0000000       0.00000000      0.183667213       7.50099169E-03  0.183667198      0.154329211       4.31488715E-02  0.154330119    
 Kinematics :           14  theta, phi =    93.0000000       0.00000000      0.116042845       1.27127375E-02  0.116042845      0.102178477       3.94549631E-02  0.102179684    
 Kinematics :           15  theta, phi =    93.0000000       0.00000000       7.48761669E-02   1.55964438E-02   7.48761669E-02   6.63053542E-02   3.44679132E-02   6.63056597E-02
 Kinematics :           16  theta, phi =    93.0000000       0.00000000       4.91409153E-02   1.62282828E-02   4.91409153E-02   4.32764105E-02   2.91743726E-02   4.32766452E-02
 Kinematics :           17  theta, phi =    93.0000000       0.00000000       3.26763391E-02   1.53128635E-02   3.26763354E-02   2.80437674E-02   2.37205196E-02   2.80439034E-02
 Kinematics :           18  theta, phi =    93.0000000       0.00000000       2.19561700E-02   1.35467993E-02   2.19561756E-02   1.83994770E-02   1.92856714E-02   1.83995962E-02
 Kinematics :           19  theta, phi =    93.0000000       0.00000000       1.48639278E-02   1.14442753E-02   1.48639297E-02   1.20871104E-02   1.49783799E-02   1.20871635E-02
 Kinematics :           20  theta, phi =    93.0000000       0.00000000       1.01117045E-02   9.33223590E-03   1.01117054E-02   8.06691870E-03   1.13008339E-02   8.06694292E-03
 Kinematics :           21  theta, phi =    93.0000000       0.00000000       6.90145930E-03   7.40341283E-03   6.90145604E-03   5.43322507E-03   8.33110791E-03   5.43324929E-03
 Kinematics :           22  theta, phi =    93.0000000       0.00000000       4.71348781E-03   5.73393097E-03   4.71348781E-03   3.65306903E-03   6.04932616E-03   3.65307229E-03
 Kinematics :           23  theta, phi =    93.0000000       0.00000000       3.21882823E-03   4.35166107E-03   3.21882823E-03   2.44771945E-03   4.34065191E-03   2.44772807E-03
 Kinematics :           24  theta, phi =    93.0000000       0.00000000       2.19262182E-03   3.24074202E-03   2.19262182E-03   1.63112208E-03   3.07847862E-03   1.63113070E-03
 Kinematics :           25  theta, phi =    93.0000000       0.00000000       1.48874440E-03   2.37183925E-03   1.48874440E-03   1.08145003E-03   2.15919781E-03   1.08145631E-03
 Kinematics :           26  theta, phi =    93.0000000       0.00000000       1.00573339E-03   1.70615641E-03   1.00573350E-03   7.13863643E-04   1.49803970E-03   7.13862188E-04
 Kinematics :           27  theta, phi =    93.0000000       0.00000000       6.75750547E-04   1.20697753E-03   6.75750547E-04   4.69560327E-04   1.02900562E-03   4.69558901E-04
 Kinematics :           28  theta, phi =    93.0000000       0.00000000       4.50467021E-04   8.38826527E-04   4.50467021E-04   3.07035487E-04   6.97277545E-04   3.07033682E-04
 Kinematics :           29  theta, phi =    93.0000000       0.00000000       2.98051338E-04   5.72715653E-04   2.98051338E-04   1.99969902E-04   4.68473707E-04   1.99969727E-04
 Kinematics :           30  theta, phi =    93.0000000       0.00000000       1.95140528E-04   3.83202976E-04   1.95140557E-04   1.29377659E-04   3.09402734E-04   1.29377688E-04
 Kinematics :           31  theta, phi =    93.0000000       0.00000000       1.26372819E-04   2.50989367E-04   1.26372819E-04   8.33109589E-05   2.00987168E-04   8.33113736E-05
 Kinematics :           32  theta, phi =    93.0000000       0.00000000       8.07449760E-05   1.60367606E-04   8.07449687E-05   5.32584891E-05   1.27836975E-04   5.32588092E-05
 Kinematics :           33  theta, phi =    93.0000000       0.00000000       5.07578552E-05   9.95327136E-05   5.07578588E-05   3.37662750E-05   7.91589118E-05   3.37662423E-05
 Kinematics :           34  theta, phi =    93.0000000       0.00000000       3.13081946E-05   5.97863909E-05   3.13081946E-05   2.10720900E-05   4.78488291E-05   2.10717735E-05
 Kinematics :           35  theta, phi =    93.0000000       0.00000000       1.88102767E-05   3.44045475E-05   1.88102731E-05   1.27978474E-05   2.79640026E-05   1.27979829E-05
 Kinematics :           36  theta, phi =    93.0000000       0.00000000       1.08928853E-05   1.87291062E-05   1.08928843E-05   7.53472295E-06   1.54507670E-05   7.53458835E-06
 Kinematics :           37  theta, phi =    93.0000000       0.00000000       5.90858963E-06   9.31404429E-06   5.90858872E-06   4.12726422E-06   7.84415352E-06   4.12726558E-06
 Kinematics :           38  theta, phi =    93.0000000       0.00000000       2.86955924E-06   4.05243100E-06   2.86955924E-06   2.03262516E-06   3.49495804E-06   2.03265267E-06
 Kinematics :           39  theta, phi =    93.0000000       0.00000000       1.04662138E-06   1.27974306E-06   1.04662115E-06   7.51779680E-07   1.13572196E-06   7.51781499E-07
 Kinematics :           40  theta, phi =    93.0000000       0.00000000       1.04662138E-06   1.27974306E-06   1.04662115E-06   7.51779680E-07   1.13572196E-06   7.51781499E-07
 Kinematics :           40  theta, phi =    93.0000000       0.00000000      is bad !
 Kinematics :           41  theta, phi =    93.0000000       0.00000000       1.04662138E-06   1.27974306E-06   1.04662115E-06   7.51779680E-07   1.13572196E-06   7.51781499E-07
 Kinematics :           41  theta, phi =    93.0000000       0.00000000      is bad !
 Kinematics :           42  theta, phi =    93.0000000       0.00000000       1.04662138E-06   1.27974306E-06   1.04662115E-06   7.51779680E-07   1.13572196E-06   7.51781499E-07
 Kinematics :           42  theta, phi =    93.0000000       0.00000000      is bad !
 Kinematics :           43  theta, phi =    93.0000000       0.00000000       1.04662138E-06   1.27974306E-06   1.04662115E-06   7.51779680E-07   1.13572196E-06   7.51781499E-07
 Kinematics :           43  theta, phi =    93.0000000       0.00000000      is bad !
 Kinematics :           44  theta, phi =    93.0000000       0.00000000       1.04662138E-06   1.27974306E-06   1.04662115E-06   7.51779680E-07   1.13572196E-06   7.51781499E-07
 Kinematics :           44  theta, phi =    93.0000000       0.00000000      is bad !
 Kinematics :           45  theta, phi =    93.0000000       0.00000000       1.04662138E-06   1.27974306E-06   1.04662115E-06   7.51779680E-07   1.13572196E-06   7.51781499E-07
 Kinematics :           45  theta, phi =    93.0000000       0.00000000      is bad !
 Kinematics :           46  theta, phi =    93.0000000       0.00000000       1.04662138E-06   1.27974306E-06   1.04662115E-06   7.51779680E-07   1.13572196E-06   7.51781499E-07
 Kinematics :           46  theta, phi =    93.0000000       0.00000000      is bad !
 Kinematics :           47  theta, phi =    93.0000000       0.00000000       1.04662138E-06   1.27974306E-06   1.04662115E-06   7.51779680E-07   1.13572196E-06   7.51781499E-07
 Kinematics :           47  theta, phi =    93.0000000       0.00000000      is bad !
 Kinematics :           48  theta, phi =    93.0000000       0.00000000       1.04662138E-06   1.27974306E-06   1.04662115E-06   7.51779680E-07   1.13572196E-06   7.51781499E-07
 Kinematics :           48  theta, phi =    93.0000000       0.00000000      is bad !
 Kinematics :           49  theta, phi =    93.0000000       0.00000000       1.04662138E-06   1.27974306E-06   1.04662115E-06   7.51779680E-07   1.13572196E-06   7.51781499E-07
 Kinematics :           49  theta, phi =    93.0000000       0.00000000      is bad !
 Kinematics :           50  theta, phi =    93.0000000       0.00000000       1.04662138E-06   1.27974306E-06   1.04662115E-06   7.51779680E-07   1.13572196E-06   7.51781499E-07
 Kinematics :           50  theta, phi =    93.0000000       0.00000000      is bad !
 Kinematics :           51  theta, phi =    93.0000000       0.00000000       1.04662138E-06   1.27974306E-06   1.04662115E-06   7.51779680E-07   1.13572196E-06   7.51781499E-07
 Kinematics :           51  theta, phi =    93.0000000       0.00000000      is bad !
