 Kinematics :            1  theta, phi =    96.0000000       0.00000000       10110.2080       10110.3223       10110.2080       9857.37793       9915.68359       9857.37793    
 Kinematics :            2  theta, phi =    96.0000000       0.00000000       5025.02686       4913.55078       5025.02686       4853.24951       4783.49414       4853.24951    
 Kinematics :            3  theta, phi =    96.0000000       0.00000000       1357.59583       1240.12634       1357.59595       1272.39709       1177.74329       1272.39697    
 Kinematics :            4  theta, phi =    96.0000000       0.00000000       400.660187       325.861450       400.660187       358.548553       296.855316       358.548615    
 Kinematics :            5  theta, phi =    96.0000000       0.00000000       141.007217       96.8711472       141.007217       120.732155       84.1500015       120.732178    
 Kinematics :            6  theta, phi =    96.0000000       0.00000000       57.2666321       31.2814541       57.2666397       46.1769638       25.0818462       46.1769867    
 Kinematics :            7  theta, phi =    96.0000000       0.00000000       25.8998089       10.4480228       25.8998108       20.0397034       7.68718290       20.0397339    
 Kinematics :            8  theta, phi =    96.0000000       0.00000000       12.7144728       3.43920660       12.7144728       9.65396404       2.33998966       9.65397167    
 Kinematics :            9  theta, phi =    96.0000000       0.00000000       6.65711498       1.05484021       6.65711451       5.15026665      0.760008991       5.15027237    
 Kinematics :           10  theta, phi =    96.0000000       0.00000000       3.67251182      0.280535996       3.67251182       2.93113375      0.286812991       2.93114185    
 Kinematics :           11  theta, phi =    96.0000000       0.00000000       2.11597610       6.49317130E-02   2.11597610       1.73186684      0.171792209       1.73187268    
 Kinematics :           12  theta, phi =    96.0000000       0.00000000       1.26444733       3.08969654E-02   1.26444733       1.23021173      0.215305924       1.23021400    
 Kinematics :           13  theta, phi =    96.0000000       0.00000000      0.779176295       4.45129052E-02  0.779176295      0.671512246      0.147693232      0.671515107    
 Kinematics :           14  theta, phi =    96.0000000       0.00000000      0.492681950       6.16769940E-02  0.492682010      0.433115304      0.136356533      0.433116049    
 Kinematics :           15  theta, phi =    96.0000000       0.00000000      0.318159580       7.08881095E-02  0.318159580      0.279567182      0.121294692      0.279567927    
 Kinematics :           16  theta, phi =    96.0000000       0.00000000      0.209020957       7.17460811E-02  0.209020957      0.181870610      0.104005344      0.181871578    
 Kinematics :           17  theta, phi =    96.0000000       0.00000000      0.139198244       6.67453930E-02  0.139198244      0.119411923       8.60069469E-02  0.119412303    
 Kinematics :           18  theta, phi =    96.0000000       0.00000000       9.36701074E-02   5.85712567E-02   9.36701149E-02   7.86139071E-02   7.07251951E-02   7.86146745E-02
 Kinematics :           19  theta, phi =    96.0000000       0.00000000       6.35130852E-02   4.92357686E-02   6.35130852E-02   5.19208722E-02   5.62846027E-02   5.19211330E-02
 Kinematics :           20  theta, phi =    96.0000000       0.00000000       4.32780571E-02   4.00224775E-02   4.32780571E-02   3.46682444E-02   4.32347208E-02   3.46683674E-02
 Kinematics :           21  theta, phi =    96.0000000       0.00000000       2.95882523E-02   3.16857062E-02   2.95882560E-02   2.33314019E-02   3.22201103E-02   2.33314112E-02
 Kinematics :           22  theta, phi =    96.0000000       0.00000000       2.02425383E-02   2.45087780E-02   2.02425402E-02   1.56968068E-02   2.36517899E-02   1.56967640E-02
 Kinematics :           23  theta, phi =    96.0000000       0.00000000       1.38475774E-02   1.85866356E-02   1.38475774E-02   1.05425501E-02   1.71604175E-02   1.05425566E-02
 Kinematics :           24  theta, phi =    96.0000000       0.00000000       9.44928825E-03   1.38370721E-02   9.44928825E-03   7.06050312E-03   1.23200091E-02   7.06052314E-03
 Kinematics :           25  theta, phi =    96.0000000       0.00000000       6.42718840E-03   1.01271411E-02   6.42718934E-03   4.71253134E-03   8.76280945E-03   4.71251691E-03
 Kinematics :           26  theta, phi =    96.0000000       0.00000000       4.34923824E-03   7.28711486E-03   4.34923824E-03   3.14063905E-03   6.12413837E-03   3.14063253E-03
 Kinematics :           27  theta, phi =    96.0000000       0.00000000       2.92782835E-03   5.15831262E-03   2.92782811E-03   2.08725245E-03   4.27697273E-03   2.08728877E-03
 Kinematics :           28  theta, phi =    96.0000000       0.00000000       1.95489125E-03   3.58690135E-03   1.95489125E-03   1.38025091E-03   2.94355559E-03   1.38024997E-03
 Kinematics :           29  theta, phi =    96.0000000       0.00000000       1.29539857E-03   2.45081820E-03   1.29539834E-03   9.11217066E-04   1.99957611E-03   9.11225041E-04
 Kinematics :           30  theta, phi =    96.0000000       0.00000000       8.49987264E-04   1.64248550E-03   8.49987264E-04   5.97594830E-04   1.33637304E-03   5.97599428E-04
 Kinematics :           31  theta, phi =    96.0000000       0.00000000       5.50840690E-04   1.07630272E-03   5.50840690E-04   3.89505120E-04   8.75772210E-04   3.89500114E-04
 Kinematics :           32  theta, phi =    96.0000000       0.00000000       3.52168601E-04   6.88107277E-04   3.52168659E-04   2.50753248E-04   5.64631133E-04   2.50757264E-04
 Kinematics :           33  theta, phi =    96.0000000       0.00000000       2.21378359E-04   4.27206978E-04   2.21378374E-04   1.59172312E-04   3.55214783E-04   1.59170886E-04
 Kinematics :           34  theta, phi =    96.0000000       0.00000000       1.36385876E-04   2.56469706E-04   1.36385876E-04   9.90515400E-05   2.16361295E-04   9.90523185E-05
 Kinematics :           35  theta, phi =    96.0000000       0.00000000       8.16800894E-05   1.47269442E-04   8.16801185E-05   6.00834137E-05   1.26101731E-04   6.00837775E-05
 Kinematics :           36  theta, phi =    96.0000000       0.00000000       4.69852384E-05   7.97542307E-05   4.69852457E-05   3.50607042E-05   6.95672206E-05   3.50605442E-05
 Kinematics :           37  theta, phi =    96.0000000       0.00000000       2.51478377E-05   3.92160728E-05   2.51478414E-05   1.90034643E-05   3.49320289E-05   1.90029386E-05
 Kinematics :           38  theta, phi =    96.0000000       0.00000000       1.18632361E-05   1.65951551E-05   1.18632397E-05   9.08215861E-06   1.51689501E-05   9.08197580E-06
 Kinematics :           39  theta, phi =    96.0000000       0.00000000       3.94889139E-06   4.80509925E-06   3.94888957E-06   3.04581727E-06   4.53633083E-06   3.04586547E-06
 Kinematics :           40  theta, phi =    96.0000000       0.00000000       3.94889139E-06   4.80509925E-06   3.94888957E-06   3.04581727E-06   4.53633083E-06   3.04586547E-06
 Kinematics :           40  theta, phi =    96.0000000       0.00000000      is bad !
 Kinematics :           41  theta, phi =    96.0000000       0.00000000       3.94889139E-06   4.80509925E-06   3.94888957E-06   3.04581727E-06   4.53633083E-06   3.04586547E-06
 Kinematics :           41  theta, phi =    96.0000000       0.00000000      is bad !
 Kinematics :           42  theta, phi =    96.0000000       0.00000000       3.94889139E-06   4.80509925E-06   3.94888957E-06   3.04581727E-06   4.53633083E-06   3.04586547E-06
 Kinematics :           42  theta, phi =    96.0000000       0.00000000      is bad !
 Kinematics :           43  theta, phi =    96.0000000       0.00000000       3.94889139E-06   4.80509925E-06   3.94888957E-06   3.04581727E-06   4.53633083E-06   3.04586547E-06
 Kinematics :           43  theta, phi =    96.0000000       0.00000000      is bad !
 Kinematics :           44  theta, phi =    96.0000000       0.00000000       3.94889139E-06   4.80509925E-06   3.94888957E-06   3.04581727E-06   4.53633083E-06   3.04586547E-06
 Kinematics :           44  theta, phi =    96.0000000       0.00000000      is bad !
 Kinematics :           45  theta, phi =    96.0000000       0.00000000       3.94889139E-06   4.80509925E-06   3.94888957E-06   3.04581727E-06   4.53633083E-06   3.04586547E-06
 Kinematics :           45  theta, phi =    96.0000000       0.00000000      is bad !
 Kinematics :           46  theta, phi =    96.0000000       0.00000000       3.94889139E-06   4.80509925E-06   3.94888957E-06   3.04581727E-06   4.53633083E-06   3.04586547E-06
 Kinematics :           46  theta, phi =    96.0000000       0.00000000      is bad !
 Kinematics :           47  theta, phi =    96.0000000       0.00000000       3.94889139E-06   4.80509925E-06   3.94888957E-06   3.04581727E-06   4.53633083E-06   3.04586547E-06
 Kinematics :           47  theta, phi =    96.0000000       0.00000000      is bad !
 Kinematics :           48  theta, phi =    96.0000000       0.00000000       3.94889139E-06   4.80509925E-06   3.94888957E-06   3.04581727E-06   4.53633083E-06   3.04586547E-06
 Kinematics :           48  theta, phi =    96.0000000       0.00000000      is bad !
 Kinematics :           49  theta, phi =    96.0000000       0.00000000       3.94889139E-06   4.80509925E-06   3.94888957E-06   3.04581727E-06   4.53633083E-06   3.04586547E-06
 Kinematics :           49  theta, phi =    96.0000000       0.00000000      is bad !
 Kinematics :           50  theta, phi =    96.0000000       0.00000000       3.94889139E-06   4.80509925E-06   3.94888957E-06   3.04581727E-06   4.53633083E-06   3.04586547E-06
 Kinematics :           50  theta, phi =    96.0000000       0.00000000      is bad !
 Kinematics :           51  theta, phi =    96.0000000       0.00000000       3.94889139E-06   4.80509925E-06   3.94888957E-06   3.04581727E-06   4.53633083E-06   3.04586547E-06
 Kinematics :           51  theta, phi =    96.0000000       0.00000000      is bad !
