 Kinematics :            1  theta, phi =    99.0000000       0.00000000       4692.09131       4692.14502       4692.09131       4580.00049       4606.00293       4580.00098    
 Kinematics :            2  theta, phi =    99.0000000       0.00000000       2316.71533       2267.46484       2316.71533       2238.85376       2208.37305       2238.85352    
 Kinematics :            3  theta, phi =    99.0000000       0.00000000       621.460327       569.883484       621.460327       583.678162       542.205444       583.678162    
 Kinematics :            4  theta, phi =    99.0000000       0.00000000       182.026276       149.386414       182.026276       163.925064       136.915726       163.925064    
 Kinematics :            5  theta, phi =    99.0000000       0.00000000       63.5588684       44.4165001       63.5588684       54.3301163       38.5384102       54.3301163    
 Kinematics :            6  theta, phi =    99.0000000       0.00000000       25.6049862       14.4034767       25.6049862       20.9505863       11.7758608       20.9506454    
 Kinematics :            7  theta, phi =    99.0000000       0.00000000       11.4863920       4.86622620       11.4863920       9.02391148       3.67211962       9.02391338    
 Kinematics :            8  theta, phi =    99.0000000       0.00000000       5.59348440       1.64409935       5.59348440       4.38984585       1.20129454       4.38985920    
 Kinematics :            9  theta, phi =    99.0000000       0.00000000       2.90569496      0.535214067       2.90569425       2.28922725      0.387758046       2.28922796    
 Kinematics :           10  theta, phi =    99.0000000       0.00000000       1.59083962      0.164807215       1.59083974       1.26889193      0.142252222       1.26889455    
 Kinematics :           11  theta, phi =    99.0000000       0.00000000      0.909939706       5.33515699E-02  0.909939587      0.745948195       7.84996599E-02  0.745951235    
 Kinematics :           12  theta, phi =    99.0000000       0.00000000      0.539977551       2.83363163E-02  0.539977551      0.448985100       6.07419759E-02  0.448985547    
 Kinematics :           13  theta, phi =    99.0000000       0.00000000      0.330516487       2.79798768E-02  0.330516428      0.277060211       5.75833619E-02  0.277061164    
 Kinematics :           14  theta, phi =    99.0000000       0.00000000      0.207591951       3.14570591E-02  0.207591936      0.177324787       5.31988591E-02  0.177325457    
 Kinematics :           15  theta, phi =    99.0000000       0.00000000      0.133189663       3.29333507E-02  0.133189633      0.113273315       4.70145792E-02  0.113274164    
 Kinematics :           16  theta, phi =    99.0000000       0.00000000       8.69071931E-02   3.17211598E-02   8.69071931E-02   7.32292533E-02   4.10900600E-02   7.32296109E-02
 Kinematics :           17  theta, phi =    99.0000000       0.00000000       5.74607775E-02   2.85985433E-02   5.74607700E-02   4.75508347E-02   3.53817493E-02   4.75511923E-02
 Kinematics :           18  theta, phi =    99.0000000       0.00000000       3.83666046E-02   2.45217159E-02   3.83666046E-02   3.10726874E-02   2.80582942E-02   3.10729407E-02
 Kinematics :           19  theta, phi =    99.0000000       0.00000000       2.57921722E-02   2.02203114E-02   2.57921703E-02   2.07504183E-02   2.17525493E-02   2.07505114E-02
 Kinematics :           20  theta, phi =    99.0000000       0.00000000       1.74116679E-02   1.61572956E-02   1.74116679E-02   1.38941808E-02   1.64009146E-02   1.38942068E-02
 Kinematics :           21  theta, phi =    99.0000000       0.00000000       1.17730275E-02   1.25717353E-02   1.17730275E-02   9.27190017E-03   1.21330442E-02   9.27194767E-03
 Kinematics :           22  theta, phi =    99.0000000       0.00000000       7.95451831E-03   9.55517683E-03   7.95451831E-03   6.15992490E-03   8.84707645E-03   6.15993096E-03
 Kinematics :           23  theta, phi =    99.0000000       0.00000000       5.36613213E-03   7.11728586E-03   5.36613213E-03   4.07809531E-03   6.36358187E-03   4.07811673E-03
 Kinematics :           24  theta, phi =    99.0000000       0.00000000       3.60332360E-03   5.19587379E-03   3.60332360E-03   2.68580811E-03   4.51808842E-03   2.68581603E-03
 Kinematics :           25  theta, phi =    99.0000000       0.00000000       2.40535080E-03   3.72125884E-03   2.40535103E-03   1.76290085E-03   3.15597281E-03   1.76290574E-03
 Kinematics :           26  theta, phi =    99.0000000       0.00000000       1.59229769E-03   2.61287601E-03   1.59229769E-03   1.14865846E-03   2.18353164E-03   1.14866090E-03
 Kinematics :           27  theta, phi =    99.0000000       0.00000000       1.04461738E-03   1.79894653E-03   1.04461738E-03   7.44088611E-04   1.48673705E-03   7.44089717E-04
 Kinematics :           28  theta, phi =    99.0000000       0.00000000       6.76301948E-04   1.21093029E-03   6.76301832E-04   4.78103320E-04   9.93817346E-04   4.78100061E-04
 Kinematics :           29  theta, phi =    99.0000000       0.00000000       4.31726512E-04   7.96071603E-04   4.31726512E-04   3.04783229E-04   6.51277660E-04   3.04778921E-04
 Kinematics :           30  theta, phi =    99.0000000       0.00000000       2.70542747E-04   5.09074889E-04   2.70542747E-04   1.91817904E-04   4.16587805E-04   1.91816987E-04
 Kinematics :           31  theta, phi =    99.0000000       0.00000000       1.65441525E-04   3.14637000E-04   1.65441525E-04   1.18220189E-04   2.60059693E-04   1.18219148E-04
 Kinematics :           32  theta, phi =    99.0000000       0.00000000       9.80761251E-05   1.86520192E-04   9.80761251E-05   7.07828367E-05   1.56208349E-04   7.07826330E-05
 Kinematics :           33  theta, phi =    99.0000000       0.00000000       5.56361265E-05   1.04554085E-04   5.56361265E-05   4.07009102E-05   8.88086433E-05   4.07012449E-05
 Kinematics :           34  theta, phi =    99.0000000       0.00000000       2.95369591E-05   5.41600566E-05   2.95369573E-05   2.20358270E-05   4.67755235E-05   2.20359652E-05
 Kinematics :           35  theta, phi =    99.0000000       0.00000000       1.38930091E-05   2.44615749E-05   1.38930100E-05   1.05320423E-05   2.15284745E-05   1.05320851E-05
 Kinematics :           36  theta, phi =    99.0000000       0.00000000       4.88951446E-06   8.12474445E-06   4.88951309E-06   3.75263926E-06   7.30681950E-06   3.75258969E-06
 Kinematics :           37  theta, phi =    99.0000000       0.00000000       4.88951446E-06   8.12474445E-06   4.88951309E-06   3.75263926E-06   7.30681950E-06   3.75258969E-06
 Kinematics :           37  theta, phi =    99.0000000       0.00000000      is bad !
 Kinematics :           38  theta, phi =    99.0000000       0.00000000       4.88951446E-06   8.12474445E-06   4.88951309E-06   3.75263926E-06   7.30681950E-06   3.75258969E-06
 Kinematics :           38  theta, phi =    99.0000000       0.00000000      is bad !
 Kinematics :           39  theta, phi =    99.0000000       0.00000000       4.88951446E-06   8.12474445E-06   4.88951309E-06   3.75263926E-06   7.30681950E-06   3.75258969E-06
 Kinematics :           39  theta, phi =    99.0000000       0.00000000      is bad !
 Kinematics :           40  theta, phi =    99.0000000       0.00000000       4.88951446E-06   8.12474445E-06   4.88951309E-06   3.75263926E-06   7.30681950E-06   3.75258969E-06
 Kinematics :           40  theta, phi =    99.0000000       0.00000000      is bad !
 Kinematics :           41  theta, phi =    99.0000000       0.00000000       4.88951446E-06   8.12474445E-06   4.88951309E-06   3.75263926E-06   7.30681950E-06   3.75258969E-06
 Kinematics :           41  theta, phi =    99.0000000       0.00000000      is bad !
 Kinematics :           42  theta, phi =    99.0000000       0.00000000       4.88951446E-06   8.12474445E-06   4.88951309E-06   3.75263926E-06   7.30681950E-06   3.75258969E-06
 Kinematics :           42  theta, phi =    99.0000000       0.00000000      is bad !
 Kinematics :           43  theta, phi =    99.0000000       0.00000000       4.88951446E-06   8.12474445E-06   4.88951309E-06   3.75263926E-06   7.30681950E-06   3.75258969E-06
 Kinematics :           43  theta, phi =    99.0000000       0.00000000      is bad !
 Kinematics :           44  theta, phi =    99.0000000       0.00000000       4.88951446E-06   8.12474445E-06   4.88951309E-06   3.75263926E-06   7.30681950E-06   3.75258969E-06
 Kinematics :           44  theta, phi =    99.0000000       0.00000000      is bad !
 Kinematics :           45  theta, phi =    99.0000000       0.00000000       4.88951446E-06   8.12474445E-06   4.88951309E-06   3.75263926E-06   7.30681950E-06   3.75258969E-06
 Kinematics :           45  theta, phi =    99.0000000       0.00000000      is bad !
 Kinematics :           46  theta, phi =    99.0000000       0.00000000       4.88951446E-06   8.12474445E-06   4.88951309E-06   3.75263926E-06   7.30681950E-06   3.75258969E-06
 Kinematics :           46  theta, phi =    99.0000000       0.00000000      is bad !
 Kinematics :           47  theta, phi =    99.0000000       0.00000000       4.88951446E-06   8.12474445E-06   4.88951309E-06   3.75263926E-06   7.30681950E-06   3.75258969E-06
 Kinematics :           47  theta, phi =    99.0000000       0.00000000      is bad !
 Kinematics :           48  theta, phi =    99.0000000       0.00000000       4.88951446E-06   8.12474445E-06   4.88951309E-06   3.75263926E-06   7.30681950E-06   3.75258969E-06
 Kinematics :           48  theta, phi =    99.0000000       0.00000000      is bad !
 Kinematics :           49  theta, phi =    99.0000000       0.00000000       4.88951446E-06   8.12474445E-06   4.88951309E-06   3.75263926E-06   7.30681950E-06   3.75258969E-06
 Kinematics :           49  theta, phi =    99.0000000       0.00000000      is bad !
 Kinematics :           50  theta, phi =    99.0000000       0.00000000       4.88951446E-06   8.12474445E-06   4.88951309E-06   3.75263926E-06   7.30681950E-06   3.75258969E-06
 Kinematics :           50  theta, phi =    99.0000000       0.00000000      is bad !
 Kinematics :           51  theta, phi =    99.0000000       0.00000000       4.88951446E-06   8.12474445E-06   4.88951309E-06   3.75263926E-06   7.30681950E-06   3.75258969E-06
 Kinematics :           51  theta, phi =    99.0000000       0.00000000      is bad !
