 Kinematics :            1  theta, phi =    99.0000000       0.00000000       185.568130       185.570206       185.568130       180.962097       181.985764       180.962097    
 Kinematics :            2  theta, phi =    99.0000000       0.00000000       90.3826447       88.4612198       90.3826675       87.3985596       86.1903381       87.3985672    
 Kinematics :            3  theta, phi =    99.0000000       0.00000000       23.9174252       21.9324512       23.9174252       22.4877491       20.8849583       22.4877529    
 Kinematics :            4  theta, phi =    99.0000000       0.00000000       6.91057825       5.67141676       6.91057873       6.15948677       5.14658546       6.15948772    
 Kinematics :            5  theta, phi =    99.0000000       0.00000000       2.38001299       1.66321218       2.38001347       2.03479958       1.44658673       2.03480029    
 Kinematics :            6  theta, phi =    99.0000000       0.00000000      0.945466161      0.531849623      0.945466220      0.766630590      0.432529718      0.766631007    
 Kinematics :            7  theta, phi =    99.0000000       0.00000000      0.418090641      0.177124679      0.418090701      0.323010653      0.132160947      0.323010892    
 Kinematics :            8  theta, phi =    99.0000000       0.00000000      0.200600237       5.89626804E-02  0.200600266      0.143862516       3.66515890E-02  0.143862695    
 Kinematics :            9  theta, phi =    99.0000000       0.00000000      0.102612771       1.89007521E-02  0.102612771       7.64380097E-02   1.25826774E-02   7.64381886E-02
 Kinematics :           10  theta, phi =    99.0000000       0.00000000       5.52789234E-02   5.72676491E-03   5.52789234E-02   4.17675488E-02   4.58612619E-03   4.17676046E-02
 Kinematics :           11  theta, phi =    99.0000000       0.00000000       3.10839973E-02   1.82251667E-03   3.10839973E-02   2.35043820E-02   2.40842788E-03   2.35044062E-02
 Kinematics :           12  theta, phi =    99.0000000       0.00000000       1.81144755E-02   9.50590649E-04   1.81144774E-02   1.38615249E-02   2.12219148E-03   1.38615696E-02
 Kinematics :           13  theta, phi =    99.0000000       0.00000000       1.08747361E-02   9.20600723E-04   1.08747352E-02   7.97186140E-03   2.06662528E-03   7.97186699E-03
 Kinematics :           14  theta, phi =    99.0000000       0.00000000       6.68901904E-03   1.01360830E-03   6.68901997E-03   4.93170228E-03   1.95621513E-03   4.93171066E-03
 Kinematics :           15  theta, phi =    99.0000000       0.00000000       4.19551274E-03   1.03741023E-03   4.19551274E-03   3.20053287E-03   1.71327207E-03   3.20051890E-03
 Kinematics :           16  theta, phi =    99.0000000       0.00000000       2.67076562E-03   9.74830065E-04   2.67076562E-03   2.09364993E-03   1.42633368E-03   2.09365669E-03
 Kinematics :           17  theta, phi =    99.0000000       0.00000000       1.71852263E-03   8.55318212E-04   1.71852263E-03   1.37451582E-03   1.13300362E-03   1.37451745E-03
 Kinematics :           18  theta, phi =    99.0000000       0.00000000       1.11347809E-03   7.11670786E-04   1.11347809E-03   8.99365987E-04   8.67679075E-04   8.99368664E-04
 Kinematics :           19  theta, phi =    99.0000000       0.00000000       7.23860110E-04   5.67485113E-04   7.23859936E-04   5.85184724E-04   6.44351065E-04   5.85185888E-04
 Kinematics :           20  theta, phi =    99.0000000       0.00000000       4.70575935E-04   4.36674658E-04   4.70575935E-04   3.78289929E-04   4.66740021E-04   3.78292403E-04
 Kinematics :           21  theta, phi =    99.0000000       0.00000000       3.04847286E-04   3.25528817E-04   3.04847286E-04   2.42189242E-04   3.30612354E-04   2.42188689E-04
 Kinematics :           22  theta, phi =    99.0000000       0.00000000       1.96092442E-04   2.35551415E-04   1.96092442E-04   1.53140005E-04   2.29087032E-04   1.53139292E-04
 Kinematics :           23  theta, phi =    99.0000000       0.00000000       1.24933547E-04   1.65703721E-04   1.24933547E-04   9.57817392E-05   1.55089190E-04   9.57820812E-05
 Kinematics :           24  theta, phi =    99.0000000       0.00000000       7.84146687E-05   1.13071372E-04   7.84146687E-05   5.87733011E-05   1.02769220E-04   5.87736213E-05
 Kinematics :           25  theta, phi =    99.0000000       0.00000000       4.82558062E-05   7.46553633E-05   4.82557989E-05   3.53448122E-05   6.60508667E-05   3.53448013E-05
 Kinematics :           26  theta, phi =    99.0000000       0.00000000       2.88911269E-05   4.74088156E-05   2.88911306E-05   2.07247285E-05   4.11180336E-05   2.07247376E-05
 Kinematics :           27  theta, phi =    99.0000000       0.00000000       1.66696864E-05   2.87070470E-05   1.66696846E-05   1.17688514E-05   2.45583815E-05   1.17688505E-05
 Kinematics :           28  theta, phi =    99.0000000       0.00000000       9.08306538E-06   1.62633842E-05   9.08306356E-06   6.34051230E-06   1.37932584E-05   6.34062008E-06
 Kinematics :           29  theta, phi =    99.0000000       0.00000000       4.51529877E-06   8.32587375E-06   4.51529877E-06   3.13771625E-06   7.04283684E-06   3.13771557E-06
 Kinematics :           30  theta, phi =    99.0000000       0.00000000       1.86301850E-06   3.50560526E-06   1.86301850E-06   1.29931539E-06   2.96439612E-06   1.29931141E-06
 Kinematics :           31  theta, phi =    99.0000000       0.00000000       4.11325459E-07   7.82259519E-07   4.11325487E-07   2.90684426E-07   6.66391031E-07   2.90681328E-07
 Kinematics :           32  theta, phi =    99.0000000       0.00000000       4.11325459E-07   7.82259519E-07   4.11325487E-07   2.90684426E-07   6.66391031E-07   2.90681328E-07
 Kinematics :           32  theta, phi =    99.0000000       0.00000000      is bad !
 Kinematics :           33  theta, phi =    99.0000000       0.00000000       4.11325459E-07   7.82259519E-07   4.11325487E-07   2.90684426E-07   6.66391031E-07   2.90681328E-07
 Kinematics :           33  theta, phi =    99.0000000       0.00000000      is bad !
 Kinematics :           34  theta, phi =    99.0000000       0.00000000       4.11325459E-07   7.82259519E-07   4.11325487E-07   2.90684426E-07   6.66391031E-07   2.90681328E-07
 Kinematics :           34  theta, phi =    99.0000000       0.00000000      is bad !
 Kinematics :           35  theta, phi =    99.0000000       0.00000000       4.11325459E-07   7.82259519E-07   4.11325487E-07   2.90684426E-07   6.66391031E-07   2.90681328E-07
 Kinematics :           35  theta, phi =    99.0000000       0.00000000      is bad !
 Kinematics :           36  theta, phi =    99.0000000       0.00000000       4.11325459E-07   7.82259519E-07   4.11325487E-07   2.90684426E-07   6.66391031E-07   2.90681328E-07
 Kinematics :           36  theta, phi =    99.0000000       0.00000000      is bad !
 Kinematics :           37  theta, phi =    99.0000000       0.00000000       4.11325459E-07   7.82259519E-07   4.11325487E-07   2.90684426E-07   6.66391031E-07   2.90681328E-07
 Kinematics :           37  theta, phi =    99.0000000       0.00000000      is bad !
 Kinematics :           38  theta, phi =    99.0000000       0.00000000       4.11325459E-07   7.82259519E-07   4.11325487E-07   2.90684426E-07   6.66391031E-07   2.90681328E-07
 Kinematics :           38  theta, phi =    99.0000000       0.00000000      is bad !
 Kinematics :           39  theta, phi =    99.0000000       0.00000000       4.11325459E-07   7.82259519E-07   4.11325487E-07   2.90684426E-07   6.66391031E-07   2.90681328E-07
 Kinematics :           39  theta, phi =    99.0000000       0.00000000      is bad !
 Kinematics :           40  theta, phi =    99.0000000       0.00000000       4.11325459E-07   7.82259519E-07   4.11325487E-07   2.90684426E-07   6.66391031E-07   2.90681328E-07
 Kinematics :           40  theta, phi =    99.0000000       0.00000000      is bad !
 Kinematics :           41  theta, phi =    99.0000000       0.00000000       4.11325459E-07   7.82259519E-07   4.11325487E-07   2.90684426E-07   6.66391031E-07   2.90681328E-07
 Kinematics :           41  theta, phi =    99.0000000       0.00000000      is bad !
 Kinematics :           42  theta, phi =    99.0000000       0.00000000       4.11325459E-07   7.82259519E-07   4.11325487E-07   2.90684426E-07   6.66391031E-07   2.90681328E-07
 Kinematics :           42  theta, phi =    99.0000000       0.00000000      is bad !
 Kinematics :           43  theta, phi =    99.0000000       0.00000000       4.11325459E-07   7.82259519E-07   4.11325487E-07   2.90684426E-07   6.66391031E-07   2.90681328E-07
 Kinematics :           43  theta, phi =    99.0000000       0.00000000      is bad !
 Kinematics :           44  theta, phi =    99.0000000       0.00000000       4.11325459E-07   7.82259519E-07   4.11325487E-07   2.90684426E-07   6.66391031E-07   2.90681328E-07
 Kinematics :           44  theta, phi =    99.0000000       0.00000000      is bad !
 Kinematics :           45  theta, phi =    99.0000000       0.00000000       4.11325459E-07   7.82259519E-07   4.11325487E-07   2.90684426E-07   6.66391031E-07   2.90681328E-07
 Kinematics :           45  theta, phi =    99.0000000       0.00000000      is bad !
 Kinematics :           46  theta, phi =    99.0000000       0.00000000       4.11325459E-07   7.82259519E-07   4.11325487E-07   2.90684426E-07   6.66391031E-07   2.90681328E-07
 Kinematics :           46  theta, phi =    99.0000000       0.00000000      is bad !
 Kinematics :           47  theta, phi =    99.0000000       0.00000000       4.11325459E-07   7.82259519E-07   4.11325487E-07   2.90684426E-07   6.66391031E-07   2.90681328E-07
 Kinematics :           47  theta, phi =    99.0000000       0.00000000      is bad !
 Kinematics :           48  theta, phi =    99.0000000       0.00000000       4.11325459E-07   7.82259519E-07   4.11325487E-07   2.90684426E-07   6.66391031E-07   2.90681328E-07
 Kinematics :           48  theta, phi =    99.0000000       0.00000000      is bad !
 Kinematics :           49  theta, phi =    99.0000000       0.00000000       4.11325459E-07   7.82259519E-07   4.11325487E-07   2.90684426E-07   6.66391031E-07   2.90681328E-07
 Kinematics :           49  theta, phi =    99.0000000       0.00000000      is bad !
 Kinematics :           50  theta, phi =    99.0000000       0.00000000       4.11325459E-07   7.82259519E-07   4.11325487E-07   2.90684426E-07   6.66391031E-07   2.90681328E-07
 Kinematics :           50  theta, phi =    99.0000000       0.00000000      is bad !
 Kinematics :           51  theta, phi =    99.0000000       0.00000000       4.11325459E-07   7.82259519E-07   4.11325487E-07   2.90684426E-07   6.66391031E-07   2.90681328E-07
 Kinematics :           51  theta, phi =    99.0000000       0.00000000      is bad !
