 Kinematics :            1  theta, phi =    99.0000000       0.00000000       735.013611       735.021912       735.013611       717.588867       721.591980       717.588867    
 Kinematics :            2  theta, phi =    99.0000000       0.00000000       360.238708       352.580414       360.238678       348.690277       343.848663       348.690216    
 Kinematics :            3  theta, phi =    99.0000000       0.00000000       95.9335632       87.9717560       95.9335632       89.8996429       83.4811859       89.8996506    
 Kinematics :            4  theta, phi =    99.0000000       0.00000000       27.8976154       22.8951874       27.8976154       25.0473404       20.9242287       25.0473557    
 Kinematics :            5  theta, phi =    99.0000000       0.00000000       9.67152786       6.75870275       9.67152882       8.25349712       5.85942888       8.25349903    
 Kinematics :            6  theta, phi =    99.0000000       0.00000000       3.86827683       2.17600703       3.86827588       3.14588428       1.77119660       3.14588523    
 Kinematics :            7  theta, phi =    99.0000000       0.00000000       1.72270977      0.729828238       1.72270977       1.34182572      0.546864629       1.34182692    
 Kinematics :            8  theta, phi =    99.0000000       0.00000000      0.832689047      0.244753286      0.832689106      0.625327587      0.166344374      0.625328541    
 Kinematics :            9  theta, phi =    99.0000000       0.00000000      0.429272503       7.90698081E-02  0.429272473      0.326423556       5.43500409E-02  0.326424003    
 Kinematics :           10  theta, phi =    99.0000000       0.00000000      0.233170465       2.41559055E-02  0.233170435      0.180453837       2.06198096E-02  0.180454001    
 Kinematics :           11  theta, phi =    99.0000000       0.00000000      0.132273167       7.75543926E-03  0.132273167      0.102952145       1.07306316E-02  0.102952264    
 Kinematics :           12  theta, phi =    99.0000000       0.00000000       7.78147951E-02   4.08347463E-03   7.78147951E-02   6.27912581E-02   8.91857315E-03   6.27915412E-02
 Kinematics :           13  theta, phi =    99.0000000       0.00000000       4.71935607E-02   3.99517082E-03   4.71935570E-02   3.82468365E-02   8.55445210E-03   3.82469036E-02
 Kinematics :           14  theta, phi =    99.0000000       0.00000000       2.93520577E-02   4.44781082E-03   2.93520615E-02   2.34965701E-02   8.09123367E-03   2.34966576E-02
 Kinematics :           15  theta, phi =    99.0000000       0.00000000       1.86348781E-02   4.60778316E-03   1.86348762E-02   1.46779940E-02   7.20791752E-03   1.46780116E-02
 Kinematics :           16  theta, phi =    99.0000000       0.00000000       1.20217856E-02   4.38795518E-03   1.20217856E-02   9.45016928E-03   6.26450963E-03   9.45021119E-03
 Kinematics :           17  theta, phi =    99.0000000       0.00000000       7.85071962E-03   3.90734710E-03   7.85072241E-03   6.26251940E-03   5.05555980E-03   6.26253616E-03
 Kinematics :           18  theta, phi =    99.0000000       0.00000000       5.17139956E-03   3.30525916E-03   5.17139863E-03   4.15996183E-03   3.93854873E-03   4.15997533E-03
 Kinematics :           19  theta, phi =    99.0000000       0.00000000       3.42497858E-03   2.68508401E-03   3.42497905E-03   2.75311386E-03   2.98029534E-03   2.75311340E-03
 Kinematics :           20  theta, phi =    99.0000000       0.00000000       2.27410230E-03   2.11027125E-03   2.27410253E-03   1.81543292E-03   2.20740656E-03   1.81544607E-03
 Kinematics :           21  theta, phi =    99.0000000       0.00000000       1.50939089E-03   1.61179132E-03   1.50939089E-03   1.19041954E-03   1.60095457E-03   1.19042047E-03
 Kinematics :           22  theta, phi =    99.0000000       0.00000000       9.98710282E-04   1.19967724E-03   9.98710399E-04   7.74098153E-04   1.14096631E-03   7.74100248E-04
 Kinematics :           23  theta, phi =    99.0000000       0.00000000       6.57856173E-04   8.72537552E-04   6.57856173E-04   4.99975460E-04   7.99815694E-04   4.99976159E-04
 Kinematics :           24  theta, phi =    99.0000000       0.00000000       4.29786072E-04   6.19737257E-04   4.29786072E-04   3.20118706E-04   5.50833938E-04   3.20120802E-04
 Kinematics :           25  theta, phi =    99.0000000       0.00000000       2.77858548E-04   4.29868087E-04   2.77858548E-04   2.02530719E-04   3.72769893E-04   2.02528478E-04
 Kinematics :           26  theta, phi =    99.0000000       0.00000000       1.77097012E-04   2.90606811E-04   1.77096983E-04   1.26515326E-04   2.47110933E-04   1.26516097E-04
 Kinematics :           27  theta, phi =    99.0000000       0.00000000       1.10992878E-04   1.91142040E-04   1.10992878E-04   7.80131886E-05   1.60301919E-04   7.80128685E-05
 Kinematics :           28  theta, phi =    99.0000000       0.00000000       6.79149744E-05   1.21602934E-04   6.79149889E-05   4.72334395E-05   1.01058016E-04   4.72333413E-05
 Kinematics :           29  theta, phi =    99.0000000       0.00000000       4.03466074E-05   7.43961500E-05   4.03466074E-05   2.79401593E-05   6.14691380E-05   2.79399555E-05
 Kinematics :           30  theta, phi =    99.0000000       0.00000000       2.29775014E-05   4.32363122E-05   2.29775032E-05   1.59620049E-05   3.55933225E-05   1.59619103E-05
 Kinematics :           31  theta, phi =    99.0000000       0.00000000       1.22704278E-05   2.33359224E-05   1.22704269E-05   8.58050407E-06   1.93814958E-05   8.58037220E-06
 Kinematics :           32  theta, phi =    99.0000000       0.00000000       5.87932982E-06   1.11812496E-05   5.87932982E-06   4.14944043E-06   9.42096631E-06   4.14948272E-06
 Kinematics :           33  theta, phi =    99.0000000       0.00000000       2.21886171E-06   4.16979037E-06   2.21886148E-06   1.59295985E-06   3.56785813E-06   1.59297610E-06
 Kinematics :           34  theta, phi =    99.0000000       0.00000000       2.59785025E-07   4.76351488E-07   2.59785025E-07   1.92317373E-07   4.17624562E-07   1.92316691E-07
 Kinematics :           35  theta, phi =    99.0000000       0.00000000       2.59785025E-07   4.76351488E-07   2.59785025E-07   1.92317373E-07   4.17624562E-07   1.92316691E-07
 Kinematics :           35  theta, phi =    99.0000000       0.00000000      is bad !
 Kinematics :           36  theta, phi =    99.0000000       0.00000000       2.59785025E-07   4.76351488E-07   2.59785025E-07   1.92317373E-07   4.17624562E-07   1.92316691E-07
 Kinematics :           36  theta, phi =    99.0000000       0.00000000      is bad !
 Kinematics :           37  theta, phi =    99.0000000       0.00000000       2.59785025E-07   4.76351488E-07   2.59785025E-07   1.92317373E-07   4.17624562E-07   1.92316691E-07
 Kinematics :           37  theta, phi =    99.0000000       0.00000000      is bad !
 Kinematics :           38  theta, phi =    99.0000000       0.00000000       2.59785025E-07   4.76351488E-07   2.59785025E-07   1.92317373E-07   4.17624562E-07   1.92316691E-07
 Kinematics :           38  theta, phi =    99.0000000       0.00000000      is bad !
 Kinematics :           39  theta, phi =    99.0000000       0.00000000       2.59785025E-07   4.76351488E-07   2.59785025E-07   1.92317373E-07   4.17624562E-07   1.92316691E-07
 Kinematics :           39  theta, phi =    99.0000000       0.00000000      is bad !
 Kinematics :           40  theta, phi =    99.0000000       0.00000000       2.59785025E-07   4.76351488E-07   2.59785025E-07   1.92317373E-07   4.17624562E-07   1.92316691E-07
 Kinematics :           40  theta, phi =    99.0000000       0.00000000      is bad !
 Kinematics :           41  theta, phi =    99.0000000       0.00000000       2.59785025E-07   4.76351488E-07   2.59785025E-07   1.92317373E-07   4.17624562E-07   1.92316691E-07
 Kinematics :           41  theta, phi =    99.0000000       0.00000000      is bad !
 Kinematics :           42  theta, phi =    99.0000000       0.00000000       2.59785025E-07   4.76351488E-07   2.59785025E-07   1.92317373E-07   4.17624562E-07   1.92316691E-07
 Kinematics :           42  theta, phi =    99.0000000       0.00000000      is bad !
 Kinematics :           43  theta, phi =    99.0000000       0.00000000       2.59785025E-07   4.76351488E-07   2.59785025E-07   1.92317373E-07   4.17624562E-07   1.92316691E-07
 Kinematics :           43  theta, phi =    99.0000000       0.00000000      is bad !
 Kinematics :           44  theta, phi =    99.0000000       0.00000000       2.59785025E-07   4.76351488E-07   2.59785025E-07   1.92317373E-07   4.17624562E-07   1.92316691E-07
 Kinematics :           44  theta, phi =    99.0000000       0.00000000      is bad !
 Kinematics :           45  theta, phi =    99.0000000       0.00000000       2.59785025E-07   4.76351488E-07   2.59785025E-07   1.92317373E-07   4.17624562E-07   1.92316691E-07
 Kinematics :           45  theta, phi =    99.0000000       0.00000000      is bad !
 Kinematics :           46  theta, phi =    99.0000000       0.00000000       2.59785025E-07   4.76351488E-07   2.59785025E-07   1.92317373E-07   4.17624562E-07   1.92316691E-07
 Kinematics :           46  theta, phi =    99.0000000       0.00000000      is bad !
 Kinematics :           47  theta, phi =    99.0000000       0.00000000       2.59785025E-07   4.76351488E-07   2.59785025E-07   1.92317373E-07   4.17624562E-07   1.92316691E-07
 Kinematics :           47  theta, phi =    99.0000000       0.00000000      is bad !
 Kinematics :           48  theta, phi =    99.0000000       0.00000000       2.59785025E-07   4.76351488E-07   2.59785025E-07   1.92317373E-07   4.17624562E-07   1.92316691E-07
 Kinematics :           48  theta, phi =    99.0000000       0.00000000      is bad !
 Kinematics :           49  theta, phi =    99.0000000       0.00000000       2.59785025E-07   4.76351488E-07   2.59785025E-07   1.92317373E-07   4.17624562E-07   1.92316691E-07
 Kinematics :           49  theta, phi =    99.0000000       0.00000000      is bad !
 Kinematics :           50  theta, phi =    99.0000000       0.00000000       2.59785025E-07   4.76351488E-07   2.59785025E-07   1.92317373E-07   4.17624562E-07   1.92316691E-07
 Kinematics :           50  theta, phi =    99.0000000       0.00000000      is bad !
 Kinematics :           51  theta, phi =    99.0000000       0.00000000       2.59785025E-07   4.76351488E-07   2.59785025E-07   1.92317373E-07   4.17624562E-07   1.92316691E-07
 Kinematics :           51  theta, phi =    99.0000000       0.00000000      is bad !
