 Kinematics :            1  theta, phi =    99.0000000       0.00000000       1419.60986       1419.62573       1419.60986       1384.91284       1392.76685       1384.91284    
 Kinematics :            2  theta, phi =    99.0000000       0.00000000       697.676941       682.845276       697.677002       674.600525       665.330688       674.600525    
 Kinematics :            3  theta, phi =    99.0000000       0.00000000       186.300507       170.838882       186.300491       175.070221       162.617508       175.070221    
 Kinematics :            4  theta, phi =    99.0000000       0.00000000       54.3238945       44.5828629       54.3238907       48.8960609       40.8381271       48.8960609    
 Kinematics :            5  theta, phi =    99.0000000       0.00000000       18.8845100       13.1969633       18.8845100       16.1039028       11.4303885       16.1039085    
 Kinematics :            6  theta, phi =    99.0000000       0.00000000       7.57410669       4.26063395       7.57410622       6.16754484       3.46858525       6.16754818    
 Kinematics :            7  theta, phi =    99.0000000       0.00000000       3.38264775       1.43306351       3.38264775       2.65503073       1.08680868       2.65503144    
 Kinematics :            8  theta, phi =    99.0000000       0.00000000       1.63980806      0.481990695       1.63980806       1.25963199      0.341065288       1.25963330    
 Kinematics :            9  theta, phi =    99.0000000       0.00000000      0.847920775      0.156182721      0.847920954      0.642627597      0.104175180      0.642629445    
 Kinematics :           10  theta, phi =    99.0000000       0.00000000      0.462022752       4.78644483E-02  0.462022662      0.358369946       3.94564383E-02  0.358370095    
 Kinematics :           11  theta, phi =    99.0000000       0.00000000      0.262967706       1.54183209E-02  0.262967736      0.209404051       2.22235881E-02  0.209404901    
 Kinematics :           12  theta, phi =    99.0000000       0.00000000      0.155244872       8.14676099E-03  0.155244872      0.123905398       1.72031205E-02  0.123905711    
 Kinematics :           13  theta, phi =    99.0000000       0.00000000       9.45067406E-02   8.00046790E-03   9.45067406E-02   7.82377869E-02   1.67790391E-02   7.82384574E-02
 Kinematics :           14  theta, phi =    99.0000000       0.00000000       5.90149462E-02   8.94271955E-03   5.90149462E-02   4.86603454E-02   1.55747356E-02   4.86603864E-02
 Kinematics :           15  theta, phi =    99.0000000       0.00000000       3.76296230E-02   9.30455048E-03   3.76296230E-02   3.08522470E-02   1.41803054E-02   3.08523253E-02
 Kinematics :           16  theta, phi =    99.0000000       0.00000000       2.43902858E-02   8.90246034E-03   2.43902840E-02   1.96275227E-02   1.25828125E-02   1.96277052E-02
 Kinematics :           17  theta, phi =    99.0000000       0.00000000       1.60100032E-02   7.96826929E-03   1.60100050E-02   1.28158452E-02   1.01926243E-02   1.28158685E-02
 Kinematics :           18  theta, phi =    99.0000000       0.00000000       1.06059061E-02   6.77868212E-03   1.06059061E-02   8.52738414E-03   7.98443425E-03   8.52743350E-03
 Kinematics :           19  theta, phi =    99.0000000       0.00000000       7.06840772E-03   5.54142566E-03   7.06840772E-03   5.67711657E-03   6.08694972E-03   5.67712309E-03
 Kinematics :           20  theta, phi =    99.0000000       0.00000000       4.72622411E-03   4.38573724E-03   4.72622318E-03   3.76823335E-03   4.53999639E-03   3.76824755E-03
 Kinematics :           21  theta, phi =    99.0000000       0.00000000       3.16175981E-03   3.37626110E-03   3.16176005E-03   2.49094400E-03   3.32090515E-03   2.49094400E-03
 Kinematics :           22  theta, phi =    99.0000000       0.00000000       2.11083377E-03   2.53558857E-03   2.11083353E-03   1.63266750E-03   2.38786708E-03   1.63267204E-03
 Kinematics :           23  theta, phi =    99.0000000       0.00000000       1.40477414E-03   1.86320057E-03   1.40477414E-03   1.06574351E-03   1.69235864E-03   1.06574385E-03
 Kinematics :           24  theta, phi =    99.0000000       0.00000000       9.28770634E-04   1.33925665E-03   9.28770634E-04   6.90639194E-04   1.18056452E-03   6.90641464E-04
 Kinematics :           25  theta, phi =    99.0000000       0.00000000       6.08954288E-04   9.42097977E-04   6.08954229E-04   4.43937868E-04   8.11527367E-04   4.43936646E-04
 Kinematics :           26  theta, phi =    99.0000000       0.00000000       3.94718401E-04   6.47712033E-04   3.94718401E-04   2.82414694E-04   5.46998519E-04   2.82414985E-04
 Kinematics :           27  theta, phi =    99.0000000       0.00000000       2.52540747E-04   4.34903137E-04   2.52540747E-04   1.78028960E-04   3.62354884E-04   1.78028306E-04
 Kinematics :           28  theta, phi =    99.0000000       0.00000000       1.58596566E-04   2.83969915E-04   1.58596566E-04   1.10642162E-04   2.34535328E-04   1.10640751E-04
 Kinematics :           29  theta, phi =    99.0000000       0.00000000       9.74762879E-05   1.79739043E-04   9.74762879E-05   6.77935313E-05   1.47479892E-04   6.77933713E-05
 Kinematics :           30  theta, phi =    99.0000000       0.00000000       5.81763125E-05   1.09469212E-04   5.81763125E-05   4.06030231E-05   8.96368438E-05   4.06036888E-05
 Kinematics :           31  theta, phi =    99.0000000       0.00000000       3.33137286E-05   6.33561140E-05   3.33137286E-05   2.33848295E-05   5.23876115E-05   2.33847823E-05
 Kinematics :           32  theta, phi =    99.0000000       0.00000000       1.79649523E-05   3.41655614E-05   1.79649523E-05   1.27308977E-05   2.86234026E-05   1.27307931E-05
 Kinematics :           33  theta, phi =    99.0000000       0.00000000       8.75247679E-06   1.64480734E-05   8.75247679E-06   6.30608565E-06   1.39794702E-05   6.30611930E-06
 Kinematics :           34  theta, phi =    99.0000000       0.00000000       3.44129398E-06   6.31008515E-06   3.44129444E-06   2.54054976E-06   5.45701005E-06   2.54058455E-06
 Kinematics :           35  theta, phi =    99.0000000       0.00000000       5.51512869E-07   9.71054760E-07   5.51512926E-07   4.16440628E-07   8.61693138E-07   4.16440400E-07
 Kinematics :           36  theta, phi =    99.0000000       0.00000000       5.51512869E-07   9.71054760E-07   5.51512926E-07   4.16440628E-07   8.61693138E-07   4.16440400E-07
 Kinematics :           36  theta, phi =    99.0000000       0.00000000      is bad !
 Kinematics :           37  theta, phi =    99.0000000       0.00000000       5.51512869E-07   9.71054760E-07   5.51512926E-07   4.16440628E-07   8.61693138E-07   4.16440400E-07
 Kinematics :           37  theta, phi =    99.0000000       0.00000000      is bad !
 Kinematics :           38  theta, phi =    99.0000000       0.00000000       5.51512869E-07   9.71054760E-07   5.51512926E-07   4.16440628E-07   8.61693138E-07   4.16440400E-07
 Kinematics :           38  theta, phi =    99.0000000       0.00000000      is bad !
 Kinematics :           39  theta, phi =    99.0000000       0.00000000       5.51512869E-07   9.71054760E-07   5.51512926E-07   4.16440628E-07   8.61693138E-07   4.16440400E-07
 Kinematics :           39  theta, phi =    99.0000000       0.00000000      is bad !
 Kinematics :           40  theta, phi =    99.0000000       0.00000000       5.51512869E-07   9.71054760E-07   5.51512926E-07   4.16440628E-07   8.61693138E-07   4.16440400E-07
 Kinematics :           40  theta, phi =    99.0000000       0.00000000      is bad !
 Kinematics :           41  theta, phi =    99.0000000       0.00000000       5.51512869E-07   9.71054760E-07   5.51512926E-07   4.16440628E-07   8.61693138E-07   4.16440400E-07
 Kinematics :           41  theta, phi =    99.0000000       0.00000000      is bad !
 Kinematics :           42  theta, phi =    99.0000000       0.00000000       5.51512869E-07   9.71054760E-07   5.51512926E-07   4.16440628E-07   8.61693138E-07   4.16440400E-07
 Kinematics :           42  theta, phi =    99.0000000       0.00000000      is bad !
 Kinematics :           43  theta, phi =    99.0000000       0.00000000       5.51512869E-07   9.71054760E-07   5.51512926E-07   4.16440628E-07   8.61693138E-07   4.16440400E-07
 Kinematics :           43  theta, phi =    99.0000000       0.00000000      is bad !
 Kinematics :           44  theta, phi =    99.0000000       0.00000000       5.51512869E-07   9.71054760E-07   5.51512926E-07   4.16440628E-07   8.61693138E-07   4.16440400E-07
 Kinematics :           44  theta, phi =    99.0000000       0.00000000      is bad !
 Kinematics :           45  theta, phi =    99.0000000       0.00000000       5.51512869E-07   9.71054760E-07   5.51512926E-07   4.16440628E-07   8.61693138E-07   4.16440400E-07
 Kinematics :           45  theta, phi =    99.0000000       0.00000000      is bad !
 Kinematics :           46  theta, phi =    99.0000000       0.00000000       5.51512869E-07   9.71054760E-07   5.51512926E-07   4.16440628E-07   8.61693138E-07   4.16440400E-07
 Kinematics :           46  theta, phi =    99.0000000       0.00000000      is bad !
 Kinematics :           47  theta, phi =    99.0000000       0.00000000       5.51512869E-07   9.71054760E-07   5.51512926E-07   4.16440628E-07   8.61693138E-07   4.16440400E-07
 Kinematics :           47  theta, phi =    99.0000000       0.00000000      is bad !
 Kinematics :           48  theta, phi =    99.0000000       0.00000000       5.51512869E-07   9.71054760E-07   5.51512926E-07   4.16440628E-07   8.61693138E-07   4.16440400E-07
 Kinematics :           48  theta, phi =    99.0000000       0.00000000      is bad !
 Kinematics :           49  theta, phi =    99.0000000       0.00000000       5.51512869E-07   9.71054760E-07   5.51512926E-07   4.16440628E-07   8.61693138E-07   4.16440400E-07
 Kinematics :           49  theta, phi =    99.0000000       0.00000000      is bad !
 Kinematics :           50  theta, phi =    99.0000000       0.00000000       5.51512869E-07   9.71054760E-07   5.51512926E-07   4.16440628E-07   8.61693138E-07   4.16440400E-07
 Kinematics :           50  theta, phi =    99.0000000       0.00000000      is bad !
 Kinematics :           51  theta, phi =    99.0000000       0.00000000       5.51512869E-07   9.71054760E-07   5.51512926E-07   4.16440628E-07   8.61693138E-07   4.16440400E-07
 Kinematics :           51  theta, phi =    99.0000000       0.00000000      is bad !
