 Kinematics :            1  theta, phi =    96.0000000       0.00000000       138.914902       138.916473       138.914902       135.774597       136.519485       135.774597    
 Kinematics :            2  theta, phi =    96.0000000       0.00000000       67.9241562       66.4173203       67.9241562       65.7872772       64.8162155       65.7872772    
 Kinematics :            3  theta, phi =    96.0000000       0.00000000       18.0560970       16.4937458       18.0560989       16.9678917       15.6978912       16.9678936    
 Kinematics :            4  theta, phi =    96.0000000       0.00000000       5.24364328       4.26471376       5.24364281       4.70823431       3.89723730       4.70823526    
 Kinematics :            5  theta, phi =    96.0000000       0.00000000       1.81588781       1.24750471       1.81588769       1.53445172       1.06991601       1.53445208    
 Kinematics :            6  theta, phi =    96.0000000       0.00000000      0.725560248      0.396331668      0.725560248      0.578582704      0.315243185      0.578582883    
 Kinematics :            7  theta, phi =    96.0000000       0.00000000      0.322750688      0.130198091      0.322750688      0.243392393       9.34782773E-02  0.243392527    
 Kinematics :            8  theta, phi =    96.0000000       0.00000000      0.155768543       4.21346724E-02  0.155768543      0.113129616       2.71005780E-02  0.113129675    
 Kinematics :            9  theta, phi =    96.0000000       0.00000000       8.01367685E-02   1.26979146E-02   8.01367685E-02   5.74513040E-02   7.91649148E-03   5.74514195E-02
 Kinematics :           10  theta, phi =    96.0000000       0.00000000       4.34063226E-02   3.31572350E-03   4.34063226E-02   3.13423201E-02   2.79675703E-03   3.13424096E-02
 Kinematics :           11  theta, phi =    96.0000000       0.00000000       2.45331265E-02   7.52833614E-04   2.45331228E-02   1.84817687E-02   1.95929222E-03   1.84818432E-02
 Kinematics :           12  theta, phi =    96.0000000       0.00000000       1.43655296E-02   3.51023860E-04   1.43655296E-02   1.09795723E-02   1.79405254E-03   1.09795993E-02
 Kinematics :           13  theta, phi =    96.0000000       0.00000000       8.66306666E-03   4.94905049E-04   8.66306573E-03   6.71043945E-03   1.88128464E-03   6.71047624E-03
 Kinematics :           14  theta, phi =    96.0000000       0.00000000       5.35245193E-03   6.70053123E-04   5.35245193E-03   4.00021672E-03   1.76110899E-03   4.00022883E-03
 Kinematics :           15  theta, phi =    96.0000000       0.00000000       3.37134022E-03   7.51157291E-04   3.37133999E-03   2.51543499E-03   1.53887307E-03   2.51545175E-03
 Kinematics :           16  theta, phi =    96.0000000       0.00000000       2.15579639E-03   7.39973213E-04   2.15579616E-03   1.66378240E-03   1.27463741E-03   1.66379020E-03
 Kinematics :           17  theta, phi =    96.0000000       0.00000000       1.39394193E-03   6.68393390E-04   1.39394205E-03   1.10321073E-03   1.01204345E-03   1.10321422E-03
 Kinematics :           18  theta, phi =    96.0000000       0.00000000       9.08145099E-04   5.67856769E-04   9.08145215E-04   7.28945481E-04   7.75241409E-04   7.28947343E-04
 Kinematics :           19  theta, phi =    96.0000000       0.00000000       5.94138517E-04   4.60580108E-04   5.94138692E-04   4.78906353E-04   5.75569109E-04   4.78910340E-04
 Kinematics :           20  theta, phi =    96.0000000       0.00000000       3.89056484E-04   3.59789788E-04   3.89056484E-04   3.12781049E-04   4.18604730E-04   3.12783377E-04
 Kinematics :           21  theta, phi =    96.0000000       0.00000000       2.54385232E-04   2.72418110E-04   2.54385202E-04   2.02437950E-04   2.97068618E-04   2.02439231E-04
 Kinematics :           22  theta, phi =    96.0000000       0.00000000       1.65474223E-04   2.00348906E-04   1.65474223E-04   1.29615219E-04   2.06843833E-04   1.29615335E-04
 Kinematics :           23  theta, phi =    96.0000000       0.00000000       1.06860272E-04   1.43431040E-04   1.06860265E-04   8.22553484E-05   1.41350538E-04   8.22555885E-05
 Kinematics :           24  theta, phi =    96.0000000       0.00000000       6.82218815E-05   9.99007389E-05   6.82218815E-05   5.12673359E-05   9.46374857E-05   5.12673359E-05
 Kinematics :           25  theta, phi =    96.0000000       0.00000000       4.29189458E-05   6.76261698E-05   4.29189349E-05   3.14382669E-05   6.19964267E-05   3.14383324E-05
 Kinematics :           26  theta, phi =    96.0000000       0.00000000       2.64599330E-05   4.43334102E-05   2.64599330E-05   1.89456623E-05   3.95348325E-05   1.89457114E-05
 Kinematics :           27  theta, phi =    96.0000000       0.00000000       1.58970797E-05   2.80078311E-05   1.58970815E-05   1.11371037E-05   2.44379189E-05   1.11371937E-05
 Kinematics :           28  theta, phi =    96.0000000       0.00000000       9.19690501E-06   1.68747974E-05   9.19690501E-06   6.32986985E-06   1.45240328E-05   6.32990987E-06
 Kinematics :           29  theta, phi =    96.0000000       0.00000000       5.04469017E-06   9.54425832E-06   5.04468881E-06   3.41657096E-06   8.10614074E-06   3.41654822E-06
 Kinematics :           30  theta, phi =    96.0000000       0.00000000       2.53290477E-06   4.89449621E-06   2.53290500E-06   1.70004535E-06   4.12810596E-06   1.70005535E-06
 Kinematics :           31  theta, phi =    96.0000000       0.00000000       1.06618324E-06   2.08324445E-06   1.06618324E-06   7.14348687E-07   1.75639821E-06   7.14348403E-07
 Kinematics :           32  theta, phi =    96.0000000       0.00000000       2.56870209E-07   5.01902491E-07   2.56870237E-07   1.73935263E-07   4.25767837E-07   1.73934012E-07
 Kinematics :           33  theta, phi =    96.0000000       0.00000000       2.56870209E-07   5.01902491E-07   2.56870237E-07   1.73935263E-07   4.25767837E-07   1.73934012E-07
 Kinematics :           33  theta, phi =    96.0000000       0.00000000      is bad !
 Kinematics :           34  theta, phi =    96.0000000       0.00000000       2.56870209E-07   5.01902491E-07   2.56870237E-07   1.73935263E-07   4.25767837E-07   1.73934012E-07
 Kinematics :           34  theta, phi =    96.0000000       0.00000000      is bad !
 Kinematics :           35  theta, phi =    96.0000000       0.00000000       2.56870209E-07   5.01902491E-07   2.56870237E-07   1.73935263E-07   4.25767837E-07   1.73934012E-07
 Kinematics :           35  theta, phi =    96.0000000       0.00000000      is bad !
 Kinematics :           36  theta, phi =    96.0000000       0.00000000       2.56870209E-07   5.01902491E-07   2.56870237E-07   1.73935263E-07   4.25767837E-07   1.73934012E-07
 Kinematics :           36  theta, phi =    96.0000000       0.00000000      is bad !
 Kinematics :           37  theta, phi =    96.0000000       0.00000000       2.56870209E-07   5.01902491E-07   2.56870237E-07   1.73935263E-07   4.25767837E-07   1.73934012E-07
 Kinematics :           37  theta, phi =    96.0000000       0.00000000      is bad !
 Kinematics :           38  theta, phi =    96.0000000       0.00000000       2.56870209E-07   5.01902491E-07   2.56870237E-07   1.73935263E-07   4.25767837E-07   1.73934012E-07
 Kinematics :           38  theta, phi =    96.0000000       0.00000000      is bad !
 Kinematics :           39  theta, phi =    96.0000000       0.00000000       2.56870209E-07   5.01902491E-07   2.56870237E-07   1.73935263E-07   4.25767837E-07   1.73934012E-07
 Kinematics :           39  theta, phi =    96.0000000       0.00000000      is bad !
 Kinematics :           40  theta, phi =    96.0000000       0.00000000       2.56870209E-07   5.01902491E-07   2.56870237E-07   1.73935263E-07   4.25767837E-07   1.73934012E-07
 Kinematics :           40  theta, phi =    96.0000000       0.00000000      is bad !
 Kinematics :           41  theta, phi =    96.0000000       0.00000000       2.56870209E-07   5.01902491E-07   2.56870237E-07   1.73935263E-07   4.25767837E-07   1.73934012E-07
 Kinematics :           41  theta, phi =    96.0000000       0.00000000      is bad !
 Kinematics :           42  theta, phi =    96.0000000       0.00000000       2.56870209E-07   5.01902491E-07   2.56870237E-07   1.73935263E-07   4.25767837E-07   1.73934012E-07
 Kinematics :           42  theta, phi =    96.0000000       0.00000000      is bad !
 Kinematics :           43  theta, phi =    96.0000000       0.00000000       2.56870209E-07   5.01902491E-07   2.56870237E-07   1.73935263E-07   4.25767837E-07   1.73934012E-07
 Kinematics :           43  theta, phi =    96.0000000       0.00000000      is bad !
 Kinematics :           44  theta, phi =    96.0000000       0.00000000       2.56870209E-07   5.01902491E-07   2.56870237E-07   1.73935263E-07   4.25767837E-07   1.73934012E-07
 Kinematics :           44  theta, phi =    96.0000000       0.00000000      is bad !
 Kinematics :           45  theta, phi =    96.0000000       0.00000000       2.56870209E-07   5.01902491E-07   2.56870237E-07   1.73935263E-07   4.25767837E-07   1.73934012E-07
 Kinematics :           45  theta, phi =    96.0000000       0.00000000      is bad !
 Kinematics :           46  theta, phi =    96.0000000       0.00000000       2.56870209E-07   5.01902491E-07   2.56870237E-07   1.73935263E-07   4.25767837E-07   1.73934012E-07
 Kinematics :           46  theta, phi =    96.0000000       0.00000000      is bad !
 Kinematics :           47  theta, phi =    96.0000000       0.00000000       2.56870209E-07   5.01902491E-07   2.56870237E-07   1.73935263E-07   4.25767837E-07   1.73934012E-07
 Kinematics :           47  theta, phi =    96.0000000       0.00000000      is bad !
 Kinematics :           48  theta, phi =    96.0000000       0.00000000       2.56870209E-07   5.01902491E-07   2.56870237E-07   1.73935263E-07   4.25767837E-07   1.73934012E-07
 Kinematics :           48  theta, phi =    96.0000000       0.00000000      is bad !
 Kinematics :           49  theta, phi =    96.0000000       0.00000000       2.56870209E-07   5.01902491E-07   2.56870237E-07   1.73935263E-07   4.25767837E-07   1.73934012E-07
 Kinematics :           49  theta, phi =    96.0000000       0.00000000      is bad !
 Kinematics :           50  theta, phi =    96.0000000       0.00000000       2.56870209E-07   5.01902491E-07   2.56870237E-07   1.73935263E-07   4.25767837E-07   1.73934012E-07
 Kinematics :           50  theta, phi =    96.0000000       0.00000000      is bad !
 Kinematics :           51  theta, phi =    96.0000000       0.00000000       2.56870209E-07   5.01902491E-07   2.56870237E-07   1.73935263E-07   4.25767837E-07   1.73934012E-07
 Kinematics :           51  theta, phi =    96.0000000       0.00000000      is bad !
