 Kinematics :            1  theta, phi =    90.0000000       0.00000000       2185.55542       2185.58374       2185.55542       1.40129846E-45   0.00000000       1.87044845E-34
 Kinematics :            2  theta, phi =    90.0000000       0.00000000       1566.89307       1551.16260       1566.89307       1.40129846E-45   0.00000000       1.87044845E-34
 Kinematics :            3  theta, phi =    90.0000000       0.00000000       712.687561       684.362244       712.687561       1.40129846E-45   0.00000000       1.87044845E-34
 Kinematics :            4  theta, phi =    90.0000000       0.00000000       294.310760       268.423492       294.310730       1.40129846E-45   0.00000000       1.87044845E-34
 Kinematics :            5  theta, phi =    90.0000000       0.00000000       127.820122       108.287636       127.820122       1.40129846E-45   0.00000000       1.87044845E-34
 Kinematics :            6  theta, phi =    90.0000000       0.00000000       60.1271133       46.1879234       60.1271057       1.40129846E-45   0.00000000       1.87044845E-34
 Kinematics :            7  theta, phi =    90.0000000       0.00000000       30.4746609       20.6602421       30.4746609       1.40129846E-45   0.00000000       1.87044845E-34
 Kinematics :            8  theta, phi =    90.0000000       0.00000000       16.4460011       9.53605747       16.4460011       1.40129846E-45   0.00000000       1.87044845E-34
 Kinematics :            9  theta, phi =    90.0000000       0.00000000       9.34636116       4.46267080       9.34636116       1.40129846E-45   0.00000000       1.87044845E-34
 Kinematics :           10  theta, phi =    90.0000000       0.00000000       5.54457140       2.07796144       5.54456997       1.40129846E-45   0.00000000       1.87044845E-34
 Kinematics :           11  theta, phi =    90.0000000       0.00000000       3.41105604      0.941350162       3.41105628       1.40129846E-45   0.00000000       1.87044845E-34
 Kinematics :           12  theta, phi =    90.0000000       0.00000000       2.16589522      0.402001768       2.16589522       1.40129846E-45   0.00000000       1.87044845E-34
 Kinematics :           13  theta, phi =    90.0000000       0.00000000       1.41469860      0.153392345       1.41469848       1.40129846E-45   0.00000000       1.87044845E-34
 Kinematics :           14  theta, phi =    90.0000000       0.00000000      0.948258936       4.65716682E-02  0.948258936       1.40129846E-45   0.00000000       1.87044845E-34
 Kinematics :           15  theta, phi =    90.0000000       0.00000000      0.651158094       7.74416560E-03  0.651158154       1.40129846E-45   0.00000000       1.87044845E-34
 Kinematics :           16  theta, phi =    90.0000000       0.00000000      0.457469970       2.13413496E-05  0.457469910       1.40129846E-45   0.00000000       1.87044845E-34
 Kinematics :           17  theta, phi =    90.0000000       0.00000000      0.328439146       5.06400829E-03  0.328439146       1.40129846E-45   0.00000000       1.87044845E-34
 Kinematics :           18  theta, phi =    90.0000000       0.00000000      0.240679488       1.39764044E-02  0.240679458       1.40129846E-45   0.00000000       1.87044845E-34
 Kinematics :           19  theta, phi =    90.0000000       0.00000000      0.179773942       2.26900633E-02  0.179773897       1.40129846E-45   0.00000000       1.87044845E-34
 Kinematics :           20  theta, phi =    90.0000000       0.00000000      0.136669129       2.95771677E-02  0.136669129       1.40129846E-45   0.00000000       1.87044845E-34
 Kinematics :           21  theta, phi =    90.0000000       0.00000000      0.105569549       3.42094563E-02  0.105569549       1.40129846E-45   0.00000000       1.87044845E-34
 Kinematics :           22  theta, phi =    90.0000000       0.00000000       8.27057064E-02   3.67160253E-02   8.27057064E-02   1.40129846E-45   0.00000000       1.87044845E-34
 Kinematics :           23  theta, phi =    90.0000000       0.00000000       6.55933619E-02   3.74419689E-02   6.55933619E-02   1.40129846E-45   0.00000000       1.87044845E-34
 Kinematics :           24  theta, phi =    90.0000000       0.00000000       5.25648892E-02   3.67952175E-02   5.25648892E-02   1.40129846E-45   0.00000000       1.87044845E-34
 Kinematics :           25  theta, phi =    90.0000000       0.00000000       4.24865671E-02   3.51608992E-02   4.24865671E-02   1.40129846E-45   0.00000000       1.87044845E-34
 Kinematics :           26  theta, phi =    90.0000000       0.00000000       3.45780551E-02   3.28671150E-02   3.45780551E-02   1.40129846E-45   0.00000000       1.87044845E-34
 Kinematics :           27  theta, phi =    90.0000000       0.00000000       2.82931309E-02   3.01774498E-02   2.82931309E-02   1.40129846E-45   0.00000000       1.87044845E-34
 Kinematics :           28  theta, phi =    90.0000000       0.00000000       2.32434291E-02   2.73044333E-02   2.32434236E-02   1.40129846E-45   0.00000000       1.87044845E-34
 Kinematics :           29  theta, phi =    90.0000000       0.00000000       1.91474427E-02   2.43929401E-02   1.91474427E-02   1.40129846E-45   0.00000000       1.87044845E-34
 Kinematics :           30  theta, phi =    90.0000000       0.00000000       1.58008412E-02   2.15566736E-02   1.58008412E-02   1.40129846E-45   0.00000000       1.87044845E-34
 Kinematics :           31  theta, phi =    90.0000000       0.00000000       1.30493343E-02   1.88650526E-02   1.30493343E-02   1.40129846E-45   0.00000000       1.87044845E-34
 Kinematics :           32  theta, phi =    90.0000000       0.00000000       1.07779475E-02   1.63709130E-02   1.07779466E-02   1.40129846E-45   0.00000000       1.87044845E-34
 Kinematics :           33  theta, phi =    90.0000000       0.00000000       8.89578555E-03   1.40933180E-02   8.89578462E-03   1.40129846E-45   0.00000000       1.87044845E-34
 Kinematics :           34  theta, phi =    90.0000000       0.00000000       7.33226910E-03   1.20407371E-02   7.33226910E-03   1.40129846E-45   0.00000000       1.87044845E-34
 Kinematics :           35  theta, phi =    90.0000000       0.00000000       6.03296841E-03   1.02172336E-02   6.03296934E-03   1.40129846E-45   0.00000000       1.87044845E-34
 Kinematics :           36  theta, phi =    90.0000000       0.00000000       4.95322328E-03   8.61466210E-03   4.95322281E-03   1.40129846E-45   0.00000000       1.87044845E-34
 Kinematics :           37  theta, phi =    90.0000000       0.00000000       4.05533006E-03   7.21556367E-03   4.05533006E-03   1.40129846E-45   0.00000000       1.87044845E-34
 Kinematics :           38  theta, phi =    90.0000000       0.00000000       3.30975861E-03   6.00557728E-03   3.30975838E-03   1.40129846E-45   0.00000000       1.87044845E-34
 Kinematics :           39  theta, phi =    90.0000000       0.00000000       2.69194250E-03   4.96775331E-03   2.69194227E-03   1.40129846E-45   0.00000000       1.87044845E-34
 Kinematics :           40  theta, phi =    90.0000000       0.00000000       2.18119496E-03   4.08436032E-03   2.18119496E-03   1.40129846E-45   0.00000000       1.87044845E-34
 Kinematics :           41  theta, phi =    90.0000000       0.00000000       1.75934436E-03   3.33562423E-03   1.75934436E-03   1.40129846E-45   0.00000000       1.87044845E-34
 Kinematics :           42  theta, phi =    90.0000000       0.00000000       1.41254335E-03   2.70682736E-03   1.41254347E-03   1.40129846E-45   0.00000000       1.87044845E-34
 Kinematics :           43  theta, phi =    90.0000000       0.00000000       1.12851826E-03   2.18242663E-03   1.12851837E-03   1.40129846E-45   0.00000000       1.87044845E-34
 Kinematics :           44  theta, phi =    90.0000000       0.00000000       8.96329817E-04   1.74677826E-03   8.96329817E-04   1.40129846E-45   0.00000000       1.87044845E-34
 Kinematics :           45  theta, phi =    90.0000000       0.00000000       7.07713247E-04   1.38816459E-03   7.07713247E-04   1.40129846E-45   0.00000000       1.87044845E-34
 Kinematics :           46  theta, phi =    90.0000000       0.00000000       5.54985076E-04   1.09444291E-03   5.54985076E-04   1.40129846E-45   0.00000000       1.87044845E-34
 Kinematics :           47  theta, phi =    90.0000000       0.00000000       4.32124769E-04   8.55900464E-04   4.32124740E-04   1.40129846E-45   0.00000000       1.87044845E-34
 Kinematics :           48  theta, phi =    90.0000000       0.00000000       3.33763601E-04   6.63378800E-04   3.33763630E-04   1.40129846E-45   0.00000000       1.87044845E-34
 Kinematics :           49  theta, phi =    90.0000000       0.00000000       2.55325576E-04   5.08798403E-04   2.55325576E-04   1.40129846E-45   0.00000000       1.87044845E-34
 Kinematics :           50  theta, phi =    90.0000000       0.00000000       1.93572021E-04   3.86478758E-04   1.93572021E-04   1.40129846E-45   0.00000000       1.87044845E-34
 Kinematics :           51  theta, phi =    90.0000000       0.00000000       1.44973077E-04   2.89784337E-04   1.44973077E-04   1.40129846E-45   0.00000000       1.87044845E-34
