 Kinematics :            1  theta, phi =    99.0000000       0.00000000       85700.0781       85701.0234       85700.0781       83554.6797       84095.7578       83554.6797    
 Kinematics :            2  theta, phi =    99.0000000       0.00000000       42737.0039       41828.4727       42737.0039       41202.6406       40691.2266       41202.6406    
 Kinematics :            3  theta, phi =    99.0000000       0.00000000       11572.2930       10611.8760       11572.2930       10859.6641       10104.2715       10859.6641    
 Kinematics :            4  theta, phi =    99.0000000       0.00000000       3419.80273       2806.58496       3419.80298       3065.50220       2567.19971       3065.50220    
 Kinematics :            5  theta, phi =    99.0000000       0.00000000       1204.27942       841.580505       1204.27942       1030.64807       733.248230       1030.64819    
 Kinematics :            6  theta, phi =    99.0000000       0.00000000       489.121552       275.143707       489.121552       387.053162       216.405884       387.053345    
 Kinematics :            7  theta, phi =    99.0000000       0.00000000       221.162277       93.6956940       221.162277       177.906082       72.6363373       177.906204    
 Kinematics :            8  theta, phi =    99.0000000       0.00000000       108.535316       31.9019184       108.535301       87.7305756       23.7506199       87.7305679    
 Kinematics :            9  theta, phi =    99.0000000       0.00000000       56.8150330       10.4650393       56.8150215       47.2535477       8.07376862       47.2536736    
 Kinematics :           10  theta, phi =    99.0000000       0.00000000       31.3443985       3.24720502       31.3443985       27.0713310       3.10817480       27.0713558    
 Kinematics :           11  theta, phi =    99.0000000       0.00000000       18.0675240       1.05933487       18.0675240       16.1813240       1.64268386       16.1814270    
 Kinematics :           12  theta, phi =    99.0000000       0.00000000       10.8063812      0.567084670       10.8063803       9.77615261       1.15865636       9.77620983    
 Kinematics :           13  theta, phi =    99.0000000       0.00000000       6.66829252      0.564504266       6.66829252       6.34129381       1.14715064       6.34132051    
 Kinematics :           14  theta, phi =    99.0000000       0.00000000       4.22364521      0.640022337       4.22364521       3.87806749      0.987855792       3.87807298    
 Kinematics :           15  theta, phi =    99.0000000       0.00000000       2.73387790      0.675996721       2.73387790       2.47973680      0.883452833       2.47974539    
 Kinematics :           16  theta, phi =    99.0000000       0.00000000       1.80060220      0.657220364       1.80060244       1.60538578      0.766712606       1.60539687    
 Kinematics :           17  theta, phi =    99.0000000       0.00000000       1.20241857      0.598450303       1.20241868       1.06310844      0.636093736       1.06310463    
 Kinematics :           18  theta, phi =    99.0000000       0.00000000      0.811493099      0.518659413      0.811493039      0.708015323      0.513087094      0.708016992    
 Kinematics :           19  theta, phi =    99.0000000       0.00000000      0.551896989      0.432671189      0.551896989      0.471565872      0.417243868      0.471568763    
 Kinematics :           20  theta, phi =    99.0000000       0.00000000      0.377329201      0.350145608      0.377329141      0.315113008      0.328433812      0.315115124    
 Kinematics :           21  theta, phi =    99.0000000       0.00000000      0.258725882      0.276278436      0.258725882      0.213497579      0.247471690      0.213497728    
 Kinematics :           22  theta, phi =    99.0000000       0.00000000      0.177547678      0.213274971      0.177547678      0.144412681      0.184562877      0.144412190    
 Kinematics :           23  theta, phi =    99.0000000       0.00000000      0.121877767      0.161650717      0.121877767       9.73331332E-02  0.136241600       9.73337665E-02
 Kinematics :           24  theta, phi =    99.0000000       0.00000000       8.34678933E-02  0.120357953       8.34678784E-02   6.48338422E-02  0.100283831       6.48341551E-02
 Kinematics :           25  theta, phi =    99.0000000       0.00000000       5.69841117E-02   8.81587118E-02   5.69841117E-02   4.36638743E-02   7.30537921E-02   4.36639115E-02
 Kinematics :           26  theta, phi =    99.0000000       0.00000000       3.87122519E-02   6.35247603E-02   3.87122519E-02   2.94372551E-02   5.24310432E-02   2.94373054E-02
 Kinematics :           27  theta, phi =    99.0000000       0.00000000       2.61747278E-02   4.50757816E-02   2.61747260E-02   1.97987091E-02   3.72568853E-02   1.97984185E-02
 Kinematics :           28  theta, phi =    99.0000000       0.00000000       1.75598152E-02   3.14411558E-02   1.75598133E-02   1.32768489E-02   2.60308199E-02   1.32769123E-02
 Kinematics :           29  theta, phi =    99.0000000       0.00000000       1.16970018E-02   2.15683989E-02   1.16970018E-02   8.86597857E-03   1.80026554E-02   8.86596460E-03
 Kinematics :           30  theta, phi =    99.0000000       0.00000000       7.71990512E-03   1.45263905E-02   7.71990512E-03   5.89666888E-03   1.22674145E-02   5.89656504E-03
 Kinematics :           31  theta, phi =    99.0000000       0.00000000       5.03551401E-03   9.57655068E-03   5.03551355E-03   3.88188893E-03   8.18828866E-03   3.88186937E-03
 Kinematics :           32  theta, phi =    99.0000000       0.00000000       3.24268127E-03   6.16689818E-03   3.24268127E-03   2.52566673E-03   5.34534687E-03   2.52564275E-03
 Kinematics :           33  theta, phi =    99.0000000       0.00000000       2.05479702E-03   3.86147248E-03   2.05479702E-03   1.61553232E-03   3.39784799E-03   1.61553430E-03
 Kinematics :           34  theta, phi =    99.0000000       0.00000000       1.27738377E-03   2.34225835E-03   1.27738377E-03   1.01477257E-03   2.09481874E-03   1.01476081E-03
 Kinematics :           35  theta, phi =    99.0000000       0.00000000       7.72262807E-04   1.35973131E-03   7.72262807E-04   6.18624734E-04   1.23675470E-03   6.18620310E-04
 Kinematics :           36  theta, phi =    99.0000000       0.00000000       4.48902167E-04   7.45925936E-04   4.48902079E-04   3.62075400E-04   6.91098219E-04   3.62071238E-04
 Kinematics :           37  theta, phi =    99.0000000       0.00000000       2.43037372E-04   3.72273033E-04   2.43037386E-04   1.96779860E-04   3.51324154E-04   1.96778288E-04
 Kinematics :           38  theta, phi =    99.0000000       0.00000000       1.16329713E-04   1.60729061E-04   1.16329742E-04   9.44389540E-05   1.55051937E-04   9.44388594E-05
 Kinematics :           39  theta, phi =    99.0000000       0.00000000       3.99637102E-05   4.83498479E-05   3.99637065E-05   3.24396533E-05   4.78369438E-05   3.24396824E-05
 Kinematics :           40  theta, phi =    99.0000000       0.00000000       3.99637102E-05   4.83498479E-05   3.99637065E-05   3.24396533E-05   4.78369438E-05   3.24396824E-05
 Kinematics :           40  theta, phi =    99.0000000       0.00000000      is bad !
 Kinematics :           41  theta, phi =    99.0000000       0.00000000       3.99637102E-05   4.83498479E-05   3.99637065E-05   3.24396533E-05   4.78369438E-05   3.24396824E-05
 Kinematics :           41  theta, phi =    99.0000000       0.00000000      is bad !
 Kinematics :           42  theta, phi =    99.0000000       0.00000000       3.99637102E-05   4.83498479E-05   3.99637065E-05   3.24396533E-05   4.78369438E-05   3.24396824E-05
 Kinematics :           42  theta, phi =    99.0000000       0.00000000      is bad !
 Kinematics :           43  theta, phi =    99.0000000       0.00000000       3.99637102E-05   4.83498479E-05   3.99637065E-05   3.24396533E-05   4.78369438E-05   3.24396824E-05
 Kinematics :           43  theta, phi =    99.0000000       0.00000000      is bad !
 Kinematics :           44  theta, phi =    99.0000000       0.00000000       3.99637102E-05   4.83498479E-05   3.99637065E-05   3.24396533E-05   4.78369438E-05   3.24396824E-05
 Kinematics :           44  theta, phi =    99.0000000       0.00000000      is bad !
 Kinematics :           45  theta, phi =    99.0000000       0.00000000       3.99637102E-05   4.83498479E-05   3.99637065E-05   3.24396533E-05   4.78369438E-05   3.24396824E-05
 Kinematics :           45  theta, phi =    99.0000000       0.00000000      is bad !
 Kinematics :           46  theta, phi =    99.0000000       0.00000000       3.99637102E-05   4.83498479E-05   3.99637065E-05   3.24396533E-05   4.78369438E-05   3.24396824E-05
 Kinematics :           46  theta, phi =    99.0000000       0.00000000      is bad !
 Kinematics :           47  theta, phi =    99.0000000       0.00000000       3.99637102E-05   4.83498479E-05   3.99637065E-05   3.24396533E-05   4.78369438E-05   3.24396824E-05
 Kinematics :           47  theta, phi =    99.0000000       0.00000000      is bad !
 Kinematics :           48  theta, phi =    99.0000000       0.00000000       3.99637102E-05   4.83498479E-05   3.99637065E-05   3.24396533E-05   4.78369438E-05   3.24396824E-05
 Kinematics :           48  theta, phi =    99.0000000       0.00000000      is bad !
 Kinematics :           49  theta, phi =    99.0000000       0.00000000       3.99637102E-05   4.83498479E-05   3.99637065E-05   3.24396533E-05   4.78369438E-05   3.24396824E-05
 Kinematics :           49  theta, phi =    99.0000000       0.00000000      is bad !
 Kinematics :           50  theta, phi =    99.0000000       0.00000000       3.99637102E-05   4.83498479E-05   3.99637065E-05   3.24396533E-05   4.78369438E-05   3.24396824E-05
 Kinematics :           50  theta, phi =    99.0000000       0.00000000      is bad !
 Kinematics :           51  theta, phi =    99.0000000       0.00000000       3.99637102E-05   4.83498479E-05   3.99637065E-05   3.24396533E-05   4.78369438E-05   3.24396824E-05
 Kinematics :           51  theta, phi =    99.0000000       0.00000000      is bad !
