 Kinematics :            1  theta, phi =    99.0000000       0.00000000       615.974365       615.981201       615.974365       601.259460       604.597290       601.259460    
 Kinematics :            2  theta, phi =    99.0000000       0.00000000       301.663147       295.250092       301.663147       292.099335       288.034851       292.099335    
 Kinematics :            3  theta, phi =    99.0000000       0.00000000       80.2745514       73.6123428       80.2745819       75.4134216       70.0292969       75.4134445    
 Kinematics :            4  theta, phi =    99.0000000       0.00000000       23.3261833       19.1434765       23.3261833       20.9962540       17.5363140       20.9962540    
 Kinematics :            5  theta, phi =    99.0000000       0.00000000       8.08043480       5.64680624       8.08043385       6.88713312       4.89026737       6.88713360    
 Kinematics :            6  theta, phi =    99.0000000       0.00000000       3.22934461       1.81659114       3.22934461       2.60540652       1.46334875       2.60540819    
 Kinematics :            7  theta, phi =    99.0000000       0.00000000       1.43699241      0.608783662       1.43699241       1.11717594      0.456318647       1.11717689    
 Kinematics :            8  theta, phi =    99.0000000       0.00000000      0.693999588      0.203988075      0.693999350      0.527535260      0.142361268      0.527535439    
 Kinematics :            9  theta, phi =    99.0000000       0.00000000      0.357461542       6.58425987E-02  0.357461601      0.270541042       4.48294170E-02  0.270541459    
 Kinematics :           10  theta, phi =    99.0000000       0.00000000      0.193984658       2.00963505E-02  0.193984658      0.148636460       1.65685341E-02  0.148636729    
 Kinematics :           11  theta, phi =    99.0000000       0.00000000      0.109936409       6.44579018E-03  0.109936409       8.57421905E-02   9.04932898E-03   8.57423916E-02
 Kinematics :           12  theta, phi =    99.0000000       0.00000000       6.46073744E-02   3.39039089E-03   6.46073744E-02   5.17927557E-02   7.35887606E-03   5.17927632E-02
 Kinematics :           13  theta, phi =    99.0000000       0.00000000       3.91399078E-02   3.31338914E-03   3.91399078E-02   3.09938621E-02   7.16743385E-03   3.09939627E-02
 Kinematics :           14  theta, phi =    99.0000000       0.00000000       2.43139509E-02   3.68436961E-03   2.43139509E-02   1.91526413E-02   6.76081749E-03   1.91527754E-02
 Kinematics :           15  theta, phi =    99.0000000       0.00000000       1.54162347E-02   3.81191936E-03   1.54162347E-02   1.20627675E-02   6.11188682E-03   1.20628374E-02
 Kinematics :           16  theta, phi =    99.0000000       0.00000000       9.93129518E-03   3.62492586E-03   9.93129518E-03   7.79496506E-03   5.19298203E-03   7.79499346E-03
 Kinematics :           17  theta, phi =    99.0000000       0.00000000       6.47544721E-03   3.22286552E-03   6.47544721E-03   5.16610639E-03   4.18281881E-03   5.16610919E-03
 Kinematics :           18  theta, phi =    99.0000000       0.00000000       4.25814278E-03   2.72155902E-03   4.25814325E-03   3.42636555E-03   3.25165479E-03   3.42637626E-03
 Kinematics :           19  theta, phi =    99.0000000       0.00000000       2.81472364E-03   2.20666151E-03   2.81472341E-03   2.26393808E-03   2.45655002E-03   2.26393319E-03
 Kinematics :           20  theta, phi =    99.0000000       0.00000000       1.86488603E-03   1.73053576E-03   1.86488603E-03   1.48964976E-03   1.81500323E-03   1.48965442E-03
 Kinematics :           21  theta, phi =    99.0000000       0.00000000       1.23477052E-03   1.31853996E-03   1.23477052E-03   9.74317198E-04   1.31414365E-03   9.74325405E-04
 Kinematics :           22  theta, phi =    99.0000000       0.00000000       8.14728381E-04   9.78673226E-04   8.14728381E-04   6.32172741E-04   9.33300820E-04   6.32174546E-04
 Kinematics :           23  theta, phi =    99.0000000       0.00000000       5.34939754E-04   7.09509070E-04   5.34939754E-04   4.06744395E-04   6.51910843E-04   4.06745443E-04
 Kinematics :           24  theta, phi =    99.0000000       0.00000000       3.48162750E-04   5.02039213E-04   3.48162750E-04   2.59415625E-04   4.47281520E-04   2.59416585E-04
 Kinematics :           25  theta, phi =    99.0000000       0.00000000       2.24075979E-04   3.46662418E-04   2.24075979E-04   1.63370976E-04   3.01477907E-04   1.63370511E-04
 Kinematics :           26  theta, phi =    99.0000000       0.00000000       1.42037155E-04   2.33075407E-04   1.42037170E-04   1.01476508E-04   1.98609094E-04   1.01476908E-04
 Kinematics :           27  theta, phi =    99.0000000       0.00000000       8.84115288E-05   1.52254448E-04   8.84115288E-05   6.21343715E-05   1.27945415E-04   6.21344516E-05
 Kinematics :           28  theta, phi =    99.0000000       0.00000000       5.36214102E-05   9.60100660E-05   5.36214102E-05   3.72818540E-05   7.99328409E-05   3.72817340E-05
 Kinematics :           29  theta, phi =    99.0000000       0.00000000       3.14759345E-05   5.80392771E-05   3.14759345E-05   2.17819343E-05   4.80620074E-05   2.17817578E-05
 Kinematics :           30  theta, phi =    99.0000000       0.00000000       1.76175909E-05   3.31506744E-05   1.76175909E-05   1.22405318E-05   2.73690584E-05   1.22405690E-05
 Kinematics :           31  theta, phi =    99.0000000       0.00000000       9.14930388E-06   1.74001634E-05   9.14930388E-06   6.39070413E-06   1.44768937E-05   6.39067730E-06
 Kinematics :           32  theta, phi =    99.0000000       0.00000000       4.15444538E-06   7.90088143E-06   4.15444583E-06   2.93130165E-06   6.67234190E-06   2.93129142E-06
 Kinematics :           33  theta, phi =    99.0000000       0.00000000       1.34403672E-06   2.52577820E-06   1.34403695E-06   9.65482172E-07   2.16788044E-06   9.65488994E-07
 Kinematics :           34  theta, phi =    99.0000000       0.00000000       1.34403672E-06   2.52577820E-06   1.34403695E-06   9.65482172E-07   2.16788044E-06   9.65488994E-07
 Kinematics :           34  theta, phi =    99.0000000       0.00000000      is bad !
 Kinematics :           35  theta, phi =    99.0000000       0.00000000       1.34403672E-06   2.52577820E-06   1.34403695E-06   9.65482172E-07   2.16788044E-06   9.65488994E-07
 Kinematics :           35  theta, phi =    99.0000000       0.00000000      is bad !
 Kinematics :           36  theta, phi =    99.0000000       0.00000000       1.34403672E-06   2.52577820E-06   1.34403695E-06   9.65482172E-07   2.16788044E-06   9.65488994E-07
 Kinematics :           36  theta, phi =    99.0000000       0.00000000      is bad !
 Kinematics :           37  theta, phi =    99.0000000       0.00000000       1.34403672E-06   2.52577820E-06   1.34403695E-06   9.65482172E-07   2.16788044E-06   9.65488994E-07
 Kinematics :           37  theta, phi =    99.0000000       0.00000000      is bad !
 Kinematics :           38  theta, phi =    99.0000000       0.00000000       1.34403672E-06   2.52577820E-06   1.34403695E-06   9.65482172E-07   2.16788044E-06   9.65488994E-07
 Kinematics :           38  theta, phi =    99.0000000       0.00000000      is bad !
 Kinematics :           39  theta, phi =    99.0000000       0.00000000       1.34403672E-06   2.52577820E-06   1.34403695E-06   9.65482172E-07   2.16788044E-06   9.65488994E-07
 Kinematics :           39  theta, phi =    99.0000000       0.00000000      is bad !
 Kinematics :           40  theta, phi =    99.0000000       0.00000000       1.34403672E-06   2.52577820E-06   1.34403695E-06   9.65482172E-07   2.16788044E-06   9.65488994E-07
 Kinematics :           40  theta, phi =    99.0000000       0.00000000      is bad !
 Kinematics :           41  theta, phi =    99.0000000       0.00000000       1.34403672E-06   2.52577820E-06   1.34403695E-06   9.65482172E-07   2.16788044E-06   9.65488994E-07
 Kinematics :           41  theta, phi =    99.0000000       0.00000000      is bad !
 Kinematics :           42  theta, phi =    99.0000000       0.00000000       1.34403672E-06   2.52577820E-06   1.34403695E-06   9.65482172E-07   2.16788044E-06   9.65488994E-07
 Kinematics :           42  theta, phi =    99.0000000       0.00000000      is bad !
 Kinematics :           43  theta, phi =    99.0000000       0.00000000       1.34403672E-06   2.52577820E-06   1.34403695E-06   9.65482172E-07   2.16788044E-06   9.65488994E-07
 Kinematics :           43  theta, phi =    99.0000000       0.00000000      is bad !
 Kinematics :           44  theta, phi =    99.0000000       0.00000000       1.34403672E-06   2.52577820E-06   1.34403695E-06   9.65482172E-07   2.16788044E-06   9.65488994E-07
 Kinematics :           44  theta, phi =    99.0000000       0.00000000      is bad !
 Kinematics :           45  theta, phi =    99.0000000       0.00000000       1.34403672E-06   2.52577820E-06   1.34403695E-06   9.65482172E-07   2.16788044E-06   9.65488994E-07
 Kinematics :           45  theta, phi =    99.0000000       0.00000000      is bad !
 Kinematics :           46  theta, phi =    99.0000000       0.00000000       1.34403672E-06   2.52577820E-06   1.34403695E-06   9.65482172E-07   2.16788044E-06   9.65488994E-07
 Kinematics :           46  theta, phi =    99.0000000       0.00000000      is bad !
 Kinematics :           47  theta, phi =    99.0000000       0.00000000       1.34403672E-06   2.52577820E-06   1.34403695E-06   9.65482172E-07   2.16788044E-06   9.65488994E-07
 Kinematics :           47  theta, phi =    99.0000000       0.00000000      is bad !
 Kinematics :           48  theta, phi =    99.0000000       0.00000000       1.34403672E-06   2.52577820E-06   1.34403695E-06   9.65482172E-07   2.16788044E-06   9.65488994E-07
 Kinematics :           48  theta, phi =    99.0000000       0.00000000      is bad !
 Kinematics :           49  theta, phi =    99.0000000       0.00000000       1.34403672E-06   2.52577820E-06   1.34403695E-06   9.65482172E-07   2.16788044E-06   9.65488994E-07
 Kinematics :           49  theta, phi =    99.0000000       0.00000000      is bad !
 Kinematics :           50  theta, phi =    99.0000000       0.00000000       1.34403672E-06   2.52577820E-06   1.34403695E-06   9.65482172E-07   2.16788044E-06   9.65488994E-07
 Kinematics :           50  theta, phi =    99.0000000       0.00000000      is bad !
 Kinematics :           51  theta, phi =    99.0000000       0.00000000       1.34403672E-06   2.52577820E-06   1.34403695E-06   9.65482172E-07   2.16788044E-06   9.65488994E-07
 Kinematics :           51  theta, phi =    99.0000000       0.00000000      is bad !
