 Kinematics :            1  theta, phi =    99.0000000       0.00000000       215.382202       215.384598       215.382202       210.144394       211.311569       210.144394    
 Kinematics :            2  theta, phi =    99.0000000       0.00000000       104.978691       102.746956       104.978691       101.545967       100.140106       101.545967    
 Kinematics :            3  theta, phi =    99.0000000       0.00000000       27.8004570       25.4932098       27.8004436       26.1720066       24.3083344       26.1720028    
 Kinematics :            4  theta, phi =    99.0000000       0.00000000       8.03861618       6.59718227       8.03861618       7.25285149       6.06031227       7.25285149    
 Kinematics :            5  theta, phi =    99.0000000       0.00000000       2.77068138       1.93622065       2.77068138       2.36175513       1.67789698       2.36175585    
 Kinematics :            6  theta, phi =    99.0000000       0.00000000       1.10155606      0.619654238       1.10155618      0.890089273      0.501161575      0.890089631    
 Kinematics :            7  theta, phi =    99.0000000       0.00000000      0.487532228      0.206543639      0.487532228      0.372072190      0.151111990      0.372072250    
 Kinematics :            8  theta, phi =    99.0000000       0.00000000      0.234129578       6.88179657E-02  0.234129578      0.175875291       4.73841056E-02  0.175875485    
 Kinematics :            9  theta, phi =    99.0000000       0.00000000      0.119878866       2.20810715E-02  0.119878836       8.83876681E-02   1.40996994E-02   8.83878618E-02
 Kinematics :           10  theta, phi =    99.0000000       0.00000000       6.46465570E-02   6.69723051E-03   6.46465644E-02   4.84220721E-02   5.27626695E-03   4.84221280E-02
 Kinematics :           11  theta, phi =    99.0000000       0.00000000       3.63916010E-02   2.13371194E-03   3.63916010E-02   2.72536706E-02   2.74688471E-03   2.72537228E-02
 Kinematics :           12  theta, phi =    99.0000000       0.00000000       2.12329719E-02   1.11423968E-03   2.12329719E-02   1.63792539E-02   2.45859846E-03   1.63793489E-02
 Kinematics :           13  theta, phi =    99.0000000       0.00000000       1.27634080E-02   1.08048634E-03   1.27634080E-02   9.44569055E-03   2.40569655E-03   9.44569521E-03
 Kinematics :           14  theta, phi =    99.0000000       0.00000000       7.86192715E-03   1.19134237E-03   7.86192715E-03   5.82779804E-03   2.30032392E-03   5.82782086E-03
 Kinematics :           15  theta, phi =    99.0000000       0.00000000       4.93893167E-03   1.22123281E-03   4.93893167E-03   3.76787060E-03   2.01073615E-03   3.76787432E-03
 Kinematics :           16  theta, phi =    99.0000000       0.00000000       3.14947497E-03   1.14955916E-03   3.14947497E-03   2.46846233E-03   1.67762989E-03   2.46848282E-03
 Kinematics :           17  theta, phi =    99.0000000       0.00000000       2.03050813E-03   1.01059512E-03   2.03050813E-03   1.62310351E-03   1.33544893E-03   1.62311317E-03
 Kinematics :           18  theta, phi =    99.0000000       0.00000000       1.31851365E-03   8.42717593E-04   1.31851365E-03   1.06413267E-03   1.02435879E-03   1.06413185E-03
 Kinematics :           19  theta, phi =    99.0000000       0.00000000       8.59297579E-04   6.73664326E-04   8.59297637E-04   6.94296265E-04   7.63140968E-04   6.94299466E-04
 Kinematics :           20  theta, phi =    99.0000000       0.00000000       5.60233835E-04   5.19873342E-04   5.60233835E-04   4.49845742E-04   5.54289727E-04   4.49847255E-04
 Kinematics :           21  theta, phi =    99.0000000       0.00000000       3.64147680E-04   3.88852262E-04   3.64147680E-04   2.89035524E-04   3.93989467E-04   2.89035961E-04
 Kinematics :           22  theta, phi =    99.0000000       0.00000000       2.35168016E-04   2.82490073E-04   2.35168016E-04   1.83453565E-04   2.73706071E-04   1.83453289E-04
 Kinematics :           23  theta, phi =    99.0000000       0.00000000       1.50547450E-04   1.99676317E-04   1.50547450E-04   1.15296105E-04   1.86402132E-04   1.15297225E-04
 Kinematics :           24  theta, phi =    99.0000000       0.00000000       9.50495087E-05   1.37058276E-04   9.50495014E-05   7.11625325E-05   1.24268990E-04   7.11629182E-05
 Kinematics :           25  theta, phi =    99.0000000       0.00000000       5.89323718E-05   9.11728057E-05   5.89323718E-05   4.31163025E-05   8.04684896E-05   4.31165863E-05
 Kinematics :           26  theta, phi =    99.0000000       0.00000000       3.56340570E-05   5.84736008E-05   3.56340606E-05   2.55348896E-05   5.05895878E-05   2.55349569E-05
 Kinematics :           27  theta, phi =    99.0000000       0.00000000       2.08463352E-05   3.58997022E-05   2.08463316E-05   1.47008177E-05   3.06275324E-05   1.47006904E-05
 Kinematics :           28  theta, phi =    99.0000000       0.00000000       1.15989378E-05   2.07680987E-05   1.15989378E-05   8.08744335E-06   1.75633540E-05   8.08747882E-06
 Kinematics :           29  theta, phi =    99.0000000       0.00000000       5.97744611E-06   1.10219644E-05   5.97744611E-06   4.14818851E-06   9.29337421E-06   4.14816304E-06
 Kinematics :           30  theta, phi =    99.0000000       0.00000000       2.66809070E-06   5.02049397E-06   2.66809070E-06   1.85761871E-06   4.22717585E-06   1.85763042E-06
 Kinematics :           31  theta, phi =    99.0000000       0.00000000       8.14845635E-07   1.54967495E-06   8.14845635E-07   5.73389912E-07   1.31345575E-06   5.73391617E-07
 Kinematics :           32  theta, phi =    99.0000000       0.00000000       8.14845635E-07   1.54967495E-06   8.14845635E-07   5.73389912E-07   1.31345575E-06   5.73391617E-07
 Kinematics :           32  theta, phi =    99.0000000       0.00000000      is bad !
 Kinematics :           33  theta, phi =    99.0000000       0.00000000       8.14845635E-07   1.54967495E-06   8.14845635E-07   5.73389912E-07   1.31345575E-06   5.73391617E-07
 Kinematics :           33  theta, phi =    99.0000000       0.00000000      is bad !
 Kinematics :           34  theta, phi =    99.0000000       0.00000000       8.14845635E-07   1.54967495E-06   8.14845635E-07   5.73389912E-07   1.31345575E-06   5.73391617E-07
 Kinematics :           34  theta, phi =    99.0000000       0.00000000      is bad !
 Kinematics :           35  theta, phi =    99.0000000       0.00000000       8.14845635E-07   1.54967495E-06   8.14845635E-07   5.73389912E-07   1.31345575E-06   5.73391617E-07
 Kinematics :           35  theta, phi =    99.0000000       0.00000000      is bad !
 Kinematics :           36  theta, phi =    99.0000000       0.00000000       8.14845635E-07   1.54967495E-06   8.14845635E-07   5.73389912E-07   1.31345575E-06   5.73391617E-07
 Kinematics :           36  theta, phi =    99.0000000       0.00000000      is bad !
 Kinematics :           37  theta, phi =    99.0000000       0.00000000       8.14845635E-07   1.54967495E-06   8.14845635E-07   5.73389912E-07   1.31345575E-06   5.73391617E-07
 Kinematics :           37  theta, phi =    99.0000000       0.00000000      is bad !
 Kinematics :           38  theta, phi =    99.0000000       0.00000000       8.14845635E-07   1.54967495E-06   8.14845635E-07   5.73389912E-07   1.31345575E-06   5.73391617E-07
 Kinematics :           38  theta, phi =    99.0000000       0.00000000      is bad !
 Kinematics :           39  theta, phi =    99.0000000       0.00000000       8.14845635E-07   1.54967495E-06   8.14845635E-07   5.73389912E-07   1.31345575E-06   5.73391617E-07
 Kinematics :           39  theta, phi =    99.0000000       0.00000000      is bad !
 Kinematics :           40  theta, phi =    99.0000000       0.00000000       8.14845635E-07   1.54967495E-06   8.14845635E-07   5.73389912E-07   1.31345575E-06   5.73391617E-07
 Kinematics :           40  theta, phi =    99.0000000       0.00000000      is bad !
 Kinematics :           41  theta, phi =    99.0000000       0.00000000       8.14845635E-07   1.54967495E-06   8.14845635E-07   5.73389912E-07   1.31345575E-06   5.73391617E-07
 Kinematics :           41  theta, phi =    99.0000000       0.00000000      is bad !
 Kinematics :           42  theta, phi =    99.0000000       0.00000000       8.14845635E-07   1.54967495E-06   8.14845635E-07   5.73389912E-07   1.31345575E-06   5.73391617E-07
 Kinematics :           42  theta, phi =    99.0000000       0.00000000      is bad !
 Kinematics :           43  theta, phi =    99.0000000       0.00000000       8.14845635E-07   1.54967495E-06   8.14845635E-07   5.73389912E-07   1.31345575E-06   5.73391617E-07
 Kinematics :           43  theta, phi =    99.0000000       0.00000000      is bad !
 Kinematics :           44  theta, phi =    99.0000000       0.00000000       8.14845635E-07   1.54967495E-06   8.14845635E-07   5.73389912E-07   1.31345575E-06   5.73391617E-07
 Kinematics :           44  theta, phi =    99.0000000       0.00000000      is bad !
 Kinematics :           45  theta, phi =    99.0000000       0.00000000       8.14845635E-07   1.54967495E-06   8.14845635E-07   5.73389912E-07   1.31345575E-06   5.73391617E-07
 Kinematics :           45  theta, phi =    99.0000000       0.00000000      is bad !
 Kinematics :           46  theta, phi =    99.0000000       0.00000000       8.14845635E-07   1.54967495E-06   8.14845635E-07   5.73389912E-07   1.31345575E-06   5.73391617E-07
 Kinematics :           46  theta, phi =    99.0000000       0.00000000      is bad !
 Kinematics :           47  theta, phi =    99.0000000       0.00000000       8.14845635E-07   1.54967495E-06   8.14845635E-07   5.73389912E-07   1.31345575E-06   5.73391617E-07
 Kinematics :           47  theta, phi =    99.0000000       0.00000000      is bad !
 Kinematics :           48  theta, phi =    99.0000000       0.00000000       8.14845635E-07   1.54967495E-06   8.14845635E-07   5.73389912E-07   1.31345575E-06   5.73391617E-07
 Kinematics :           48  theta, phi =    99.0000000       0.00000000      is bad !
 Kinematics :           49  theta, phi =    99.0000000       0.00000000       8.14845635E-07   1.54967495E-06   8.14845635E-07   5.73389912E-07   1.31345575E-06   5.73391617E-07
 Kinematics :           49  theta, phi =    99.0000000       0.00000000      is bad !
 Kinematics :           50  theta, phi =    99.0000000       0.00000000       8.14845635E-07   1.54967495E-06   8.14845635E-07   5.73389912E-07   1.31345575E-06   5.73391617E-07
 Kinematics :           50  theta, phi =    99.0000000       0.00000000      is bad !
 Kinematics :           51  theta, phi =    99.0000000       0.00000000       8.14845635E-07   1.54967495E-06   8.14845635E-07   5.73389912E-07   1.31345575E-06   5.73391617E-07
 Kinematics :           51  theta, phi =    99.0000000       0.00000000      is bad !
