 Kinematics :            1  theta, phi =    99.0000000       0.00000000       58130.5312       58131.1875       58130.5312       56693.2344       57052.2539       56693.2344    
 Kinematics :            2  theta, phi =    99.0000000       0.00000000       28953.3359       28337.8242       28953.3398       27960.8906       27602.2129       27960.9004    
 Kinematics :            3  theta, phi =    99.0000000       0.00000000       7831.10645       7181.17969       7831.10645       7349.22412       6836.02002       7349.22412    
 Kinematics :            4  theta, phi =    99.0000000       0.00000000       2311.83765       1897.29297       2311.83765       2078.34009       1738.90454       2078.33984    
 Kinematics :            5  theta, phi =    99.0000000       0.00000000       813.332642       568.376953       813.332520       697.430481       495.536072       697.430420    
 Kinematics :            6  theta, phi =    99.0000000       0.00000000       330.042603       185.657608       330.042572       271.877838       152.858459       271.877869    
 Kinematics :            7  theta, phi =    99.0000000       0.00000000       149.107391       63.1695557       149.107391       119.850044       48.9675255       119.850166    
 Kinematics :            8  theta, phi =    99.0000000       0.00000000       73.1161423       21.4911137       73.1161423       58.9526443       15.9766579       58.9527931    
 Kinematics :            9  theta, phi =    99.0000000       0.00000000       38.2448120       7.04450035       38.2448082       31.7819862       5.49279690       31.7820587    
 Kinematics :           10  theta, phi =    99.0000000       0.00000000       21.0837345       2.18422484       21.0837345       18.0650692       2.09040403       18.0650711    
 Kinematics :           11  theta, phi =    99.0000000       0.00000000       12.1441774      0.712037504       12.1441774       10.7189159       1.08511174       10.7189608    
 Kinematics :           12  theta, phi =    99.0000000       0.00000000       7.25828505      0.380891919       7.25828457       6.55987501      0.813542604       6.55990410    
 Kinematics :           13  theta, phi =    99.0000000       0.00000000       4.47559738      0.378881723       4.47559786       4.06895113      0.727510810       4.06897545    
 Kinematics :           14  theta, phi =    99.0000000       0.00000000       2.83269906      0.429247797       2.83269906       2.55804038      0.669359744       2.55805087    
 Kinematics :           15  theta, phi =    99.0000000       0.00000000       1.83215094      0.453029782       1.83215082       1.64152968      0.600111425       1.64152336    
 Kinematics :           16  theta, phi =    99.0000000       0.00000000       1.20574069      0.440095663       1.20574081       1.07289171      0.523064792       1.07290947    
 Kinematics :           17  theta, phi =    99.0000000       0.00000000      0.804505825      0.400406897      0.804505706      0.700892329      0.435250521      0.700911880    
 Kinematics :           18  theta, phi =    99.0000000       0.00000000      0.542466581      0.346713156      0.542466581      0.466462493      0.350711435      0.466463983    
 Kinematics :           19  theta, phi =    99.0000000       0.00000000      0.368579149      0.288955301      0.368579149      0.310723573      0.284352809      0.310726285    
 Kinematics :           20  theta, phi =    99.0000000       0.00000000      0.251732737      0.233597383      0.251732737      0.208706737      0.221945152      0.208706886    
 Kinematics :           21  theta, phi =    99.0000000       0.00000000      0.172409996      0.184106648      0.172410011      0.139549881      0.168604657      0.139550403    
 Kinematics :           22  theta, phi =    99.0000000       0.00000000      0.118163407      0.141941011      0.118163422       9.37970132E-02  0.124111846       9.37971845E-02
 Kinematics :           23  theta, phi =    99.0000000       0.00000000       8.09974000E-02  0.107429653       8.09973925E-02   6.40267506E-02   9.14062038E-02   6.40267506E-02
 Kinematics :           24  theta, phi =    99.0000000       0.00000000       5.53806946E-02   7.98571408E-02   5.53806946E-02   4.26739082E-02   6.67388737E-02   4.26738225E-02
 Kinematics :           25  theta, phi =    99.0000000       0.00000000       3.77382599E-02   5.83839417E-02   3.77382599E-02   2.86789499E-02   4.84648049E-02   2.86788363E-02
 Kinematics :           26  theta, phi =    99.0000000       0.00000000       2.55822297E-02   4.19790894E-02   2.55822297E-02   1.92424301E-02   3.46427523E-02   1.92422234E-02
 Kinematics :           27  theta, phi =    99.0000000       0.00000000       1.72534883E-02   2.97124237E-02   1.72534864E-02   1.28930574E-02   2.45021693E-02   1.28930584E-02
 Kinematics :           28  theta, phi =    99.0000000       0.00000000       1.15405256E-02   2.06635110E-02   1.15405247E-02   8.62722471E-03   1.70410909E-02   8.62722285E-03
 Kinematics :           29  theta, phi =    99.0000000       0.00000000       7.66031491E-03   1.41250500E-02   7.66031398E-03   5.73932566E-03   1.17209926E-02   5.73926140E-03
 Kinematics :           30  theta, phi =    99.0000000       0.00000000       5.03431773E-03   9.47297644E-03   5.03431819E-03   3.79433692E-03   7.94905052E-03   3.79434787E-03
 Kinematics :           31  theta, phi =    99.0000000       0.00000000       3.26679181E-03   6.21279050E-03   3.26679181E-03   2.48618238E-03   5.27859200E-03   2.48619379E-03
 Kinematics :           32  theta, phi =    99.0000000       0.00000000       2.09024316E-03   3.97520373E-03   2.09024316E-03   1.60799420E-03   3.42149683E-03   1.60798640E-03
 Kinematics :           33  theta, phi =    99.0000000       0.00000000       1.31379266E-03   2.46894220E-03   1.31379266E-03   1.02138112E-03   2.15768674E-03   1.02139113E-03
 Kinematics :           34  theta, phi =    99.0000000       0.00000000       8.08110693E-04   1.48178171E-03   8.08110635E-04   6.35161588E-04   1.31621817E-03   6.35162869E-04
 Kinematics :           35  theta, phi =    99.0000000       0.00000000       4.81533381E-04   8.47841031E-04   4.81533323E-04   3.82004480E-04   7.65847450E-04   3.82007129E-04
 Kinematics :           36  theta, phi =    99.0000000       0.00000000       2.74064863E-04   4.55404486E-04   2.74064776E-04   2.19103254E-04   4.19217133E-04   2.19103094E-04
 Kinematics :           37  theta, phi =    99.0000000       0.00000000       1.43366327E-04   2.19601730E-04   1.43366356E-04   1.15172545E-04   2.05932651E-04   1.15169758E-04
 Kinematics :           38  theta, phi =    99.0000000       0.00000000       6.40052895E-05   8.84340625E-05   6.40052749E-05   5.16284235E-05   8.48843410E-05   5.16296786E-05
 Kinematics :           39  theta, phi =    99.0000000       0.00000000       1.71230568E-05   2.07162193E-05   1.71230495E-05   1.38287096E-05   2.04257121E-05   1.38286887E-05
 Kinematics :           40  theta, phi =    99.0000000       0.00000000       1.71230568E-05   2.07162193E-05   1.71230495E-05   1.38287096E-05   2.04257121E-05   1.38286887E-05
 Kinematics :           40  theta, phi =    99.0000000       0.00000000      is bad !
 Kinematics :           41  theta, phi =    99.0000000       0.00000000       1.71230568E-05   2.07162193E-05   1.71230495E-05   1.38287096E-05   2.04257121E-05   1.38286887E-05
 Kinematics :           41  theta, phi =    99.0000000       0.00000000      is bad !
 Kinematics :           42  theta, phi =    99.0000000       0.00000000       1.71230568E-05   2.07162193E-05   1.71230495E-05   1.38287096E-05   2.04257121E-05   1.38286887E-05
 Kinematics :           42  theta, phi =    99.0000000       0.00000000      is bad !
 Kinematics :           43  theta, phi =    99.0000000       0.00000000       1.71230568E-05   2.07162193E-05   1.71230495E-05   1.38287096E-05   2.04257121E-05   1.38286887E-05
 Kinematics :           43  theta, phi =    99.0000000       0.00000000      is bad !
 Kinematics :           44  theta, phi =    99.0000000       0.00000000       1.71230568E-05   2.07162193E-05   1.71230495E-05   1.38287096E-05   2.04257121E-05   1.38286887E-05
 Kinematics :           44  theta, phi =    99.0000000       0.00000000      is bad !
 Kinematics :           45  theta, phi =    99.0000000       0.00000000       1.71230568E-05   2.07162193E-05   1.71230495E-05   1.38287096E-05   2.04257121E-05   1.38286887E-05
 Kinematics :           45  theta, phi =    99.0000000       0.00000000      is bad !
 Kinematics :           46  theta, phi =    99.0000000       0.00000000       1.71230568E-05   2.07162193E-05   1.71230495E-05   1.38287096E-05   2.04257121E-05   1.38286887E-05
 Kinematics :           46  theta, phi =    99.0000000       0.00000000      is bad !
 Kinematics :           47  theta, phi =    99.0000000       0.00000000       1.71230568E-05   2.07162193E-05   1.71230495E-05   1.38287096E-05   2.04257121E-05   1.38286887E-05
 Kinematics :           47  theta, phi =    99.0000000       0.00000000      is bad !
 Kinematics :           48  theta, phi =    99.0000000       0.00000000       1.71230568E-05   2.07162193E-05   1.71230495E-05   1.38287096E-05   2.04257121E-05   1.38286887E-05
 Kinematics :           48  theta, phi =    99.0000000       0.00000000      is bad !
 Kinematics :           49  theta, phi =    99.0000000       0.00000000       1.71230568E-05   2.07162193E-05   1.71230495E-05   1.38287096E-05   2.04257121E-05   1.38286887E-05
 Kinematics :           49  theta, phi =    99.0000000       0.00000000      is bad !
 Kinematics :           50  theta, phi =    99.0000000       0.00000000       1.71230568E-05   2.07162193E-05   1.71230495E-05   1.38287096E-05   2.04257121E-05   1.38286887E-05
 Kinematics :           50  theta, phi =    99.0000000       0.00000000      is bad !
 Kinematics :           51  theta, phi =    99.0000000       0.00000000       1.71230568E-05   2.07162193E-05   1.71230495E-05   1.38287096E-05   2.04257121E-05   1.38286887E-05
 Kinematics :           51  theta, phi =    99.0000000       0.00000000      is bad !
