 Kinematics :            1  theta, phi =    99.0000000       0.00000000       1286.83423       1286.84863       1286.83423       1255.74854       1262.81604       1255.74854    
 Kinematics :            2  theta, phi =    99.0000000       0.00000000       632.162048       618.722900       632.162048       611.052063       602.676453       611.052063    
 Kinematics :            3  theta, phi =    99.0000000       0.00000000       168.741714       154.737381       168.741730       158.611237       147.351379       158.611237    
 Kinematics :            4  theta, phi =    99.0000000       0.00000000       49.1845016       40.3650475       49.1845016       44.3897629       37.0770912       44.3897629    
 Kinematics :            5  theta, phi =    99.0000000       0.00000000       17.0912495       11.9437885       17.0912495       14.6052284       10.3699369       14.6052322    
 Kinematics :            6  theta, phi =    99.0000000       0.00000000       6.85214615       3.85451221       6.85214615       5.57078314       3.13213181       5.57078648    
 Kinematics :            7  theta, phi =    99.0000000       0.00000000       3.05897474       1.29593897       3.05897450       2.40642905      0.987353086       2.40643096    
 Kinematics :            8  theta, phi =    99.0000000       0.00000000       1.48228788      0.435690641       1.48228776       1.13613737      0.307144880       1.13613808    
 Kinematics :            9  theta, phi =    99.0000000       0.00000000      0.766142070      0.141119480      0.766141951      0.588315368       9.84530672E-02  0.588315785    
 Kinematics :           10  theta, phi =    99.0000000       0.00000000      0.417277426       4.32289578E-02  0.417277455      0.324761212       3.62601392E-02  0.324761242    
 Kinematics :           11  theta, phi =    99.0000000       0.00000000      0.237389654       1.39186280E-02  0.237389639      0.190124854       2.06312425E-02  0.190125361    
 Kinematics :           12  theta, phi =    99.0000000       0.00000000      0.140076265       7.35076098E-03  0.140076265      0.120774508       1.81916561E-02  0.120774634    
 Kinematics :           13  theta, phi =    99.0000000       0.00000000       8.52282196E-02   7.21499603E-03   8.52282196E-02   6.99492693E-02   1.51213510E-02   6.99495301E-02
 Kinematics :           14  theta, phi =    99.0000000       0.00000000       5.31913601E-02   8.06025509E-03   5.31913713E-02   4.35443521E-02   1.40915662E-02   4.35445309E-02
 Kinematics :           15  theta, phi =    99.0000000       0.00000000       3.38960215E-02   8.38135276E-03   3.38960215E-02   2.79004630E-02   1.29189454E-02   2.79005673E-02
 Kinematics :           16  theta, phi =    99.0000000       0.00000000       2.19559763E-02   8.01393762E-03   2.19559763E-02   1.76061969E-02   1.14207035E-02   1.76062845E-02
 Kinematics :           17  theta, phi =    99.0000000       0.00000000       1.44019369E-02   7.16792233E-03   1.44019350E-02   1.15332128E-02   9.18499939E-03   1.15333702E-02
 Kinematics :           18  theta, phi =    99.0000000       0.00000000       9.53322835E-03   6.09308900E-03   9.53322835E-03   7.66542135E-03   7.19127338E-03   7.66544836E-03
 Kinematics :           19  theta, phi =    99.0000000       0.00000000       6.34806743E-03   4.97670006E-03   6.34806743E-03   5.09872474E-03   5.47502609E-03   5.09876292E-03
 Kinematics :           20  theta, phi =    99.0000000       0.00000000       4.24052682E-03   3.93503066E-03   4.24052728E-03   3.38102295E-03   4.08003386E-03   3.38104251E-03
 Kinematics :           21  theta, phi =    99.0000000       0.00000000       2.83381226E-03   3.02606449E-03   2.83381226E-03   2.23299931E-03   2.98084668E-03   2.23300653E-03
 Kinematics :           22  theta, phi =    99.0000000       0.00000000       1.88960263E-03   2.26984103E-03   1.88960263E-03   1.46171951E-03   2.14048917E-03   1.46171823E-03
 Kinematics :           23  theta, phi =    99.0000000       0.00000000       1.25581317E-03   1.66562852E-03   1.25581294E-03   9.52805160E-04   1.51523890E-03   9.52812203E-04
 Kinematics :           24  theta, phi =    99.0000000       0.00000000       8.28962249E-04   1.19533599E-03   8.28962249E-04   6.16435835E-04   1.05488382E-03   6.16432400E-04
 Kinematics :           25  theta, phi =    99.0000000       0.00000000       5.42503956E-04   8.39294633E-04   5.42503956E-04   3.95431678E-04   7.23548699E-04   3.95433482E-04
 Kinematics :           26  theta, phi =    99.0000000       0.00000000       3.50870716E-04   5.75760379E-04   3.50870774E-04   2.50981568E-04   4.86709498E-04   2.50982324E-04
 Kinematics :           27  theta, phi =    99.0000000       0.00000000       2.23885872E-04   3.85556341E-04   2.23885872E-04   1.57767383E-04   3.21535073E-04   1.57768445E-04
 Kinematics :           28  theta, phi =    99.0000000       0.00000000       1.40135162E-04   2.50914483E-04   1.40135176E-04   9.76940210E-05   2.07411213E-04   9.76934971E-05
 Kinematics :           29  theta, phi =    99.0000000       0.00000000       8.57642081E-05   1.58142822E-04   8.57642081E-05   5.95967722E-05   1.29875727E-04   5.95971433E-05
 Kinematics :           30  theta, phi =    99.0000000       0.00000000       5.08961057E-05   9.57701850E-05   5.08961020E-05   3.55007905E-05   7.85088050E-05   3.55007578E-05
 Kinematics :           31  theta, phi =    99.0000000       0.00000000       2.89105647E-05   5.49821743E-05   2.89105683E-05   2.02737574E-05   4.54812180E-05   2.02738102E-05
 Kinematics :           32  theta, phi =    99.0000000       0.00000000       1.53948040E-05   2.92776876E-05   1.53948040E-05   1.08997128E-05   2.45415304E-05   1.08997474E-05
 Kinematics :           33  theta, phi =    99.0000000       0.00000000       7.32814124E-06   1.37713942E-05   7.32814260E-06   5.27461179E-06   1.17112422E-05   5.27449765E-06
 Kinematics :           34  theta, phi =    99.0000000       0.00000000       2.71473505E-06   4.97783913E-06   2.71473550E-06   2.00235991E-06   4.30870841E-06   2.00239856E-06
 Kinematics :           35  theta, phi =    99.0000000       0.00000000       2.42205829E-07   4.26454505E-07   2.42205829E-07   1.83527348E-07   3.79930498E-07   1.83529664E-07
 Kinematics :           36  theta, phi =    99.0000000       0.00000000       2.42205829E-07   4.26454505E-07   2.42205829E-07   1.83527348E-07   3.79930498E-07   1.83529664E-07
 Kinematics :           36  theta, phi =    99.0000000       0.00000000      is bad !
 Kinematics :           37  theta, phi =    99.0000000       0.00000000       2.42205829E-07   4.26454505E-07   2.42205829E-07   1.83527348E-07   3.79930498E-07   1.83529664E-07
 Kinematics :           37  theta, phi =    99.0000000       0.00000000      is bad !
 Kinematics :           38  theta, phi =    99.0000000       0.00000000       2.42205829E-07   4.26454505E-07   2.42205829E-07   1.83527348E-07   3.79930498E-07   1.83529664E-07
 Kinematics :           38  theta, phi =    99.0000000       0.00000000      is bad !
 Kinematics :           39  theta, phi =    99.0000000       0.00000000       2.42205829E-07   4.26454505E-07   2.42205829E-07   1.83527348E-07   3.79930498E-07   1.83529664E-07
 Kinematics :           39  theta, phi =    99.0000000       0.00000000      is bad !
 Kinematics :           40  theta, phi =    99.0000000       0.00000000       2.42205829E-07   4.26454505E-07   2.42205829E-07   1.83527348E-07   3.79930498E-07   1.83529664E-07
 Kinematics :           40  theta, phi =    99.0000000       0.00000000      is bad !
 Kinematics :           41  theta, phi =    99.0000000       0.00000000       2.42205829E-07   4.26454505E-07   2.42205829E-07   1.83527348E-07   3.79930498E-07   1.83529664E-07
 Kinematics :           41  theta, phi =    99.0000000       0.00000000      is bad !
 Kinematics :           42  theta, phi =    99.0000000       0.00000000       2.42205829E-07   4.26454505E-07   2.42205829E-07   1.83527348E-07   3.79930498E-07   1.83529664E-07
 Kinematics :           42  theta, phi =    99.0000000       0.00000000      is bad !
 Kinematics :           43  theta, phi =    99.0000000       0.00000000       2.42205829E-07   4.26454505E-07   2.42205829E-07   1.83527348E-07   3.79930498E-07   1.83529664E-07
 Kinematics :           43  theta, phi =    99.0000000       0.00000000      is bad !
 Kinematics :           44  theta, phi =    99.0000000       0.00000000       2.42205829E-07   4.26454505E-07   2.42205829E-07   1.83527348E-07   3.79930498E-07   1.83529664E-07
 Kinematics :           44  theta, phi =    99.0000000       0.00000000      is bad !
 Kinematics :           45  theta, phi =    99.0000000       0.00000000       2.42205829E-07   4.26454505E-07   2.42205829E-07   1.83527348E-07   3.79930498E-07   1.83529664E-07
 Kinematics :           45  theta, phi =    99.0000000       0.00000000      is bad !
 Kinematics :           46  theta, phi =    99.0000000       0.00000000       2.42205829E-07   4.26454505E-07   2.42205829E-07   1.83527348E-07   3.79930498E-07   1.83529664E-07
 Kinematics :           46  theta, phi =    99.0000000       0.00000000      is bad !
 Kinematics :           47  theta, phi =    99.0000000       0.00000000       2.42205829E-07   4.26454505E-07   2.42205829E-07   1.83527348E-07   3.79930498E-07   1.83529664E-07
 Kinematics :           47  theta, phi =    99.0000000       0.00000000      is bad !
 Kinematics :           48  theta, phi =    99.0000000       0.00000000       2.42205829E-07   4.26454505E-07   2.42205829E-07   1.83527348E-07   3.79930498E-07   1.83529664E-07
 Kinematics :           48  theta, phi =    99.0000000       0.00000000      is bad !
 Kinematics :           49  theta, phi =    99.0000000       0.00000000       2.42205829E-07   4.26454505E-07   2.42205829E-07   1.83527348E-07   3.79930498E-07   1.83529664E-07
 Kinematics :           49  theta, phi =    99.0000000       0.00000000      is bad !
 Kinematics :           50  theta, phi =    99.0000000       0.00000000       2.42205829E-07   4.26454505E-07   2.42205829E-07   1.83527348E-07   3.79930498E-07   1.83529664E-07
 Kinematics :           50  theta, phi =    99.0000000       0.00000000      is bad !
 Kinematics :           51  theta, phi =    99.0000000       0.00000000       2.42205829E-07   4.26454505E-07   2.42205829E-07   1.83527348E-07   3.79930498E-07   1.83529664E-07
 Kinematics :           51  theta, phi =    99.0000000       0.00000000      is bad !
