 Kinematics :            1  theta, phi =    99.0000000       0.00000000       371.997833       372.001953       371.997833       363.299042       365.301147       363.299042    
 Kinematics :            2  theta, phi =    99.0000000       0.00000000       181.776917       177.912552       181.776917       175.788025       173.367111       175.788010    
 Kinematics :            3  theta, phi =    99.0000000       0.00000000       48.2626801       44.2572289       48.2626724       45.4012871       42.1723633       45.4012871    
 Kinematics :            4  theta, phi =    99.0000000       0.00000000       13.9922266       11.4832296       13.9922266       12.5704126       10.5012560       12.5704126    
 Kinematics :            5  theta, phi =    99.0000000       0.00000000       4.83581972       3.37938976       4.83582020       4.11542082       2.92051387       4.11542177    
 Kinematics :            6  theta, phi =    99.0000000       0.00000000       1.92802954       1.08456707       1.92802930       1.56490207      0.881781101       1.56490302    
 Kinematics :            7  theta, phi =    99.0000000       0.00000000      0.855828285      0.362572819      0.855828106      0.661773026      0.269774795      0.661773205    
 Kinematics :            8  theta, phi =    99.0000000       0.00000000      0.412267685      0.121178322      0.412267745      0.312764764       8.47947299E-02  0.312765211    
 Kinematics :            9  theta, phi =    99.0000000       0.00000000      0.211777508       3.90083343E-02  0.211777493      0.158017531       2.57019959E-02  0.158018053    
 Kinematics :           10  theta, phi =    99.0000000       0.00000000      0.114600226       1.18723121E-02  0.114600234       8.61414745E-02   9.20519233E-03   8.61416459E-02
 Kinematics :           11  theta, phi =    99.0000000       0.00000000       6.47518933E-02   3.79653205E-03   6.47518933E-02   4.91403490E-02   4.94849123E-03   4.91403751E-02
 Kinematics :           12  theta, phi =    99.0000000       0.00000000       3.79309952E-02   1.99049897E-03   3.79309952E-02   2.96803564E-02   4.29843972E-03   2.96804868E-02
 Kinematics :           13  theta, phi =    99.0000000       0.00000000       2.28995904E-02   1.93856505E-03   2.28995886E-02   1.76529083E-02   4.26014932E-03   1.76529437E-02
 Kinematics :           14  theta, phi =    99.0000000       0.00000000       1.41721144E-02   2.14754464E-03   1.41721126E-02   1.08218174E-02   4.01921710E-03   1.08218575E-02
 Kinematics :           15  theta, phi =    99.0000000       0.00000000       8.94916896E-03   2.21283082E-03   8.94916896E-03   6.83221826E-03   3.59808374E-03   6.83222804E-03
 Kinematics :           16  theta, phi =    99.0000000       0.00000000       5.73940435E-03   2.09488464E-03   5.73940482E-03   4.49731294E-03   3.02779675E-03   4.49733855E-03
 Kinematics :           17  theta, phi =    99.0000000       0.00000000       3.72380926E-03   1.85336033E-03   3.72380926E-03   2.97281868E-03   2.42636679E-03   2.97282985E-03
 Kinematics :           18  theta, phi =    99.0000000       0.00000000       2.43531843E-03   1.55651476E-03   2.43531843E-03   1.96195766E-03   1.87490240E-03   1.96196395E-03
 Kinematics :           19  theta, phi =    99.0000000       0.00000000       1.59993640E-03   1.25430361E-03   1.59993663E-03   1.28877768E-03   1.40869466E-03   1.28878176E-03
 Kinematics :           20  theta, phi =    99.0000000       0.00000000       1.05271267E-03   9.76873096E-04   1.05271267E-03   8.43043847E-04   1.03216013E-03   8.43045826E-04
 Kinematics :           21  theta, phi =    99.0000000       0.00000000       6.91529247E-04   7.38444098E-04   6.91529305E-04   5.46770345E-04   7.41958909E-04   5.46773372E-04
 Kinematics :           22  theta, phi =    99.0000000       0.00000000       4.52150387E-04   5.43134927E-04   4.52150387E-04   3.51607770E-04   5.21697977E-04   3.51607625E-04
 Kinematics :           23  theta, phi =    99.0000000       0.00000000       2.93735939E-04   3.89592140E-04   2.93735939E-04   2.23896350E-04   3.60588572E-04   2.23897165E-04
 Kinematics :           24  theta, phi =    99.0000000       0.00000000       1.88782549E-04   2.72218254E-04   1.88782564E-04   1.40905293E-04   2.44194292E-04   1.40905773E-04
 Kinematics :           25  theta, phi =    99.0000000       0.00000000       1.19663528E-04   1.85128447E-04   1.19663528E-04   8.73375684E-05   1.62081677E-04   8.73371464E-05
 Kinematics :           26  theta, phi =    99.0000000       0.00000000       7.44357239E-05   1.22145080E-04   7.44357312E-05   5.32479571E-05   1.04782586E-04   5.32480371E-05
 Kinematics :           27  theta, phi =    99.0000000       0.00000000       4.52310414E-05   7.78928661E-05   4.52310414E-05   3.18124075E-05   6.58833887E-05   3.18125822E-05
 Kinematics :           28  theta, phi =    99.0000000       0.00000000       2.65667659E-05   4.75682609E-05   2.65667659E-05   1.84748133E-05   3.98675184E-05   1.84750061E-05
 Kinematics :           29  theta, phi =    99.0000000       0.00000000       1.49028401E-05   2.74797276E-05   1.49028401E-05   1.03130278E-05   2.29221405E-05   1.03131215E-05
 Kinematics :           30  theta, phi =    99.0000000       0.00000000       7.77469995E-06   1.46294979E-05   7.77469995E-06   5.39971006E-06   1.21574458E-05   5.39975917E-06
 Kinematics :           31  theta, phi =    99.0000000       0.00000000       3.55587895E-06   6.76257832E-06   3.55587963E-06   2.48623815E-06   5.65922664E-06   2.48620290E-06
 Kinematics :           32  theta, phi =    99.0000000       0.00000000       1.17901857E-06   2.24224550E-06   1.17901857E-06   8.34241803E-07   1.91120512E-06   8.34246691E-07
 Kinematics :           33  theta, phi =    99.0000000       0.00000000       1.17901857E-06   2.24224550E-06   1.17901857E-06   8.34241803E-07   1.91120512E-06   8.34246691E-07
 Kinematics :           33  theta, phi =    99.0000000       0.00000000      is bad !
 Kinematics :           34  theta, phi =    99.0000000       0.00000000       1.17901857E-06   2.24224550E-06   1.17901857E-06   8.34241803E-07   1.91120512E-06   8.34246691E-07
 Kinematics :           34  theta, phi =    99.0000000       0.00000000      is bad !
 Kinematics :           35  theta, phi =    99.0000000       0.00000000       1.17901857E-06   2.24224550E-06   1.17901857E-06   8.34241803E-07   1.91120512E-06   8.34246691E-07
 Kinematics :           35  theta, phi =    99.0000000       0.00000000      is bad !
 Kinematics :           36  theta, phi =    99.0000000       0.00000000       1.17901857E-06   2.24224550E-06   1.17901857E-06   8.34241803E-07   1.91120512E-06   8.34246691E-07
 Kinematics :           36  theta, phi =    99.0000000       0.00000000      is bad !
 Kinematics :           37  theta, phi =    99.0000000       0.00000000       1.17901857E-06   2.24224550E-06   1.17901857E-06   8.34241803E-07   1.91120512E-06   8.34246691E-07
 Kinematics :           37  theta, phi =    99.0000000       0.00000000      is bad !
 Kinematics :           38  theta, phi =    99.0000000       0.00000000       1.17901857E-06   2.24224550E-06   1.17901857E-06   8.34241803E-07   1.91120512E-06   8.34246691E-07
 Kinematics :           38  theta, phi =    99.0000000       0.00000000      is bad !
 Kinematics :           39  theta, phi =    99.0000000       0.00000000       1.17901857E-06   2.24224550E-06   1.17901857E-06   8.34241803E-07   1.91120512E-06   8.34246691E-07
 Kinematics :           39  theta, phi =    99.0000000       0.00000000      is bad !
 Kinematics :           40  theta, phi =    99.0000000       0.00000000       1.17901857E-06   2.24224550E-06   1.17901857E-06   8.34241803E-07   1.91120512E-06   8.34246691E-07
 Kinematics :           40  theta, phi =    99.0000000       0.00000000      is bad !
 Kinematics :           41  theta, phi =    99.0000000       0.00000000       1.17901857E-06   2.24224550E-06   1.17901857E-06   8.34241803E-07   1.91120512E-06   8.34246691E-07
 Kinematics :           41  theta, phi =    99.0000000       0.00000000      is bad !
 Kinematics :           42  theta, phi =    99.0000000       0.00000000       1.17901857E-06   2.24224550E-06   1.17901857E-06   8.34241803E-07   1.91120512E-06   8.34246691E-07
 Kinematics :           42  theta, phi =    99.0000000       0.00000000      is bad !
 Kinematics :           43  theta, phi =    99.0000000       0.00000000       1.17901857E-06   2.24224550E-06   1.17901857E-06   8.34241803E-07   1.91120512E-06   8.34246691E-07
 Kinematics :           43  theta, phi =    99.0000000       0.00000000      is bad !
 Kinematics :           44  theta, phi =    99.0000000       0.00000000       1.17901857E-06   2.24224550E-06   1.17901857E-06   8.34241803E-07   1.91120512E-06   8.34246691E-07
 Kinematics :           44  theta, phi =    99.0000000       0.00000000      is bad !
 Kinematics :           45  theta, phi =    99.0000000       0.00000000       1.17901857E-06   2.24224550E-06   1.17901857E-06   8.34241803E-07   1.91120512E-06   8.34246691E-07
 Kinematics :           45  theta, phi =    99.0000000       0.00000000      is bad !
 Kinematics :           46  theta, phi =    99.0000000       0.00000000       1.17901857E-06   2.24224550E-06   1.17901857E-06   8.34241803E-07   1.91120512E-06   8.34246691E-07
 Kinematics :           46  theta, phi =    99.0000000       0.00000000      is bad !
 Kinematics :           47  theta, phi =    99.0000000       0.00000000       1.17901857E-06   2.24224550E-06   1.17901857E-06   8.34241803E-07   1.91120512E-06   8.34246691E-07
 Kinematics :           47  theta, phi =    99.0000000       0.00000000      is bad !
 Kinematics :           48  theta, phi =    99.0000000       0.00000000       1.17901857E-06   2.24224550E-06   1.17901857E-06   8.34241803E-07   1.91120512E-06   8.34246691E-07
 Kinematics :           48  theta, phi =    99.0000000       0.00000000      is bad !
 Kinematics :           49  theta, phi =    99.0000000       0.00000000       1.17901857E-06   2.24224550E-06   1.17901857E-06   8.34241803E-07   1.91120512E-06   8.34246691E-07
 Kinematics :           49  theta, phi =    99.0000000       0.00000000      is bad !
 Kinematics :           50  theta, phi =    99.0000000       0.00000000       1.17901857E-06   2.24224550E-06   1.17901857E-06   8.34241803E-07   1.91120512E-06   8.34246691E-07
 Kinematics :           50  theta, phi =    99.0000000       0.00000000      is bad !
 Kinematics :           51  theta, phi =    99.0000000       0.00000000       1.17901857E-06   2.24224550E-06   1.17901857E-06   8.34241803E-07   1.91120512E-06   8.34246691E-07
 Kinematics :           51  theta, phi =    99.0000000       0.00000000      is bad !
