 Kinematics :            1  theta, phi =    96.0000000       0.00000000       1568.47473       1568.49207       1568.47473       1530.80957       1539.38562       1530.80957    
 Kinematics :            2  theta, phi =    96.0000000       0.00000000       774.525024       757.342834       774.524963       748.307678       737.396606       748.307678    
 Kinematics :            3  theta, phi =    96.0000000       0.00000000       207.943695       189.950806       207.943710       195.205414       180.628906       195.205444    
 Kinematics :            4  theta, phi =    96.0000000       0.00000000       60.9961624       49.6088715       60.9961586       54.7157898       45.2906609       54.7157898    
 Kinematics :            5  theta, phi =    96.0000000       0.00000000       21.3394222       14.6600609       21.3394222       18.0567207       12.5855198       18.0567303    
 Kinematics :            6  theta, phi =    96.0000000       0.00000000       8.61586857       4.70635033       8.61586857       6.90440035       3.75358486       6.90440416    
 Kinematics :            7  theta, phi =    96.0000000       0.00000000       3.87407088       1.56280601       3.87407088       2.95829296       1.13408244       2.95829606    
 Kinematics :            8  theta, phi =    96.0000000       0.00000000       1.89076447      0.511443079       1.89076436       1.42523229      0.351234198       1.42523277    
 Kinematics :            9  theta, phi =    96.0000000       0.00000000      0.984166324      0.155944183      0.984166324      0.736418903      0.105847254      0.736420453    
 Kinematics :           10  theta, phi =    96.0000000       0.00000000      0.539682031       4.12252508E-02  0.539682031      0.416231722       4.10581455E-02  0.416233301    
 Kinematics :           11  theta, phi =    96.0000000       0.00000000      0.309032887       9.48311202E-03  0.309032887      0.242462367       2.49846168E-02  0.242462814    
 Kinematics :           12  theta, phi =    96.0000000       0.00000000      0.183490604       4.48362157E-03  0.183490589      0.150409758       2.31668763E-02  0.150409907    
 Kinematics :           13  theta, phi =    96.0000000       0.00000000      0.112316102       6.41641254E-03  0.112316087       9.36826840E-02   2.24996600E-02   9.36826766E-02
 Kinematics :           14  theta, phi =    96.0000000       0.00000000       7.05195665E-02   8.82807653E-03   7.05195665E-02   6.01694211E-02   2.09950954E-02   6.01696074E-02
 Kinematics :           15  theta, phi =    96.0000000       0.00000000       4.52001542E-02   1.00709014E-02   4.52001542E-02   3.80553789E-02   1.84666105E-02   3.80555354E-02
 Kinematics :           16  theta, phi =    96.0000000       0.00000000       2.94587463E-02   1.01116654E-02   2.94587500E-02   2.46385913E-02   1.59332324E-02   2.46387143E-02
 Kinematics :           17  theta, phi =    96.0000000       0.00000000       1.94503982E-02   9.32644214E-03   1.94503963E-02   1.58225391E-02   1.33510483E-02   1.58226471E-02
 Kinematics :           18  theta, phi =    96.0000000       0.00000000       1.29677365E-02   8.10863543E-03   1.29677383E-02   1.03809573E-02   1.06234569E-02   1.03810178E-02
 Kinematics :           19  theta, phi =    96.0000000       0.00000000       8.70441925E-03   6.74772263E-03   8.70441925E-03   6.94370316E-03   8.11562967E-03   6.94375578E-03
 Kinematics :           20  theta, phi =    96.0000000       0.00000000       5.86604001E-03   5.42476913E-03   5.86604001E-03   4.65505756E-03   6.06509624E-03   4.65506176E-03
 Kinematics :           21  theta, phi =    96.0000000       0.00000000       3.96199990E-03   4.24285745E-03   3.96199990E-03   3.10986070E-03   4.45488887E-03   3.10985534E-03
 Kinematics :           22  theta, phi =    96.0000000       0.00000000       2.67428136E-03   3.23790219E-03   2.67428160E-03   2.06528977E-03   3.22045223E-03   2.06529652E-03
 Kinematics :           23  theta, phi =    96.0000000       0.00000000       1.80214457E-03   2.41889199E-03   1.80214422E-03   1.36442785E-03   2.29539536E-03   1.36447873E-03
 Kinematics :           24  theta, phi =    96.0000000       0.00000000       1.20916462E-03   1.77064119E-03   1.20916462E-03   8.96950543E-04   1.61608960E-03   8.96956713E-04
 Kinematics :           25  theta, phi =    96.0000000       0.00000000       8.06880184E-04   1.27137837E-03   8.06880067E-04   5.86356269E-04   1.12310471E-03   5.86354523E-04
 Kinematics :           26  theta, phi =    96.0000000       0.00000000       5.34225488E-04   8.95090576E-04   5.34225488E-04   3.80286016E-04   7.69668841E-04   3.80288024E-04
 Kinematics :           27  theta, phi =    96.0000000       0.00000000       3.50687915E-04   6.17849757E-04   3.50687915E-04   2.45270814E-04   5.20724454E-04   2.45272618E-04
 Kinematics :           28  theta, phi =    96.0000000       0.00000000       2.27364784E-04   4.17176750E-04   2.27364784E-04   1.56693714E-04   3.46443878E-04   1.56691502E-04
 Kinematics :           29  theta, phi =    96.0000000       0.00000000       1.45502796E-04   2.75282771E-04   1.45502796E-04   9.92526839E-05   2.26374526E-04   9.92528803E-05
 Kinematics :           30  theta, phi =    96.0000000       0.00000000       9.15427809E-05   1.76894071E-04   9.15427954E-05   6.21388972E-05   1.44405174E-04   6.21371146E-05
 Kinematics :           31  theta, phi =    96.0000000       0.00000000       5.63269423E-05   1.10058776E-04   5.63269459E-05   3.82920152E-05   8.93880497E-05   3.82924263E-05
 Kinematics :           32  theta, phi =    96.0000000       0.00000000       3.37133679E-05   6.58730351E-05   3.37133715E-05   2.30385886E-05   5.35574291E-05   2.30384776E-05
 Kinematics :           33  theta, phi =    96.0000000       0.00000000       1.94190397E-05   3.74740703E-05   1.94190397E-05   1.33616868E-05   3.07614282E-05   1.33616431E-05
 Kinematics :           34  theta, phi =    96.0000000       0.00000000       1.05763565E-05   1.98885318E-05   1.05763538E-05   7.36597440E-06   1.65659731E-05   7.36595302E-06
 Kinematics :           35  theta, phi =    96.0000000       0.00000000       5.22799883E-06   9.42609677E-06   5.22799792E-06   3.69408622E-06   7.98389738E-06   3.69413488E-06
 Kinematics :           36  theta, phi =    96.0000000       0.00000000       2.09743894E-06   3.56025976E-06   2.09743939E-06   1.50976507E-06   3.07577739E-06   1.50974756E-06
 Kinematics :           37  theta, phi =    96.0000000       0.00000000       3.46502134E-07   5.40342683E-07   3.46501963E-07   2.54628674E-07   4.79375331E-07   2.54631857E-07
 Kinematics :           38  theta, phi =    96.0000000       0.00000000       3.46502134E-07   5.40342683E-07   3.46501963E-07   2.54628674E-07   4.79375331E-07   2.54631857E-07
 Kinematics :           38  theta, phi =    96.0000000       0.00000000      is bad !
 Kinematics :           39  theta, phi =    96.0000000       0.00000000       3.46502134E-07   5.40342683E-07   3.46501963E-07   2.54628674E-07   4.79375331E-07   2.54631857E-07
 Kinematics :           39  theta, phi =    96.0000000       0.00000000      is bad !
 Kinematics :           40  theta, phi =    96.0000000       0.00000000       3.46502134E-07   5.40342683E-07   3.46501963E-07   2.54628674E-07   4.79375331E-07   2.54631857E-07
 Kinematics :           40  theta, phi =    96.0000000       0.00000000      is bad !
 Kinematics :           41  theta, phi =    96.0000000       0.00000000       3.46502134E-07   5.40342683E-07   3.46501963E-07   2.54628674E-07   4.79375331E-07   2.54631857E-07
 Kinematics :           41  theta, phi =    96.0000000       0.00000000      is bad !
 Kinematics :           42  theta, phi =    96.0000000       0.00000000       3.46502134E-07   5.40342683E-07   3.46501963E-07   2.54628674E-07   4.79375331E-07   2.54631857E-07
 Kinematics :           42  theta, phi =    96.0000000       0.00000000      is bad !
 Kinematics :           43  theta, phi =    96.0000000       0.00000000       3.46502134E-07   5.40342683E-07   3.46501963E-07   2.54628674E-07   4.79375331E-07   2.54631857E-07
 Kinematics :           43  theta, phi =    96.0000000       0.00000000      is bad !
 Kinematics :           44  theta, phi =    96.0000000       0.00000000       3.46502134E-07   5.40342683E-07   3.46501963E-07   2.54628674E-07   4.79375331E-07   2.54631857E-07
 Kinematics :           44  theta, phi =    96.0000000       0.00000000      is bad !
 Kinematics :           45  theta, phi =    96.0000000       0.00000000       3.46502134E-07   5.40342683E-07   3.46501963E-07   2.54628674E-07   4.79375331E-07   2.54631857E-07
 Kinematics :           45  theta, phi =    96.0000000       0.00000000      is bad !
 Kinematics :           46  theta, phi =    96.0000000       0.00000000       3.46502134E-07   5.40342683E-07   3.46501963E-07   2.54628674E-07   4.79375331E-07   2.54631857E-07
 Kinematics :           46  theta, phi =    96.0000000       0.00000000      is bad !
 Kinematics :           47  theta, phi =    96.0000000       0.00000000       3.46502134E-07   5.40342683E-07   3.46501963E-07   2.54628674E-07   4.79375331E-07   2.54631857E-07
 Kinematics :           47  theta, phi =    96.0000000       0.00000000      is bad !
 Kinematics :           48  theta, phi =    96.0000000       0.00000000       3.46502134E-07   5.40342683E-07   3.46501963E-07   2.54628674E-07   4.79375331E-07   2.54631857E-07
 Kinematics :           48  theta, phi =    96.0000000       0.00000000      is bad !
 Kinematics :           49  theta, phi =    96.0000000       0.00000000       3.46502134E-07   5.40342683E-07   3.46501963E-07   2.54628674E-07   4.79375331E-07   2.54631857E-07
 Kinematics :           49  theta, phi =    96.0000000       0.00000000      is bad !
 Kinematics :           50  theta, phi =    96.0000000       0.00000000       3.46502134E-07   5.40342683E-07   3.46501963E-07   2.54628674E-07   4.79375331E-07   2.54631857E-07
 Kinematics :           50  theta, phi =    96.0000000       0.00000000      is bad !
 Kinematics :           51  theta, phi =    96.0000000       0.00000000       3.46502134E-07   5.40342683E-07   3.46501963E-07   2.54628674E-07   4.79375331E-07   2.54631857E-07
 Kinematics :           51  theta, phi =    96.0000000       0.00000000      is bad !
