 Kinematics :            1  theta, phi =    99.0000000       0.00000000       28826.8320       28827.1504       28826.8320       28114.2188       28286.2344       28114.2188    
 Kinematics :            2  theta, phi =    99.0000000       0.00000000       14325.0693       14020.5352       14325.0693       13831.8818       13651.0020       13831.8818    
 Kinematics :            3  theta, phi =    99.0000000       0.00000000       3866.31616       3545.43970       3866.31641       3628.20020       3373.01538       3628.20044    
 Kinematics :            4  theta, phi =    99.0000000       0.00000000       1139.10718       934.849426       1139.10718       1026.42981       857.835999       1026.42993    
 Kinematics :            5  theta, phi =    99.0000000       0.00000000       400.004211       279.532867       400.004211       342.668152       243.201813       342.668304    
 Kinematics :            6  theta, phi =    99.0000000       0.00000000       162.031586       91.1470108       162.031540       133.357590       74.8827515       133.357651    
 Kinematics :            7  theta, phi =    99.0000000       0.00000000       73.0798645       30.9603806       73.0798645       58.0996780       23.5878296       58.0997467    
 Kinematics :            8  theta, phi =    99.0000000       0.00000000       35.7772560       10.5160532       35.7772522       28.8805809       7.93071508       28.8806229    
 Kinematics :            9  theta, phi =    99.0000000       0.00000000       18.6845074       3.44159079       18.6845074       15.2435608       2.60607886       15.2435894    
 Kinematics :           10  theta, phi =    99.0000000       0.00000000       10.2844582       1.06544530       10.2844572       8.66237259       1.01298344       8.66240597    
 Kinematics :           11  theta, phi =    99.0000000       0.00000000       5.91469431      0.346790284       5.91469336       5.10581589      0.526688874       5.10583353    
 Kinematics :           12  theta, phi =    99.0000000       0.00000000       3.52958894      0.185221687       3.52958894       3.15638232      0.416277945       3.15640306    
 Kinematics :           13  theta, phi =    99.0000000       0.00000000       2.17297673      0.183953330       2.17297649       1.91580713      0.361204207       1.91581762    
 Kinematics :           14  theta, phi =    99.0000000       0.00000000       1.37309480      0.208069384       1.37309480       1.20962250      0.330243766       1.20963252    
 Kinematics :           15  theta, phi =    99.0000000       0.00000000      0.886604965      0.219227836      0.886604965      0.778963685      0.298452049      0.778968215    
 Kinematics :           16  theta, phi =    99.0000000       0.00000000      0.582448542      0.212593928      0.582448542      0.510215819      0.255979687      0.510217845    
 Kinematics :           17  theta, phi =    99.0000000       0.00000000      0.387901306      0.193060592      0.387901217      0.334602922      0.213180497      0.334603518    
 Kinematics :           18  theta, phi =    99.0000000       0.00000000      0.261034608      0.166838214      0.261034638      0.221588403      0.175528467      0.221589729    
 Kinematics :           19  theta, phi =    99.0000000       0.00000000      0.176979259      0.138746589      0.176979274      0.147051871      0.140904486      0.147052065    
 Kinematics :           20  theta, phi =    99.0000000       0.00000000      0.120590642      0.111903042      0.120590679       9.80447680E-02  0.109744467       9.80450660E-02
 Kinematics :           21  theta, phi =    99.0000000       0.00000000       8.23791251E-02   8.79679024E-02   8.23791251E-02   6.57311603E-02   8.23912248E-02   6.57316521E-02
 Kinematics :           22  theta, phi =    99.0000000       0.00000000       5.62985130E-02   6.76272735E-02   5.62985130E-02   4.40936163E-02   6.09310567E-02   4.40936871E-02
 Kinematics :           23  theta, phi =    99.0000000       0.00000000       3.84674855E-02   5.10207638E-02   3.84674855E-02   2.96111424E-02   4.39576693E-02   2.96114571E-02
 Kinematics :           24  theta, phi =    99.0000000       0.00000000       2.62065809E-02   3.77890319E-02   2.62065828E-02   1.99774876E-02   3.17464434E-02   1.99773870E-02
 Kinematics :           25  theta, phi =    99.0000000       0.00000000       1.77845713E-02   2.75140740E-02   1.77845713E-02   1.33230304E-02   2.29204874E-02   1.33230276E-02
 Kinematics :           26  theta, phi =    99.0000000       0.00000000       1.19988006E-02   1.96893979E-02   1.19988006E-02   8.88839271E-03   1.62837990E-02   8.88846349E-03
 Kinematics :           27  theta, phi =    99.0000000       0.00000000       8.04790016E-03   1.38593782E-02   8.04790203E-03   5.90996351E-03   1.14005422E-02   5.90991089E-03
 Kinematics :           28  theta, phi =    99.0000000       0.00000000       5.34834946E-03   9.57631133E-03   5.34834946E-03   3.91738722E-03   7.86929019E-03   3.91740771E-03
 Kinematics :           29  theta, phi =    99.0000000       0.00000000       3.52294231E-03   6.49604388E-03   3.52294254E-03   2.58516474E-03   5.35146752E-03   2.58514704E-03
 Kinematics :           30  theta, phi =    99.0000000       0.00000000       2.29397416E-03   4.31652553E-03   2.29397416E-03   1.69388670E-03   3.58533254E-03   1.69389287E-03
 Kinematics :           31  theta, phi =    99.0000000       0.00000000       1.47187675E-03   2.79921782E-03   1.47187687E-03   1.09723920E-03   2.35321955E-03   1.09724817E-03
 Kinematics :           32  theta, phi =    99.0000000       0.00000000       9.28610272E-04   1.76602183E-03   9.28610505E-04   6.98898279E-04   1.50478992E-03   6.98894728E-04
 Kinematics :           33  theta, phi =    99.0000000       0.00000000       5.73247962E-04   1.07727502E-03   5.73247962E-04   4.37455077E-04   9.30631242E-04   4.37449606E-04
 Kinematics :           34  theta, phi =    99.0000000       0.00000000       3.44270491E-04   6.31267205E-04   3.44270491E-04   2.65828770E-04   5.54570055E-04   2.65827432E-04
 Kinematics :           35  theta, phi =    99.0000000       0.00000000       1.98375245E-04   3.49281443E-04   1.98375259E-04   1.54850757E-04   3.12484015E-04   1.54848371E-04
 Kinematics :           36  theta, phi =    99.0000000       0.00000000       1.07268257E-04   1.78244154E-04   1.07268286E-04   8.45098330E-05   1.62286742E-04   8.45103277E-05
 Kinematics :           37  theta, phi =    99.0000000       0.00000000       5.12273618E-05   7.84676304E-05   5.12273618E-05   4.06348991E-05   7.29211970E-05   4.06354047E-05
 Kinematics :           38  theta, phi =    99.0000000       0.00000000       1.82535987E-05   2.52204136E-05   1.82535987E-05   1.45718077E-05   2.40351637E-05   1.45715894E-05
 Kinematics :           39  theta, phi =    99.0000000       0.00000000       1.82535987E-05   2.52204136E-05   1.82535987E-05   1.45718077E-05   2.40351637E-05   1.45715894E-05
 Kinematics :           39  theta, phi =    99.0000000       0.00000000      is bad !
 Kinematics :           40  theta, phi =    99.0000000       0.00000000       1.82535987E-05   2.52204136E-05   1.82535987E-05   1.45718077E-05   2.40351637E-05   1.45715894E-05
 Kinematics :           40  theta, phi =    99.0000000       0.00000000      is bad !
 Kinematics :           41  theta, phi =    99.0000000       0.00000000       1.82535987E-05   2.52204136E-05   1.82535987E-05   1.45718077E-05   2.40351637E-05   1.45715894E-05
 Kinematics :           41  theta, phi =    99.0000000       0.00000000      is bad !
 Kinematics :           42  theta, phi =    99.0000000       0.00000000       1.82535987E-05   2.52204136E-05   1.82535987E-05   1.45718077E-05   2.40351637E-05   1.45715894E-05
 Kinematics :           42  theta, phi =    99.0000000       0.00000000      is bad !
 Kinematics :           43  theta, phi =    99.0000000       0.00000000       1.82535987E-05   2.52204136E-05   1.82535987E-05   1.45718077E-05   2.40351637E-05   1.45715894E-05
 Kinematics :           43  theta, phi =    99.0000000       0.00000000      is bad !
 Kinematics :           44  theta, phi =    99.0000000       0.00000000       1.82535987E-05   2.52204136E-05   1.82535987E-05   1.45718077E-05   2.40351637E-05   1.45715894E-05
 Kinematics :           44  theta, phi =    99.0000000       0.00000000      is bad !
 Kinematics :           45  theta, phi =    99.0000000       0.00000000       1.82535987E-05   2.52204136E-05   1.82535987E-05   1.45718077E-05   2.40351637E-05   1.45715894E-05
 Kinematics :           45  theta, phi =    99.0000000       0.00000000      is bad !
 Kinematics :           46  theta, phi =    99.0000000       0.00000000       1.82535987E-05   2.52204136E-05   1.82535987E-05   1.45718077E-05   2.40351637E-05   1.45715894E-05
 Kinematics :           46  theta, phi =    99.0000000       0.00000000      is bad !
 Kinematics :           47  theta, phi =    99.0000000       0.00000000       1.82535987E-05   2.52204136E-05   1.82535987E-05   1.45718077E-05   2.40351637E-05   1.45715894E-05
 Kinematics :           47  theta, phi =    99.0000000       0.00000000      is bad !
 Kinematics :           48  theta, phi =    99.0000000       0.00000000       1.82535987E-05   2.52204136E-05   1.82535987E-05   1.45718077E-05   2.40351637E-05   1.45715894E-05
 Kinematics :           48  theta, phi =    99.0000000       0.00000000      is bad !
 Kinematics :           49  theta, phi =    99.0000000       0.00000000       1.82535987E-05   2.52204136E-05   1.82535987E-05   1.45718077E-05   2.40351637E-05   1.45715894E-05
 Kinematics :           49  theta, phi =    99.0000000       0.00000000      is bad !
 Kinematics :           50  theta, phi =    99.0000000       0.00000000       1.82535987E-05   2.52204136E-05   1.82535987E-05   1.45718077E-05   2.40351637E-05   1.45715894E-05
 Kinematics :           50  theta, phi =    99.0000000       0.00000000      is bad !
 Kinematics :           51  theta, phi =    99.0000000       0.00000000       1.82535987E-05   2.52204136E-05   1.82535987E-05   1.45718077E-05   2.40351637E-05   1.45715894E-05
 Kinematics :           51  theta, phi =    99.0000000       0.00000000      is bad !
