 Kinematics :            1  theta, phi =    99.0000000       0.00000000       138.914902       138.916473       138.914902       135.774597       136.519485       135.774597    
 Kinematics :            2  theta, phi =    99.0000000       0.00000000       67.5620499       66.1257477       67.5620575       65.4611359       64.5476837       65.4610901    
 Kinematics :            3  theta, phi =    99.0000000       0.00000000       17.8525467       16.3709106       17.8525448       16.7959099       15.5982590       16.7959099    
 Kinematics :            4  theta, phi =    99.0000000       0.00000000       5.15038300       4.22684908       5.15038395       4.64812803       3.88188267       4.64812851    
 Kinematics :            5  theta, phi =    99.0000000       0.00000000       1.77099288       1.23761368       1.77099288       1.51040637       1.07330179       1.51040626    
 Kinematics :            6  theta, phi =    99.0000000       0.00000000      0.702371120      0.395102113      0.702371120      0.565395415      0.318205178      0.565395892    
 Kinematics :            7  theta, phi =    99.0000000       0.00000000      0.310054034      0.131354839      0.310054034      0.239235833       9.79537368E-02  0.239236027    
 Kinematics :            8  theta, phi =    99.0000000       0.00000000      0.148489714       4.36457545E-02  0.148489714      0.110684037       2.96035409E-02  0.110684216    
 Kinematics :            9  theta, phi =    99.0000000       0.00000000       7.58077428E-02   1.39634013E-02   7.58077502E-02   5.61771058E-02   9.20379069E-03   5.61772622E-02
 Kinematics :           10  theta, phi =    99.0000000       0.00000000       4.07527685E-02   4.22189059E-03   4.07527685E-02   3.03691905E-02   3.20336386E-03   3.03692073E-02
 Kinematics :           11  theta, phi =    99.0000000       0.00000000       2.28637569E-02   1.34054734E-03   2.28637569E-02   1.72815807E-02   1.73855724E-03   1.72816273E-02
 Kinematics :           12  theta, phi =    99.0000000       0.00000000       1.32912900E-02   6.97484822E-04   1.32912900E-02   1.00440197E-02   1.53902348E-03   1.00440336E-02
 Kinematics :           13  theta, phi =    99.0000000       0.00000000       7.95770437E-03   6.73659553E-04   7.95770437E-03   5.67370979E-03   1.50505395E-03   5.67373820E-03
 Kinematics :           14  theta, phi =    99.0000000       0.00000000       4.88028908E-03   7.39525654E-04   4.88029001E-03   3.58176907E-03   1.42488431E-03   3.58178094E-03
 Kinematics :           15  theta, phi =    99.0000000       0.00000000       3.05102835E-03   7.54417444E-04   3.05102859E-03   2.32745265E-03   1.25356449E-03   2.32746289E-03
 Kinematics :           16  theta, phi =    99.0000000       0.00000000       1.93512440E-03   7.06320861E-04   1.93512440E-03   1.51771400E-03   1.03874004E-03   1.51771843E-03
 Kinematics :           17  theta, phi =    99.0000000       0.00000000       1.24006812E-03   6.17188809E-04   1.24006812E-03   9.92465066E-04   8.21592635E-04   9.92467394E-04
 Kinematics :           18  theta, phi =    99.0000000       0.00000000       7.99743226E-04   5.11149585E-04   7.99743109E-04   6.46708359E-04   6.26176305E-04   6.46710629E-04
 Kinematics :           19  theta, phi =    99.0000000       0.00000000       5.17144741E-04   4.05426312E-04   5.17144683E-04   4.18726588E-04   4.62524098E-04   4.18728596E-04
 Kinematics :           20  theta, phi =    99.0000000       0.00000000       3.34125129E-04   3.10054020E-04   3.34125129E-04   2.69130891E-04   3.32986383E-04   2.69131589E-04
 Kinematics :           21  theta, phi =    99.0000000       0.00000000       2.14889122E-04   2.29467638E-04   2.14889136E-04   1.71059743E-04   2.34139545E-04   1.71060368E-04
 Kinematics :           22  theta, phi =    99.0000000       0.00000000       1.37036259E-04   1.64611585E-04   1.37036288E-04   1.07258667E-04   1.60879063E-04   1.07258493E-04
 Kinematics :           23  theta, phi =    99.0000000       0.00000000       8.63924870E-05   1.14585360E-04   8.63925015E-05   6.63946848E-05   1.07851163E-04   6.63948595E-05
 Kinematics :           24  theta, phi =    99.0000000       0.00000000       5.35131076E-05   7.71641571E-05   5.35131185E-05   4.01878460E-05   7.04752092E-05   4.01878278E-05
 Kinematics :           25  theta, phi =    99.0000000       0.00000000       3.23733948E-05   5.00840906E-05   3.23734057E-05   2.37755503E-05   4.45437872E-05   2.37754757E-05
 Kinematics :           26  theta, phi =    99.0000000       0.00000000       1.89375241E-05   3.10754767E-05   1.89375278E-05   1.36180770E-05   2.70915207E-05   1.36181416E-05
 Kinematics :           27  theta, phi =    99.0000000       0.00000000       1.05649069E-05   1.81939413E-05   1.05649069E-05   7.48045750E-06   1.56500373E-05   7.48044431E-06
 Kinematics :           28  theta, phi =    99.0000000       0.00000000       5.45378134E-06   9.76509000E-06   5.45378134E-06   3.81897462E-06   8.33770537E-06   3.81900736E-06
 Kinematics :           29  theta, phi =    99.0000000       0.00000000       2.44541229E-06   4.50915786E-06   2.44541252E-06   1.70577050E-06   3.84206533E-06   1.70579199E-06
 Kinematics :           30  theta, phi =    99.0000000       0.00000000       7.57715441E-07   1.42577801E-06   7.57715441E-07   5.31319131E-07   1.21800542E-06   5.31313106E-07
 Kinematics :           31  theta, phi =    99.0000000       0.00000000       7.57715441E-07   1.42577801E-06   7.57715441E-07   5.31319131E-07   1.21800542E-06   5.31313106E-07
 Kinematics :           31  theta, phi =    99.0000000       0.00000000      is bad !
 Kinematics :           32  theta, phi =    99.0000000       0.00000000       7.57715441E-07   1.42577801E-06   7.57715441E-07   5.31319131E-07   1.21800542E-06   5.31313106E-07
 Kinematics :           32  theta, phi =    99.0000000       0.00000000      is bad !
 Kinematics :           33  theta, phi =    99.0000000       0.00000000       7.57715441E-07   1.42577801E-06   7.57715441E-07   5.31319131E-07   1.21800542E-06   5.31313106E-07
 Kinematics :           33  theta, phi =    99.0000000       0.00000000      is bad !
 Kinematics :           34  theta, phi =    99.0000000       0.00000000       7.57715441E-07   1.42577801E-06   7.57715441E-07   5.31319131E-07   1.21800542E-06   5.31313106E-07
 Kinematics :           34  theta, phi =    99.0000000       0.00000000      is bad !
 Kinematics :           35  theta, phi =    99.0000000       0.00000000       7.57715441E-07   1.42577801E-06   7.57715441E-07   5.31319131E-07   1.21800542E-06   5.31313106E-07
 Kinematics :           35  theta, phi =    99.0000000       0.00000000      is bad !
 Kinematics :           36  theta, phi =    99.0000000       0.00000000       7.57715441E-07   1.42577801E-06   7.57715441E-07   5.31319131E-07   1.21800542E-06   5.31313106E-07
 Kinematics :           36  theta, phi =    99.0000000       0.00000000      is bad !
 Kinematics :           37  theta, phi =    99.0000000       0.00000000       7.57715441E-07   1.42577801E-06   7.57715441E-07   5.31319131E-07   1.21800542E-06   5.31313106E-07
 Kinematics :           37  theta, phi =    99.0000000       0.00000000      is bad !
 Kinematics :           38  theta, phi =    99.0000000       0.00000000       7.57715441E-07   1.42577801E-06   7.57715441E-07   5.31319131E-07   1.21800542E-06   5.31313106E-07
 Kinematics :           38  theta, phi =    99.0000000       0.00000000      is bad !
 Kinematics :           39  theta, phi =    99.0000000       0.00000000       7.57715441E-07   1.42577801E-06   7.57715441E-07   5.31319131E-07   1.21800542E-06   5.31313106E-07
 Kinematics :           39  theta, phi =    99.0000000       0.00000000      is bad !
 Kinematics :           40  theta, phi =    99.0000000       0.00000000       7.57715441E-07   1.42577801E-06   7.57715441E-07   5.31319131E-07   1.21800542E-06   5.31313106E-07
 Kinematics :           40  theta, phi =    99.0000000       0.00000000      is bad !
 Kinematics :           41  theta, phi =    99.0000000       0.00000000       7.57715441E-07   1.42577801E-06   7.57715441E-07   5.31319131E-07   1.21800542E-06   5.31313106E-07
 Kinematics :           41  theta, phi =    99.0000000       0.00000000      is bad !
 Kinematics :           42  theta, phi =    99.0000000       0.00000000       7.57715441E-07   1.42577801E-06   7.57715441E-07   5.31319131E-07   1.21800542E-06   5.31313106E-07
 Kinematics :           42  theta, phi =    99.0000000       0.00000000      is bad !
 Kinematics :           43  theta, phi =    99.0000000       0.00000000       7.57715441E-07   1.42577801E-06   7.57715441E-07   5.31319131E-07   1.21800542E-06   5.31313106E-07
 Kinematics :           43  theta, phi =    99.0000000       0.00000000      is bad !
 Kinematics :           44  theta, phi =    99.0000000       0.00000000       7.57715441E-07   1.42577801E-06   7.57715441E-07   5.31319131E-07   1.21800542E-06   5.31313106E-07
 Kinematics :           44  theta, phi =    99.0000000       0.00000000      is bad !
 Kinematics :           45  theta, phi =    99.0000000       0.00000000       7.57715441E-07   1.42577801E-06   7.57715441E-07   5.31319131E-07   1.21800542E-06   5.31313106E-07
 Kinematics :           45  theta, phi =    99.0000000       0.00000000      is bad !
 Kinematics :           46  theta, phi =    99.0000000       0.00000000       7.57715441E-07   1.42577801E-06   7.57715441E-07   5.31319131E-07   1.21800542E-06   5.31313106E-07
 Kinematics :           46  theta, phi =    99.0000000       0.00000000      is bad !
 Kinematics :           47  theta, phi =    99.0000000       0.00000000       7.57715441E-07   1.42577801E-06   7.57715441E-07   5.31319131E-07   1.21800542E-06   5.31313106E-07
 Kinematics :           47  theta, phi =    99.0000000       0.00000000      is bad !
 Kinematics :           48  theta, phi =    99.0000000       0.00000000       7.57715441E-07   1.42577801E-06   7.57715441E-07   5.31319131E-07   1.21800542E-06   5.31313106E-07
 Kinematics :           48  theta, phi =    99.0000000       0.00000000      is bad !
 Kinematics :           49  theta, phi =    99.0000000       0.00000000       7.57715441E-07   1.42577801E-06   7.57715441E-07   5.31319131E-07   1.21800542E-06   5.31313106E-07
 Kinematics :           49  theta, phi =    99.0000000       0.00000000      is bad !
 Kinematics :           50  theta, phi =    99.0000000       0.00000000       7.57715441E-07   1.42577801E-06   7.57715441E-07   5.31319131E-07   1.21800542E-06   5.31313106E-07
 Kinematics :           50  theta, phi =    99.0000000       0.00000000      is bad !
 Kinematics :           51  theta, phi =    99.0000000       0.00000000       7.57715441E-07   1.42577801E-06   7.57715441E-07   5.31319131E-07   1.21800542E-06   5.31313106E-07
 Kinematics :           51  theta, phi =    99.0000000       0.00000000      is bad !
