 Kinematics :            1  theta, phi =    96.0000000       0.00000000       232.300720       232.303299       232.300720       226.710510       227.965195       226.710510    
 Kinematics :            2  theta, phi =    96.0000000       0.00000000       113.844696       111.319138       113.844658       110.184677       108.560715       110.184608    
 Kinematics :            3  theta, phi =    96.0000000       0.00000000       30.3335075       27.7088203       30.3334999       28.5194416       26.3841057       28.5194397    
 Kinematics :            4  theta, phi =    96.0000000       0.00000000       8.83018398       7.18169022       8.83018398       7.92547512       6.55901194       7.92547703    
 Kinematics :            5  theta, phi =    96.0000000       0.00000000       3.06550622       2.10598540       3.06550622       2.57656455       1.79620826       2.57656479    
 Kinematics :            6  theta, phi =    96.0000000       0.00000000       1.22800267      0.670787096       1.22800303      0.979473233      0.533258319      0.979473770    
 Kinematics :            7  theta, phi =    96.0000000       0.00000000      0.547722757      0.220952138      0.547722697      0.415589720      0.160017088      0.415590107    
 Kinematics :            8  theta, phi =    96.0000000       0.00000000      0.265098095       7.17078298E-02  0.265098155      0.192165285       4.51817326E-02  0.192165613    
 Kinematics :            9  theta, phi =    96.0000000       0.00000000      0.136792421       2.16751788E-02  0.136792421      0.100200444       1.44261401E-02  0.100200549    
 Kinematics :           10  theta, phi =    96.0000000       0.00000000       7.43317753E-02   5.67805860E-03   7.43317828E-02   5.45905493E-02   5.04755601E-03   5.45906797E-02
 Kinematics :           11  theta, phi =    96.0000000       0.00000000       4.21567895E-02   1.29364082E-03   4.21567895E-02   3.12476438E-02   3.20393732E-03   3.12477853E-02
 Kinematics :           12  theta, phi =    96.0000000       0.00000000       2.47766301E-02   6.05420850E-04   2.47766282E-02   1.92185696E-02   3.08124325E-03   1.92186292E-02
 Kinematics :           13  theta, phi =    96.0000000       0.00000000       1.50015177E-02   8.57008912E-04   1.50015177E-02   1.16643412E-02   3.14907054E-03   1.16643570E-02
 Kinematics :           14  theta, phi =    96.0000000       0.00000000       9.30924248E-03   1.16538885E-03   9.30924248E-03   7.23541528E-03   2.99713714E-03   7.23541807E-03
 Kinematics :           15  theta, phi =    96.0000000       0.00000000       5.89176454E-03   1.31272490E-03   5.89176547E-03   4.40190779E-03   2.69227265E-03   4.40190360E-03
 Kinematics :           16  theta, phi =    96.0000000       0.00000000       3.78740323E-03   1.30001979E-03   3.78740323E-03   2.91960104E-03   2.22000270E-03   2.91959709E-03
 Kinematics :           17  theta, phi =    96.0000000       0.00000000       2.46334239E-03   1.18116941E-03   2.46334239E-03   1.94602902E-03   1.77383353E-03   1.94603193E-03
 Kinematics :           18  theta, phi =    96.0000000       0.00000000       1.61539030E-03   1.01009244E-03   1.61539030E-03   1.29302894E-03   1.36715348E-03   1.29303138E-03
 Kinematics :           19  theta, phi =    96.0000000       0.00000000       1.06464513E-03   8.25319905E-04   1.06464513E-03   8.54899059E-04   1.02301338E-03   8.54902493E-04
 Kinematics :           20  theta, phi =    96.0000000       0.00000000       7.03006051E-04   6.50122587E-04   7.03006110E-04   5.63120644E-04   7.50077714E-04   5.63121983E-04
 Kinematics :           21  theta, phi =    96.0000000       0.00000000       4.64084354E-04   4.96982248E-04   4.64084384E-04   3.67335917E-04   5.37504267E-04   3.67336121E-04
 Kinematics :           22  theta, phi =    96.0000000       0.00000000       3.05249705E-04   3.69582936E-04   3.05249792E-04   2.37560365E-04   3.78424826E-04   2.37562010E-04
 Kinematics :           23  theta, phi =    96.0000000       0.00000000       1.99712769E-04   2.68060452E-04   1.99712784E-04   1.52589448E-04   2.61847832E-04   1.52589841E-04
 Kinematics :           24  theta, phi =    96.0000000       0.00000000       1.29504508E-04   1.89640006E-04   1.29504493E-04   9.68159366E-05   1.77959912E-04   9.68161694E-05
 Kinematics :           25  theta, phi =    96.0000000       0.00000000       8.30366989E-05   1.30838598E-04   8.30366989E-05   6.06319336E-05   1.18650802E-04   6.06322574E-05
 Kinematics :           26  theta, phi =    96.0000000       0.00000000       5.24280076E-05   8.78427381E-05   5.24280149E-05   3.73917719E-05   7.75978624E-05   3.73918738E-05
 Kinematics :           27  theta, phi =    96.0000000       0.00000000       3.24886641E-05   5.72392528E-05   3.24886714E-05   2.26735810E-05   4.94773412E-05   2.26736483E-05
 Kinematics :           28  theta, phi =    96.0000000       0.00000000       1.96043693E-05   3.59707701E-05   1.96043729E-05   1.34586862E-05   3.06597649E-05   1.34587490E-05
 Kinematics :           29  theta, phi =    96.0000000       0.00000000       1.14351415E-05   2.16346143E-05   1.14351396E-05   7.72929070E-06   1.82051590E-05   7.72927797E-06
 Kinematics :           30  theta, phi =    96.0000000       0.00000000       6.34375374E-06   1.22584452E-05   6.34375374E-06   4.24838481E-06   1.02228187E-05   4.24841301E-06
 Kinematics :           31  theta, phi =    96.0000000       0.00000000       3.24598409E-06   6.34241769E-06   3.24598409E-06   2.16810304E-06   5.27574139E-06   2.16808348E-06
 Kinematics :           32  theta, phi =    96.0000000       0.00000000       1.42743374E-06   2.78908283E-06   1.42743374E-06   9.60461307E-07   2.31850913E-06   9.60476882E-07
 Kinematics :           33  theta, phi =    96.0000000       0.00000000       4.10691570E-07   7.92535843E-07   4.10691598E-07   2.81097897E-07   6.65396612E-07   2.81099318E-07
 Kinematics :           34  theta, phi =    96.0000000       0.00000000       4.10691570E-07   7.92535843E-07   4.10691598E-07   2.81097897E-07   6.65396612E-07   2.81099318E-07
 Kinematics :           34  theta, phi =    96.0000000       0.00000000      is bad !
 Kinematics :           35  theta, phi =    96.0000000       0.00000000       4.10691570E-07   7.92535843E-07   4.10691598E-07   2.81097897E-07   6.65396612E-07   2.81099318E-07
 Kinematics :           35  theta, phi =    96.0000000       0.00000000      is bad !
 Kinematics :           36  theta, phi =    96.0000000       0.00000000       4.10691570E-07   7.92535843E-07   4.10691598E-07   2.81097897E-07   6.65396612E-07   2.81099318E-07
 Kinematics :           36  theta, phi =    96.0000000       0.00000000      is bad !
 Kinematics :           37  theta, phi =    96.0000000       0.00000000       4.10691570E-07   7.92535843E-07   4.10691598E-07   2.81097897E-07   6.65396612E-07   2.81099318E-07
 Kinematics :           37  theta, phi =    96.0000000       0.00000000      is bad !
 Kinematics :           38  theta, phi =    96.0000000       0.00000000       4.10691570E-07   7.92535843E-07   4.10691598E-07   2.81097897E-07   6.65396612E-07   2.81099318E-07
 Kinematics :           38  theta, phi =    96.0000000       0.00000000      is bad !
 Kinematics :           39  theta, phi =    96.0000000       0.00000000       4.10691570E-07   7.92535843E-07   4.10691598E-07   2.81097897E-07   6.65396612E-07   2.81099318E-07
 Kinematics :           39  theta, phi =    96.0000000       0.00000000      is bad !
 Kinematics :           40  theta, phi =    96.0000000       0.00000000       4.10691570E-07   7.92535843E-07   4.10691598E-07   2.81097897E-07   6.65396612E-07   2.81099318E-07
 Kinematics :           40  theta, phi =    96.0000000       0.00000000      is bad !
 Kinematics :           41  theta, phi =    96.0000000       0.00000000       4.10691570E-07   7.92535843E-07   4.10691598E-07   2.81097897E-07   6.65396612E-07   2.81099318E-07
 Kinematics :           41  theta, phi =    96.0000000       0.00000000      is bad !
 Kinematics :           42  theta, phi =    96.0000000       0.00000000       4.10691570E-07   7.92535843E-07   4.10691598E-07   2.81097897E-07   6.65396612E-07   2.81099318E-07
 Kinematics :           42  theta, phi =    96.0000000       0.00000000      is bad !
 Kinematics :           43  theta, phi =    96.0000000       0.00000000       4.10691570E-07   7.92535843E-07   4.10691598E-07   2.81097897E-07   6.65396612E-07   2.81099318E-07
 Kinematics :           43  theta, phi =    96.0000000       0.00000000      is bad !
 Kinematics :           44  theta, phi =    96.0000000       0.00000000       4.10691570E-07   7.92535843E-07   4.10691598E-07   2.81097897E-07   6.65396612E-07   2.81099318E-07
 Kinematics :           44  theta, phi =    96.0000000       0.00000000      is bad !
 Kinematics :           45  theta, phi =    96.0000000       0.00000000       4.10691570E-07   7.92535843E-07   4.10691598E-07   2.81097897E-07   6.65396612E-07   2.81099318E-07
 Kinematics :           45  theta, phi =    96.0000000       0.00000000      is bad !
 Kinematics :           46  theta, phi =    96.0000000       0.00000000       4.10691570E-07   7.92535843E-07   4.10691598E-07   2.81097897E-07   6.65396612E-07   2.81099318E-07
 Kinematics :           46  theta, phi =    96.0000000       0.00000000      is bad !
 Kinematics :           47  theta, phi =    96.0000000       0.00000000       4.10691570E-07   7.92535843E-07   4.10691598E-07   2.81097897E-07   6.65396612E-07   2.81099318E-07
 Kinematics :           47  theta, phi =    96.0000000       0.00000000      is bad !
 Kinematics :           48  theta, phi =    96.0000000       0.00000000       4.10691570E-07   7.92535843E-07   4.10691598E-07   2.81097897E-07   6.65396612E-07   2.81099318E-07
 Kinematics :           48  theta, phi =    96.0000000       0.00000000      is bad !
 Kinematics :           49  theta, phi =    96.0000000       0.00000000       4.10691570E-07   7.92535843E-07   4.10691598E-07   2.81097897E-07   6.65396612E-07   2.81099318E-07
 Kinematics :           49  theta, phi =    96.0000000       0.00000000      is bad !
 Kinematics :           50  theta, phi =    96.0000000       0.00000000       4.10691570E-07   7.92535843E-07   4.10691598E-07   2.81097897E-07   6.65396612E-07   2.81099318E-07
 Kinematics :           50  theta, phi =    96.0000000       0.00000000      is bad !
 Kinematics :           51  theta, phi =    96.0000000       0.00000000       4.10691570E-07   7.92535843E-07   4.10691598E-07   2.81097897E-07   6.65396612E-07   2.81099318E-07
 Kinematics :           51  theta, phi =    96.0000000       0.00000000      is bad !
