 Kinematics :            1  theta, phi =    99.0000000       0.00000000       7739.66699       7739.75439       7739.66699       7547.59619       7591.87207       7547.59619    
 Kinematics :            2  theta, phi =    99.0000000       0.00000000       3828.51294       3747.12378       3828.51343       3698.22388       3648.30371       3698.22388    
 Kinematics :            3  theta, phi =    99.0000000       0.00000000       1028.82788       943.442566       1028.82788       965.973572       897.454529       965.973572    
 Kinematics :            4  theta, phi =    99.0000000       0.00000000       301.864044       247.735687       301.864105       271.429901       226.706757       271.429962    
 Kinematics :            5  theta, phi =    99.0000000       0.00000000       105.580566       73.7822952       105.580566       91.0472488       64.5972443       91.0472717    
 Kinematics :            6  theta, phi =    99.0000000       0.00000000       42.6040077       23.9658737       42.6040192       34.8414612       19.5586071       34.8414803    
 Kinematics :            7  theta, phi =    99.0000000       0.00000000       19.1434937       8.11016846       19.1434937       15.2093592       6.21589375       15.2093630    
 Kinematics :            8  theta, phi =    99.0000000       0.00000000       9.33750248       2.74458265       9.33750248       7.28579712       1.96424115       7.28582096    
 Kinematics :            9  theta, phi =    99.0000000       0.00000000       4.85865164      0.894938886       4.85865211       3.87037587      0.660814703       3.87038755    
 Kinematics :           10  theta, phi =    99.0000000       0.00000000       2.66453910      0.276039928       2.66453886       2.15330958      0.242152661       2.15331292    
 Kinematics :           11  theta, phi =    99.0000000       0.00000000       1.52671802       8.95145014E-02   1.52671814       1.26966572      0.133562312       1.26966906    
 Kinematics :           12  theta, phi =    99.0000000       0.00000000      0.907607973       4.76284064E-02  0.907607973      0.775330603      0.105213709      0.775331795    
 Kinematics :           13  theta, phi =    99.0000000       0.00000000      0.556576669       4.71170060E-02  0.556576610      0.472394139       9.55533460E-02  0.472397387    
 Kinematics :           14  theta, phi =    99.0000000       0.00000000      0.350263566       5.30765355E-02  0.350263566      0.301863790       8.82822946E-02  0.301865280    
 Kinematics :           15  theta, phi =    99.0000000       0.00000000      0.225194797       5.56831546E-02  0.225194767      0.192655608       7.86073282E-02  0.192656383    
 Kinematics :           16  theta, phi =    99.0000000       0.00000000      0.147268072       5.37528917E-02  0.147268057      0.126333803       6.70872554E-02  0.126334369    
 Kinematics :           17  theta, phi =    99.0000000       0.00000000       9.76026356E-02   4.85773683E-02   9.76026282E-02   8.20457637E-02   5.75405098E-02   8.20459872E-02
 Kinematics :           18  theta, phi =    99.0000000       0.00000000       6.53382316E-02   4.17604186E-02   6.53382242E-02   5.35744317E-02   4.68573309E-02   5.35746589E-02
 Kinematics :           19  theta, phi =    99.0000000       0.00000000       4.40480076E-02   3.45323570E-02   4.40480076E-02   3.55956517E-02   3.68010066E-02   3.55959199E-02
 Kinematics :           20  theta, phi =    99.0000000       0.00000000       2.98279859E-02   2.76791137E-02   2.98279859E-02   2.38467958E-02   2.78427545E-02   2.38467101E-02
 Kinematics :           21  theta, phi =    99.0000000       0.00000000       2.02376507E-02   2.16106176E-02   2.02376526E-02   1.59647595E-02   2.06896607E-02   1.59648061E-02
 Kinematics :           22  theta, phi =    99.0000000       0.00000000       1.37260733E-02   1.64881218E-02   1.37260733E-02   1.06475940E-02   1.51505275E-02   1.06476387E-02
 Kinematics :           23  theta, phi =    99.0000000       0.00000000       9.29942168E-03   1.23341428E-02   9.29942168E-03   7.08180945E-03   1.09583903E-02   7.08177127E-03
 Kinematics :           24  theta, phi =    99.0000000       0.00000000       6.27495581E-03   9.04827751E-03   6.27495488E-03   4.68621170E-03   7.83158187E-03   4.68619587E-03
 Kinematics :           25  theta, phi =    99.0000000       0.00000000       4.21212567E-03   6.51647663E-03   4.21212567E-03   3.09882266E-03   5.49798924E-03   3.09883198E-03
 Kinematics :           26  theta, phi =    99.0000000       0.00000000       2.80635129E-03   4.60507395E-03   2.80635129E-03   2.03437638E-03   3.83571535E-03   2.03439174E-03
 Kinematics :           27  theta, phi =    99.0000000       0.00000000       1.85501727E-03   3.19454609E-03   1.85501727E-03   1.33058568E-03   2.63520726E-03   1.33058545E-03
 Kinematics :           28  theta, phi =    99.0000000       0.00000000       1.21177966E-03   2.16971221E-03   1.21177977E-03   8.63221532E-04   1.77926116E-03   8.63216526E-04
 Kinematics :           29  theta, phi =    99.0000000       0.00000000       7.81989016E-04   1.44192961E-03   7.81989016E-04   5.56628453E-04   1.17903913E-03   5.56631363E-04
 Kinematics :           30  theta, phi =    99.0000000       0.00000000       4.96656168E-04   9.34548094E-04   4.96656168E-04   3.55420663E-04   7.66520447E-04   3.55413416E-04
 Kinematics :           31  theta, phi =    99.0000000       0.00000000       3.08953371E-04   5.87568211E-04   3.08953429E-04   2.23051378E-04   4.86996665E-04   2.23048395E-04
 Kinematics :           32  theta, phi =    99.0000000       0.00000000       1.87354468E-04   3.56308825E-04   1.87354468E-04   1.36493240E-04   2.99500214E-04   1.36492337E-04
 Kinematics :           33  theta, phi =    99.0000000       0.00000000       1.09726192E-04   2.06202691E-04   1.09726185E-04   8.10647252E-05   1.75795372E-04   8.10634665E-05
 Kinematics :           34  theta, phi =    99.0000000       0.00000000       6.11811629E-05   1.12184083E-04   6.11811920E-05   4.60753108E-05   9.71866320E-05   4.60746924E-05
 Kinematics :           35  theta, phi =    99.0000000       0.00000000       3.14262252E-05   5.53324971E-05   3.14262252E-05   2.39601177E-05   4.87832149E-05   2.39596538E-05
 Kinematics :           36  theta, phi =    99.0000000       0.00000000       1.37641455E-05   2.28714216E-05   1.37641400E-05   1.06142006E-05   2.05839551E-05   1.06141970E-05
 Kinematics :           37  theta, phi =    99.0000000       0.00000000       3.68036217E-06   5.63740377E-06   3.68036285E-06   2.87076955E-06   5.19746118E-06   2.87078637E-06
 Kinematics :           38  theta, phi =    99.0000000       0.00000000       3.68036217E-06   5.63740377E-06   3.68036285E-06   2.87076955E-06   5.19746118E-06   2.87078637E-06
 Kinematics :           38  theta, phi =    99.0000000       0.00000000      is bad !
 Kinematics :           39  theta, phi =    99.0000000       0.00000000       3.68036217E-06   5.63740377E-06   3.68036285E-06   2.87076955E-06   5.19746118E-06   2.87078637E-06
 Kinematics :           39  theta, phi =    99.0000000       0.00000000      is bad !
 Kinematics :           40  theta, phi =    99.0000000       0.00000000       3.68036217E-06   5.63740377E-06   3.68036285E-06   2.87076955E-06   5.19746118E-06   2.87078637E-06
 Kinematics :           40  theta, phi =    99.0000000       0.00000000      is bad !
 Kinematics :           41  theta, phi =    99.0000000       0.00000000       3.68036217E-06   5.63740377E-06   3.68036285E-06   2.87076955E-06   5.19746118E-06   2.87078637E-06
 Kinematics :           41  theta, phi =    99.0000000       0.00000000      is bad !
 Kinematics :           42  theta, phi =    99.0000000       0.00000000       3.68036217E-06   5.63740377E-06   3.68036285E-06   2.87076955E-06   5.19746118E-06   2.87078637E-06
 Kinematics :           42  theta, phi =    99.0000000       0.00000000      is bad !
 Kinematics :           43  theta, phi =    99.0000000       0.00000000       3.68036217E-06   5.63740377E-06   3.68036285E-06   2.87076955E-06   5.19746118E-06   2.87078637E-06
 Kinematics :           43  theta, phi =    99.0000000       0.00000000      is bad !
 Kinematics :           44  theta, phi =    99.0000000       0.00000000       3.68036217E-06   5.63740377E-06   3.68036285E-06   2.87076955E-06   5.19746118E-06   2.87078637E-06
 Kinematics :           44  theta, phi =    99.0000000       0.00000000      is bad !
 Kinematics :           45  theta, phi =    99.0000000       0.00000000       3.68036217E-06   5.63740377E-06   3.68036285E-06   2.87076955E-06   5.19746118E-06   2.87078637E-06
 Kinematics :           45  theta, phi =    99.0000000       0.00000000      is bad !
 Kinematics :           46  theta, phi =    99.0000000       0.00000000       3.68036217E-06   5.63740377E-06   3.68036285E-06   2.87076955E-06   5.19746118E-06   2.87078637E-06
 Kinematics :           46  theta, phi =    99.0000000       0.00000000      is bad !
 Kinematics :           47  theta, phi =    99.0000000       0.00000000       3.68036217E-06   5.63740377E-06   3.68036285E-06   2.87076955E-06   5.19746118E-06   2.87078637E-06
 Kinematics :           47  theta, phi =    99.0000000       0.00000000      is bad !
 Kinematics :           48  theta, phi =    99.0000000       0.00000000       3.68036217E-06   5.63740377E-06   3.68036285E-06   2.87076955E-06   5.19746118E-06   2.87078637E-06
 Kinematics :           48  theta, phi =    99.0000000       0.00000000      is bad !
 Kinematics :           49  theta, phi =    99.0000000       0.00000000       3.68036217E-06   5.63740377E-06   3.68036285E-06   2.87076955E-06   5.19746118E-06   2.87078637E-06
 Kinematics :           49  theta, phi =    99.0000000       0.00000000      is bad !
 Kinematics :           50  theta, phi =    99.0000000       0.00000000       3.68036217E-06   5.63740377E-06   3.68036285E-06   2.87076955E-06   5.19746118E-06   2.87078637E-06
 Kinematics :           50  theta, phi =    99.0000000       0.00000000      is bad !
 Kinematics :           51  theta, phi =    99.0000000       0.00000000       3.68036217E-06   5.63740377E-06   3.68036285E-06   2.87076955E-06   5.19746118E-06   2.87078637E-06
 Kinematics :           51  theta, phi =    99.0000000       0.00000000      is bad !
