 Kinematics :            1  theta, phi =    93.0000000       0.00000000       2647.84888       2647.87817       2647.84888       2583.74487       2598.50977       2583.74487    
 Kinematics :            2  theta, phi =    93.0000000       0.00000000       1317.63977       1287.67249       1317.63977       1274.72998       1255.42700       1274.72998    
 Kinematics :            3  theta, phi =    93.0000000       0.00000000       355.328308       323.824860       355.328278       333.335480       307.726807       333.335510    
 Kinematics :            4  theta, phi =    93.0000000       0.00000000       104.909622       84.8585510       104.909622       93.4208603       76.9077911       93.4208679    
 Kinematics :            5  theta, phi =    93.0000000       0.00000000       36.9519157       25.1233826       36.9519157       31.0978298       21.4357929       31.0978317    
 Kinematics :            6  theta, phi =    93.0000000       0.00000000       15.0231123       8.05989552       15.0231123       11.8293514       6.27915859       11.8293629    
 Kinematics :            7  theta, phi =    93.0000000       0.00000000       6.80262375       2.66203976       6.80262518       5.09318876       1.87250292       5.09318590    
 Kinematics :            8  theta, phi =    93.0000000       0.00000000       3.34346986      0.857801616       3.34346986       2.43054056      0.546936989       2.43054700    
 Kinematics :            9  theta, phi =    93.0000000       0.00000000       1.75251007      0.250935525       1.75251007       1.31979048      0.185946345       1.31979144    
 Kinematics :           10  theta, phi =    93.0000000       0.00000000      0.967666328       5.83316237E-02  0.967666268      0.740117133       7.37759098E-02  0.740117729    
 Kinematics :           11  theta, phi =    93.0000000       0.00000000      0.557887733       7.89997540E-03  0.557887733      0.445418000       5.26699722E-02  0.445419610    
 Kinematics :           12  theta, phi =    93.0000000       0.00000000      0.333486706       2.61945371E-03  0.333486736      0.269656539       4.90304939E-02  0.269657224    
 Kinematics :           13  theta, phi =    93.0000000       0.00000000      0.205501512       8.39270838E-03  0.205501512      0.174221650       4.76370379E-02  0.174222261    
 Kinematics :           14  theta, phi =    93.0000000       0.00000000      0.129889175       1.42296311E-02  0.129889145      0.115769461       4.39078882E-02  0.115770154    
 Kinematics :           15  theta, phi =    93.0000000       0.00000000       8.38451162E-02   1.74646378E-02   8.38451013E-02   7.53160417E-02   3.81401591E-02   7.53165334E-02
 Kinematics :           16  theta, phi =    93.0000000       0.00000000       5.50515577E-02   1.81802120E-02   5.50515614E-02   4.86444049E-02   3.20336819E-02   4.86446097E-02
 Kinematics :           17  theta, phi =    93.0000000       0.00000000       3.66239175E-02   1.71627887E-02   3.66239212E-02   3.12596001E-02   2.64013968E-02   3.12597193E-02
 Kinematics :           18  theta, phi =    93.0000000       0.00000000       2.46212706E-02   1.51911452E-02   2.46212706E-02   2.07785200E-02   2.13373937E-02   2.07786225E-02
 Kinematics :           19  theta, phi =    93.0000000       0.00000000       1.66773703E-02   1.28405113E-02   1.66773740E-02   1.36176283E-02   1.67037006E-02   1.36176469E-02
 Kinematics :           20  theta, phi =    93.0000000       0.00000000       1.13522597E-02   1.04771620E-02   1.13522597E-02   9.06506274E-03   1.26635218E-02   9.06508137E-03
 Kinematics :           21  theta, phi =    93.0000000       0.00000000       7.75333168E-03   8.31724517E-03   7.75333168E-03   6.10234076E-03   9.34129674E-03   6.10236637E-03
 Kinematics :           22  theta, phi =    93.0000000       0.00000000       5.29913930E-03   6.44637132E-03   5.29913930E-03   4.10674699E-03   6.78848987E-03   4.10675909E-03
 Kinematics :           23  theta, phi =    93.0000000       0.00000000       3.62168322E-03   4.89629852E-03   3.62168415E-03   2.75372039E-03   4.87504993E-03   2.75372737E-03
 Kinematics :           24  theta, phi =    93.0000000       0.00000000       2.46924860E-03   3.64960218E-03   2.46924837E-03   1.83697126E-03   3.46058421E-03   1.83698232E-03
 Kinematics :           25  theta, phi =    93.0000000       0.00000000       1.67825713E-03   2.67376844E-03   1.67825783E-03   1.21967762E-03   2.43111653E-03   1.21967308E-03
 Kinematics :           26  theta, phi =    93.0000000       0.00000000       1.13504159E-03   1.92551850E-03   1.13504147E-03   8.06157943E-04   1.68872077E-03   8.06159049E-04
 Kinematics :           27  theta, phi =    93.0000000       0.00000000       7.63611926E-04   1.36390922E-03   7.63611810E-04   5.31115162E-04   1.16127136E-03   5.31113590E-04
 Kinematics :           28  theta, phi =    93.0000000       0.00000000       5.09789155E-04   9.49291803E-04   5.09789155E-04   3.47674883E-04   7.88787089E-04   3.47673893E-04
 Kinematics :           29  theta, phi =    93.0000000       0.00000000       3.37876263E-04   6.49240508E-04   3.37876263E-04   2.27043449E-04   5.30731049E-04   2.27043973E-04
 Kinematics :           30  theta, phi =    93.0000000       0.00000000       2.21657523E-04   4.35275084E-04   2.21657523E-04   1.47253813E-04   3.51298164E-04   1.47251150E-04
 Kinematics :           31  theta, phi =    93.0000000       0.00000000       1.43886064E-04   2.85772519E-04   1.43886064E-04   9.50774047E-05   2.28793098E-04   9.50767426E-05
 Kinematics :           32  theta, phi =    93.0000000       0.00000000       9.22006584E-05   1.83119744E-04   9.22006584E-05   6.09823364E-05   1.45959144E-04   6.09840354E-05
 Kinematics :           33  theta, phi =    93.0000000       0.00000000       5.81674030E-05   1.14062343E-04   5.81674030E-05   3.88079025E-05   9.08041184E-05   3.88085355E-05
 Kinematics :           34  theta, phi =    93.0000000       0.00000000       3.60442209E-05   6.88303480E-05   3.60442209E-05   2.43207214E-05   5.50922086E-05   2.43205268E-05
 Kinematics :           35  theta, phi =    93.0000000       0.00000000       2.17905090E-05   3.98554876E-05   2.17905090E-05   1.48627278E-05   3.24158500E-05   1.48627032E-05
 Kinematics :           36  theta, phi =    93.0000000       0.00000000       1.27315816E-05   2.18905407E-05   1.27315816E-05   8.82688801E-06   1.80757470E-05   8.82693803E-06
 Kinematics :           37  theta, phi =    93.0000000       0.00000000       7.00474311E-06   1.10419705E-05   7.00474220E-06   4.90395587E-06   9.30856731E-06   4.90404136E-06
 Kinematics :           38  theta, phi =    93.0000000       0.00000000       3.49525999E-06   4.93605512E-06   3.49525999E-06   2.48011452E-06   4.25714916E-06   2.48011952E-06
 Kinematics :           39  theta, phi =    93.0000000       0.00000000       1.37533198E-06   1.68167026E-06   1.37533254E-06   9.89115961E-07   1.49285154E-06   9.89126534E-07
 Kinematics :           40  theta, phi =    93.0000000       0.00000000       1.36276341E-07   1.40888943E-07   1.36276228E-07   9.94442644E-08   1.30243819E-07   9.94436320E-08
 Kinematics :           41  theta, phi =    93.0000000       0.00000000       1.36276341E-07   1.40888943E-07   1.36276228E-07   9.94442644E-08   1.30243819E-07   9.94436320E-08
 Kinematics :           41  theta, phi =    93.0000000       0.00000000      is bad !
 Kinematics :           42  theta, phi =    93.0000000       0.00000000       1.36276341E-07   1.40888943E-07   1.36276228E-07   9.94442644E-08   1.30243819E-07   9.94436320E-08
 Kinematics :           42  theta, phi =    93.0000000       0.00000000      is bad !
 Kinematics :           43  theta, phi =    93.0000000       0.00000000       1.36276341E-07   1.40888943E-07   1.36276228E-07   9.94442644E-08   1.30243819E-07   9.94436320E-08
 Kinematics :           43  theta, phi =    93.0000000       0.00000000      is bad !
 Kinematics :           44  theta, phi =    93.0000000       0.00000000       1.36276341E-07   1.40888943E-07   1.36276228E-07   9.94442644E-08   1.30243819E-07   9.94436320E-08
 Kinematics :           44  theta, phi =    93.0000000       0.00000000      is bad !
 Kinematics :           45  theta, phi =    93.0000000       0.00000000       1.36276341E-07   1.40888943E-07   1.36276228E-07   9.94442644E-08   1.30243819E-07   9.94436320E-08
 Kinematics :           45  theta, phi =    93.0000000       0.00000000      is bad !
 Kinematics :           46  theta, phi =    93.0000000       0.00000000       1.36276341E-07   1.40888943E-07   1.36276228E-07   9.94442644E-08   1.30243819E-07   9.94436320E-08
 Kinematics :           46  theta, phi =    93.0000000       0.00000000      is bad !
 Kinematics :           47  theta, phi =    93.0000000       0.00000000       1.36276341E-07   1.40888943E-07   1.36276228E-07   9.94442644E-08   1.30243819E-07   9.94436320E-08
 Kinematics :           47  theta, phi =    93.0000000       0.00000000      is bad !
 Kinematics :           48  theta, phi =    93.0000000       0.00000000       1.36276341E-07   1.40888943E-07   1.36276228E-07   9.94442644E-08   1.30243819E-07   9.94436320E-08
 Kinematics :           48  theta, phi =    93.0000000       0.00000000      is bad !
 Kinematics :           49  theta, phi =    93.0000000       0.00000000       1.36276341E-07   1.40888943E-07   1.36276228E-07   9.94442644E-08   1.30243819E-07   9.94436320E-08
 Kinematics :           49  theta, phi =    93.0000000       0.00000000      is bad !
 Kinematics :           50  theta, phi =    93.0000000       0.00000000       1.36276341E-07   1.40888943E-07   1.36276228E-07   9.94442644E-08   1.30243819E-07   9.94436320E-08
 Kinematics :           50  theta, phi =    93.0000000       0.00000000      is bad !
 Kinematics :           51  theta, phi =    93.0000000       0.00000000       1.36276341E-07   1.40888943E-07   1.36276228E-07   9.94442644E-08   1.30243819E-07   9.94436320E-08
 Kinematics :           51  theta, phi =    93.0000000       0.00000000      is bad !
