 Kinematics :            1  theta, phi =    99.0000000       0.00000000       34068.9766       34069.3633       34068.9766       33223.0703       33426.3828       33223.0703    
 Kinematics :            2  theta, phi =    99.0000000       0.00000000       16939.4707       16579.3555       16939.4707       16358.0693       16144.8604       16358.0693    
 Kinematics :            3  theta, phi =    99.0000000       0.00000000       4574.29932       4194.66504       4574.29932       4283.73145       3984.04736       4283.73145    
 Kinematics :            4  theta, phi =    99.0000000       0.00000000       1348.36047       1106.58081       1348.36023       1213.40210       1014.27069       1213.40210    
 Kinematics :            5  theta, phi =    99.0000000       0.00000000       473.702606       331.035065       473.702606       406.560120       288.550781       406.560272    
 Kinematics :            6  theta, phi =    99.0000000       0.00000000       191.969498       107.987862       191.969498       158.320892       88.9659271       158.321152    
 Kinematics :            7  theta, phi =    99.0000000       0.00000000       86.6188278       36.6961784       86.6188049       69.8093338       28.5513783       69.8093643    
 Kinematics :            8  theta, phi =    99.0000000       0.00000000       42.4227638       12.4693718       42.4227638       34.6676750       9.65540218       34.6677666    
 Kinematics :            9  theta, phi =    99.0000000       0.00000000       22.1639137       4.08248043       22.1639156       18.0162525       3.04706669       18.0163307    
 Kinematics :           10  theta, phi =    99.0000000       0.00000000       12.2044344       1.26435041       12.2044344       10.3207865       1.19207871       10.3208809    
 Kinematics :           11  theta, phi =    99.0000000       0.00000000       7.02166510      0.411694199       7.02166462       6.18350744      0.656143188       6.18354177    
 Kinematics :           12  theta, phi =    99.0000000       0.00000000       4.19183540      0.219974265       4.19183540       3.71865273      0.472316176       3.71867490    
 Kinematics :           13  theta, phi =    99.0000000       0.00000000       2.58173776      0.218557015       2.58173752       2.29270840      0.425632089       2.29272366    
 Kinematics :           14  theta, phi =    99.0000000       0.00000000       1.63207376      0.247313261       1.63207352       1.45050275      0.395971835       1.45050716    
 Kinematics :           15  theta, phi =    99.0000000       0.00000000       1.05429006      0.260690689       1.05429006      0.931293786      0.353235155      0.931304872    
 Kinematics :           16  theta, phi =    99.0000000       0.00000000      0.692924559      0.252917677      0.692924559      0.606769741      0.304030210      0.606772959    
 Kinematics :           17  theta, phi =    99.0000000       0.00000000      0.461701572      0.229791433      0.461701602      0.400059581      0.252020895      0.400063038    
 Kinematics :           18  theta, phi =    99.0000000       0.00000000      0.310860276      0.198683888      0.310860276      0.265036762      0.207563832      0.265038252    
 Kinematics :           19  theta, phi =    99.0000000       0.00000000      0.210879713      0.165323555      0.210879728      0.176257342      0.167546242      0.176258951    
 Kinematics :           20  theta, phi =    99.0000000       0.00000000      0.143777907      0.133419827      0.143777907      0.117515065      0.129872799      0.117515594    
 Kinematics :           21  theta, phi =    99.0000000       0.00000000       9.82855931E-02  0.104953483       9.82855931E-02   7.86586106E-02   9.79175419E-02   7.86588192E-02
 Kinematics :           22  theta, phi =    99.0000000       0.00000000       6.72192797E-02   8.07455629E-02   6.72192797E-02   5.27485684E-02   7.25788772E-02   5.27486652E-02
 Kinematics :           23  theta, phi =    99.0000000       0.00000000       4.59679551E-02   6.09688945E-02   4.59679589E-02   3.56703401E-02   5.23055904E-02   3.56702879E-02
 Kinematics :           24  theta, phi =    99.0000000       0.00000000       3.13459225E-02   4.51997891E-02   3.13459225E-02   2.39526145E-02   3.79312374E-02   2.39527393E-02
 Kinematics :           25  theta, phi =    99.0000000       0.00000000       2.12951675E-02   3.29452306E-02   2.12951675E-02   1.59875751E-02   2.74264030E-02   1.59876328E-02
 Kinematics :           26  theta, phi =    99.0000000       0.00000000       1.43851135E-02   2.36052126E-02   1.43851135E-02   1.06887072E-02   1.95018686E-02   1.06887603E-02
 Kinematics :           27  theta, phi =    99.0000000       0.00000000       9.66230873E-03   1.66395679E-02   9.66230873E-03   7.12444074E-03   1.36959627E-02   7.12437369E-03
 Kinematics :           28  theta, phi =    99.0000000       0.00000000       6.43206062E-03   1.15167173E-02   6.43205969E-03   4.73023718E-03   9.47179087E-03   4.73019620E-03
 Kinematics :           29  theta, phi =    99.0000000       0.00000000       4.24524955E-03   7.82792363E-03   4.24524955E-03   3.13244388E-03   6.45941170E-03   3.13240150E-03
 Kinematics :           30  theta, phi =    99.0000000       0.00000000       2.77096406E-03   5.21406764E-03   2.77096359E-03   2.05634767E-03   4.33993991E-03   2.05636839E-03
 Kinematics :           31  theta, phi =    99.0000000       0.00000000       1.78316399E-03   3.39122443E-03   1.78316422E-03   1.33517582E-03   2.85872817E-03   1.33519003E-03
 Kinematics :           32  theta, phi =    99.0000000       0.00000000       1.12915284E-03   2.14741123E-03   1.12915284E-03   8.54226237E-04   1.83428405E-03   8.54228798E-04
 Kinematics :           33  theta, phi =    99.0000000       0.00000000       7.00361037E-04   1.31615170E-03   7.00360863E-04   5.36798383E-04   1.13972870E-03   5.36798849E-04
 Kinematics :           34  theta, phi =    99.0000000       0.00000000       4.23291989E-04   7.76163884E-04   4.23291989E-04   3.28137918E-04   6.83422550E-04   3.28132912E-04
 Kinematics :           35  theta, phi =    99.0000000       0.00000000       2.46129348E-04   4.33362700E-04   2.46129377E-04   1.92801395E-04   3.88769869E-04   1.92801468E-04
 Kinematics :           36  theta, phi =    99.0000000       0.00000000       1.34990652E-04   2.24309508E-04   1.34990638E-04   1.06709653E-04   2.04956043E-04   1.06708721E-04
 Kinematics :           37  theta, phi =    99.0000000       0.00000000       6.61916929E-05   1.01389262E-04   6.61916711E-05   5.26643780E-05   9.44274798E-05   5.26641743E-05
 Kinematics :           38  theta, phi =    99.0000000       0.00000000       2.53675244E-05   3.50494993E-05   2.53675171E-05   2.02965130E-05   3.34285214E-05   2.02963220E-05
 Kinematics :           39  theta, phi =    99.0000000       0.00000000       2.13757085E-06   2.58612727E-06   2.13757085E-06   1.71720603E-06   2.54442079E-06   1.71719182E-06
 Kinematics :           40  theta, phi =    99.0000000       0.00000000       2.13757085E-06   2.58612727E-06   2.13757085E-06   1.71720603E-06   2.54442079E-06   1.71719182E-06
 Kinematics :           40  theta, phi =    99.0000000       0.00000000      is bad !
 Kinematics :           41  theta, phi =    99.0000000       0.00000000       2.13757085E-06   2.58612727E-06   2.13757085E-06   1.71720603E-06   2.54442079E-06   1.71719182E-06
 Kinematics :           41  theta, phi =    99.0000000       0.00000000      is bad !
 Kinematics :           42  theta, phi =    99.0000000       0.00000000       2.13757085E-06   2.58612727E-06   2.13757085E-06   1.71720603E-06   2.54442079E-06   1.71719182E-06
 Kinematics :           42  theta, phi =    99.0000000       0.00000000      is bad !
 Kinematics :           43  theta, phi =    99.0000000       0.00000000       2.13757085E-06   2.58612727E-06   2.13757085E-06   1.71720603E-06   2.54442079E-06   1.71719182E-06
 Kinematics :           43  theta, phi =    99.0000000       0.00000000      is bad !
 Kinematics :           44  theta, phi =    99.0000000       0.00000000       2.13757085E-06   2.58612727E-06   2.13757085E-06   1.71720603E-06   2.54442079E-06   1.71719182E-06
 Kinematics :           44  theta, phi =    99.0000000       0.00000000      is bad !
 Kinematics :           45  theta, phi =    99.0000000       0.00000000       2.13757085E-06   2.58612727E-06   2.13757085E-06   1.71720603E-06   2.54442079E-06   1.71719182E-06
 Kinematics :           45  theta, phi =    99.0000000       0.00000000      is bad !
 Kinematics :           46  theta, phi =    99.0000000       0.00000000       2.13757085E-06   2.58612727E-06   2.13757085E-06   1.71720603E-06   2.54442079E-06   1.71719182E-06
 Kinematics :           46  theta, phi =    99.0000000       0.00000000      is bad !
 Kinematics :           47  theta, phi =    99.0000000       0.00000000       2.13757085E-06   2.58612727E-06   2.13757085E-06   1.71720603E-06   2.54442079E-06   1.71719182E-06
 Kinematics :           47  theta, phi =    99.0000000       0.00000000      is bad !
 Kinematics :           48  theta, phi =    99.0000000       0.00000000       2.13757085E-06   2.58612727E-06   2.13757085E-06   1.71720603E-06   2.54442079E-06   1.71719182E-06
 Kinematics :           48  theta, phi =    99.0000000       0.00000000      is bad !
 Kinematics :           49  theta, phi =    99.0000000       0.00000000       2.13757085E-06   2.58612727E-06   2.13757085E-06   1.71720603E-06   2.54442079E-06   1.71719182E-06
 Kinematics :           49  theta, phi =    99.0000000       0.00000000      is bad !
 Kinematics :           50  theta, phi =    99.0000000       0.00000000       2.13757085E-06   2.58612727E-06   2.13757085E-06   1.71720603E-06   2.54442079E-06   1.71719182E-06
 Kinematics :           50  theta, phi =    99.0000000       0.00000000      is bad !
 Kinematics :           51  theta, phi =    99.0000000       0.00000000       2.13757085E-06   2.58612727E-06   2.13757085E-06   1.71720603E-06   2.54442079E-06   1.71719182E-06
 Kinematics :           51  theta, phi =    99.0000000       0.00000000      is bad !
