 Kinematics :            1  theta, phi =    96.0000000       0.00000000       34068.9766       34069.3633       34068.9766       33223.0703       33426.3828       33223.0703    
 Kinematics :            2  theta, phi =    96.0000000       0.00000000       16998.6367       16621.5410       16998.6367       16409.8457       16181.1289       16409.8457    
 Kinematics :            3  theta, phi =    96.0000000       0.00000000       4609.06055       4210.24951       4609.06104       4321.70898       4003.08740       4321.70947    
 Kinematics :            4  theta, phi =    96.0000000       0.00000000       1364.86328       1110.05908       1364.86292       1222.87390       1013.47754       1222.87390    
 Kinematics :            5  theta, phi =    96.0000000       0.00000000       481.894348       331.058655       481.894348       408.421143       284.927307       408.421234    
 Kinematics :            6  theta, phi =    96.0000000       0.00000000       196.309540       107.232574       196.309570       158.252365       85.9667511       158.252411    
 Kinematics :            7  theta, phi =    96.0000000       0.00000000       89.0464706       35.9214821       89.0464706       69.7827072       26.8267002       69.7828140    
 Kinematics :            8  theta, phi =    96.0000000       0.00000000       43.8388710       11.8582144       43.8388710       34.0582161       8.35460758       34.0582886    
 Kinematics :            9  theta, phi =    96.0000000       0.00000000       23.0179081       3.64725828       23.0179081       18.3450546       2.72459126       18.3451195    
 Kinematics :           10  theta, phi =    96.0000000       0.00000000       12.7336178      0.972696245       12.7336178       10.5459146       1.06097400       10.5459337    
 Kinematics :           11  theta, phi =    96.0000000       0.00000000       7.35721922      0.225766689       7.35721827       6.20359659      0.573063731       6.20361662    
 Kinematics :           12  theta, phi =    96.0000000       0.00000000       4.40894938      0.107733339       4.40894938       3.92461681      0.529783070       3.92462444    
 Kinematics :           13  theta, phi =    96.0000000       0.00000000       2.72479439      0.155662477       2.72479439       2.46842051      0.497337759       2.46842384    
 Kinematics :           14  theta, phi =    96.0000000       0.00000000       1.72812045      0.216336876       1.72812045       1.55498445      0.459103853       1.55498886    
 Kinematics :           15  theta, phi =    96.0000000       0.00000000       1.11949551      0.249431133       1.11949539       1.00493455      0.409957319       1.00493968    
 Kinematics :           16  theta, phi =    96.0000000       0.00000000      0.737923920      0.253291130      0.737923920      0.654031575      0.349969119      0.654034257    
 Kinematics :           17  theta, phi =    96.0000000       0.00000000      0.493166894      0.236472920      0.493166983      0.433612764      0.288318038      0.433616668    
 Kinematics :           18  theta, phi =    96.0000000       0.00000000      0.333126217      0.208301485      0.333126217      0.285925448      0.236029923      0.285928935    
 Kinematics :           19  theta, phi =    96.0000000       0.00000000      0.226803631      0.175819665      0.226803631      0.189910471      0.188456044      0.189910859    
 Kinematics :           20  theta, phi =    96.0000000       0.00000000      0.155234396      0.143556908      0.155234396      0.127830446      0.147748008      0.127831250    
 Kinematics :           21  theta, phi =    96.0000000       0.00000000      0.106649168      0.114209332      0.106649190       8.59525949E-02  0.112907268       8.59529302E-02
 Kinematics :           22  theta, phi =    96.0000000       0.00000000       7.33562261E-02   8.88164863E-02   7.33562261E-02   5.77677712E-02   8.38907957E-02   5.77679314E-02
 Kinematics :           23  theta, phi =    96.0000000       0.00000000       5.04815020E-02   6.77577779E-02   5.04815020E-02   3.89470272E-02   6.14408031E-02   3.89469415E-02
 Kinematics :           24  theta, phi =    96.0000000       0.00000000       3.46775316E-02   5.07800691E-02   3.46775316E-02   2.62720231E-02   4.38886546E-02   2.62720902E-02
 Kinematics :           25  theta, phi =    96.0000000       0.00000000       2.37640664E-02   3.74443717E-02   2.37640664E-02   1.78828705E-02   3.14652510E-02   1.78829152E-02
 Kinematics :           26  theta, phi =    96.0000000       0.00000000       1.62178576E-02   2.71728970E-02   1.62178576E-02   1.19570084E-02   2.25855727E-02   1.19569693E-02
 Kinematics :           27  theta, phi =    96.0000000       0.00000000       1.10237049E-02   1.94218010E-02   1.10237040E-02   8.04766547E-03   1.60392132E-02   8.04765895E-03
 Kinematics :           28  theta, phi =    96.0000000       0.00000000       7.44294701E-03   1.36565771E-02   7.44294701E-03   5.40748471E-03   1.12016136E-02   5.40752430E-03
 Kinematics :           29  theta, phi =    96.0000000       0.00000000       4.99634445E-03   9.45279282E-03   4.99634538E-03   3.62353656E-03   7.74285290E-03   3.62358708E-03
 Kinematics :           30  theta, phi =    96.0000000       0.00000000       3.32869473E-03   6.43225107E-03   3.32869473E-03   2.42285011E-03   5.27942320E-03   2.42280541E-03
 Kinematics :           31  theta, phi =    96.0000000       0.00000000       2.19667167E-03   4.29213699E-03   2.19667144E-03   1.61310670E-03   3.54436063E-03   1.61307713E-03
 Kinematics :           32  theta, phi =    96.0000000       0.00000000       1.43556448E-03   2.80496990E-03   1.43556448E-03   1.06270157E-03   2.34150956E-03   1.06270774E-03
 Kinematics :           33  theta, phi =    96.0000000       0.00000000       9.27243615E-04   1.78935705E-03   9.27243673E-04   6.93653419E-04   1.51510909E-03   6.93659706E-04
 Kinematics :           34  theta, phi =    96.0000000       0.00000000       5.91262477E-04   1.11185177E-03   5.91262477E-04   4.46981401E-04   9.57407290E-04   4.46979742E-04
 Kinematics :           35  theta, phi =    96.0000000       0.00000000       3.70535650E-04   6.68076857E-04   3.70535738E-04   2.82828987E-04   5.83956717E-04   2.82823312E-04
 Kinematics :           36  theta, phi =    96.0000000       0.00000000       2.27032302E-04   3.85371735E-04   2.27032258E-04   1.75223453E-04   3.42831743E-04   1.75219262E-04
 Kinematics :           37  theta, phi =    96.0000000       0.00000000       1.33711030E-04   2.08511803E-04   1.33711015E-04   1.04155610E-04   1.89092054E-04   1.04155297E-04
 Kinematics :           38  theta, phi =    96.0000000       0.00000000       7.46530204E-05   1.04430037E-04   7.46530131E-05   5.85368107E-05   9.68187669E-05   5.85382622E-05
 Kinematics :           39  theta, phi =    96.0000000       0.00000000       3.75197014E-05   4.56548296E-05   3.75197014E-05   2.94331712E-05   4.35207658E-05   2.94334222E-05
 Kinematics :           40  theta, phi =    96.0000000       0.00000000       1.45377408E-05   1.50175001E-05   1.45377489E-05   1.13692022E-05   1.47206565E-05   1.13690976E-05
 Kinematics :           41  theta, phi =    96.0000000       0.00000000       8.54346695E-07   7.09770973E-07   8.54347718E-07   6.63692731E-07   7.22965979E-07   6.63687445E-07
 Kinematics :           42  theta, phi =    96.0000000       0.00000000       8.54346695E-07   7.09770973E-07   8.54347718E-07   6.63692731E-07   7.22965979E-07   6.63687445E-07
 Kinematics :           42  theta, phi =    96.0000000       0.00000000      is bad !
 Kinematics :           43  theta, phi =    96.0000000       0.00000000       8.54346695E-07   7.09770973E-07   8.54347718E-07   6.63692731E-07   7.22965979E-07   6.63687445E-07
 Kinematics :           43  theta, phi =    96.0000000       0.00000000      is bad !
 Kinematics :           44  theta, phi =    96.0000000       0.00000000       8.54346695E-07   7.09770973E-07   8.54347718E-07   6.63692731E-07   7.22965979E-07   6.63687445E-07
 Kinematics :           44  theta, phi =    96.0000000       0.00000000      is bad !
 Kinematics :           45  theta, phi =    96.0000000       0.00000000       8.54346695E-07   7.09770973E-07   8.54347718E-07   6.63692731E-07   7.22965979E-07   6.63687445E-07
 Kinematics :           45  theta, phi =    96.0000000       0.00000000      is bad !
 Kinematics :           46  theta, phi =    96.0000000       0.00000000       8.54346695E-07   7.09770973E-07   8.54347718E-07   6.63692731E-07   7.22965979E-07   6.63687445E-07
 Kinematics :           46  theta, phi =    96.0000000       0.00000000      is bad !
 Kinematics :           47  theta, phi =    96.0000000       0.00000000       8.54346695E-07   7.09770973E-07   8.54347718E-07   6.63692731E-07   7.22965979E-07   6.63687445E-07
 Kinematics :           47  theta, phi =    96.0000000       0.00000000      is bad !
 Kinematics :           48  theta, phi =    96.0000000       0.00000000       8.54346695E-07   7.09770973E-07   8.54347718E-07   6.63692731E-07   7.22965979E-07   6.63687445E-07
 Kinematics :           48  theta, phi =    96.0000000       0.00000000      is bad !
 Kinematics :           49  theta, phi =    96.0000000       0.00000000       8.54346695E-07   7.09770973E-07   8.54347718E-07   6.63692731E-07   7.22965979E-07   6.63687445E-07
 Kinematics :           49  theta, phi =    96.0000000       0.00000000      is bad !
 Kinematics :           50  theta, phi =    96.0000000       0.00000000       8.54346695E-07   7.09770973E-07   8.54347718E-07   6.63692731E-07   7.22965979E-07   6.63687445E-07
 Kinematics :           50  theta, phi =    96.0000000       0.00000000      is bad !
 Kinematics :           51  theta, phi =    96.0000000       0.00000000       8.54346695E-07   7.09770973E-07   8.54347718E-07   6.63692731E-07   7.22965979E-07   6.63687445E-07
 Kinematics :           51  theta, phi =    96.0000000       0.00000000      is bad !
