 Kinematics :            1  theta, phi =    99.0000000       0.00000000       270.865936       270.868988       270.865936       264.488464       265.947479       264.488464    
 Kinematics :            2  theta, phi =    99.0000000       0.00000000       132.165894       129.356216       132.165924       127.872765       126.104210       127.872787    
 Kinematics :            3  theta, phi =    99.0000000       0.00000000       35.0387077       32.1307449       35.0387039       32.9685860       30.6252117       32.9685822    
 Kinematics :            4  theta, phi =    99.0000000       0.00000000       10.1430397       8.32425308       10.1430397       9.12989902       7.62700748       9.12990093    
 Kinematics :            5  theta, phi =    99.0000000       0.00000000       3.50010657       2.44596100       3.50010633       2.98408246       2.11973763       2.98408318    
 Kinematics :            6  theta, phi =    99.0000000       0.00000000       1.39324248      0.783735454       1.39324248       1.12965071      0.636642754       1.12965143    
 Kinematics :            7  theta, phi =    99.0000000       0.00000000      0.617412508      0.261567652      0.617412508      0.476051509      0.192006499      0.476051658    
 Kinematics :            8  theta, phi =    99.0000000       0.00000000      0.296899468       8.72680247E-02  0.296899587      0.224700361       6.09319843E-02  0.224700689    
 Kinematics :            9  theta, phi =    99.0000000       0.00000000      0.152233362       2.80406140E-02  0.152233362      0.113870226       1.87660679E-02  0.113870576    
 Kinematics :           10  theta, phi =    99.0000000       0.00000000       8.22180361E-02   8.51759408E-03   8.22180435E-02   6.09854832E-02   6.36977749E-03   6.09854758E-02
 Kinematics :           11  theta, phi =    99.0000000       0.00000000       4.63581458E-02   2.71807006E-03   4.63581458E-02   3.55409384E-02   3.66122834E-03   3.55410315E-02
 Kinematics :           12  theta, phi =    99.0000000       0.00000000       2.70951204E-02   1.42186636E-03   2.70951241E-02   2.14127898E-02   3.13644717E-03   2.14128401E-02
 Kinematics :           13  theta, phi =    99.0000000       0.00000000       1.63180809E-02   1.38140726E-03   1.63180828E-02   1.24189323E-02   3.09456186E-03   1.24189528E-02
 Kinematics :           14  theta, phi =    99.0000000       0.00000000       1.00723058E-02   1.52628787E-03   1.00723058E-02   7.54978228E-03   2.94064032E-03   7.54981488E-03
 Kinematics :           15  theta, phi =    99.0000000       0.00000000       6.34191604E-03   1.56814395E-03   6.34191604E-03   4.83988551E-03   2.57126777E-03   4.83989296E-03
 Kinematics :           16  theta, phi =    99.0000000       0.00000000       4.05433495E-03   1.47983339E-03   4.05433495E-03   3.17728077E-03   2.15111952E-03   3.17729102E-03
 Kinematics :           17  theta, phi =    99.0000000       0.00000000       2.62121134E-03   1.30459154E-03   2.62121134E-03   2.09422316E-03   1.71731808E-03   2.09422689E-03
 Kinematics :           18  theta, phi =    99.0000000       0.00000000       1.70745922E-03   1.09130912E-03   1.70745899E-03   1.37678091E-03   1.32151484E-03   1.37678941E-03
 Kinematics :           19  theta, phi =    99.0000000       0.00000000       1.11675821E-03   8.75505910E-04   1.11675821E-03   9.01008956E-04   9.88293090E-04   9.01011634E-04
 Kinematics :           20  theta, phi =    99.0000000       0.00000000       7.31075357E-04   6.78406854E-04   7.31074950E-04   5.86271228E-04   7.20264215E-04   5.86275652E-04
 Kinematics :           21  theta, phi =    99.0000000       0.00000000       4.77449357E-04   5.09840553E-04   4.77449328E-04   3.78432946E-04   5.14825515E-04   3.78434575E-04
 Kinematics :           22  theta, phi =    99.0000000       0.00000000       3.10060335E-04   3.72452661E-04   3.10060306E-04   2.41506626E-04   3.59432801E-04   2.41507121E-04
 Kinematics :           23  theta, phi =    99.0000000       0.00000000       1.99814865E-04   2.65021401E-04   1.99814880E-04   1.52818524E-04   2.46474723E-04   1.52819193E-04
 Kinematics :           24  theta, phi =    99.0000000       0.00000000       1.27182255E-04   1.83392665E-04   1.27182269E-04   9.50847461E-05   1.65498990E-04   9.50848407E-05
 Kinematics :           25  theta, phi =    99.0000000       0.00000000       7.96609093E-05   1.23241407E-04   7.96609093E-05   5.82099819E-05   1.08375636E-04   5.82099819E-05
 Kinematics :           26  theta, phi =    99.0000000       0.00000000       4.88077967E-05   8.00909911E-05   4.88077785E-05   3.49691072E-05   6.90337183E-05   3.49691982E-05
 Kinematics :           27  theta, phi =    99.0000000       0.00000000       2.90703811E-05   5.00624301E-05   2.90703811E-05   2.04760890E-05   4.25480066E-05   2.04761382E-05
 Kinematics :           28  theta, phi =    99.0000000       0.00000000       1.66040882E-05   2.97299066E-05   1.66040882E-05   1.15592266E-05   2.50394442E-05   1.15590756E-05
 Kinematics :           29  theta, phi =    99.0000000       0.00000000       8.92773460E-06   1.64620760E-05   8.92773278E-06   6.18567219E-06   1.38147307E-05   6.18561944E-06
 Kinematics :           30  theta, phi =    99.0000000       0.00000000       4.32792285E-06   8.14376654E-06   4.32792285E-06   3.00802662E-06   6.81559823E-06   3.00800093E-06
 Kinematics :           31  theta, phi =    99.0000000       0.00000000       1.68104339E-06   3.19701167E-06   1.68104373E-06   1.17886543E-06   2.69074940E-06   1.17887362E-06
 Kinematics :           32  theta, phi =    99.0000000       0.00000000       2.57656950E-07   4.90009427E-07   2.57656978E-07   1.83855164E-07   4.22665920E-07   1.83853928E-07
 Kinematics :           33  theta, phi =    99.0000000       0.00000000       2.57656950E-07   4.90009427E-07   2.57656978E-07   1.83855164E-07   4.22665920E-07   1.83853928E-07
 Kinematics :           33  theta, phi =    99.0000000       0.00000000      is bad !
 Kinematics :           34  theta, phi =    99.0000000       0.00000000       2.57656950E-07   4.90009427E-07   2.57656978E-07   1.83855164E-07   4.22665920E-07   1.83853928E-07
 Kinematics :           34  theta, phi =    99.0000000       0.00000000      is bad !
 Kinematics :           35  theta, phi =    99.0000000       0.00000000       2.57656950E-07   4.90009427E-07   2.57656978E-07   1.83855164E-07   4.22665920E-07   1.83853928E-07
 Kinematics :           35  theta, phi =    99.0000000       0.00000000      is bad !
 Kinematics :           36  theta, phi =    99.0000000       0.00000000       2.57656950E-07   4.90009427E-07   2.57656978E-07   1.83855164E-07   4.22665920E-07   1.83853928E-07
 Kinematics :           36  theta, phi =    99.0000000       0.00000000      is bad !
 Kinematics :           37  theta, phi =    99.0000000       0.00000000       2.57656950E-07   4.90009427E-07   2.57656978E-07   1.83855164E-07   4.22665920E-07   1.83853928E-07
 Kinematics :           37  theta, phi =    99.0000000       0.00000000      is bad !
 Kinematics :           38  theta, phi =    99.0000000       0.00000000       2.57656950E-07   4.90009427E-07   2.57656978E-07   1.83855164E-07   4.22665920E-07   1.83853928E-07
 Kinematics :           38  theta, phi =    99.0000000       0.00000000      is bad !
 Kinematics :           39  theta, phi =    99.0000000       0.00000000       2.57656950E-07   4.90009427E-07   2.57656978E-07   1.83855164E-07   4.22665920E-07   1.83853928E-07
 Kinematics :           39  theta, phi =    99.0000000       0.00000000      is bad !
 Kinematics :           40  theta, phi =    99.0000000       0.00000000       2.57656950E-07   4.90009427E-07   2.57656978E-07   1.83855164E-07   4.22665920E-07   1.83853928E-07
 Kinematics :           40  theta, phi =    99.0000000       0.00000000      is bad !
 Kinematics :           41  theta, phi =    99.0000000       0.00000000       2.57656950E-07   4.90009427E-07   2.57656978E-07   1.83855164E-07   4.22665920E-07   1.83853928E-07
 Kinematics :           41  theta, phi =    99.0000000       0.00000000      is bad !
 Kinematics :           42  theta, phi =    99.0000000       0.00000000       2.57656950E-07   4.90009427E-07   2.57656978E-07   1.83855164E-07   4.22665920E-07   1.83853928E-07
 Kinematics :           42  theta, phi =    99.0000000       0.00000000      is bad !
 Kinematics :           43  theta, phi =    99.0000000       0.00000000       2.57656950E-07   4.90009427E-07   2.57656978E-07   1.83855164E-07   4.22665920E-07   1.83853928E-07
 Kinematics :           43  theta, phi =    99.0000000       0.00000000      is bad !
 Kinematics :           44  theta, phi =    99.0000000       0.00000000       2.57656950E-07   4.90009427E-07   2.57656978E-07   1.83855164E-07   4.22665920E-07   1.83853928E-07
 Kinematics :           44  theta, phi =    99.0000000       0.00000000      is bad !
 Kinematics :           45  theta, phi =    99.0000000       0.00000000       2.57656950E-07   4.90009427E-07   2.57656978E-07   1.83855164E-07   4.22665920E-07   1.83853928E-07
 Kinematics :           45  theta, phi =    99.0000000       0.00000000      is bad !
 Kinematics :           46  theta, phi =    99.0000000       0.00000000       2.57656950E-07   4.90009427E-07   2.57656978E-07   1.83855164E-07   4.22665920E-07   1.83853928E-07
 Kinematics :           46  theta, phi =    99.0000000       0.00000000      is bad !
 Kinematics :           47  theta, phi =    99.0000000       0.00000000       2.57656950E-07   4.90009427E-07   2.57656978E-07   1.83855164E-07   4.22665920E-07   1.83853928E-07
 Kinematics :           47  theta, phi =    99.0000000       0.00000000      is bad !
 Kinematics :           48  theta, phi =    99.0000000       0.00000000       2.57656950E-07   4.90009427E-07   2.57656978E-07   1.83855164E-07   4.22665920E-07   1.83853928E-07
 Kinematics :           48  theta, phi =    99.0000000       0.00000000      is bad !
 Kinematics :           49  theta, phi =    99.0000000       0.00000000       2.57656950E-07   4.90009427E-07   2.57656978E-07   1.83855164E-07   4.22665920E-07   1.83853928E-07
 Kinematics :           49  theta, phi =    99.0000000       0.00000000      is bad !
 Kinematics :           50  theta, phi =    99.0000000       0.00000000       2.57656950E-07   4.90009427E-07   2.57656978E-07   1.83855164E-07   4.22665920E-07   1.83853928E-07
 Kinematics :           50  theta, phi =    99.0000000       0.00000000      is bad !
 Kinematics :           51  theta, phi =    99.0000000       0.00000000       2.57656950E-07   4.90009427E-07   2.57656978E-07   1.83855164E-07   4.22665920E-07   1.83853928E-07
 Kinematics :           51  theta, phi =    99.0000000       0.00000000      is bad !
