 Kinematics :            1  theta, phi =    96.0000000       0.00000000       199.846680       199.848907       199.846680       194.935669       196.027405       194.935669    
 Kinematics :            2  theta, phi =    96.0000000       0.00000000       97.8759918       95.7046890       97.8759918       94.7555771       93.3537598       94.7555771    
 Kinematics :            3  theta, phi =    96.0000000       0.00000000       26.0613117       23.8062897       26.0613117       24.5133839       22.6772442       24.5133839    
 Kinematics :            4  theta, phi =    96.0000000       0.00000000       7.58135748       6.16600513       7.58135748       6.79643297       5.62559175       6.79643393    
 Kinematics :            5  theta, phi =    96.0000000       0.00000000       2.63011861       1.80687642       2.63011837       2.22335958       1.55059087       2.22336006    
 Kinematics :            6  theta, phi =    96.0000000       0.00000000       1.05282247      0.575096130       1.05282247      0.836910009      0.455047429      0.836910069    
 Kinematics :            7  theta, phi =    96.0000000       0.00000000      0.469232202      0.189288974      0.469232202      0.360405684      0.140492722      0.360405892    
 Kinematics :            8  theta, phi =    96.0000000       0.00000000      0.226926729       6.13826402E-02  0.226926729      0.164397076       3.90335731E-02  0.164397180    
 Kinematics :            9  theta, phi =    96.0000000       0.00000000      0.116997756       1.85386501E-02  0.116997756       8.49634781E-02   1.20103490E-02   8.49635601E-02
 Kinematics :           10  theta, phi =    96.0000000       0.00000000       6.35184869E-02   4.85205278E-03   6.35184869E-02   4.53962833E-02   3.82518466E-03   4.53963913E-02
 Kinematics :           11  theta, phi =    96.0000000       0.00000000       3.59895527E-02   1.10439025E-03   3.59895527E-02   2.72406209E-02   2.90284632E-03   2.72406582E-02
 Kinematics :           12  theta, phi =    96.0000000       0.00000000       2.11302321E-02   5.16320404E-04   2.11302266E-02   1.64030008E-02   2.64778570E-03   1.64030362E-02
 Kinematics :           13  theta, phi =    96.0000000       0.00000000       1.27794510E-02   7.30066560E-04   1.27794500E-02   9.85758938E-03   2.71025882E-03   9.85783245E-03
 Kinematics :           14  theta, phi =    96.0000000       0.00000000       7.92077649E-03   9.91571927E-04   7.92077556E-03   6.07000571E-03   2.59353360E-03   6.07001409E-03
 Kinematics :           15  theta, phi =    96.0000000       0.00000000       5.00637665E-03   1.11545448E-03   5.00637665E-03   3.73882102E-03   2.28591217E-03   3.73883429E-03
 Kinematics :           16  theta, phi =    96.0000000       0.00000000       3.21357162E-03   1.10305299E-03   3.21357185E-03   2.47801794E-03   1.88848737E-03   2.47802236E-03
 Kinematics :           17  theta, phi =    96.0000000       0.00000000       2.08675815E-03   1.00059807E-03   2.08675815E-03   1.64948462E-03   1.50618050E-03   1.64949347E-03
 Kinematics :           18  theta, phi =    96.0000000       0.00000000       1.36598467E-03   8.54140846E-04   1.36598467E-03   1.09439797E-03   1.15870021E-03   1.09440484E-03
 Kinematics :           19  theta, phi =    96.0000000       0.00000000       8.98469181E-04   6.96499308E-04   8.98469181E-04   7.22294964E-04   8.65440001E-04   7.22298108E-04
 Kinematics :           20  theta, phi =    96.0000000       0.00000000       5.91931632E-04   5.47403644E-04   5.91931632E-04   4.74629342E-04   6.33165939E-04   4.74629080E-04
 Kinematics :           21  theta, phi =    96.0000000       0.00000000       3.89751076E-04   4.17379721E-04   3.89751076E-04   3.09205818E-04   4.52431297E-04   3.09206865E-04
 Kinematics :           22  theta, phi =    96.0000000       0.00000000       2.55594350E-04   3.09462426E-04   2.55594350E-04   1.99217859E-04   3.17501544E-04   1.99218863E-04
 Kinematics :           23  theta, phi =    96.0000000       0.00000000       1.66644662E-04   2.23675393E-04   1.66644662E-04   1.27675346E-04   2.19002395E-04   1.27675812E-04
 Kinematics :           24  theta, phi =    96.0000000       0.00000000       1.07616826E-04   1.57588773E-04   1.07616826E-04   8.06216485E-05   1.48230727E-04   8.06218450E-05
 Kinematics :           25  theta, phi =    96.0000000       0.00000000       6.86602871E-05   1.08186076E-04   6.86602798E-05   5.01870309E-05   9.83853242E-05   5.01869763E-05
 Kinematics :           26  theta, phi =    96.0000000       0.00000000       4.30851287E-05   7.21887991E-05   4.30851396E-05   3.07579357E-05   6.39303835E-05   3.07579721E-05
 Kinematics :           27  theta, phi =    96.0000000       0.00000000       2.64907267E-05   4.66719430E-05   2.64907248E-05   1.84983710E-05   4.04477323E-05   1.84985020E-05
 Kinematics :           28  theta, phi =    96.0000000       0.00000000       1.58196490E-05   2.90264379E-05   1.58196472E-05   1.08662034E-05   2.48059041E-05   1.08661907E-05
 Kinematics :           29  theta, phi =    96.0000000       0.00000000       9.09357459E-06   1.72045093E-05   9.09357550E-06   6.14839837E-06   1.45121749E-05   6.14838245E-06
 Kinematics :           30  theta, phi =    96.0000000       0.00000000       4.93317611E-06   9.53269500E-06   4.93317611E-06   3.30476837E-06   7.97147095E-06   3.30479406E-06
 Kinematics :           31  theta, phi =    96.0000000       0.00000000       2.42742317E-06   4.74300987E-06   2.42742317E-06   1.62201684E-06   3.96041105E-06   1.62202673E-06
 Kinematics :           32  theta, phi =    96.0000000       0.00000000       9.77175887E-07   1.90931792E-06   9.77176001E-07   6.57913006E-07   1.59528349E-06   6.57909482E-07
 Kinematics :           33  theta, phi =    96.0000000       0.00000000       1.85470881E-07   3.57914047E-07   1.85470839E-07   1.27396603E-07   3.02722981E-07   1.27396433E-07
 Kinematics :           34  theta, phi =    96.0000000       0.00000000       1.85470881E-07   3.57914047E-07   1.85470839E-07   1.27396603E-07   3.02722981E-07   1.27396433E-07
 Kinematics :           34  theta, phi =    96.0000000       0.00000000      is bad !
 Kinematics :           35  theta, phi =    96.0000000       0.00000000       1.85470881E-07   3.57914047E-07   1.85470839E-07   1.27396603E-07   3.02722981E-07   1.27396433E-07
 Kinematics :           35  theta, phi =    96.0000000       0.00000000      is bad !
 Kinematics :           36  theta, phi =    96.0000000       0.00000000       1.85470881E-07   3.57914047E-07   1.85470839E-07   1.27396603E-07   3.02722981E-07   1.27396433E-07
 Kinematics :           36  theta, phi =    96.0000000       0.00000000      is bad !
 Kinematics :           37  theta, phi =    96.0000000       0.00000000       1.85470881E-07   3.57914047E-07   1.85470839E-07   1.27396603E-07   3.02722981E-07   1.27396433E-07
 Kinematics :           37  theta, phi =    96.0000000       0.00000000      is bad !
 Kinematics :           38  theta, phi =    96.0000000       0.00000000       1.85470881E-07   3.57914047E-07   1.85470839E-07   1.27396603E-07   3.02722981E-07   1.27396433E-07
 Kinematics :           38  theta, phi =    96.0000000       0.00000000      is bad !
 Kinematics :           39  theta, phi =    96.0000000       0.00000000       1.85470881E-07   3.57914047E-07   1.85470839E-07   1.27396603E-07   3.02722981E-07   1.27396433E-07
 Kinematics :           39  theta, phi =    96.0000000       0.00000000      is bad !
 Kinematics :           40  theta, phi =    96.0000000       0.00000000       1.85470881E-07   3.57914047E-07   1.85470839E-07   1.27396603E-07   3.02722981E-07   1.27396433E-07
 Kinematics :           40  theta, phi =    96.0000000       0.00000000      is bad !
 Kinematics :           41  theta, phi =    96.0000000       0.00000000       1.85470881E-07   3.57914047E-07   1.85470839E-07   1.27396603E-07   3.02722981E-07   1.27396433E-07
 Kinematics :           41  theta, phi =    96.0000000       0.00000000      is bad !
 Kinematics :           42  theta, phi =    96.0000000       0.00000000       1.85470881E-07   3.57914047E-07   1.85470839E-07   1.27396603E-07   3.02722981E-07   1.27396433E-07
 Kinematics :           42  theta, phi =    96.0000000       0.00000000      is bad !
 Kinematics :           43  theta, phi =    96.0000000       0.00000000       1.85470881E-07   3.57914047E-07   1.85470839E-07   1.27396603E-07   3.02722981E-07   1.27396433E-07
 Kinematics :           43  theta, phi =    96.0000000       0.00000000      is bad !
 Kinematics :           44  theta, phi =    96.0000000       0.00000000       1.85470881E-07   3.57914047E-07   1.85470839E-07   1.27396603E-07   3.02722981E-07   1.27396433E-07
 Kinematics :           44  theta, phi =    96.0000000       0.00000000      is bad !
 Kinematics :           45  theta, phi =    96.0000000       0.00000000       1.85470881E-07   3.57914047E-07   1.85470839E-07   1.27396603E-07   3.02722981E-07   1.27396433E-07
 Kinematics :           45  theta, phi =    96.0000000       0.00000000      is bad !
 Kinematics :           46  theta, phi =    96.0000000       0.00000000       1.85470881E-07   3.57914047E-07   1.85470839E-07   1.27396603E-07   3.02722981E-07   1.27396433E-07
 Kinematics :           46  theta, phi =    96.0000000       0.00000000      is bad !
 Kinematics :           47  theta, phi =    96.0000000       0.00000000       1.85470881E-07   3.57914047E-07   1.85470839E-07   1.27396603E-07   3.02722981E-07   1.27396433E-07
 Kinematics :           47  theta, phi =    96.0000000       0.00000000      is bad !
 Kinematics :           48  theta, phi =    96.0000000       0.00000000       1.85470881E-07   3.57914047E-07   1.85470839E-07   1.27396603E-07   3.02722981E-07   1.27396433E-07
 Kinematics :           48  theta, phi =    96.0000000       0.00000000      is bad !
 Kinematics :           49  theta, phi =    96.0000000       0.00000000       1.85470881E-07   3.57914047E-07   1.85470839E-07   1.27396603E-07   3.02722981E-07   1.27396433E-07
 Kinematics :           49  theta, phi =    96.0000000       0.00000000      is bad !
 Kinematics :           50  theta, phi =    96.0000000       0.00000000       1.85470881E-07   3.57914047E-07   1.85470839E-07   1.27396603E-07   3.02722981E-07   1.27396433E-07
 Kinematics :           50  theta, phi =    96.0000000       0.00000000      is bad !
 Kinematics :           51  theta, phi =    96.0000000       0.00000000       1.85470881E-07   3.57914047E-07   1.85470839E-07   1.27396603E-07   3.02722981E-07   1.27396433E-07
 Kinematics :           51  theta, phi =    96.0000000       0.00000000      is bad !
