 Kinematics :            1  theta, phi =    99.0000000       0.00000000       160.338760       160.340546       160.338760       156.281281       157.174774       156.281281    
 Kinematics :            2  theta, phi =    99.0000000       0.00000000       78.0363388       76.3774033       78.0363388       75.6294098       74.5719910       75.6294098    
 Kinematics :            3  theta, phi =    99.0000000       0.00000000       20.6357441       18.9231243       20.6357346       19.4078445       18.0242538       19.4078426    
 Kinematics :            4  theta, phi =    99.0000000       0.00000000       5.95784426       4.88951969       5.95784426       5.33866453       4.45979023       5.33866453    
 Kinematics :            5  theta, phi =    99.0000000       0.00000000       2.05027533       1.43278325       2.05027556       1.74542177       1.23954403       1.74542248    
 Kinematics :            6  theta, phi =    99.0000000       0.00000000      0.813805878      0.457787216      0.813805878      0.658097148      0.370940536      0.658097148    
 Kinematics :            7  theta, phi =    99.0000000       0.00000000      0.359560847      0.152328432      0.359560758      0.276798934      0.113125943      0.276798844    
 Kinematics :            8  theta, phi =    99.0000000       0.00000000      0.172359288       5.06617650E-02  0.172359258      0.128889203       3.45293432E-02  0.128889292    
 Kinematics :            9  theta, phi =    99.0000000       0.00000000       8.80807191E-02   1.62240192E-02   8.80807191E-02   6.49061427E-02   1.04648909E-02   6.49061799E-02
 Kinematics :           10  theta, phi =    99.0000000       0.00000000       4.74008173E-02   4.91061108E-03   4.74008024E-02   3.56068835E-02   3.83351743E-03   3.56069133E-02
 Kinematics :           11  theta, phi =    99.0000000       0.00000000       2.66241711E-02   1.56102807E-03   2.66241711E-02   2.02509835E-02   2.07776949E-03   2.02509873E-02
 Kinematics :           12  theta, phi =    99.0000000       0.00000000       1.54965669E-02   8.13211023E-04   1.54965669E-02   1.18604917E-02   1.82709028E-03   1.18605141E-02
 Kinematics :           13  theta, phi =    99.0000000       0.00000000       9.29071382E-03   7.86505349E-04   9.29071382E-03   6.74236193E-03   1.76218257E-03   6.74238242E-03
 Kinematics :           14  theta, phi =    99.0000000       0.00000000       5.70636056E-03   8.64702743E-04   5.70636056E-03   4.19653812E-03   1.66850700E-03   4.19655535E-03
 Kinematics :           15  theta, phi =    99.0000000       0.00000000       3.57340532E-03   8.83583562E-04   3.57340486E-03   2.72608269E-03   1.46370253E-03   2.72609643E-03
 Kinematics :           16  theta, phi =    99.0000000       0.00000000       2.27065780E-03   8.28790944E-04   2.27065803E-03   1.78038410E-03   1.21566234E-03   1.78039377E-03
 Kinematics :           17  theta, phi =    99.0000000       0.00000000       1.45812635E-03   7.25717633E-04   1.45812647E-03   1.16658013E-03   9.63681377E-04   1.16657885E-03
 Kinematics :           18  theta, phi =    99.0000000       0.00000000       9.42608400E-04   6.02460699E-04   9.42608342E-04   7.61829084E-04   7.36226968E-04   7.61831063E-04
 Kinematics :           19  theta, phi =    99.0000000       0.00000000       6.11185213E-04   4.79151378E-04   6.11185096E-04   4.94487002E-04   5.45292336E-04   4.94486769E-04
 Kinematics :           20  theta, phi =    99.0000000       0.00000000       3.96133051E-04   3.67594766E-04   3.96132993E-04   3.18782579E-04   3.93860013E-04   3.18784441E-04
 Kinematics :           21  theta, phi =    99.0000000       0.00000000       2.55717605E-04   2.73066049E-04   2.55717605E-04   2.03355608E-04   2.77967454E-04   2.03355972E-04
 Kinematics :           22  theta, phi =    99.0000000       0.00000000       1.63801160E-04   1.96762281E-04   1.63801174E-04   1.28069427E-04   1.91838539E-04   1.28069994E-04
 Kinematics :           23  theta, phi =    99.0000000       0.00000000       1.03830396E-04   1.37713883E-04   1.03830404E-04   7.96995955E-05   1.29302949E-04   7.96995519E-05
 Kinematics :           24  theta, phi =    99.0000000       0.00000000       6.47571505E-05   9.33776755E-05   6.47571578E-05   4.85752498E-05   8.50801443E-05   4.85752462E-05
 Kinematics :           25  theta, phi =    99.0000000       0.00000000       3.95272327E-05   6.11516080E-05   3.95272327E-05   2.89904419E-05   5.42463713E-05   2.89904820E-05
 Kinematics :           26  theta, phi =    99.0000000       0.00000000       2.34072322E-05   3.84100349E-05   2.34072322E-05   1.68067818E-05   3.33998432E-05   1.68068254E-05
 Kinematics :           27  theta, phi =    99.0000000       0.00000000       1.32954374E-05   2.28962163E-05   1.32954410E-05   9.39963229E-06   1.96376095E-05   9.39970596E-06
 Kinematics :           28  theta, phi =    99.0000000       0.00000000       7.06848186E-06   1.26562409E-05   7.06848186E-06   4.94121332E-06   1.07657388E-05   4.94125288E-06
 Kinematics :           29  theta, phi =    99.0000000       0.00000000       3.35909363E-06   6.19391813E-06   3.35909363E-06   2.33838227E-06   5.25790620E-06   2.33836931E-06
 Kinematics :           30  theta, phi =    99.0000000       0.00000000       1.23907398E-06   2.33154128E-06   1.23907398E-06   8.66104017E-07   1.98093448E-06   8.66107939E-07
 Kinematics :           31  theta, phi =    99.0000000       0.00000000       1.23907398E-06   2.33154128E-06   1.23907398E-06   8.66104017E-07   1.98093448E-06   8.66107939E-07
 Kinematics :           31  theta, phi =    99.0000000       0.00000000      is bad !
 Kinematics :           32  theta, phi =    99.0000000       0.00000000       1.23907398E-06   2.33154128E-06   1.23907398E-06   8.66104017E-07   1.98093448E-06   8.66107939E-07
 Kinematics :           32  theta, phi =    99.0000000       0.00000000      is bad !
 Kinematics :           33  theta, phi =    99.0000000       0.00000000       1.23907398E-06   2.33154128E-06   1.23907398E-06   8.66104017E-07   1.98093448E-06   8.66107939E-07
 Kinematics :           33  theta, phi =    99.0000000       0.00000000      is bad !
 Kinematics :           34  theta, phi =    99.0000000       0.00000000       1.23907398E-06   2.33154128E-06   1.23907398E-06   8.66104017E-07   1.98093448E-06   8.66107939E-07
 Kinematics :           34  theta, phi =    99.0000000       0.00000000      is bad !
 Kinematics :           35  theta, phi =    99.0000000       0.00000000       1.23907398E-06   2.33154128E-06   1.23907398E-06   8.66104017E-07   1.98093448E-06   8.66107939E-07
 Kinematics :           35  theta, phi =    99.0000000       0.00000000      is bad !
 Kinematics :           36  theta, phi =    99.0000000       0.00000000       1.23907398E-06   2.33154128E-06   1.23907398E-06   8.66104017E-07   1.98093448E-06   8.66107939E-07
 Kinematics :           36  theta, phi =    99.0000000       0.00000000      is bad !
 Kinematics :           37  theta, phi =    99.0000000       0.00000000       1.23907398E-06   2.33154128E-06   1.23907398E-06   8.66104017E-07   1.98093448E-06   8.66107939E-07
 Kinematics :           37  theta, phi =    99.0000000       0.00000000      is bad !
 Kinematics :           38  theta, phi =    99.0000000       0.00000000       1.23907398E-06   2.33154128E-06   1.23907398E-06   8.66104017E-07   1.98093448E-06   8.66107939E-07
 Kinematics :           38  theta, phi =    99.0000000       0.00000000      is bad !
 Kinematics :           39  theta, phi =    99.0000000       0.00000000       1.23907398E-06   2.33154128E-06   1.23907398E-06   8.66104017E-07   1.98093448E-06   8.66107939E-07
 Kinematics :           39  theta, phi =    99.0000000       0.00000000      is bad !
 Kinematics :           40  theta, phi =    99.0000000       0.00000000       1.23907398E-06   2.33154128E-06   1.23907398E-06   8.66104017E-07   1.98093448E-06   8.66107939E-07
 Kinematics :           40  theta, phi =    99.0000000       0.00000000      is bad !
 Kinematics :           41  theta, phi =    99.0000000       0.00000000       1.23907398E-06   2.33154128E-06   1.23907398E-06   8.66104017E-07   1.98093448E-06   8.66107939E-07
 Kinematics :           41  theta, phi =    99.0000000       0.00000000      is bad !
 Kinematics :           42  theta, phi =    99.0000000       0.00000000       1.23907398E-06   2.33154128E-06   1.23907398E-06   8.66104017E-07   1.98093448E-06   8.66107939E-07
 Kinematics :           42  theta, phi =    99.0000000       0.00000000      is bad !
 Kinematics :           43  theta, phi =    99.0000000       0.00000000       1.23907398E-06   2.33154128E-06   1.23907398E-06   8.66104017E-07   1.98093448E-06   8.66107939E-07
 Kinematics :           43  theta, phi =    99.0000000       0.00000000      is bad !
 Kinematics :           44  theta, phi =    99.0000000       0.00000000       1.23907398E-06   2.33154128E-06   1.23907398E-06   8.66104017E-07   1.98093448E-06   8.66107939E-07
 Kinematics :           44  theta, phi =    99.0000000       0.00000000      is bad !
 Kinematics :           45  theta, phi =    99.0000000       0.00000000       1.23907398E-06   2.33154128E-06   1.23907398E-06   8.66104017E-07   1.98093448E-06   8.66107939E-07
 Kinematics :           45  theta, phi =    99.0000000       0.00000000      is bad !
 Kinematics :           46  theta, phi =    99.0000000       0.00000000       1.23907398E-06   2.33154128E-06   1.23907398E-06   8.66104017E-07   1.98093448E-06   8.66107939E-07
 Kinematics :           46  theta, phi =    99.0000000       0.00000000      is bad !
 Kinematics :           47  theta, phi =    99.0000000       0.00000000       1.23907398E-06   2.33154128E-06   1.23907398E-06   8.66104017E-07   1.98093448E-06   8.66107939E-07
 Kinematics :           47  theta, phi =    99.0000000       0.00000000      is bad !
 Kinematics :           48  theta, phi =    99.0000000       0.00000000       1.23907398E-06   2.33154128E-06   1.23907398E-06   8.66104017E-07   1.98093448E-06   8.66107939E-07
 Kinematics :           48  theta, phi =    99.0000000       0.00000000      is bad !
 Kinematics :           49  theta, phi =    99.0000000       0.00000000       1.23907398E-06   2.33154128E-06   1.23907398E-06   8.66104017E-07   1.98093448E-06   8.66107939E-07
 Kinematics :           49  theta, phi =    99.0000000       0.00000000      is bad !
 Kinematics :           50  theta, phi =    99.0000000       0.00000000       1.23907398E-06   2.33154128E-06   1.23907398E-06   8.66104017E-07   1.98093448E-06   8.66107939E-07
 Kinematics :           50  theta, phi =    99.0000000       0.00000000      is bad !
 Kinematics :           51  theta, phi =    99.0000000       0.00000000       1.23907398E-06   2.33154128E-06   1.23907398E-06   8.66104017E-07   1.98093448E-06   8.66107939E-07
 Kinematics :           51  theta, phi =    99.0000000       0.00000000      is bad !
