 Kinematics :            1  theta, phi =    99.0000000       0.00000000       2136.17773       2136.20190       2136.17773       2084.92065       2096.66772       2084.92090    
 Kinematics :            2  theta, phi =    99.0000000       0.00000000       1051.55151       1029.19666       1051.55151       1015.62494       1001.83600       1015.62476    
 Kinematics :            3  theta, phi =    99.0000000       0.00000000       281.248444       257.906830       281.248474       264.014771       245.257751       264.014771    
 Kinematics :            4  theta, phi =    99.0000000       0.00000000       82.1408386       67.4118500       82.1408386       73.6903000       61.5481796       73.6903076    
 Kinematics :            5  theta, phi =    99.0000000       0.00000000       28.5999069       19.9863205       28.5999069       24.4470539       17.3539009       24.4470615    
 Kinematics :            6  theta, phi =    99.0000000       0.00000000       11.4889860       6.46285486       11.4889860       9.36544800       5.26478529       9.36545181    
 Kinematics :            7  theta, phi =    99.0000000       0.00000000       5.13935995       2.17729664       5.13935947       4.03658819       1.65109944       4.03659105    
 Kinematics :            8  theta, phi =    99.0000000       0.00000000       2.49551535      0.733509779       2.49551535       1.92594659      0.521059275       1.92594826    
 Kinematics :            9  theta, phi =    99.0000000       0.00000000       1.29258263      0.238087177       1.29258263       1.02930498      0.182985380       1.02930629    
 Kinematics :           10  theta, phi =    99.0000000       0.00000000      0.705551982       7.30935112E-02  0.705551982      0.553217232       6.12118319E-02  0.553218305    
 Kinematics :           11  theta, phi =    99.0000000       0.00000000      0.402312726       2.35883910E-02  0.402312756      0.323461026       3.43340673E-02  0.323462069    
 Kinematics :           12  theta, phi =    99.0000000       0.00000000      0.237967014       1.24877580E-02  0.237967014      0.191783279       2.69374438E-02  0.191784427    
 Kinematics :           13  theta, phi =    99.0000000       0.00000000      0.145160809       1.22885909E-02  0.145160809      0.118281141       2.54897252E-02  0.118281357    
 Kinematics :           14  theta, phi =    99.0000000       0.00000000       9.08434987E-02   1.37658007E-02   9.08434987E-02   7.58338422E-02   2.36114804E-02   7.58340061E-02
 Kinematics :           15  theta, phi =    99.0000000       0.00000000       5.80597892E-02   1.43562471E-02   5.80597892E-02   4.82090525E-02   2.13562921E-02   4.82092239E-02
 Kinematics :           16  theta, phi =    99.0000000       0.00000000       3.77276689E-02   1.37706148E-02   3.77276763E-02   3.08243521E-02   1.88032724E-02   3.08244657E-02
 Kinematics :           17  theta, phi =    99.0000000       0.00000000       2.48327535E-02   1.23593984E-02   2.48327535E-02   1.99848376E-02   1.57107469E-02   1.99849047E-02
 Kinematics :           18  theta, phi =    99.0000000       0.00000000       1.65000483E-02   1.05458777E-02   1.65000483E-02   1.32759456E-02   1.23343803E-02   1.32759232E-02
 Kinematics :           19  theta, phi =    99.0000000       0.00000000       1.10330442E-02   8.64958577E-03   1.10330461E-02   8.86093080E-03   9.43752658E-03   8.86094756E-03
 Kinematics :           20  theta, phi =    99.0000000       0.00000000       7.40426872E-03   6.87084999E-03   7.40426872E-03   5.90285985E-03   7.06504472E-03   5.90288360E-03
 Kinematics :           21  theta, phi =    99.0000000       0.00000000       4.97368211E-03   5.31110773E-03   4.97368257E-03   3.91418068E-03   5.19041950E-03   3.91418254E-03
 Kinematics :           22  theta, phi =    99.0000000       0.00000000       3.33588454E-03   4.00715228E-03   3.33588454E-03   2.58045364E-03   3.75205278E-03   2.58046621E-03
 Kinematics :           23  theta, phi =    99.0000000       0.00000000       2.23176647E-03   2.96006957E-03   2.23176670E-03   1.69277762E-03   2.67360592E-03   1.69279601E-03
 Kinematics :           24  theta, phi =    99.0000000       0.00000000       1.48447731E-03   2.14056741E-03   1.48447708E-03   1.10405136E-03   1.87807332E-03   1.10405369E-03
 Kinematics :           25  theta, phi =    99.0000000       0.00000000       9.80178243E-04   1.51640957E-03   9.80178243E-04   7.17023737E-04   1.29768706E-03   7.17019197E-04
 Kinematics :           26  theta, phi =    99.0000000       0.00000000       6.40640385E-04   1.05125702E-03   6.40640385E-04   4.59413423E-04   8.84211273E-04   4.59411298E-04
 Kinematics :           27  theta, phi =    99.0000000       0.00000000       4.13987902E-04   7.12933077E-04   4.13987902E-04   2.92568060E-04   5.92055323E-04   2.92568700E-04
 Kinematics :           28  theta, phi =    99.0000000       0.00000000       2.63189344E-04   4.71245148E-04   2.63189344E-04   1.84184828E-04   3.87980486E-04   1.84185876E-04
 Kinematics :           29  theta, phi =    99.0000000       0.00000000       1.64281577E-04   3.02922941E-04   1.64281548E-04   1.14734336E-04   2.48314551E-04   1.14735958E-04
 Kinematics :           30  theta, phi =    99.0000000       0.00000000       1.00056299E-04   1.88273960E-04   1.00056299E-04   7.01890167E-05   1.54064328E-04   7.01895988E-05
 Kinematics :           31  theta, phi =    99.0000000       0.00000000       5.89270421E-05   1.12067566E-04   5.89270421E-05   4.15367904E-05   9.25595887E-05   4.15366412E-05
 Kinematics :           32  theta, phi =    99.0000000       0.00000000       3.31436167E-05   6.30321956E-05   3.31436167E-05   2.36039286E-05   5.27432094E-05   2.36037395E-05
 Kinematics :           33  theta, phi =    99.0000000       0.00000000       1.73531389E-05   3.26108493E-05   1.73531389E-05   1.25629476E-05   2.76764058E-05   1.25628112E-05
 Kinematics :           34  theta, phi =    99.0000000       0.00000000       7.99425015E-06   1.46585517E-05   7.99424924E-06   5.89747697E-06   1.26501791E-05   5.89742012E-06
 Kinematics :           35  theta, phi =    99.0000000       0.00000000       2.66919278E-06   4.69967790E-06   2.66919324E-06   2.00955742E-06   4.14684564E-06   2.00953741E-06
 Kinematics :           36  theta, phi =    99.0000000       0.00000000       2.66919278E-06   4.69967790E-06   2.66919324E-06   2.00955742E-06   4.14684564E-06   2.00953741E-06
 Kinematics :           36  theta, phi =    99.0000000       0.00000000      is bad !
 Kinematics :           37  theta, phi =    99.0000000       0.00000000       2.66919278E-06   4.69967790E-06   2.66919324E-06   2.00955742E-06   4.14684564E-06   2.00953741E-06
 Kinematics :           37  theta, phi =    99.0000000       0.00000000      is bad !
 Kinematics :           38  theta, phi =    99.0000000       0.00000000       2.66919278E-06   4.69967790E-06   2.66919324E-06   2.00955742E-06   4.14684564E-06   2.00953741E-06
 Kinematics :           38  theta, phi =    99.0000000       0.00000000      is bad !
 Kinematics :           39  theta, phi =    99.0000000       0.00000000       2.66919278E-06   4.69967790E-06   2.66919324E-06   2.00955742E-06   4.14684564E-06   2.00953741E-06
 Kinematics :           39  theta, phi =    99.0000000       0.00000000      is bad !
 Kinematics :           40  theta, phi =    99.0000000       0.00000000       2.66919278E-06   4.69967790E-06   2.66919324E-06   2.00955742E-06   4.14684564E-06   2.00953741E-06
 Kinematics :           40  theta, phi =    99.0000000       0.00000000      is bad !
 Kinematics :           41  theta, phi =    99.0000000       0.00000000       2.66919278E-06   4.69967790E-06   2.66919324E-06   2.00955742E-06   4.14684564E-06   2.00953741E-06
 Kinematics :           41  theta, phi =    99.0000000       0.00000000      is bad !
 Kinematics :           42  theta, phi =    99.0000000       0.00000000       2.66919278E-06   4.69967790E-06   2.66919324E-06   2.00955742E-06   4.14684564E-06   2.00953741E-06
 Kinematics :           42  theta, phi =    99.0000000       0.00000000      is bad !
 Kinematics :           43  theta, phi =    99.0000000       0.00000000       2.66919278E-06   4.69967790E-06   2.66919324E-06   2.00955742E-06   4.14684564E-06   2.00953741E-06
 Kinematics :           43  theta, phi =    99.0000000       0.00000000      is bad !
 Kinematics :           44  theta, phi =    99.0000000       0.00000000       2.66919278E-06   4.69967790E-06   2.66919324E-06   2.00955742E-06   4.14684564E-06   2.00953741E-06
 Kinematics :           44  theta, phi =    99.0000000       0.00000000      is bad !
 Kinematics :           45  theta, phi =    99.0000000       0.00000000       2.66919278E-06   4.69967790E-06   2.66919324E-06   2.00955742E-06   4.14684564E-06   2.00953741E-06
 Kinematics :           45  theta, phi =    99.0000000       0.00000000      is bad !
 Kinematics :           46  theta, phi =    99.0000000       0.00000000       2.66919278E-06   4.69967790E-06   2.66919324E-06   2.00955742E-06   4.14684564E-06   2.00953741E-06
 Kinematics :           46  theta, phi =    99.0000000       0.00000000      is bad !
 Kinematics :           47  theta, phi =    99.0000000       0.00000000       2.66919278E-06   4.69967790E-06   2.66919324E-06   2.00955742E-06   4.14684564E-06   2.00953741E-06
 Kinematics :           47  theta, phi =    99.0000000       0.00000000      is bad !
 Kinematics :           48  theta, phi =    99.0000000       0.00000000       2.66919278E-06   4.69967790E-06   2.66919324E-06   2.00955742E-06   4.14684564E-06   2.00953741E-06
 Kinematics :           48  theta, phi =    99.0000000       0.00000000      is bad !
 Kinematics :           49  theta, phi =    99.0000000       0.00000000       2.66919278E-06   4.69967790E-06   2.66919324E-06   2.00955742E-06   4.14684564E-06   2.00953741E-06
 Kinematics :           49  theta, phi =    99.0000000       0.00000000      is bad !
 Kinematics :           50  theta, phi =    99.0000000       0.00000000       2.66919278E-06   4.69967790E-06   2.66919324E-06   2.00955742E-06   4.14684564E-06   2.00953741E-06
 Kinematics :           50  theta, phi =    99.0000000       0.00000000      is bad !
 Kinematics :           51  theta, phi =    99.0000000       0.00000000       2.66919278E-06   4.69967790E-06   2.66919324E-06   2.00955742E-06   4.14684564E-06   2.00953741E-06
 Kinematics :           51  theta, phi =    99.0000000       0.00000000      is bad !
