 Kinematics :            1  theta, phi =    96.0000000       0.00000000       250.742859       250.745682       250.742859       244.770187       246.122696       244.770187    
 Kinematics :            2  theta, phi =    96.0000000       0.00000000       122.923843       120.196907       122.923851       119.013451       117.260826       119.013435    
 Kinematics :            3  theta, phi =    96.0000000       0.00000000       32.7633400       29.9284039       32.7633400       30.8196335       28.5112686       30.8196335    
 Kinematics :            4  theta, phi =    96.0000000       0.00000000       9.54074192       7.75959539       9.54074192       8.55009174       7.07614470       8.55009174    
 Kinematics :            5  theta, phi =    96.0000000       0.00000000       3.31334734       2.27625084       3.31334758       2.77791667       1.93261194       2.77791762    
 Kinematics :            6  theta, phi =    96.0000000       0.00000000       1.32776785      0.725282669       1.32776761       1.05783010      0.575343907       1.05783045    
 Kinematics :            7  theta, phi =    96.0000000       0.00000000      0.592446029      0.238993615      0.592446029      0.449896008      0.173326269      0.449896276    
 Kinematics :            8  theta, phi =    96.0000000       0.00000000      0.286856174       7.75932670E-02  0.286856145      0.208346665       5.03749289E-02  0.208346978    
 Kinematics :            9  theta, phi =    96.0000000       0.00000000      0.148082510       2.34641246E-02  0.148082495      0.106864579       1.47863477E-02  0.106864862    
 Kinematics :           10  theta, phi =    96.0000000       0.00000000       8.05022717E-02   6.14941027E-03   8.05022568E-02   5.91667108E-02   5.50675392E-03   5.91668151E-02
 Kinematics :           11  theta, phi =    96.0000000       0.00000000       4.56778593E-02   1.40168949E-03   4.56778593E-02   3.44664119E-02   3.61414650E-03   3.44664380E-02
 Kinematics :           12  theta, phi =    96.0000000       0.00000000       2.68597230E-02   6.56321470E-04   2.68597230E-02   2.08665468E-02   3.34854517E-03   2.08666101E-02
 Kinematics :           13  theta, phi =    96.0000000       0.00000000       1.62716210E-02   9.29567672E-04   1.62716210E-02   1.29617443E-02   3.40764504E-03   1.29617527E-02
 Kinematics :           14  theta, phi =    96.0000000       0.00000000       1.01034315E-02   1.26481056E-03   1.01034334E-02   7.95819983E-03   3.25052976E-03   7.95821659E-03
 Kinematics :           15  theta, phi =    96.0000000       0.00000000       6.39854791E-03   1.42563973E-03   6.39854791E-03   4.78106318E-03   2.91749556E-03   4.78106504E-03
 Kinematics :           16  theta, phi =    96.0000000       0.00000000       4.11611469E-03   1.41284894E-03   4.11611469E-03   3.17704258E-03   2.40914780E-03   3.17705260E-03
 Kinematics :           17  theta, phi =    96.0000000       0.00000000       2.67924136E-03   1.28469290E-03   2.67924136E-03   2.11581378E-03   1.92711758E-03   2.11583101E-03
 Kinematics :           18  theta, phi =    96.0000000       0.00000000       1.75849651E-03   1.09957578E-03   1.75849674E-03   1.40684273E-03   1.48637791E-03   1.40686822E-03
 Kinematics :           19  theta, phi =    96.0000000       0.00000000       1.16009801E-03   8.99315753E-04   1.16009789E-03   9.31167859E-04   1.11327041E-03   9.31168383E-04
 Kinematics :           20  theta, phi =    96.0000000       0.00000000       7.66879355E-04   7.09191081E-04   7.66879355E-04   6.13947574E-04   8.17369204E-04   6.13947457E-04
 Kinematics :           21  theta, phi =    96.0000000       0.00000000       5.06883720E-04   5.42815716E-04   5.06883778E-04   4.01012017E-04   5.86413313E-04   4.01013560E-04
 Kinematics :           22  theta, phi =    96.0000000       0.00000000       3.33881704E-04   4.04249324E-04   3.33881704E-04   2.59709399E-04   4.13470203E-04   2.59710301E-04
 Kinematics :           23  theta, phi =    96.0000000       0.00000000       2.18811183E-04   2.93695019E-04   2.18811183E-04   1.67096339E-04   2.86557595E-04   1.67097256E-04
 Kinematics :           24  theta, phi =    96.0000000       0.00000000       1.42169694E-04   2.08186291E-04   1.42169680E-04   1.06232030E-04   1.95114859E-04   1.06225511E-04
 Kinematics :           25  theta, phi =    96.0000000       0.00000000       9.13739423E-05   1.43975369E-04   9.13739495E-05   6.66889100E-05   1.30408196E-04   6.66890555E-05
 Kinematics :           26  theta, phi =    96.0000000       0.00000000       5.78600993E-05   9.69441244E-05   5.78600993E-05   4.12483168E-05   8.55338949E-05   4.12482987E-05
 Kinematics :           27  theta, phi =    96.0000000       0.00000000       3.59870173E-05   6.34027310E-05   3.59870173E-05   2.51049660E-05   5.47353884E-05   2.51050569E-05
 Kinematics :           28  theta, phi =    96.0000000       0.00000000       2.18201640E-05   4.00363970E-05   2.18201640E-05   1.49766965E-05   3.40271545E-05   1.49766765E-05
 Kinematics :           29  theta, phi =    96.0000000       0.00000000       1.28127886E-05   2.42410424E-05   1.28127886E-05   8.66044866E-06   2.03744203E-05   8.66023402E-06
 Kinematics :           30  theta, phi =    96.0000000       0.00000000       7.17876628E-06   1.38719934E-05   7.17876628E-06   4.80763993E-06   1.15540388E-05   4.80756853E-06
 Kinematics :           31  theta, phi =    96.0000000       0.00000000       3.73491616E-06   7.29775729E-06   3.73491685E-06   2.49443042E-06   6.06107324E-06   2.49443519E-06
 Kinematics :           32  theta, phi =    96.0000000       0.00000000       1.70007172E-06   3.32179411E-06   1.70007149E-06   1.14386887E-06   2.75255684E-06   1.14386125E-06
 Kinematics :           33  theta, phi =    96.0000000       0.00000000       5.50787661E-07   1.06288758E-06   5.50787547E-07   3.76672176E-07   8.89815055E-07   3.76674279E-07
 Kinematics :           34  theta, phi =    96.0000000       0.00000000       5.50787661E-07   1.06288758E-06   5.50787547E-07   3.76672176E-07   8.89815055E-07   3.76674279E-07
 Kinematics :           34  theta, phi =    96.0000000       0.00000000      is bad !
 Kinematics :           35  theta, phi =    96.0000000       0.00000000       5.50787661E-07   1.06288758E-06   5.50787547E-07   3.76672176E-07   8.89815055E-07   3.76674279E-07
 Kinematics :           35  theta, phi =    96.0000000       0.00000000      is bad !
 Kinematics :           36  theta, phi =    96.0000000       0.00000000       5.50787661E-07   1.06288758E-06   5.50787547E-07   3.76672176E-07   8.89815055E-07   3.76674279E-07
 Kinematics :           36  theta, phi =    96.0000000       0.00000000      is bad !
 Kinematics :           37  theta, phi =    96.0000000       0.00000000       5.50787661E-07   1.06288758E-06   5.50787547E-07   3.76672176E-07   8.89815055E-07   3.76674279E-07
 Kinematics :           37  theta, phi =    96.0000000       0.00000000      is bad !
 Kinematics :           38  theta, phi =    96.0000000       0.00000000       5.50787661E-07   1.06288758E-06   5.50787547E-07   3.76672176E-07   8.89815055E-07   3.76674279E-07
 Kinematics :           38  theta, phi =    96.0000000       0.00000000      is bad !
 Kinematics :           39  theta, phi =    96.0000000       0.00000000       5.50787661E-07   1.06288758E-06   5.50787547E-07   3.76672176E-07   8.89815055E-07   3.76674279E-07
 Kinematics :           39  theta, phi =    96.0000000       0.00000000      is bad !
 Kinematics :           40  theta, phi =    96.0000000       0.00000000       5.50787661E-07   1.06288758E-06   5.50787547E-07   3.76672176E-07   8.89815055E-07   3.76674279E-07
 Kinematics :           40  theta, phi =    96.0000000       0.00000000      is bad !
 Kinematics :           41  theta, phi =    96.0000000       0.00000000       5.50787661E-07   1.06288758E-06   5.50787547E-07   3.76672176E-07   8.89815055E-07   3.76674279E-07
 Kinematics :           41  theta, phi =    96.0000000       0.00000000      is bad !
 Kinematics :           42  theta, phi =    96.0000000       0.00000000       5.50787661E-07   1.06288758E-06   5.50787547E-07   3.76672176E-07   8.89815055E-07   3.76674279E-07
 Kinematics :           42  theta, phi =    96.0000000       0.00000000      is bad !
 Kinematics :           43  theta, phi =    96.0000000       0.00000000       5.50787661E-07   1.06288758E-06   5.50787547E-07   3.76672176E-07   8.89815055E-07   3.76674279E-07
 Kinematics :           43  theta, phi =    96.0000000       0.00000000      is bad !
 Kinematics :           44  theta, phi =    96.0000000       0.00000000       5.50787661E-07   1.06288758E-06   5.50787547E-07   3.76672176E-07   8.89815055E-07   3.76674279E-07
 Kinematics :           44  theta, phi =    96.0000000       0.00000000      is bad !
 Kinematics :           45  theta, phi =    96.0000000       0.00000000       5.50787661E-07   1.06288758E-06   5.50787547E-07   3.76672176E-07   8.89815055E-07   3.76674279E-07
 Kinematics :           45  theta, phi =    96.0000000       0.00000000      is bad !
 Kinematics :           46  theta, phi =    96.0000000       0.00000000       5.50787661E-07   1.06288758E-06   5.50787547E-07   3.76672176E-07   8.89815055E-07   3.76674279E-07
 Kinematics :           46  theta, phi =    96.0000000       0.00000000      is bad !
 Kinematics :           47  theta, phi =    96.0000000       0.00000000       5.50787661E-07   1.06288758E-06   5.50787547E-07   3.76672176E-07   8.89815055E-07   3.76674279E-07
 Kinematics :           47  theta, phi =    96.0000000       0.00000000      is bad !
 Kinematics :           48  theta, phi =    96.0000000       0.00000000       5.50787661E-07   1.06288758E-06   5.50787547E-07   3.76672176E-07   8.89815055E-07   3.76674279E-07
 Kinematics :           48  theta, phi =    96.0000000       0.00000000      is bad !
 Kinematics :           49  theta, phi =    96.0000000       0.00000000       5.50787661E-07   1.06288758E-06   5.50787547E-07   3.76672176E-07   8.89815055E-07   3.76674279E-07
 Kinematics :           49  theta, phi =    96.0000000       0.00000000      is bad !
 Kinematics :           50  theta, phi =    96.0000000       0.00000000       5.50787661E-07   1.06288758E-06   5.50787547E-07   3.76672176E-07   8.89815055E-07   3.76674279E-07
 Kinematics :           50  theta, phi =    96.0000000       0.00000000      is bad !
 Kinematics :           51  theta, phi =    96.0000000       0.00000000       5.50787661E-07   1.06288758E-06   5.50787547E-07   3.76672176E-07   8.89815055E-07   3.76674279E-07
 Kinematics :           51  theta, phi =    96.0000000       0.00000000      is bad !
