 Kinematics :            1  theta, phi =    99.0000000       0.00000000       120.662643       120.664017       120.662643       117.923744       118.571556       117.923744    
 Kinematics :            2  theta, phi =    99.0000000       0.00000000       58.6435089       57.3968201       58.6435127       56.8069038       56.0156326       56.8069038    
 Kinematics :            3  theta, phi =    99.0000000       0.00000000       15.4843159       14.1992292       15.4843159       14.5544443       13.5161886       14.5544443    
 Kinematics :            4  theta, phi =    99.0000000       0.00000000       4.46376801       3.66335320       4.46376896       4.01759911       3.35583615       4.01759958    
 Kinematics :            5  theta, phi =    99.0000000       0.00000000       1.53367019       1.07176673       1.53367019       1.30021775      0.923550785       1.30021799    
 Kinematics :            6  theta, phi =    99.0000000       0.00000000      0.607740760      0.341870129      0.607740760      0.491067439      0.276751190      0.491067648    
 Kinematics :            7  theta, phi =    99.0000000       0.00000000      0.268042415      0.113556556      0.268042445      0.205864310       8.40902403E-02  0.205864400    
 Kinematics :            8  theta, phi =    99.0000000       0.00000000      0.128249243       3.76964509E-02  0.128249243       9.66175571E-02   2.62680929E-02   9.66176242E-02
 Kinematics :            9  theta, phi =    99.0000000       0.00000000       6.54086769E-02   1.20479437E-02   6.54086620E-02   4.83425446E-02   7.90207367E-03   4.83426116E-02
 Kinematics :           10  theta, phi =    99.0000000       0.00000000       3.51243466E-02   3.63879884E-03   3.51243429E-02   2.62048449E-02   2.80404813E-03   2.62048692E-02
 Kinematics :           11  theta, phi =    99.0000000       0.00000000       1.96828600E-02   1.15404511E-03   1.96828600E-02   1.48274526E-02   1.49621675E-03   1.48274899E-02
 Kinematics :           12  theta, phi =    99.0000000       0.00000000       1.14275143E-02   5.99679886E-04   1.14275152E-02   8.55539739E-03   1.34743599E-03   8.55541788E-03
 Kinematics :           13  theta, phi =    99.0000000       0.00000000       6.83228392E-03   5.78387058E-04   6.83228392E-03   4.90108505E-03   1.30227522E-03   4.90108691E-03
 Kinematics :           14  theta, phi =    99.0000000       0.00000000       4.18362441E-03   6.33957679E-04   4.18362441E-03   3.06445872E-03   1.22309965E-03   3.06447595E-03
 Kinematics :           15  theta, phi =    99.0000000       0.00000000       2.61101080E-03   6.45615743E-04   2.61101080E-03   1.99171179E-03   1.07569958E-03   1.99171552E-03
 Kinematics :           16  theta, phi =    99.0000000       0.00000000       1.65286381E-03   6.03295863E-04   1.65286381E-03   1.29685318E-03   8.89473944E-04   1.29685400E-03
 Kinematics :           17  theta, phi =    99.0000000       0.00000000       1.05689268E-03   5.26021351E-04   1.05689256E-03   8.46317213E-04   7.01855810E-04   8.46317969E-04
 Kinematics :           18  theta, phi =    99.0000000       0.00000000       6.79931021E-04   4.34572605E-04   6.79931021E-04   5.50314551E-04   5.33631537E-04   5.50317753E-04
 Kinematics :           19  theta, phi =    99.0000000       0.00000000       4.38418909E-04   3.43707681E-04   4.38418967E-04   3.55280674E-04   3.93044640E-04   3.55281984E-04
 Kinematics :           20  theta, phi =    99.0000000       0.00000000       2.82322115E-04   2.61983048E-04   2.82322115E-04   2.27637807E-04   2.82026536E-04   2.27638113E-04
 Kinematics :           21  theta, phi =    99.0000000       0.00000000       1.80860399E-04   1.93130341E-04   1.80860399E-04   1.44130230E-04   1.97557820E-04   1.44130681E-04
 Kinematics :           22  theta, phi =    99.0000000       0.00000000       1.14790833E-04   1.37889801E-04   1.14790833E-04   8.99407969E-05   1.35095499E-04   8.99406368E-05
 Kinematics :           23  theta, phi =    99.0000000       0.00000000       7.19456802E-05   9.54240677E-05   7.19456802E-05   5.53670798E-05   9.00405139E-05   5.53675600E-05
 Kinematics :           24  theta, phi =    99.0000000       0.00000000       4.42338569E-05   6.37837584E-05   4.42338569E-05   3.32668678E-05   5.83934343E-05   3.32669915E-05
 Kinematics :           25  theta, phi =    99.0000000       0.00000000       2.64971459E-05   4.09930872E-05   2.64971495E-05   1.94888144E-05   3.65570086E-05   1.94888671E-05
 Kinematics :           26  theta, phi =    99.0000000       0.00000000       1.52878147E-05   2.50864941E-05   1.52878147E-05   1.10094643E-05   2.19463982E-05   1.10095116E-05
 Kinematics :           27  theta, phi =    99.0000000       0.00000000       8.35232095E-06   1.43836260E-05   8.35232186E-06   5.92400329E-06   1.24108010E-05   5.92399920E-06
 Kinematics :           28  theta, phi =    99.0000000       0.00000000       4.15929253E-06   7.44728504E-06   4.15929208E-06   2.91830997E-06   6.38209031E-06   2.91834590E-06
 Kinematics :           29  theta, phi =    99.0000000       0.00000000       1.72454429E-06   3.17993158E-06   1.72454429E-06   1.20591915E-06   2.72066654E-06   1.20591994E-06
 Kinematics :           30  theta, phi =    99.0000000       0.00000000       3.89098886E-07   7.32159663E-07   3.89098915E-07   2.74200261E-07   6.29929502E-07   2.74199095E-07
 Kinematics :           31  theta, phi =    99.0000000       0.00000000       3.89098886E-07   7.32159663E-07   3.89098915E-07   2.74200261E-07   6.29929502E-07   2.74199095E-07
 Kinematics :           31  theta, phi =    99.0000000       0.00000000      is bad !
 Kinematics :           32  theta, phi =    99.0000000       0.00000000       3.89098886E-07   7.32159663E-07   3.89098915E-07   2.74200261E-07   6.29929502E-07   2.74199095E-07
 Kinematics :           32  theta, phi =    99.0000000       0.00000000      is bad !
 Kinematics :           33  theta, phi =    99.0000000       0.00000000       3.89098886E-07   7.32159663E-07   3.89098915E-07   2.74200261E-07   6.29929502E-07   2.74199095E-07
 Kinematics :           33  theta, phi =    99.0000000       0.00000000      is bad !
 Kinematics :           34  theta, phi =    99.0000000       0.00000000       3.89098886E-07   7.32159663E-07   3.89098915E-07   2.74200261E-07   6.29929502E-07   2.74199095E-07
 Kinematics :           34  theta, phi =    99.0000000       0.00000000      is bad !
 Kinematics :           35  theta, phi =    99.0000000       0.00000000       3.89098886E-07   7.32159663E-07   3.89098915E-07   2.74200261E-07   6.29929502E-07   2.74199095E-07
 Kinematics :           35  theta, phi =    99.0000000       0.00000000      is bad !
 Kinematics :           36  theta, phi =    99.0000000       0.00000000       3.89098886E-07   7.32159663E-07   3.89098915E-07   2.74200261E-07   6.29929502E-07   2.74199095E-07
 Kinematics :           36  theta, phi =    99.0000000       0.00000000      is bad !
 Kinematics :           37  theta, phi =    99.0000000       0.00000000       3.89098886E-07   7.32159663E-07   3.89098915E-07   2.74200261E-07   6.29929502E-07   2.74199095E-07
 Kinematics :           37  theta, phi =    99.0000000       0.00000000      is bad !
 Kinematics :           38  theta, phi =    99.0000000       0.00000000       3.89098886E-07   7.32159663E-07   3.89098915E-07   2.74200261E-07   6.29929502E-07   2.74199095E-07
 Kinematics :           38  theta, phi =    99.0000000       0.00000000      is bad !
 Kinematics :           39  theta, phi =    99.0000000       0.00000000       3.89098886E-07   7.32159663E-07   3.89098915E-07   2.74200261E-07   6.29929502E-07   2.74199095E-07
 Kinematics :           39  theta, phi =    99.0000000       0.00000000      is bad !
 Kinematics :           40  theta, phi =    99.0000000       0.00000000       3.89098886E-07   7.32159663E-07   3.89098915E-07   2.74200261E-07   6.29929502E-07   2.74199095E-07
 Kinematics :           40  theta, phi =    99.0000000       0.00000000      is bad !
 Kinematics :           41  theta, phi =    99.0000000       0.00000000       3.89098886E-07   7.32159663E-07   3.89098915E-07   2.74200261E-07   6.29929502E-07   2.74199095E-07
 Kinematics :           41  theta, phi =    99.0000000       0.00000000      is bad !
 Kinematics :           42  theta, phi =    99.0000000       0.00000000       3.89098886E-07   7.32159663E-07   3.89098915E-07   2.74200261E-07   6.29929502E-07   2.74199095E-07
 Kinematics :           42  theta, phi =    99.0000000       0.00000000      is bad !
 Kinematics :           43  theta, phi =    99.0000000       0.00000000       3.89098886E-07   7.32159663E-07   3.89098915E-07   2.74200261E-07   6.29929502E-07   2.74199095E-07
 Kinematics :           43  theta, phi =    99.0000000       0.00000000      is bad !
 Kinematics :           44  theta, phi =    99.0000000       0.00000000       3.89098886E-07   7.32159663E-07   3.89098915E-07   2.74200261E-07   6.29929502E-07   2.74199095E-07
 Kinematics :           44  theta, phi =    99.0000000       0.00000000      is bad !
 Kinematics :           45  theta, phi =    99.0000000       0.00000000       3.89098886E-07   7.32159663E-07   3.89098915E-07   2.74200261E-07   6.29929502E-07   2.74199095E-07
 Kinematics :           45  theta, phi =    99.0000000       0.00000000      is bad !
 Kinematics :           46  theta, phi =    99.0000000       0.00000000       3.89098886E-07   7.32159663E-07   3.89098915E-07   2.74200261E-07   6.29929502E-07   2.74199095E-07
 Kinematics :           46  theta, phi =    99.0000000       0.00000000      is bad !
 Kinematics :           47  theta, phi =    99.0000000       0.00000000       3.89098886E-07   7.32159663E-07   3.89098915E-07   2.74200261E-07   6.29929502E-07   2.74199095E-07
 Kinematics :           47  theta, phi =    99.0000000       0.00000000      is bad !
 Kinematics :           48  theta, phi =    99.0000000       0.00000000       3.89098886E-07   7.32159663E-07   3.89098915E-07   2.74200261E-07   6.29929502E-07   2.74199095E-07
 Kinematics :           48  theta, phi =    99.0000000       0.00000000      is bad !
 Kinematics :           49  theta, phi =    99.0000000       0.00000000       3.89098886E-07   7.32159663E-07   3.89098915E-07   2.74200261E-07   6.29929502E-07   2.74199095E-07
 Kinematics :           49  theta, phi =    99.0000000       0.00000000      is bad !
 Kinematics :           50  theta, phi =    99.0000000       0.00000000       3.89098886E-07   7.32159663E-07   3.89098915E-07   2.74200261E-07   6.29929502E-07   2.74199095E-07
 Kinematics :           50  theta, phi =    99.0000000       0.00000000      is bad !
 Kinematics :           51  theta, phi =    99.0000000       0.00000000       3.89098886E-07   7.32159663E-07   3.89098915E-07   2.74200261E-07   6.29929502E-07   2.74199095E-07
 Kinematics :           51  theta, phi =    99.0000000       0.00000000      is bad !
