 Kinematics :            1  theta, phi =    99.0000000       0.00000000       3708.15332       3708.19531       3708.15332       3617.47949       3638.07666       3617.47949    
 Kinematics :            2  theta, phi =    99.0000000       0.00000000       1829.27100       1790.38281       1829.27100       1767.38525       1743.36902       1767.38525    
 Kinematics :            3  theta, phi =    99.0000000       0.00000000       490.279663       449.589996       490.279663       460.820007       428.066986       460.820007    
 Kinematics :            4  theta, phi =    99.0000000       0.00000000       143.482773       117.754341       143.482773       129.038818       107.774834       129.038818    
 Kinematics :            5  theta, phi =    99.0000000       0.00000000       50.0591278       34.9825592       50.0591278       42.8471069       30.4058552       42.8471184    
 Kinematics :            6  theta, phi =    99.0000000       0.00000000       20.1501045       11.3349619       20.1501045       16.4035320       9.21032524       16.4035378    
 Kinematics :            7  theta, phi =    99.0000000       0.00000000       9.03199100       3.82641482       9.03199100       7.09880638       2.89501381       7.09880829    
 Kinematics :            8  theta, phi =    99.0000000       0.00000000       4.39467239       1.29173112       4.39467287       3.42490935      0.932244480       3.42491603    
 Kinematics :            9  theta, phi =    99.0000000       0.00000000       2.28103971      0.420155913       2.28103948       1.76789773      0.291126341       1.76789975    
 Kinematics :           10  theta, phi =    99.0000000       0.00000000       1.24778438      0.129267499       1.24778438      0.992798567      0.111891918      0.992800176    
 Kinematics :           11  theta, phi =    99.0000000       0.00000000      0.713092566       4.18100357E-02  0.713092446      0.577079237       6.02606460E-02  0.577080369    
 Kinematics :           12  theta, phi =    99.0000000       0.00000000      0.422778606       2.21860837E-02  0.422778606      0.339574814       4.44395132E-02  0.339576334    
 Kinematics :           13  theta, phi =    99.0000000       0.00000000      0.258531898       2.18860190E-02  0.258531868      0.219393089       4.61056009E-02  0.219393760    
 Kinematics :           14  theta, phi =    99.0000000       0.00000000      0.162215412       2.45810095E-02  0.162215412      0.138008460       4.16416489E-02  0.138009012    
 Kinematics :           15  theta, phi =    99.0000000       0.00000000      0.103964753       2.57070083E-02  0.103964746       8.79413411E-02   3.71040963E-02   8.79415125E-02
 Kinematics :           16  theta, phi =    99.0000000       0.00000000       6.77597076E-02   2.47323178E-02   6.77597150E-02   5.66249751E-02   3.26824337E-02   5.66255189E-02
 Kinematics :           17  theta, phi =    99.0000000       0.00000000       4.47452329E-02   2.22699493E-02   4.47452366E-02   3.66569199E-02   2.75576003E-02   3.66570167E-02
 Kinematics :           18  theta, phi =    99.0000000       0.00000000       2.98361629E-02   1.90695506E-02   2.98361629E-02   2.41216160E-02   2.20806543E-02   2.41217036E-02
 Kinematics :           19  theta, phi =    99.0000000       0.00000000       2.00279262E-02   1.57013088E-02   2.00279225E-02   1.60976741E-02   1.69637743E-02   1.60977580E-02
 Kinematics :           20  theta, phi =    99.0000000       0.00000000       1.34984320E-02   1.25259738E-02   1.34984273E-02   1.07662734E-02   1.27660604E-02   1.07662957E-02
 Kinematics :           21  theta, phi =    99.0000000       0.00000000       9.11063328E-03   9.72871762E-03   9.11063328E-03   7.17182830E-03   9.42421611E-03   7.17184506E-03
 Kinematics :           22  theta, phi =    99.0000000       0.00000000       6.14331802E-03   7.37951603E-03   6.14331756E-03   4.75520361E-03   6.85530202E-03   4.75521665E-03
 Kinematics :           23  theta, phi =    99.0000000       0.00000000       4.13490599E-03   5.48426947E-03   4.13490552E-03   3.14009003E-03   4.91761183E-03   3.14009772E-03
 Kinematics :           24  theta, phi =    99.0000000       0.00000000       2.76941573E-03   3.99340596E-03   2.76941573E-03   2.06364901E-03   3.48242442E-03   2.06366065E-03
 Kinematics :           25  theta, phi =    99.0000000       0.00000000       1.84322137E-03   2.85160309E-03   1.84322218E-03   1.34933682E-03   2.42173951E-03   1.34934438E-03
 Kinematics :           26  theta, phi =    99.0000000       0.00000000       1.21599610E-03   1.99538516E-03   1.21599610E-03   8.75310041E-04   1.67056208E-03   8.75315513E-04
 Kinematics :           27  theta, phi =    99.0000000       0.00000000       7.94519379E-04   1.36825058E-03   7.94519379E-04   5.64240734E-04   1.13215612E-03   5.64242713E-04
 Kinematics :           28  theta, phi =    99.0000000       0.00000000       5.11902035E-04   9.16569203E-04   5.11902035E-04   3.60717851E-04   7.52487977E-04   3.60722916E-04
 Kinematics :           29  theta, phi =    99.0000000       0.00000000       3.24852852E-04   5.99004386E-04   3.24852852E-04   2.28476085E-04   4.90555249E-04   2.28478311E-04
 Kinematics :           30  theta, phi =    99.0000000       0.00000000       2.02067575E-04   3.80226615E-04   2.02067604E-04   1.42649718E-04   3.11015756E-04   1.42648147E-04
 Kinematics :           31  theta, phi =    99.0000000       0.00000000       1.22387748E-04   2.32757287E-04   1.22387748E-04   8.70554359E-05   1.92255044E-04   8.70556469E-05
 Kinematics :           32  theta, phi =    99.0000000       0.00000000       7.16129070E-05   1.36192699E-04   7.16129070E-05   5.14555395E-05   1.13971626E-04   5.14561398E-05
 Kinematics :           33  theta, phi =    99.0000000       0.00000000       3.98589254E-05   7.49048122E-05   3.98589254E-05   2.90780099E-05   6.35690085E-05   2.90779681E-05
 Kinematics :           34  theta, phi =    99.0000000       0.00000000       2.05145498E-05   3.76162388E-05   2.05145443E-05   1.52472730E-05   3.25259607E-05   1.52469638E-05
 Kinematics :           35  theta, phi =    99.0000000       0.00000000       9.06709465E-06   1.59645315E-05   9.06709101E-06   6.85842815E-06   1.40387510E-05   6.85836858E-06
 Kinematics :           36  theta, phi =    99.0000000       0.00000000       2.60134084E-06   4.32256138E-06   2.60133993E-06   1.99386523E-06   3.89024444E-06   1.99385045E-06
 Kinematics :           37  theta, phi =    99.0000000       0.00000000       2.60134084E-06   4.32256138E-06   2.60133993E-06   1.99386523E-06   3.89024444E-06   1.99385045E-06
 Kinematics :           37  theta, phi =    99.0000000       0.00000000      is bad !
 Kinematics :           38  theta, phi =    99.0000000       0.00000000       2.60134084E-06   4.32256138E-06   2.60133993E-06   1.99386523E-06   3.89024444E-06   1.99385045E-06
 Kinematics :           38  theta, phi =    99.0000000       0.00000000      is bad !
 Kinematics :           39  theta, phi =    99.0000000       0.00000000       2.60134084E-06   4.32256138E-06   2.60133993E-06   1.99386523E-06   3.89024444E-06   1.99385045E-06
 Kinematics :           39  theta, phi =    99.0000000       0.00000000      is bad !
 Kinematics :           40  theta, phi =    99.0000000       0.00000000       2.60134084E-06   4.32256138E-06   2.60133993E-06   1.99386523E-06   3.89024444E-06   1.99385045E-06
 Kinematics :           40  theta, phi =    99.0000000       0.00000000      is bad !
 Kinematics :           41  theta, phi =    99.0000000       0.00000000       2.60134084E-06   4.32256138E-06   2.60133993E-06   1.99386523E-06   3.89024444E-06   1.99385045E-06
 Kinematics :           41  theta, phi =    99.0000000       0.00000000      is bad !
 Kinematics :           42  theta, phi =    99.0000000       0.00000000       2.60134084E-06   4.32256138E-06   2.60133993E-06   1.99386523E-06   3.89024444E-06   1.99385045E-06
 Kinematics :           42  theta, phi =    99.0000000       0.00000000      is bad !
 Kinematics :           43  theta, phi =    99.0000000       0.00000000       2.60134084E-06   4.32256138E-06   2.60133993E-06   1.99386523E-06   3.89024444E-06   1.99385045E-06
 Kinematics :           43  theta, phi =    99.0000000       0.00000000      is bad !
 Kinematics :           44  theta, phi =    99.0000000       0.00000000       2.60134084E-06   4.32256138E-06   2.60133993E-06   1.99386523E-06   3.89024444E-06   1.99385045E-06
 Kinematics :           44  theta, phi =    99.0000000       0.00000000      is bad !
 Kinematics :           45  theta, phi =    99.0000000       0.00000000       2.60134084E-06   4.32256138E-06   2.60133993E-06   1.99386523E-06   3.89024444E-06   1.99385045E-06
 Kinematics :           45  theta, phi =    99.0000000       0.00000000      is bad !
 Kinematics :           46  theta, phi =    99.0000000       0.00000000       2.60134084E-06   4.32256138E-06   2.60133993E-06   1.99386523E-06   3.89024444E-06   1.99385045E-06
 Kinematics :           46  theta, phi =    99.0000000       0.00000000      is bad !
 Kinematics :           47  theta, phi =    99.0000000       0.00000000       2.60134084E-06   4.32256138E-06   2.60133993E-06   1.99386523E-06   3.89024444E-06   1.99385045E-06
 Kinematics :           47  theta, phi =    99.0000000       0.00000000      is bad !
 Kinematics :           48  theta, phi =    99.0000000       0.00000000       2.60134084E-06   4.32256138E-06   2.60133993E-06   1.99386523E-06   3.89024444E-06   1.99385045E-06
 Kinematics :           48  theta, phi =    99.0000000       0.00000000      is bad !
 Kinematics :           49  theta, phi =    99.0000000       0.00000000       2.60134084E-06   4.32256138E-06   2.60133993E-06   1.99386523E-06   3.89024444E-06   1.99385045E-06
 Kinematics :           49  theta, phi =    99.0000000       0.00000000      is bad !
 Kinematics :           50  theta, phi =    99.0000000       0.00000000       2.60134084E-06   4.32256138E-06   2.60133993E-06   1.99386523E-06   3.89024444E-06   1.99385045E-06
 Kinematics :           50  theta, phi =    99.0000000       0.00000000      is bad !
 Kinematics :           51  theta, phi =    99.0000000       0.00000000       2.60134084E-06   4.32256138E-06   2.60133993E-06   1.99386523E-06   3.89024444E-06   1.99385045E-06
 Kinematics :           51  theta, phi =    99.0000000       0.00000000      is bad !
