 Kinematics :            1  theta, phi =    99.0000000       0.00000000       199.846680       199.848907       199.846680       194.935669       196.027405       194.935669    
 Kinematics :            2  theta, phi =    99.0000000       0.00000000       97.3709412       95.3009186       97.3709259       94.1711807       92.8685837       94.1711807    
 Kinematics :            3  theta, phi =    99.0000000       0.00000000       25.7765388       23.6372662       25.7765274       24.2718582       22.5433178       24.2718506    
 Kinematics :            4  theta, phi =    99.0000000       0.00000000       7.45056105       6.11457205       7.45056105       6.66159439       5.56195068       6.66159391    
 Kinematics :            5  theta, phi =    99.0000000       0.00000000       2.56697917       1.79386854       2.56697917       2.19190311       1.55725396       2.19190311    
 Kinematics :            6  theta, phi =    99.0000000       0.00000000       1.02015209      0.573862314       1.02015209      0.829678893      0.467990577      0.829679370    
 Kinematics :            7  theta, phi =    99.0000000       0.00000000      0.451313734      0.191199660      0.451313734      0.349599063      0.143427268      0.349599093    
 Kinematics :            8  theta, phi =    99.0000000       0.00000000      0.216638565       6.36768416E-02  0.216638565      0.165202275       4.53047305E-02  0.165202364    
 Kinematics :            9  theta, phi =    99.0000000       0.00000000      0.110870086       2.04217043E-02  0.110870071       8.27497467E-02   1.36453658E-02   8.27498212E-02
 Kinematics :           10  theta, phi =    99.0000000       0.00000000       5.97579852E-02   6.19078428E-03   5.97579740E-02   4.47520725E-02   4.91302973E-03   4.47521061E-02
 Kinematics :           11  theta, phi =    99.0000000       0.00000000       3.36212739E-02   1.97128253E-03   3.36212739E-02   2.54979599E-02   2.59237993E-03   2.54981127E-02
 Kinematics :           12  theta, phi =    99.0000000       0.00000000       1.96049083E-02   1.02880376E-03   1.96049083E-02   1.52254561E-02   2.30950559E-03   1.52254850E-02
 Kinematics :           13  theta, phi =    99.0000000       0.00000000       1.17771486E-02   9.96994670E-04   1.17771486E-02   8.70707072E-03   2.23900215E-03   8.70708656E-03
 Kinematics :           14  theta, phi =    99.0000000       0.00000000       7.24929338E-03   1.09850813E-03   7.24929338E-03   5.35906758E-03   2.13147537E-03   5.35909412E-03
 Kinematics :           15  theta, phi =    99.0000000       0.00000000       4.55053104E-03   1.12519413E-03   4.55053104E-03   3.47136776E-03   1.85556372E-03   3.47140338E-03
 Kinematics :           16  theta, phi =    99.0000000       0.00000000       2.89929123E-03   1.05824205E-03   2.89929123E-03   2.27267668E-03   1.54633331E-03   2.27267900E-03
 Kinematics :           17  theta, phi =    99.0000000       0.00000000       1.86740025E-03   9.29415401E-04   1.86740025E-03   1.49308681E-03   1.22972601E-03   1.49309949E-03
 Kinematics :           18  theta, phi =    99.0000000       0.00000000       1.21128303E-03   7.74181855E-04   1.21128291E-03   9.78011754E-04   9.42257757E-04   9.78014199E-04
 Kinematics :           19  theta, phi =    99.0000000       0.00000000       7.88438017E-04   6.18112332E-04   7.88437901E-04   6.37222722E-04   7.01024022E-04   6.37222431E-04
 Kinematics :           20  theta, phi =    99.0000000       0.00000000       5.13304316E-04   4.76324785E-04   5.13304316E-04   4.12387366E-04   5.08445140E-04   4.12389985E-04
 Kinematics :           21  theta, phi =    99.0000000       0.00000000       3.33092554E-04   3.55690310E-04   3.33092583E-04   2.64501199E-04   3.60815728E-04   2.64503935E-04
 Kinematics :           22  theta, phi =    99.0000000       0.00000000       2.14692001E-04   2.57893669E-04   2.14692001E-04   1.67567981E-04   2.50223587E-04   1.67567632E-04
 Kinematics :           23  theta, phi =    99.0000000       0.00000000       1.37116353E-04   1.81862168E-04   1.37116353E-04   1.05064108E-04   1.69972554E-04   1.05064704E-04
 Kinematics :           24  theta, phi =    99.0000000       0.00000000       8.63194728E-05   1.24469851E-04   8.63194728E-05   6.46584085E-05   1.12988069E-04   6.46583358E-05
 Kinematics :           25  theta, phi =    99.0000000       0.00000000       5.33238672E-05   8.24960298E-05   5.33238563E-05   3.90352616E-05   7.29009334E-05   3.90351161E-05
 Kinematics :           26  theta, phi =    99.0000000       0.00000000       3.20876316E-05   5.26541044E-05   3.20876316E-05   2.30064798E-05   4.56074704E-05   2.30067071E-05
 Kinematics :           27  theta, phi =    99.0000000       0.00000000       1.86462075E-05   3.21108382E-05   1.86462075E-05   1.31574934E-05   2.74326012E-05   1.31574334E-05
 Kinematics :           28  theta, phi =    99.0000000       0.00000000       1.02710328E-05   1.83904631E-05   1.02710319E-05   7.16553041E-06   1.55748894E-05   7.16552631E-06
 Kinematics :           29  theta, phi =    99.0000000       0.00000000       5.20352478E-06   9.59491172E-06   5.20352478E-06   3.61346406E-06   8.10301754E-06   3.61350112E-06
 Kinematics :           30  theta, phi =    99.0000000       0.00000000       2.24009091E-06   4.21513414E-06   2.24009023E-06   1.56089402E-06   3.55662701E-06   1.56087913E-06
 Kinematics :           31  theta, phi =    99.0000000       0.00000000       5.98456381E-07   1.13814554E-06   5.98456381E-07   4.21952507E-07   9.67705432E-07   4.21954894E-07
 Kinematics :           32  theta, phi =    99.0000000       0.00000000       5.98456381E-07   1.13814554E-06   5.98456381E-07   4.21952507E-07   9.67705432E-07   4.21954894E-07
 Kinematics :           32  theta, phi =    99.0000000       0.00000000      is bad !
 Kinematics :           33  theta, phi =    99.0000000       0.00000000       5.98456381E-07   1.13814554E-06   5.98456381E-07   4.21952507E-07   9.67705432E-07   4.21954894E-07
 Kinematics :           33  theta, phi =    99.0000000       0.00000000      is bad !
 Kinematics :           34  theta, phi =    99.0000000       0.00000000       5.98456381E-07   1.13814554E-06   5.98456381E-07   4.21952507E-07   9.67705432E-07   4.21954894E-07
 Kinematics :           34  theta, phi =    99.0000000       0.00000000      is bad !
 Kinematics :           35  theta, phi =    99.0000000       0.00000000       5.98456381E-07   1.13814554E-06   5.98456381E-07   4.21952507E-07   9.67705432E-07   4.21954894E-07
 Kinematics :           35  theta, phi =    99.0000000       0.00000000      is bad !
 Kinematics :           36  theta, phi =    99.0000000       0.00000000       5.98456381E-07   1.13814554E-06   5.98456381E-07   4.21952507E-07   9.67705432E-07   4.21954894E-07
 Kinematics :           36  theta, phi =    99.0000000       0.00000000      is bad !
 Kinematics :           37  theta, phi =    99.0000000       0.00000000       5.98456381E-07   1.13814554E-06   5.98456381E-07   4.21952507E-07   9.67705432E-07   4.21954894E-07
 Kinematics :           37  theta, phi =    99.0000000       0.00000000      is bad !
 Kinematics :           38  theta, phi =    99.0000000       0.00000000       5.98456381E-07   1.13814554E-06   5.98456381E-07   4.21952507E-07   9.67705432E-07   4.21954894E-07
 Kinematics :           38  theta, phi =    99.0000000       0.00000000      is bad !
 Kinematics :           39  theta, phi =    99.0000000       0.00000000       5.98456381E-07   1.13814554E-06   5.98456381E-07   4.21952507E-07   9.67705432E-07   4.21954894E-07
 Kinematics :           39  theta, phi =    99.0000000       0.00000000      is bad !
 Kinematics :           40  theta, phi =    99.0000000       0.00000000       5.98456381E-07   1.13814554E-06   5.98456381E-07   4.21952507E-07   9.67705432E-07   4.21954894E-07
 Kinematics :           40  theta, phi =    99.0000000       0.00000000      is bad !
 Kinematics :           41  theta, phi =    99.0000000       0.00000000       5.98456381E-07   1.13814554E-06   5.98456381E-07   4.21952507E-07   9.67705432E-07   4.21954894E-07
 Kinematics :           41  theta, phi =    99.0000000       0.00000000      is bad !
 Kinematics :           42  theta, phi =    99.0000000       0.00000000       5.98456381E-07   1.13814554E-06   5.98456381E-07   4.21952507E-07   9.67705432E-07   4.21954894E-07
 Kinematics :           42  theta, phi =    99.0000000       0.00000000      is bad !
 Kinematics :           43  theta, phi =    99.0000000       0.00000000       5.98456381E-07   1.13814554E-06   5.98456381E-07   4.21952507E-07   9.67705432E-07   4.21954894E-07
 Kinematics :           43  theta, phi =    99.0000000       0.00000000      is bad !
 Kinematics :           44  theta, phi =    99.0000000       0.00000000       5.98456381E-07   1.13814554E-06   5.98456381E-07   4.21952507E-07   9.67705432E-07   4.21954894E-07
 Kinematics :           44  theta, phi =    99.0000000       0.00000000      is bad !
 Kinematics :           45  theta, phi =    99.0000000       0.00000000       5.98456381E-07   1.13814554E-06   5.98456381E-07   4.21952507E-07   9.67705432E-07   4.21954894E-07
 Kinematics :           45  theta, phi =    99.0000000       0.00000000      is bad !
 Kinematics :           46  theta, phi =    99.0000000       0.00000000       5.98456381E-07   1.13814554E-06   5.98456381E-07   4.21952507E-07   9.67705432E-07   4.21954894E-07
 Kinematics :           46  theta, phi =    99.0000000       0.00000000      is bad !
 Kinematics :           47  theta, phi =    99.0000000       0.00000000       5.98456381E-07   1.13814554E-06   5.98456381E-07   4.21952507E-07   9.67705432E-07   4.21954894E-07
 Kinematics :           47  theta, phi =    99.0000000       0.00000000      is bad !
 Kinematics :           48  theta, phi =    99.0000000       0.00000000       5.98456381E-07   1.13814554E-06   5.98456381E-07   4.21952507E-07   9.67705432E-07   4.21954894E-07
 Kinematics :           48  theta, phi =    99.0000000       0.00000000      is bad !
 Kinematics :           49  theta, phi =    99.0000000       0.00000000       5.98456381E-07   1.13814554E-06   5.98456381E-07   4.21952507E-07   9.67705432E-07   4.21954894E-07
 Kinematics :           49  theta, phi =    99.0000000       0.00000000      is bad !
 Kinematics :           50  theta, phi =    99.0000000       0.00000000       5.98456381E-07   1.13814554E-06   5.98456381E-07   4.21952507E-07   9.67705432E-07   4.21954894E-07
 Kinematics :           50  theta, phi =    99.0000000       0.00000000      is bad !
 Kinematics :           51  theta, phi =    99.0000000       0.00000000       5.98456381E-07   1.13814554E-06   5.98456381E-07   4.21952507E-07   9.67705432E-07   4.21954894E-07
 Kinematics :           51  theta, phi =    99.0000000       0.00000000      is bad !
