 Kinematics :            1  theta, phi =    99.0000000       0.00000000       403.611084       403.615631       403.611084       394.102386       396.292969       394.102386    
 Kinematics :            2  theta, phi =    99.0000000       0.00000000       197.294922       193.100677       197.294922       190.837189       188.203903       190.837189    
 Kinematics :            3  theta, phi =    99.0000000       0.00000000       52.4027138       48.0536652       52.4027138       49.2818909       45.7752686       49.2818947    
 Kinematics :            4  theta, phi =    99.0000000       0.00000000       15.1982956       12.4730330       15.1982956       13.6818104       11.4291401       13.6818142    
 Kinematics :            5  theta, phi =    99.0000000       0.00000000       5.25471020       3.67212057       5.25471020       4.50321198       3.20122361       4.50321245    
 Kinematics :            6  theta, phi =    99.0000000       0.00000000       2.09587216       1.17898309       2.09587216       1.70494235      0.961587071       1.70494270    
 Kinematics :            7  theta, phi =    99.0000000       0.00000000      0.930710912      0.394296914      0.930710912      0.719308436      0.292715162      0.719308734    
 Kinematics :            8  theta, phi =    99.0000000       0.00000000      0.448533356      0.131837949      0.448533446      0.340086937       9.20136347E-02  0.340087384    
 Kinematics :            9  theta, phi =    99.0000000       0.00000000      0.230511829       4.24591154E-02  0.230511859      0.173570618       2.88202353E-02  0.173570842    
 Kinematics :           10  theta, phi =    99.0000000       0.00000000      0.124798417       1.29288202E-02  0.124798417       9.41953510E-02   1.02134254E-02   9.41954181E-02
 Kinematics :           11  theta, phi =    99.0000000       0.00000000       7.05501065E-02   4.13649250E-03   7.05500990E-02   5.45379892E-02   5.66956634E-03   5.45381717E-02
 Kinematics :           12  theta, phi =    99.0000000       0.00000000       4.13501672E-02   2.16992642E-03   4.13501635E-02   3.31637338E-02   4.84892679E-03   3.31638530E-02
 Kinematics :           13  theta, phi =    99.0000000       0.00000000       2.49785483E-02   2.11455883E-03   2.49785427E-02   1.93137508E-02   4.60117962E-03   1.93137620E-02
 Kinematics :           14  theta, phi =    99.0000000       0.00000000       1.54686775E-02   2.34401715E-03   1.54686756E-02   1.19967889E-02   4.39123297E-03   1.19968308E-02
 Kinematics :           15  theta, phi =    99.0000000       0.00000000       9.77475848E-03   2.41697067E-03   9.77475848E-03   7.46297603E-03   3.91144771E-03   7.46301794E-03
 Kinematics :           16  theta, phi =    99.0000000       0.00000000       6.27371296E-03   2.28990731E-03   6.27371296E-03   4.91647748E-03   3.30483960E-03   4.91649006E-03
 Kinematics :           17  theta, phi =    99.0000000       0.00000000       4.07394394E-03   2.02762452E-03   4.07394394E-03   3.25167784E-03   2.65035639E-03   3.25169018E-03
 Kinematics :           18  theta, phi =    99.0000000       0.00000000       2.66682915E-03   1.70448306E-03   2.66682939E-03   2.14807712E-03   2.05053180E-03   2.14807922E-03
 Kinematics :           19  theta, phi =    99.0000000       0.00000000       1.75390986E-03   1.37501420E-03   1.75390986E-03   1.41244603E-03   1.54209824E-03   1.41245103E-03
 Kinematics :           20  theta, phi =    99.0000000       0.00000000       1.15541671E-03   1.07217801E-03   1.15541671E-03   9.25082713E-04   1.13153621E-03   9.25084692E-04
 Kinematics :           21  theta, phi =    99.0000000       0.00000000       7.60046300E-04   8.11609440E-04   7.60046300E-04   6.00683969E-04   8.14348343E-04   6.00682164E-04
 Kinematics :           22  theta, phi =    99.0000000       0.00000000       4.97746340E-04   5.97906124E-04   4.97746456E-04   3.86912638E-04   5.73614670E-04   3.86911648E-04
 Kinematics :           23  theta, phi =    99.0000000       0.00000000       3.23965127E-04   4.29686188E-04   3.23965127E-04   2.46807409E-04   3.97211290E-04   2.46808544E-04
 Kinematics :           24  theta, phi =    99.0000000       0.00000000       2.08679165E-04   3.00908490E-04   2.08679165E-04   1.55691770E-04   2.69629265E-04   1.55691450E-04
 Kinematics :           25  theta, phi =    99.0000000       0.00000000       1.32638757E-04   2.05202188E-04   1.32638757E-04   9.67804808E-05   1.79453462E-04   9.67810993E-05
 Kinematics :           26  theta, phi =    99.0000000       0.00000000       8.27903059E-05   1.35854541E-04   8.27903059E-05   5.92079523E-05   1.16408519E-04   5.92078541E-05
 Kinematics :           27  theta, phi =    99.0000000       0.00000000       5.05315293E-05   8.70209042E-05   5.05315365E-05   3.55317788E-05   7.35187350E-05   3.55317570E-05
 Kinematics :           28  theta, phi =    99.0000000       0.00000000       2.98598807E-05   5.34646460E-05   2.98598807E-05   2.07596258E-05   4.47576203E-05   2.07599296E-05
 Kinematics :           29  theta, phi =    99.0000000       0.00000000       1.68981132E-05   3.11588665E-05   1.68981132E-05   1.16908632E-05   2.59559256E-05   1.16910423E-05
 Kinematics :           30  theta, phi =    99.0000000       0.00000000       8.94223285E-06   1.68264196E-05   8.94223285E-06   6.21018171E-06   1.39690737E-05   6.21022673E-06
 Kinematics :           31  theta, phi =    99.0000000       0.00000000       4.20504966E-06   7.99717145E-06   4.20504921E-06   2.93913786E-06   6.68491930E-06   2.93913854E-06
 Kinematics :           32  theta, phi =    99.0000000       0.00000000       1.51181439E-06   2.87515309E-06   1.51181439E-06   1.06873927E-06   2.44604462E-06   1.06873767E-06
 Kinematics :           33  theta, phi =    99.0000000       0.00000000       1.51181439E-06   2.87515309E-06   1.51181439E-06   1.06873927E-06   2.44604462E-06   1.06873767E-06
 Kinematics :           33  theta, phi =    99.0000000       0.00000000      is bad !
 Kinematics :           34  theta, phi =    99.0000000       0.00000000       1.51181439E-06   2.87515309E-06   1.51181439E-06   1.06873927E-06   2.44604462E-06   1.06873767E-06
 Kinematics :           34  theta, phi =    99.0000000       0.00000000      is bad !
 Kinematics :           35  theta, phi =    99.0000000       0.00000000       1.51181439E-06   2.87515309E-06   1.51181439E-06   1.06873927E-06   2.44604462E-06   1.06873767E-06
 Kinematics :           35  theta, phi =    99.0000000       0.00000000      is bad !
 Kinematics :           36  theta, phi =    99.0000000       0.00000000       1.51181439E-06   2.87515309E-06   1.51181439E-06   1.06873927E-06   2.44604462E-06   1.06873767E-06
 Kinematics :           36  theta, phi =    99.0000000       0.00000000      is bad !
 Kinematics :           37  theta, phi =    99.0000000       0.00000000       1.51181439E-06   2.87515309E-06   1.51181439E-06   1.06873927E-06   2.44604462E-06   1.06873767E-06
 Kinematics :           37  theta, phi =    99.0000000       0.00000000      is bad !
 Kinematics :           38  theta, phi =    99.0000000       0.00000000       1.51181439E-06   2.87515309E-06   1.51181439E-06   1.06873927E-06   2.44604462E-06   1.06873767E-06
 Kinematics :           38  theta, phi =    99.0000000       0.00000000      is bad !
 Kinematics :           39  theta, phi =    99.0000000       0.00000000       1.51181439E-06   2.87515309E-06   1.51181439E-06   1.06873927E-06   2.44604462E-06   1.06873767E-06
 Kinematics :           39  theta, phi =    99.0000000       0.00000000      is bad !
 Kinematics :           40  theta, phi =    99.0000000       0.00000000       1.51181439E-06   2.87515309E-06   1.51181439E-06   1.06873927E-06   2.44604462E-06   1.06873767E-06
 Kinematics :           40  theta, phi =    99.0000000       0.00000000      is bad !
 Kinematics :           41  theta, phi =    99.0000000       0.00000000       1.51181439E-06   2.87515309E-06   1.51181439E-06   1.06873927E-06   2.44604462E-06   1.06873767E-06
 Kinematics :           41  theta, phi =    99.0000000       0.00000000      is bad !
 Kinematics :           42  theta, phi =    99.0000000       0.00000000       1.51181439E-06   2.87515309E-06   1.51181439E-06   1.06873927E-06   2.44604462E-06   1.06873767E-06
 Kinematics :           42  theta, phi =    99.0000000       0.00000000      is bad !
 Kinematics :           43  theta, phi =    99.0000000       0.00000000       1.51181439E-06   2.87515309E-06   1.51181439E-06   1.06873927E-06   2.44604462E-06   1.06873767E-06
 Kinematics :           43  theta, phi =    99.0000000       0.00000000      is bad !
 Kinematics :           44  theta, phi =    99.0000000       0.00000000       1.51181439E-06   2.87515309E-06   1.51181439E-06   1.06873927E-06   2.44604462E-06   1.06873767E-06
 Kinematics :           44  theta, phi =    99.0000000       0.00000000      is bad !
 Kinematics :           45  theta, phi =    99.0000000       0.00000000       1.51181439E-06   2.87515309E-06   1.51181439E-06   1.06873927E-06   2.44604462E-06   1.06873767E-06
 Kinematics :           45  theta, phi =    99.0000000       0.00000000      is bad !
 Kinematics :           46  theta, phi =    99.0000000       0.00000000       1.51181439E-06   2.87515309E-06   1.51181439E-06   1.06873927E-06   2.44604462E-06   1.06873767E-06
 Kinematics :           46  theta, phi =    99.0000000       0.00000000      is bad !
 Kinematics :           47  theta, phi =    99.0000000       0.00000000       1.51181439E-06   2.87515309E-06   1.51181439E-06   1.06873927E-06   2.44604462E-06   1.06873767E-06
 Kinematics :           47  theta, phi =    99.0000000       0.00000000      is bad !
 Kinematics :           48  theta, phi =    99.0000000       0.00000000       1.51181439E-06   2.87515309E-06   1.51181439E-06   1.06873927E-06   2.44604462E-06   1.06873767E-06
 Kinematics :           48  theta, phi =    99.0000000       0.00000000      is bad !
 Kinematics :           49  theta, phi =    99.0000000       0.00000000       1.51181439E-06   2.87515309E-06   1.51181439E-06   1.06873927E-06   2.44604462E-06   1.06873767E-06
 Kinematics :           49  theta, phi =    99.0000000       0.00000000      is bad !
 Kinematics :           50  theta, phi =    99.0000000       0.00000000       1.51181439E-06   2.87515309E-06   1.51181439E-06   1.06873927E-06   2.44604462E-06   1.06873767E-06
 Kinematics :           50  theta, phi =    99.0000000       0.00000000      is bad !
 Kinematics :           51  theta, phi =    99.0000000       0.00000000       1.51181439E-06   2.87515309E-06   1.51181439E-06   1.06873927E-06   2.44604462E-06   1.06873767E-06
 Kinematics :           51  theta, phi =    99.0000000       0.00000000      is bad !
