 Kinematics :            1  theta, phi =    99.0000000       0.00000000       2647.84888       2647.87817       2647.84888       2583.74487       2598.50977       2583.74487    
 Kinematics :            2  theta, phi =    99.0000000       0.00000000       1304.51440       1276.78162       1304.51440       1260.91199       1243.73389       1260.91211    
 Kinematics :            3  theta, phi =    99.0000000       0.00000000       349.196289       320.215485       349.196289       328.842163       305.403900       328.842194    
 Kinematics :            4  theta, phi =    99.0000000       0.00000000       102.067703       83.7655563       102.067703       91.7108536       76.6037216       91.7108765    
 Kinematics :            5  theta, phi =    99.0000000       0.00000000       35.5665398       24.8547745       35.5665398       30.3984680       21.5711727       30.3984528    
 Kinematics :            6  theta, phi =    99.0000000       0.00000000       14.2991238       8.04363155       14.2991238       11.6138363       6.52139330       11.6138420    
 Kinematics :            7  theta, phi =    99.0000000       0.00000000       6.40159035       2.71204257       6.40159082       5.05158567       2.06947708       5.05158997    
 Kinematics :            8  theta, phi =    99.0000000       0.00000000       3.11097383      0.914412379       3.11097383       2.40433073      0.650618672       2.40433383    
 Kinematics :            9  theta, phi =    99.0000000       0.00000000       1.61271691      0.297054261       1.61271679       1.25824654      0.212856069       1.25825155    
 Kinematics :           10  theta, phi =    99.0000000       0.00000000      0.881060421       9.12757739E-02  0.881060421      0.727195978       9.38059539E-02  0.727197886    
 Kinematics :           11  theta, phi =    99.0000000       0.00000000      0.502843142       2.94826925E-02  0.502843082      0.427698582       5.32951839E-02  0.427699536    
 Kinematics :           12  theta, phi =    99.0000000       0.00000000      0.297711670       1.56229697E-02  0.297711670      0.248908460       3.46993469E-02  0.248908505    
 Kinematics :           13  theta, phi =    99.0000000       0.00000000      0.181785837       1.53890811E-02  0.181785837      0.151191995       3.20338681E-02  0.151193097    
 Kinematics :           14  theta, phi =    99.0000000       0.00000000      0.113884389       1.72572602E-02  0.113884389       9.55075249E-02   2.96066348E-02   9.55081657E-02
 Kinematics :           15  theta, phi =    99.0000000       0.00000000       7.28682727E-02   1.80178918E-02   7.28682727E-02   6.12119399E-02   2.64087711E-02   6.12120740E-02
 Kinematics :           16  theta, phi =    99.0000000       0.00000000       4.74080443E-02   1.73039529E-02   4.74080555E-02   3.93098630E-02   2.33555250E-02   3.93101573E-02
 Kinematics :           17  theta, phi =    99.0000000       0.00000000       3.12458556E-02   1.55512337E-02   3.12458556E-02   2.53040083E-02   1.95132494E-02   2.53041741E-02
 Kinematics :           18  theta, phi =    99.0000000       0.00000000       2.07911748E-02   1.32885156E-02   2.07911711E-02   1.67431869E-02   1.54799484E-02   1.67431366E-02
 Kinematics :           19  theta, phi =    99.0000000       0.00000000       1.39243864E-02   1.09163132E-02   1.39243864E-02   1.11828996E-02   1.18655823E-02   1.11828493E-02
 Kinematics :           20  theta, phi =    99.0000000       0.00000000       9.36105754E-03   8.68666824E-03   9.36105847E-03   7.46254623E-03   8.90291575E-03   7.46259419E-03
 Kinematics :           21  theta, phi =    99.0000000       0.00000000       6.30040560E-03   6.72783842E-03   6.30040560E-03   4.95890109E-03   6.55326433E-03   4.95891739E-03
 Kinematics :           22  theta, phi =    99.0000000       0.00000000       4.23500268E-03   5.08719729E-03   4.23500361E-03   3.27654881E-03   4.74913092E-03   3.27654183E-03
 Kinematics :           23  theta, phi =    99.0000000       0.00000000       2.84033408E-03   3.76723474E-03   2.84033455E-03   2.15455075E-03   3.39220022E-03   2.15456635E-03
 Kinematics :           24  theta, phi =    99.0000000       0.00000000       1.89465855E-03   2.73203454E-03   1.89465820E-03   1.41026510E-03   2.39130226E-03   1.41026150E-03
 Kinematics :           25  theta, phi =    99.0000000       0.00000000       1.25513389E-03   1.94178661E-03   1.25513389E-03   9.19096288E-04   1.64774316E-03   9.19102575E-04
 Kinematics :           26  theta, phi =    99.0000000       0.00000000       8.23518320E-04   1.35135022E-03   8.23518436E-04   5.91320277E-04   1.13460352E-03   5.91326097E-04
 Kinematics :           27  theta, phi =    99.0000000       0.00000000       5.34616120E-04   9.20668012E-04   5.34616120E-04   3.78421566E-04   7.63377233E-04   3.78421071E-04
 Kinematics :           28  theta, phi =    99.0000000       0.00000000       3.41776496E-04   6.11956755E-04   3.41776496E-04   2.39694229E-04   5.03094750E-04   2.39694331E-04
 Kinematics :           29  theta, phi =    99.0000000       0.00000000       2.14820597E-04   3.96113144E-04   2.14820597E-04   1.50340726E-04   3.24181048E-04   1.50338208E-04
 Kinematics :           30  theta, phi =    99.0000000       0.00000000       1.32010260E-04   2.48401077E-04   1.32010260E-04   9.28627414E-05   2.03216288E-04   9.28631489E-05
 Kinematics :           31  theta, phi =    99.0000000       0.00000000       7.86840101E-05   1.49641419E-04   7.86840101E-05   5.56335326E-05   1.23597332E-04   5.56337764E-05
 Kinematics :           32  theta, phi =    99.0000000       0.00000000       4.50236294E-05   8.56254992E-05   4.50236330E-05   3.21704938E-05   7.16415816E-05   3.21700427E-05
 Kinematics :           33  theta, phi =    99.0000000       0.00000000       2.42255337E-05   4.55257832E-05   2.42255337E-05   1.75961286E-05   3.86247120E-05   1.75962032E-05
 Kinematics :           34  theta, phi =    99.0000000       0.00000000       1.17530799E-05   2.15508844E-05   1.17530790E-05   8.69601536E-06   1.85647768E-05   8.69598080E-06
 Kinematics :           35  theta, phi =    99.0000000       0.00000000       4.53321354E-06   7.98167821E-06   4.53321354E-06   3.42404132E-06   7.03509113E-06   3.42409317E-06
 Kinematics :           36  theta, phi =    99.0000000       0.00000000       5.99149303E-07   9.95586447E-07   5.99148905E-07   4.59699123E-07   8.99661131E-07   4.59702619E-07
 Kinematics :           37  theta, phi =    99.0000000       0.00000000       5.99149303E-07   9.95586447E-07   5.99148905E-07   4.59699123E-07   8.99661131E-07   4.59702619E-07
 Kinematics :           37  theta, phi =    99.0000000       0.00000000      is bad !
 Kinematics :           38  theta, phi =    99.0000000       0.00000000       5.99149303E-07   9.95586447E-07   5.99148905E-07   4.59699123E-07   8.99661131E-07   4.59702619E-07
 Kinematics :           38  theta, phi =    99.0000000       0.00000000      is bad !
 Kinematics :           39  theta, phi =    99.0000000       0.00000000       5.99149303E-07   9.95586447E-07   5.99148905E-07   4.59699123E-07   8.99661131E-07   4.59702619E-07
 Kinematics :           39  theta, phi =    99.0000000       0.00000000      is bad !
 Kinematics :           40  theta, phi =    99.0000000       0.00000000       5.99149303E-07   9.95586447E-07   5.99148905E-07   4.59699123E-07   8.99661131E-07   4.59702619E-07
 Kinematics :           40  theta, phi =    99.0000000       0.00000000      is bad !
 Kinematics :           41  theta, phi =    99.0000000       0.00000000       5.99149303E-07   9.95586447E-07   5.99148905E-07   4.59699123E-07   8.99661131E-07   4.59702619E-07
 Kinematics :           41  theta, phi =    99.0000000       0.00000000      is bad !
 Kinematics :           42  theta, phi =    99.0000000       0.00000000       5.99149303E-07   9.95586447E-07   5.99148905E-07   4.59699123E-07   8.99661131E-07   4.59702619E-07
 Kinematics :           42  theta, phi =    99.0000000       0.00000000      is bad !
 Kinematics :           43  theta, phi =    99.0000000       0.00000000       5.99149303E-07   9.95586447E-07   5.99148905E-07   4.59699123E-07   8.99661131E-07   4.59702619E-07
 Kinematics :           43  theta, phi =    99.0000000       0.00000000      is bad !
 Kinematics :           44  theta, phi =    99.0000000       0.00000000       5.99149303E-07   9.95586447E-07   5.99148905E-07   4.59699123E-07   8.99661131E-07   4.59702619E-07
 Kinematics :           44  theta, phi =    99.0000000       0.00000000      is bad !
 Kinematics :           45  theta, phi =    99.0000000       0.00000000       5.99149303E-07   9.95586447E-07   5.99148905E-07   4.59699123E-07   8.99661131E-07   4.59702619E-07
 Kinematics :           45  theta, phi =    99.0000000       0.00000000      is bad !
 Kinematics :           46  theta, phi =    99.0000000       0.00000000       5.99149303E-07   9.95586447E-07   5.99148905E-07   4.59699123E-07   8.99661131E-07   4.59702619E-07
 Kinematics :           46  theta, phi =    99.0000000       0.00000000      is bad !
 Kinematics :           47  theta, phi =    99.0000000       0.00000000       5.99149303E-07   9.95586447E-07   5.99148905E-07   4.59699123E-07   8.99661131E-07   4.59702619E-07
 Kinematics :           47  theta, phi =    99.0000000       0.00000000      is bad !
 Kinematics :           48  theta, phi =    99.0000000       0.00000000       5.99149303E-07   9.95586447E-07   5.99148905E-07   4.59699123E-07   8.99661131E-07   4.59702619E-07
 Kinematics :           48  theta, phi =    99.0000000       0.00000000      is bad !
 Kinematics :           49  theta, phi =    99.0000000       0.00000000       5.99149303E-07   9.95586447E-07   5.99148905E-07   4.59699123E-07   8.99661131E-07   4.59702619E-07
 Kinematics :           49  theta, phi =    99.0000000       0.00000000      is bad !
 Kinematics :           50  theta, phi =    99.0000000       0.00000000       5.99149303E-07   9.95586447E-07   5.99148905E-07   4.59699123E-07   8.99661131E-07   4.59702619E-07
 Kinematics :           50  theta, phi =    99.0000000       0.00000000      is bad !
 Kinematics :           51  theta, phi =    99.0000000       0.00000000       5.99149303E-07   9.95586447E-07   5.99148905E-07   4.59699123E-07   8.99661131E-07   4.59702619E-07
 Kinematics :           51  theta, phi =    99.0000000       0.00000000      is bad !
