 Kinematics :            1  theta, phi =    96.0000000       0.00000000       270.865936       270.868988       270.865936       264.488464       265.947479       264.488464    
 Kinematics :            2  theta, phi =    96.0000000       0.00000000       132.831940       129.885162       132.831909       128.646561       126.729752       128.646530    
 Kinematics :            3  theta, phi =    96.0000000       0.00000000       35.4159698       32.3515129       35.4159698       33.3082771       30.8127880       33.3082771    
 Kinematics :            4  theta, phi =    96.0000000       0.00000000       10.3168249       8.39079189       10.3168240       9.25834656       7.66240311       9.25834942    
 Kinematics :            5  theta, phi =    96.0000000       0.00000000       3.58411312       2.46226549       3.58411312       3.03439093       2.11645651       3.03439140    
 Kinematics :            6  theta, phi =    96.0000000       0.00000000       1.43678427      0.784832180       1.43678391       1.14460599      0.622654021       1.14460647    
 Kinematics :            7  theta, phi =    96.0000000       0.00000000      0.641330183      0.258713573      0.641330242      0.485103667      0.186178908      0.485103816    
 Kinematics :            8  theta, phi =    96.0000000       0.00000000      0.310649067       8.40291530E-02  0.310649067      0.227435142       5.48336320E-02  0.227435350    
 Kinematics :            9  theta, phi =    96.0000000       0.00000000      0.160430595       2.54207198E-02  0.160430595      0.117145456       1.66754778E-02  0.117145590    
 Kinematics :           10  theta, phi =    96.0000000       0.00000000       8.72538760E-02   6.66515203E-03   8.72538760E-02   6.38740063E-02   5.80475247E-03   6.38741255E-02
 Kinematics :           11  theta, phi =    96.0000000       0.00000000       4.95319441E-02   1.51995791E-03   4.95319515E-02   3.71160880E-02   3.83132510E-03   3.71161439E-02
 Kinematics :           12  theta, phi =    96.0000000       0.00000000       2.91406158E-02   7.12055364E-04   2.91406158E-02   2.27892939E-02   3.63156642E-03   2.27893386E-02
 Kinematics :           13  theta, phi =    96.0000000       0.00000000       1.76629815E-02   1.00905332E-03   1.76629797E-02   1.41254049E-02   3.70368594E-03   1.41254179E-02
 Kinematics :           14  theta, phi =    96.0000000       0.00000000       1.09738074E-02   1.37376960E-03   1.09738074E-02   8.64828471E-03   3.52982990E-03   8.64831451E-03
 Kinematics :           15  theta, phi =    96.0000000       0.00000000       6.95421919E-03   1.54944684E-03   6.95421919E-03   5.21253049E-03   3.15115508E-03   5.21253748E-03
 Kinematics :           16  theta, phi =    96.0000000       0.00000000       4.47671022E-03   1.53662299E-03   4.47671022E-03   3.45639908E-03   2.61675613E-03   3.45640979E-03
 Kinematics :           17  theta, phi =    96.0000000       0.00000000       2.91620963E-03   1.39831891E-03   2.91620963E-03   2.30245036E-03   2.09470093E-03   2.30245828E-03
 Kinematics :           18  theta, phi =    96.0000000       0.00000000       1.91568083E-03   1.19786162E-03   1.91568083E-03   1.53201132E-03   1.61731208E-03   1.53201632E-03
 Kinematics :           19  theta, phi =    96.0000000       0.00000000       1.26500672E-03   9.80641693E-04   1.26500684E-03   1.01489457E-03   1.21263007E-03   1.01490226E-03
 Kinematics :           20  theta, phi =    96.0000000       0.00000000       8.37132975E-04   7.74159911E-04   8.37132975E-04   6.69840723E-04   8.91178148E-04   6.69843052E-04
 Kinematics :           21  theta, phi =    96.0000000       0.00000000       5.53999271E-04   5.93271223E-04   5.53999387E-04   4.38018615E-04   6.40182465E-04   4.38019226E-04
 Kinematics :           22  theta, phi =    96.0000000       0.00000000       3.65429965E-04   4.42446501E-04   3.65429907E-04   2.84106849E-04   4.52009670E-04   2.84108974E-04
 Kinematics :           23  theta, phi =    96.0000000       0.00000000       2.39878325E-04   3.21971893E-04   2.39878354E-04   1.82811040E-04   3.13796510E-04   1.82810982E-04
 Kinematics :           24  theta, phi =    96.0000000       0.00000000       1.56157083E-04   2.28668738E-04   1.56157083E-04   1.16607182E-04   2.14055821E-04   1.16607276E-04
 Kinematics :           25  theta, phi =    96.0000000       0.00000000       1.00594843E-04   1.58504467E-04   1.00594843E-04   7.34362620E-05   1.43400044E-04   7.34368659E-05
 Kinematics :           26  theta, phi =    96.0000000       0.00000000       6.38785059E-05   1.07027954E-04   6.38785059E-05   4.55172412E-05   9.43102787E-05   4.55173285E-05
 Kinematics :           27  theta, phi =    96.0000000       0.00000000       3.98705088E-05   7.02447433E-05   3.98705088E-05   2.78038769E-05   6.05667883E-05   2.78038424E-05
 Kinematics :           28  theta, phi =    96.0000000       0.00000000       2.42863916E-05   4.45615115E-05   2.42863916E-05   1.66569826E-05   3.78150180E-05   1.66570189E-05
 Kinematics :           29  theta, phi =    96.0000000       0.00000000       1.43506013E-05   2.71504960E-05   1.43506013E-05   9.70120254E-06   2.27954079E-05   9.70131077E-06
 Kinematics :           30  theta, phi =    96.0000000       0.00000000       8.11485552E-06   1.56808619E-05   8.11485552E-06   5.43409215E-06   1.30434846E-05   5.43408487E-06
 Kinematics :           31  theta, phi =    96.0000000       0.00000000       4.28607882E-06   8.37468542E-06   4.28607837E-06   2.86248905E-06   6.94526625E-06   2.86245722E-06
 Kinematics :           32  theta, phi =    96.0000000       0.00000000       2.01002081E-06   3.92740822E-06   2.01002081E-06   1.35252537E-06   3.24769780E-06   1.35251719E-06
 Kinematics :           33  theta, phi =    96.0000000       0.00000000       7.12573240E-07   1.37509448E-06   7.12573012E-07   4.86843476E-07   1.14832540E-06   4.86837905E-07
 Kinematics :           34  theta, phi =    96.0000000       0.00000000       7.12573240E-07   1.37509448E-06   7.12573012E-07   4.86843476E-07   1.14832540E-06   4.86837905E-07
 Kinematics :           34  theta, phi =    96.0000000       0.00000000      is bad !
 Kinematics :           35  theta, phi =    96.0000000       0.00000000       7.12573240E-07   1.37509448E-06   7.12573012E-07   4.86843476E-07   1.14832540E-06   4.86837905E-07
 Kinematics :           35  theta, phi =    96.0000000       0.00000000      is bad !
 Kinematics :           36  theta, phi =    96.0000000       0.00000000       7.12573240E-07   1.37509448E-06   7.12573012E-07   4.86843476E-07   1.14832540E-06   4.86837905E-07
 Kinematics :           36  theta, phi =    96.0000000       0.00000000      is bad !
 Kinematics :           37  theta, phi =    96.0000000       0.00000000       7.12573240E-07   1.37509448E-06   7.12573012E-07   4.86843476E-07   1.14832540E-06   4.86837905E-07
 Kinematics :           37  theta, phi =    96.0000000       0.00000000      is bad !
 Kinematics :           38  theta, phi =    96.0000000       0.00000000       7.12573240E-07   1.37509448E-06   7.12573012E-07   4.86843476E-07   1.14832540E-06   4.86837905E-07
 Kinematics :           38  theta, phi =    96.0000000       0.00000000      is bad !
 Kinematics :           39  theta, phi =    96.0000000       0.00000000       7.12573240E-07   1.37509448E-06   7.12573012E-07   4.86843476E-07   1.14832540E-06   4.86837905E-07
 Kinematics :           39  theta, phi =    96.0000000       0.00000000      is bad !
 Kinematics :           40  theta, phi =    96.0000000       0.00000000       7.12573240E-07   1.37509448E-06   7.12573012E-07   4.86843476E-07   1.14832540E-06   4.86837905E-07
 Kinematics :           40  theta, phi =    96.0000000       0.00000000      is bad !
 Kinematics :           41  theta, phi =    96.0000000       0.00000000       7.12573240E-07   1.37509448E-06   7.12573012E-07   4.86843476E-07   1.14832540E-06   4.86837905E-07
 Kinematics :           41  theta, phi =    96.0000000       0.00000000      is bad !
 Kinematics :           42  theta, phi =    96.0000000       0.00000000       7.12573240E-07   1.37509448E-06   7.12573012E-07   4.86843476E-07   1.14832540E-06   4.86837905E-07
 Kinematics :           42  theta, phi =    96.0000000       0.00000000      is bad !
 Kinematics :           43  theta, phi =    96.0000000       0.00000000       7.12573240E-07   1.37509448E-06   7.12573012E-07   4.86843476E-07   1.14832540E-06   4.86837905E-07
 Kinematics :           43  theta, phi =    96.0000000       0.00000000      is bad !
 Kinematics :           44  theta, phi =    96.0000000       0.00000000       7.12573240E-07   1.37509448E-06   7.12573012E-07   4.86843476E-07   1.14832540E-06   4.86837905E-07
 Kinematics :           44  theta, phi =    96.0000000       0.00000000      is bad !
 Kinematics :           45  theta, phi =    96.0000000       0.00000000       7.12573240E-07   1.37509448E-06   7.12573012E-07   4.86843476E-07   1.14832540E-06   4.86837905E-07
 Kinematics :           45  theta, phi =    96.0000000       0.00000000      is bad !
 Kinematics :           46  theta, phi =    96.0000000       0.00000000       7.12573240E-07   1.37509448E-06   7.12573012E-07   4.86843476E-07   1.14832540E-06   4.86837905E-07
 Kinematics :           46  theta, phi =    96.0000000       0.00000000      is bad !
 Kinematics :           47  theta, phi =    96.0000000       0.00000000       7.12573240E-07   1.37509448E-06   7.12573012E-07   4.86843476E-07   1.14832540E-06   4.86837905E-07
 Kinematics :           47  theta, phi =    96.0000000       0.00000000      is bad !
 Kinematics :           48  theta, phi =    96.0000000       0.00000000       7.12573240E-07   1.37509448E-06   7.12573012E-07   4.86843476E-07   1.14832540E-06   4.86837905E-07
 Kinematics :           48  theta, phi =    96.0000000       0.00000000      is bad !
 Kinematics :           49  theta, phi =    96.0000000       0.00000000       7.12573240E-07   1.37509448E-06   7.12573012E-07   4.86843476E-07   1.14832540E-06   4.86837905E-07
 Kinematics :           49  theta, phi =    96.0000000       0.00000000      is bad !
 Kinematics :           50  theta, phi =    96.0000000       0.00000000       7.12573240E-07   1.37509448E-06   7.12573012E-07   4.86843476E-07   1.14832540E-06   4.86837905E-07
 Kinematics :           50  theta, phi =    96.0000000       0.00000000      is bad !
 Kinematics :           51  theta, phi =    96.0000000       0.00000000       7.12573240E-07   1.37509448E-06   7.12573012E-07   4.86843476E-07   1.14832540E-06   4.86837905E-07
 Kinematics :           51  theta, phi =    96.0000000       0.00000000      is bad !
